【登录信息】
*4624dcf84d19c7237daa9e3aa06ae38e*
`登陆天数: 93天 / 1081天
等级: 130
石头: 491
呼符: 5
体力: 60972.886666666665 / 138
友情点: 0 / 724225`
*連続ログイン2日目
※ログインが途切れるか、7日到達すると
1日目から再開されます*
`聖晶石 X 1
8月交換券(2023) X 1
`*8周年記念特別回数ログインボーナス*
*開催期間中、1日1回 最大10回 回数ログインボーナスをプレゼント！*
`QP X 3000000
フレンドポイント X 100000
`_2023-07-31 19:36:46_
--------
*1960c6c2468d480d10656e460ff945b7*
`登陆天数: 93天 / 1278天
等级: 129
石头: 4285
呼符: 131
体力: 80523.29 / 138
友情点: 0 / 134015`
*連続ログイン2日目
※ログインが途切れるか、7日到達すると
1日目から再開されます*
`聖晶石 X 1
8月交換券(2023) X 1
`*8周年記念特別回数ログインボーナス*
*開催期間中、1日1回 最大10回 回数ログインボーナスをプレゼント！*
`QP X 3000000
フレンドポイント X 100000
`_2023-07-31 19:36:54_
--------
*50e74030067f097de636fdb9ea0a5ce0*
`登陆天数: 93天 / 1283天
等级: 144
石头: 60
呼符: 3
体力: 15.849999999999994 / 141
友情点: 0 / 8788550`
_2023-07-31 19:37:02_
--------
*5aebed162c025149a9ac12d5ff9cf0d5*
`登陆天数: 93天 / 1114天
等级: 133
石头: 10
呼符: 0
体力: 54791.66 / 139
友情点: 0 / 1471380`
*連続ログイン2日目
※ログインが途切れるか、7日到達すると
1日目から再開されます*
`聖晶石 X 1
8月交換券(2023) X 1
`*8周年記念特別回数ログインボーナス*
*開催期間中、1日1回 最大10回 回数ログインボーナスをプレゼント！*
`QP X 3000000
フレンドポイント X 100000
`_2023-07-31 19:37:10_
--------
*f5845d187badef24087ae9dd8a663e48*
`登陆天数: 134天 / 1372天
等级: 143
石头: 373
呼符: 0
体力: 104.02000000000001 / 141
友情点: 0 / 20973455`
_2023-07-31 19:37:19_
--------
