【登录信息】
*4624dcf84d19c7237daa9e3aa06ae38e*
`登陆天数: 94天 / 1082天
等级: 130
石头: 491
呼符: 5
体力: 61260.933333333334 / 138
友情点: 0 / 724225`
*連続ログイン3日目
※ログインが途切れるか、7日到達すると
1日目から再開されます*
`叡智の業火 X 1
8月交換券(2023) X 1
`*8周年記念特別回数ログインボーナス*
*開催期間中、1日1回 最大10回 回数ログインボーナスをプレゼント！*
`QP X 3000000
星見のティーポット X 10
`_2023-08-01 19:36:59_
--------
*1960c6c2468d480d10656e460ff945b7*
`登陆天数: 94天 / 1279天
等级: 129
石头: 4285
呼符: 131
体力: 80811.33 / 138
友情点: 0 / 134015`
*連続ログイン3日目
※ログインが途切れるか、7日到達すると
1日目から再開されます*
`叡智の業火 X 1
8月交換券(2023) X 1
`*8周年記念特別回数ログインボーナス*
*開催期間中、1日1回 最大10回 回数ログインボーナスをプレゼント！*
`QP X 3000000
星見のティーポット X 10
`_2023-08-01 19:37:07_
--------
*50e74030067f097de636fdb9ea0a5ce0*
`登陆天数: 94天 / 1284天
等级: 144
石头: 63
呼符: 0
体力: 20.120000000000005 / 141
友情点: 155 / 8863875`
*連続ログイン3日目
※ログインが途切れるか、7日到達すると
1日目から再開されます*
`叡智の業火 X 1
8月交換券(2023) X 1
`*8周年記念特別回数ログインボーナス*
*開催期間中、1日1回 最大10回 回数ログインボーナスをプレゼント！*
`QP X 3000000
星見のティーポット X 10
`_2023-08-01 19:37:15_
--------
*5aebed162c025149a9ac12d5ff9cf0d5*
`登陆天数: 94天 / 1115天
等级: 133
石头: 10
呼符: 0
体力: 55079.7 / 139
友情点: 10 / 1471390`
*連続ログイン3日目
※ログインが途切れるか、7日到達すると
1日目から再開されます*
`叡智の業火 X 1
8月交換券(2023) X 1
`*8周年記念特別回数ログインボーナス*
*開催期間中、1日1回 最大10回 回数ログインボーナスをプレゼント！*
`QP X 3000000
星見のティーポット X 10
`_2023-08-01 19:37:23_
--------
*f5845d187badef24087ae9dd8a663e48*
`登陆天数: 135天 / 1373天
等级: 143
石头: 417
呼符: 5
体力: 90.49000000000001 / 141
友情点: 35 / 17312460`
*連続ログイン2日目
※ログインが途切れるか、7日到達すると
1日目から再開されます*
`聖晶石 X 1
8月交換券(2023) X 1
`*8周年記念特別回数ログインボーナス*
*開催期間中、1日1回 最大10回 回数ログインボーナスをプレゼント！*
`QP X 3000000
星見のティーポット X 10
`_2023-08-01 19:37:31_
--------
