【登录信息】
*4624dcf84d19c7237daa9e3aa06ae38e*
`登陆天数: 95天 / 1083天
等级: 130
石头: 491
呼符: 5
体力: 61548.93 / 138
友情点: 0 / 724225`
*連続ログイン4日目
※ログインが途切れるか、7日到達すると
1日目から再開されます*
`聖晶石 X 1
8月交換券(2023) X 1
`*8周年記念特別回数ログインボーナス*
*開催期間中、1日1回 最大10回 回数ログインボーナスをプレゼント！*
`QP X 3000000
マナプリズム X 100
`_2023-08-02 19:36:58_
--------
*1960c6c2468d480d10656e460ff945b7*
`登陆天数: 95天 / 1280天
等级: 129
石头: 4285
呼符: 131
体力: 81099.33 / 138
友情点: 70 / 134085`
*連続ログイン4日目
※ログインが途切れるか、7日到達すると
1日目から再開されます*
`聖晶石 X 1
8月交換券(2023) X 1
`*8周年記念特別回数ログインボーナス*
*開催期間中、1日1回 最大10回 回数ログインボーナスをプレゼント！*
`QP X 3000000
マナプリズム X 100
`_2023-08-02 19:37:06_
--------
*50e74030067f097de636fdb9ea0a5ce0*
`登陆天数: 95天 / 1285天
等级: 144
石头: 65
呼符: 0
体力: 94.89 / 141
友情点: 185 / 8773775`
*連続ログイン4日目
※ログインが途切れるか、7日到達すると
1日目から再開されます*
`聖晶石 X 1
8月交換券(2023) X 1
`*8周年記念特別回数ログインボーナス*
*開催期間中、1日1回 最大10回 回数ログインボーナスをプレゼント！*
`QP X 3000000
マナプリズム X 100
`_2023-08-02 19:37:14_
--------
*5aebed162c025149a9ac12d5ff9cf0d5*
`登陆天数: 95天 / 1116天
等级: 133
石头: 10
呼符: 0
体力: 55367.69666666666 / 139
友情点: 90 / 1471480`
*連続ログイン4日目
※ログインが途切れるか、7日到達すると
1日目から再開されます*
`聖晶石 X 1
8月交換券(2023) X 1
`*8周年記念特別回数ログインボーナス*
*開催期間中、1日1回 最大10回 回数ログインボーナスをプレゼント！*
`QP X 3000000
マナプリズム X 100
`_2023-08-02 19:37:22_
--------
*f5845d187badef24087ae9dd8a663e48*
`登陆天数: 136天 / 1374天
等级: 143
石头: 427
呼符: 5
体力: 48.66 / 141
友情点: 0 / 17314175`
*連続ログイン3日目
※ログインが途切れるか、7日到達すると
1日目から再開されます*
`叡智の業火 X 1
8月交換券(2023) X 1
`*8周年記念特別回数ログインボーナス*
*開催期間中、1日1回 最大10回 回数ログインボーナスをプレゼント！*
`QP X 3000000
マナプリズム X 100
`_2023-08-02 19:37:30_
--------
