【登录信息】
*4624dcf84d19c7237daa9e3aa06ae38e*
`登陆天数: 96天 / 1084天
等级: 130
石头: 491
呼符: 5
体力: 61836.9 / 138
友情点: 0 / 724225`
*連続ログイン5日目
※ログインが途切れるか、7日到達すると
1日目から再開されます*
`叡智の業火 X 2
8月交換券(2023) X 1
`*8周年記念特別回数ログインボーナス*
*開催期間中、1日1回 最大10回 回数ログインボーナスをプレゼント！*
`英霊結晶・星のフォウくん X 10
英霊結晶・太陽のフォウくん X 10
QP X 3000000
`_2023-08-03 19:36:49_
--------
*1960c6c2468d480d10656e460ff945b7*
`登陆天数: 96天 / 1281天
等级: 129
石头: 4285
呼符: 131
体力: 81387.3 / 138
友情点: 40 / 134125`
*連続ログイン5日目
※ログインが途切れるか、7日到達すると
1日目から再開されます*
`叡智の業火 X 2
8月交換券(2023) X 1
`*8周年記念特別回数ログインボーナス*
*開催期間中、1日1回 最大10回 回数ログインボーナスをプレゼント！*
`英霊結晶・星のフォウくん X 10
英霊結晶・太陽のフォウくん X 10
QP X 3000000
`_2023-08-03 19:36:57_
--------
*50e74030067f097de636fdb9ea0a5ce0*
`登陆天数: 96天 / 1286天
等级: 144
石头: 42
呼符: 0
体力: 25.056666666666672 / 141
友情点: 565 / 8682650`
*連続ログイン5日目
※ログインが途切れるか、7日到達すると
1日目から再開されます*
`叡智の業火 X 2
8月交換券(2023) X 1
`*8周年記念特別回数ログインボーナス*
*開催期間中、1日1回 最大10回 回数ログインボーナスをプレゼント！*
`英霊結晶・星のフォウくん X 10
英霊結晶・太陽のフォウくん X 10
QP X 3000000
`_2023-08-03 19:37:05_
--------
*5aebed162c025149a9ac12d5ff9cf0d5*
`登陆天数: 96天 / 1117天
等级: 133
石头: 10
呼符: 0
体力: 55655.67 / 139
友情点: 10 / 1471490`
*連続ログイン5日目
※ログインが途切れるか、7日到達すると
1日目から再開されます*
`叡智の業火 X 2
8月交換券(2023) X 1
`*8周年記念特別回数ログインボーナス*
*開催期間中、1日1回 最大10回 回数ログインボーナスをプレゼント！*
`英霊結晶・星のフォウくん X 10
英霊結晶・太陽のフォウくん X 10
QP X 3000000
`_2023-08-03 19:37:13_
--------
*f5845d187badef24087ae9dd8a663e48*
`登陆天数: 137天 / 1375天
等级: 143
石头: 430
呼符: 5
体力: 108.83 / 141
友情点: 0 / 17317460`
_2023-08-03 19:37:22_
--------
