【登录信息】
*4624dcf84d19c7237daa9e3aa06ae38e*
`登陆天数: 97天 / 1085天
等级: 130
石头: 491
呼符: 5
体力: 62124.89666666667 / 138
友情点: 0 / 724225`
*連続ログイン6日目
※ログインが途切れるか、7日到達すると
1日目から再開されます*
`聖晶石 X 2
8月交換券(2023) X 1
`*8周年記念特別回数ログインボーナス*
*開催期間中、1日1回 最大10回 回数ログインボーナスをプレゼント！*
`英霊結晶・流星のフォウくん X 1
英霊結晶・日輪のフォウくん X 1
QP X 3000000
`_2023-08-04 19:36:48_
--------
*1960c6c2468d480d10656e460ff945b7*
`登陆天数: 97天 / 1282天
等级: 129
石头: 4285
呼符: 131
体力: 81675.29333333333 / 138
友情点: 60 / 134185`
*連続ログイン6日目
※ログインが途切れるか、7日到達すると
1日目から再開されます*
`聖晶石 X 2
8月交換券(2023) X 1
`*8周年記念特別回数ログインボーナス*
*開催期間中、1日1回 最大10回 回数ログインボーナスをプレゼント！*
`英霊結晶・流星のフォウくん X 1
英霊結晶・日輪のフォウくん X 1
QP X 3000000
`_2023-08-04 19:36:56_
--------
*50e74030067f097de636fdb9ea0a5ce0*
`登陆天数: 97天 / 1287天
等级: 145
石头: 70
呼符: 0
体力: 20.623333333333335 / 141
友情点: 295 / 8706805`
*連続ログイン6日目
※ログインが途切れるか、7日到達すると
1日目から再開されます*
`聖晶石 X 2
8月交換券(2023) X 1
`*8周年記念特別回数ログインボーナス*
*開催期間中、1日1回 最大10回 回数ログインボーナスをプレゼント！*
`英霊結晶・流星のフォウくん X 1
英霊結晶・日輪のフォウくん X 1
QP X 3000000
`_2023-08-04 19:37:04_
--------
*5aebed162c025149a9ac12d5ff9cf0d5*
`登陆天数: 97天 / 1118天
等级: 133
石头: 10
呼符: 0
体力: 55943.67 / 139
友情点: 70 / 1471560`
*連続ログイン6日目
※ログインが途切れるか、7日到達すると
1日目から再開されます*
`聖晶石 X 2
8月交換券(2023) X 1
`*8周年記念特別回数ログインボーナス*
*開催期間中、1日1回 最大10回 回数ログインボーナスをプレゼント！*
`英霊結晶・流星のフォウくん X 1
英霊結晶・日輪のフォウくん X 1
QP X 3000000
`_2023-08-04 19:37:13_
--------
*f5845d187badef24087ae9dd8a663e48*
`登陆天数: 138天 / 1376天
等级: 143
石头: 453
呼符: 5
体力: 137.47666666666666 / 141
友情点: 110 / 10541340`
*連続ログイン5日目
※ログインが途切れるか、7日到達すると
1日目から再開されます*
`叡智の業火 X 2
8月交換券(2023) X 1
`*8周年記念特別回数ログインボーナス*
*開催期間中、1日1回 最大10回 回数ログインボーナスをプレゼント！*
`英霊結晶・流星のフォウくん X 1
英霊結晶・日輪のフォウくん X 1
QP X 3000000
`_2023-08-04 19:37:21_
--------
