【登录信息】
*4624dcf84d19c7237daa9e3aa06ae38e*
`登陆天数: 98天 / 1086天
等级: 130
石头: 491
呼符: 5
体力: 62412.916666666664 / 138
友情点: 0 / 724225`
*連続ログイン7日間到達おめでとうございます！
明日は1日目からリスタートされます。*
`獣の足跡 X 1
呼符 X 1
8月交換券(2023) X 1
`*8周年記念特別回数ログインボーナス*
*開催期間中、1日1回 最大10回 回数ログインボーナスをプレゼント！*
`QP X 3000000
呼符 X 10
`_2023-08-05 19:36:54_
--------
*1960c6c2468d480d10656e460ff945b7*
`登陆天数: 98天 / 1283天
等级: 129
石头: 4285
呼符: 131
体力: 81963.31666666667 / 138
友情点: 80 / 134265`
*連続ログイン7日間到達おめでとうございます！
明日は1日目からリスタートされます。*
`獣の足跡 X 1
呼符 X 1
8月交換券(2023) X 1
`*8周年記念特別回数ログインボーナス*
*開催期間中、1日1回 最大10回 回数ログインボーナスをプレゼント！*
`QP X 3000000
呼符 X 10
`_2023-08-05 19:37:03_
--------
*50e74030067f097de636fdb9ea0a5ce0*
`登陆天数: 98天 / 1288天
等级: 145
石头: 85
呼符: 0
体力: 31.72333333333333 / 141
友情点: 0 / 8709195`
_2023-08-05 19:37:11_
--------
*5aebed162c025149a9ac12d5ff9cf0d5*
`登陆天数: 98天 / 1119天
等级: 133
石头: 10
呼符: 0
体力: 56231.69 / 139
友情点: 70 / 1471630`
*連続ログイン7日間到達おめでとうございます！
明日は1日目からリスタートされます。*
`獣の足跡 X 1
呼符 X 1
8月交換券(2023) X 1
`*8周年記念特別回数ログインボーナス*
*開催期間中、1日1回 最大10回 回数ログインボーナスをプレゼント！*
`QP X 3000000
呼符 X 10
`_2023-08-05 19:37:19_
--------
*f5845d187badef24087ae9dd8a663e48*
`登陆天数: 139天 / 1377天
等级: 143
石头: 453
呼符: 5
体力: 43.91 / 141
友情点: 10 / 4681960`
*連続ログイン6日目
※ログインが途切れるか、7日到達すると
1日目から再開されます*
`聖晶石 X 2
8月交換券(2023) X 1
`*8周年記念特別回数ログインボーナス*
*開催期間中、1日1回 最大10回 回数ログインボーナスをプレゼント！*
`QP X 3000000
呼符 X 10
`_2023-08-05 19:37:28_
--------
