【登录信息】
*4624dcf84d19c7237daa9e3aa06ae38e*
`登陆天数: 99天 / 1087天
等级: 130
石头: 491
呼符: 5
体力: 62700.933333333334 / 138
友情点: 0 / 724225`
*連続ログイン1日目
※ログインが途切れるか、7日到達すると
1日目から再開されます*
`フレンドポイント X 2000
8月交換券(2023) X 1
`*8周年記念特別回数ログインボーナス*
*開催期間中、1日1回 最大10回 回数ログインボーナスをプレゼント！*
`QP X 3000000
カルデアの夢火 X 1
`_2023-08-06 19:37:00_
--------
*1960c6c2468d480d10656e460ff945b7*
`登陆天数: 99天 / 1284天
等级: 129
石头: 4707
呼符: 162
体力: 82251.33333333333 / 138
友情点: 10 / 266395`
*連続ログイン1日目
※ログインが途切れるか、7日到達すると
1日目から再開されます*
`フレンドポイント X 2000
8月交換券(2023) X 1
`*8周年記念特別回数ログインボーナス*
*開催期間中、1日1回 最大10回 回数ログインボーナスをプレゼント！*
`QP X 3000000
カルデアの夢火 X 1
`_2023-08-06 19:37:08_
--------
*50e74030067f097de636fdb9ea0a5ce0*
`登陆天数: 99天 / 1289天
等级: 145
石头: 88
呼符: 11
体力: 276.74 / 141
友情点: 90 / 8710425`
*連続ログイン1日目
※ログインが途切れるか、7日到達すると
1日目から再開されます*
`フレンドポイント X 2000
8月交換券(2023) X 1
`*8周年記念特別回数ログインボーナス*
*開催期間中、1日1回 最大10回 回数ログインボーナスをプレゼント！*
`QP X 3000000
カルデアの夢火 X 1
`_2023-08-06 19:37:16_
--------
*5aebed162c025149a9ac12d5ff9cf0d5*
`登陆天数: 99天 / 1120天
等级: 133
石头: 10
呼符: 0
体力: 56519.706666666665 / 139
友情点: 40 / 1471670`
*連続ログイン1日目
※ログインが途切れるか、7日到達すると
1日目から再開されます*
`フレンドポイント X 2000
8月交換券(2023) X 1
`*8周年記念特別回数ログインボーナス*
*開催期間中、1日1回 最大10回 回数ログインボーナスをプレゼント！*
`QP X 3000000
カルデアの夢火 X 1
`_2023-08-06 19:37:24_
--------
*f5845d187badef24087ae9dd8a663e48*
`登陆天数: 140天 / 1378天
等级: 143
石头: 469
呼符: 5
体力: 94.66 / 141
友情点: 70 / 4687820`
*連続ログイン7日間到達おめでとうございます！
明日は1日目からリスタートされます。*
`獣の足跡 X 1
呼符 X 1
8月交換券(2023) X 1
`*8周年記念特別回数ログインボーナス*
*開催期間中、1日1回 最大10回 回数ログインボーナスをプレゼント！*
`QP X 3000000
カルデアの夢火 X 1
`_2023-08-06 19:37:33_
--------
