【登录信息】
*4624dcf84d19c7237daa9e3aa06ae38e*
`登陆天数: 100天 / 1088天
等级: 130
石头: 491
呼符: 5
体力: 62988.89333333333 / 138
友情点: 0 / 724225`
*連続ログイン2日目
※ログインが途切れるか、7日到達すると
1日目から再開されます*
`聖晶石 X 1
8月交換券(2023) X 1
`*8周年記念特別回数ログインボーナス*
*開催期間中、1日1回 最大10回 回数ログインボーナスをプレゼント！*
`QP X 3000000
レアプリズム X 1
`_2023-08-07 19:36:47_
--------
*1960c6c2468d480d10656e460ff945b7*
`登陆天数: 100天 / 1285天
等级: 129
石头: 4707
呼符: 162
体力: 82539.29333333333 / 138
友情点: 10 / 266505`
*連続ログイン2日目
※ログインが途切れるか、7日到達すると
1日目から再開されます*
`聖晶石 X 1
8月交換券(2023) X 1
`*8周年記念特別回数ログインボーナス*
*開催期間中、1日1回 最大10回 回数ログインボーナスをプレゼント！*
`QP X 3000000
レアプリズム X 1
`_2023-08-07 19:36:55_
--------
*50e74030067f097de636fdb9ea0a5ce0*
`登陆天数: 100天 / 1290天
等级: 145
石头: 93
呼符: 11
体力: 151.10666666666665 / 141
友情点: 350 / 8713850`
*連続ログイン2日目
※ログインが途切れるか、7日到達すると
1日目から再開されます*
`聖晶石 X 1
8月交換券(2023) X 1
`*8周年記念特別回数ログインボーナス*
*開催期間中、1日1回 最大10回 回数ログインボーナスをプレゼント！*
`QP X 3000000
レアプリズム X 1
`_2023-08-07 19:37:03_
--------
*5aebed162c025149a9ac12d5ff9cf0d5*
`登陆天数: 100天 / 1121天
等级: 133
石头: 10
呼符: 0
体力: 56807.66333333333 / 139
友情点: 120 / 1471790`
*連続ログイン2日目
※ログインが途切れるか、7日到達すると
1日目から再開されます*
`聖晶石 X 1
8月交換券(2023) X 1
`*8周年記念特別回数ログインボーナス*
*開催期間中、1日1回 最大10回 回数ログインボーナスをプレゼント！*
`QP X 3000000
レアプリズム X 1
`_2023-08-07 19:37:11_
--------
*f5845d187badef24087ae9dd8a663e48*
`登陆天数: 141天 / 1379天
等级: 144
石头: 472
呼符: 5
体力: 161.74 / 141
友情点: 60 / 4688400`
*連続ログイン1日目
※ログインが途切れるか、7日到達すると
1日目から再開されます*
`フレンドポイント X 2000
8月交換券(2023) X 1
`*8周年記念特別回数ログインボーナス*
*開催期間中、1日1回 最大10回 回数ログインボーナスをプレゼント！*
`QP X 3000000
レアプリズム X 1
`_2023-08-07 19:37:20_
--------
