【登录信息】
*4624dcf84d19c7237daa9e3aa06ae38e*
`登陆天数: 101天 / 1089天
等级: 130
石头: 491
呼符: 5
体力: 63276.916666666664 / 138
友情点: 0 / 724225`
*連続ログイン3日目
※ログインが途切れるか、7日到達すると
1日目から再開されます*
`叡智の業火 X 1
8月交換券(2023) X 1
`*8周年記念特別回数ログインボーナス*
*開催期間中、1日1回 最大10回 回数ログインボーナスをプレゼント！*
`QP X 3000000
伝承結晶 X 1
`_2023-08-08 19:36:54_
--------
*1960c6c2468d480d10656e460ff945b7*
`登陆天数: 101天 / 1286天
等级: 129
石头: 4707
呼符: 162
体力: 82827.31666666667 / 138
友情点: 0 / 266565`
*連続ログイン3日目
※ログインが途切れるか、7日到達すると
1日目から再開されます*
`叡智の業火 X 1
8月交換券(2023) X 1
`*8周年記念特別回数ログインボーナス*
*開催期間中、1日1回 最大10回 回数ログインボーナスをプレゼント！*
`QP X 3000000
伝承結晶 X 1
`_2023-08-08 19:37:03_
--------
*50e74030067f097de636fdb9ea0a5ce0*
`登陆天数: 101天 / 1291天
等级: 145
石头: 96
呼符: 11
体力: 322.4566666666667 / 141
友情点: 110 / 8714175`
*連続ログイン3日目
※ログインが途切れるか、7日到達すると
1日目から再開されます*
`叡智の業火 X 1
8月交換券(2023) X 1
`*8周年記念特別回数ログインボーナス*
*開催期間中、1日1回 最大10回 回数ログインボーナスをプレゼント！*
`QP X 3000000
伝承結晶 X 1
`_2023-08-08 19:37:11_
--------
*5aebed162c025149a9ac12d5ff9cf0d5*
`登陆天数: 101天 / 1122天
等级: 133
石头: 10
呼符: 0
体力: 57095.693333333336 / 139
友情点: 10 / 1471800`
*連続ログイン3日目
※ログインが途切れるか、7日到達すると
1日目から再開されます*
`叡智の業火 X 1
8月交換券(2023) X 1
`*8周年記念特別回数ログインボーナス*
*開催期間中、1日1回 最大10回 回数ログインボーナスをプレゼント！*
`QP X 3000000
伝承結晶 X 1
`_2023-08-08 19:37:20_
--------
*f5845d187badef24087ae9dd8a663e48*
`登陆天数: 142天 / 1380天
等级: 144
石头: 472
呼符: 5
体力: 234.67333333333335 / 141
友情点: 35 / 260730`
*連続ログイン2日目
※ログインが途切れるか、7日到達すると
1日目から再開されます*
`聖晶石 X 1
8月交換券(2023) X 1
`*8周年記念特別回数ログインボーナス*
*開催期間中、1日1回 最大10回 回数ログインボーナスをプレゼント！*
`QP X 3000000
伝承結晶 X 1
`_2023-08-08 19:37:28_
--------
