【登录信息】
*4624dcf84d19c7237daa9e3aa06ae38e*
`登陆天数: 102天 / 1090天
等级: 130
石头: 491
呼符: 5
体力: 63609.27 / 138
友情点: 0 / 724225`
*連続ログイン4日目
※ログインが途切れるか、7日到達すると
1日目から再開されます*
`聖晶石 X 1
8月交換券(2023) X 1
`*「マンガで分かる！Fate/Grand Order」4巻発売記念 特別ログインボーナス*
*開催期間中、初回ログインで「限定概念礼装×1」をプレゼント！*
`米の数だけ抱きしめて X 1
`_2023-08-09 23:18:40_
--------
*1960c6c2468d480d10656e460ff945b7*
`登陆天数: 102天 / 1287天
等级: 129
石头: 4707
呼符: 162
体力: 83159.66666666667 / 138
友情点: 0 / 266655`
*連続ログイン4日目
※ログインが途切れるか、7日到達すると
1日目から再開されます*
`聖晶石 X 1
8月交換券(2023) X 1
`*「マンガで分かる！Fate/Grand Order」4巻発売記念 特別ログインボーナス*
*開催期間中、初回ログインで「限定概念礼装×1」をプレゼント！*
`米の数だけ抱きしめて X 1
`_2023-08-09 23:18:48_
--------
*50e74030067f097de636fdb9ea0a5ce0*
`登陆天数: 102天 / 1292天
等级: 145
石头: 96
呼符: 11
体力: 654.8066666666666 / 141
友情点: 145 / 8714320`
*連続ログイン4日目
※ログインが途切れるか、7日到達すると
1日目から再開されます*
`聖晶石 X 1
8月交換券(2023) X 1
`*「マンガで分かる！Fate/Grand Order」4巻発売記念 特別ログインボーナス*
*開催期間中、初回ログインで「限定概念礼装×1」をプレゼント！*
`米の数だけ抱きしめて X 1
`_2023-08-09 23:18:56_
--------
*5aebed162c025149a9ac12d5ff9cf0d5*
`登陆天数: 102天 / 1123天
等级: 133
石头: 10
呼符: 0
体力: 57428.043333333335 / 139
友情点: 20 / 1471820`
*連続ログイン4日目
※ログインが途切れるか、7日到達すると
1日目から再開されます*
`聖晶石 X 1
8月交換券(2023) X 1
`*「マンガで分かる！Fate/Grand Order」4巻発売記念 特別ログインボーナス*
*開催期間中、初回ログインで「限定概念礼装×1」をプレゼント！*
`米の数だけ抱きしめて X 1
`_2023-08-09 23:19:04_
--------
*f5845d187badef24087ae9dd8a663e48*
`登陆天数: 143天 / 1381天
等级: 144
石头: 472
呼符: 5
体力: 287.91999999999996 / 141
友情点: 225 / 149020`
*連続ログイン3日目
※ログインが途切れるか、7日到達すると
1日目から再開されます*
`叡智の業火 X 1
8月交換券(2023) X 1
`*「マンガで分かる！Fate/Grand Order」4巻発売記念 特別ログインボーナス*
*開催期間中、初回ログインで「限定概念礼装×1」をプレゼント！*
`米の数だけ抱きしめて X 1
`_2023-08-09 23:19:13_
--------
