【登录信息】
*4624dcf84d19c7237daa9e3aa06ae38e*
`登陆天数: 103天 / 1091天
等级: 130
石头: 618
呼符: 26
体力: 63861.71333333333 / 138
友情点: 0 / 764225`
*連続ログイン5日目
※ログインが途切れるか、7日到達すると
1日目から再開されます*
`叡智の業火 X 2
8月交換券(2023) X 1
`*FGO カルデア放送局 ライト版 ～サバフェス2023～ サバフェス2023開幕直前 初回ログインボーナス*
*開催期間中、初回ログインで「聖晶石×14」をプレゼント！*
`聖晶石 X 14
`_2023-08-10 20:20:53_
--------
*1960c6c2468d480d10656e460ff945b7*
`登陆天数: 103天 / 1288天
等级: 129
石头: 4707
呼符: 162
体力: 83412.11333333333 / 138
友情点: 0 / 266775`
*連続ログイン5日目
※ログインが途切れるか、7日到達すると
1日目から再開されます*
`叡智の業火 X 2
8月交換券(2023) X 1
`*FGO カルデア放送局 ライト版 ～サバフェス2023～ サバフェス2023開幕直前 初回ログインボーナス*
*開催期間中、初回ログインで「聖晶石×14」をプレゼント！*
`聖晶石 X 14
`_2023-08-10 20:21:01_
--------
*50e74030067f097de636fdb9ea0a5ce0*
`登陆天数: 103天 / 1293天
等级: 145
石头: 103
呼符: 11
体力: 72.17 / 141
友情点: 1960620 / 15850270`
*連続ログイン5日目
※ログインが途切れるか、7日到達すると
1日目から再開されます*
`叡智の業火 X 2
8月交換券(2023) X 1
`*FGO カルデア放送局 ライト版 ～サバフェス2023～ サバフェス2023開幕直前 初回ログインボーナス*
*開催期間中、初回ログインで「聖晶石×14」をプレゼント！*
`聖晶石 X 14
`_2023-08-10 20:21:10_
--------
*5aebed162c025149a9ac12d5ff9cf0d5*
`登陆天数: 103天 / 1124天
等级: 133
石头: 10
呼符: 0
体力: 57680.486666666664 / 139
友情点: 0 / 1471820`
*連続ログイン5日目
※ログインが途切れるか、7日到達すると
1日目から再開されます*
`叡智の業火 X 2
8月交換券(2023) X 1
`*FGO カルデア放送局 ライト版 ～サバフェス2023～ サバフェス2023開幕直前 初回ログインボーナス*
*開催期間中、初回ログインで「聖晶石×14」をプレゼント！*
`聖晶石 X 14
`_2023-08-10 20:21:18_
--------
*f5845d187badef24087ae9dd8a663e48*
`登陆天数: 144天 / 1382天
等级: 144
石头: 473
呼符: 16
体力: 91.32 / 141
友情点: 5807000 / 15036740`
*連続ログイン4日目
※ログインが途切れるか、7日到達すると
1日目から再開されます*
`聖晶石 X 1
8月交換券(2023) X 1
`*FGO カルデア放送局 ライト版 ～サバフェス2023～ サバフェス2023開幕直前 初回ログインボーナス*
*開催期間中、初回ログインで「聖晶石×14」をプレゼント！*
`聖晶石 X 14
`_2023-08-10 20:21:26_
--------
