【登录信息】
*4624dcf84d19c7237daa9e3aa06ae38e*
`登陆天数: 104天 / 1092天
等级: 130
石头: 618
呼符: 26
体力: 64140.92333333333 / 138
友情点: 0 / 764225`
*連続ログイン6日目
※ログインが途切れるか、7日到達すると
1日目から再開されます*
`聖晶石 X 2
8月交換券(2023) X 1
`*サーヴァント・サマー・フェスティバル2023！開幕記念 ログインボーナス*
*開催期間中、1日1回 最大21回ログインボーナスをプレゼント！*
`黄金の果実 X 1
`_2023-08-11 19:36:56_
--------
*1960c6c2468d480d10656e460ff945b7*
`登陆天数: 104天 / 1289天
等级: 129
石头: 4707
呼符: 162
体力: 83691.32333333333 / 138
友情点: 30 / 266805`
*連続ログイン6日目
※ログインが途切れるか、7日到達すると
1日目から再開されます*
`聖晶石 X 2
8月交換券(2023) X 1
`*サーヴァント・サマー・フェスティバル2023！開幕記念 ログインボーナス*
*開催期間中、1日1回 最大21回ログインボーナスをプレゼント！*
`黄金の果実 X 1
`_2023-08-11 19:37:05_
--------
*50e74030067f097de636fdb9ea0a5ce0*
`登陆天数: 104天 / 1294天
等级: 145
石头: 118
呼符: 11
体力: 132.89666666666668 / 141
友情点: 497265 / 21968050`
_2023-08-11 19:37:12_
--------
*5aebed162c025149a9ac12d5ff9cf0d5*
`登陆天数: 104天 / 1125天
等级: 133
石头: 10
呼符: 0
体力: 57959.69666666666 / 139
友情点: 30 / 1471850`
*連続ログイン6日目
※ログインが途切れるか、7日到達すると
1日目から再開されます*
`聖晶石 X 2
8月交換券(2023) X 1
`*サーヴァント・サマー・フェスティバル2023！開幕記念 ログインボーナス*
*開催期間中、1日1回 最大21回ログインボーナスをプレゼント！*
`黄金の果実 X 1
`_2023-08-11 19:37:20_
--------
*f5845d187badef24087ae9dd8a663e48*
`登陆天数: 145天 / 1383天
等级: 144
石头: 338
呼符: 6
体力: 58.123333333333335 / 141
友情点: 5140200 / 27285705`
*連続ログイン5日目
※ログインが途切れるか、7日到達すると
1日目から再開されます*
`叡智の業火 X 2
8月交換券(2023) X 1
`*サーヴァント・サマー・フェスティバル2023！開幕記念 ログインボーナス*
*開催期間中、1日1回 最大21回ログインボーナスをプレゼント！*
`白銀の果実 X 1
`_2023-08-11 19:37:29_
--------
