【登录信息】
*4624dcf84d19c7237daa9e3aa06ae38e*
`登陆天数: 105天 / 1093天
等级: 130
石头: 618
呼符: 26
体力: 64428.886666666665 / 138
友情点: 0 / 764225`
*連続ログイン7日間到達おめでとうございます！
明日は1日目からリスタートされます。*
`獣の足跡 X 1
呼符 X 1
8月交換券(2023) X 1
`*サーヴァント・サマー・フェスティバル2023！開幕記念 ログインボーナス*
*開催期間中、1日1回 最大21回ログインボーナスをプレゼント！*
`白銀の果実 X 1
`_2023-08-12 19:36:45_
--------
*1960c6c2468d480d10656e460ff945b7*
`登陆天数: 105天 / 1290天
等级: 129
石头: 4707
呼符: 162
体力: 83979.29 / 138
友情点: 0 / 266805`
*連続ログイン7日間到達おめでとうございます！
明日は1日目からリスタートされます。*
`獣の足跡 X 1
呼符 X 1
8月交換券(2023) X 1
`*サーヴァント・サマー・フェスティバル2023！開幕記念 ログインボーナス*
*開催期間中、1日1回 最大21回ログインボーナスをプレゼント！*
`白銀の果実 X 1
`_2023-08-12 19:36:54_
--------
*50e74030067f097de636fdb9ea0a5ce0*
`登陆天数: 105天 / 1295天
等级: 145
石头: 132
呼符: 11
体力: 268.06 / 141
友情点: 10569635 / 32948930`
*連続ログイン7日間到達おめでとうございます！
明日は1日目からリスタートされます。*
`獣の足跡 X 1
呼符 X 1
8月交換券(2023) X 1
`*サーヴァント・サマー・フェスティバル2023！開幕記念 ログインボーナス*
*開催期間中、1日1回 最大21回ログインボーナスをプレゼント！*
`白銀の果実 X 1
`_2023-08-12 19:37:02_
--------
*5aebed162c025149a9ac12d5ff9cf0d5*
`登陆天数: 105天 / 1126天
等级: 133
石头: 10
呼符: 0
体力: 58247.66333333333 / 139
友情点: 10 / 1471860`
*連続ログイン7日間到達おめでとうございます！
明日は1日目からリスタートされます。*
`獣の足跡 X 1
呼符 X 1
8月交換券(2023) X 1
`*サーヴァント・サマー・フェスティバル2023！開幕記念 ログインボーナス*
*開催期間中、1日1回 最大21回ログインボーナスをプレゼント！*
`白銀の果実 X 1
`_2023-08-12 19:37:11_
--------
*f5845d187badef24087ae9dd8a663e48*
`登陆天数: 146天 / 1384天
等级: 144
石头: 339
呼符: 6
体力: 73.94666666666667 / 141
友情点: 4961300 / 49249040`
*連続ログイン6日目
※ログインが途切れるか、7日到達すると
1日目から再開されます*
`聖晶石 X 2
8月交換券(2023) X 1
`*サーヴァント・サマー・フェスティバル2023！開幕記念 ログインボーナス*
*開催期間中、1日1回 最大21回ログインボーナスをプレゼント！*
`白銀の果実 X 1
`_2023-08-12 19:37:20_
--------
