【登录信息】
*4624dcf84d19c7237daa9e3aa06ae38e*
`登陆天数: 106天 / 1094天
等级: 130
石头: 618
呼符: 26
体力: 64716.916666666664 / 138
友情点: 0 / 764225`
*連続ログイン1日目
※ログインが途切れるか、7日到達すると
1日目から再開されます*
`フレンドポイント X 2000
8月交換券(2023) X 1
`*サーヴァント・サマー・フェスティバル2023！開幕記念 ログインボーナス*
*開催期間中、1日1回 最大21回ログインボーナスをプレゼント！*
`白銀の果実 X 1
`_2023-08-13 19:36:54_
--------
*1960c6c2468d480d10656e460ff945b7*
`登陆天数: 106天 / 1291天
等级: 129
石头: 4707
呼符: 162
体力: 84267.31666666667 / 138
友情点: 50 / 266855`
*連続ログイン1日目
※ログインが途切れるか、7日到達すると
1日目から再開されます*
`フレンドポイント X 2000
8月交換券(2023) X 1
`*サーヴァント・サマー・フェスティバル2023！開幕記念 ログインボーナス*
*開催期間中、1日1回 最大21回ログインボーナスをプレゼント！*
`白銀の果実 X 1
`_2023-08-13 19:37:03_
--------
*50e74030067f097de636fdb9ea0a5ce0*
`登陆天数: 106天 / 1296天
等级: 145
石头: 132
呼符: 11
体力: 556.0899999999999 / 141
友情点: 11119650 / 44068580`
*連続ログイン1日目
※ログインが途切れるか、7日到達すると
1日目から再開されます*
`フレンドポイント X 2000
8月交換券(2023) X 1
`*サーヴァント・サマー・フェスティバル2023！開幕記念 ログインボーナス*
*開催期間中、1日1回 最大21回ログインボーナスをプレゼント！*
`白銀の果実 X 1
`_2023-08-13 19:37:11_
--------
*5aebed162c025149a9ac12d5ff9cf0d5*
`登陆天数: 106天 / 1127天
等级: 133
石头: 10
呼符: 0
体力: 58535.69 / 139
友情点: 50 / 1471910`
*連続ログイン1日目
※ログインが途切れるか、7日到達すると
1日目から再開されます*
`フレンドポイント X 2000
8月交換券(2023) X 1
`*サーヴァント・サマー・フェスティバル2023！開幕記念 ログインボーナス*
*開催期間中、1日1回 最大21回ログインボーナスをプレゼント！*
`白銀の果実 X 1
`_2023-08-13 19:37:19_
--------
*f5845d187badef24087ae9dd8a663e48*
`登陆天数: 147天 / 1385天
等级: 144
石头: 351
呼符: 6
体力: 91.21000000000001 / 141
友情点: 7964500 / 71487950`
*連続ログイン7日間到達おめでとうございます！
明日は1日目からリスタートされます。*
`獣の足跡 X 1
呼符 X 1
8月交換券(2023) X 1
`*サーヴァント・サマー・フェスティバル2023！開幕記念 ログインボーナス*
*開催期間中、1日1回 最大21回ログインボーナスをプレゼント！*
`白銀の果実 X 1
`_2023-08-13 19:37:28_
--------
