【登录信息】
*4624dcf84d19c7237daa9e3aa06ae38e*
`登陆天数: 107天 / 1095天
等级: 130
石头: 618
呼符: 26
体力: 65004.933333333334 / 138
友情点: 0 / 764225`
*連続ログイン2日目
※ログインが途切れるか、7日到達すると
1日目から再開されます*
`聖晶石 X 1
8月交換券(2023) X 1
`*サーヴァント・サマー・フェスティバル2023！開幕記念 ログインボーナス*
*開催期間中、1日1回 最大21回ログインボーナスをプレゼント！*
`白銀の果実 X 1
`_2023-08-14 19:36:59_
--------
*1960c6c2468d480d10656e460ff945b7*
`登陆天数: 107天 / 1292天
等级: 129
石头: 4707
呼符: 162
体力: 84555.33666666667 / 138
友情点: 10 / 266865`
*連続ログイン2日目
※ログインが途切れるか、7日到達すると
1日目から再開されます*
`聖晶石 X 1
8月交換券(2023) X 1
`*サーヴァント・サマー・フェスティバル2023！開幕記念 ログインボーナス*
*開催期間中、1日1回 最大21回ログインボーナスをプレゼント！*
`白銀の果実 X 1
`_2023-08-14 19:37:08_
--------
*50e74030067f097de636fdb9ea0a5ce0*
`登陆天数: 107天 / 1297天
等级: 145
石头: 133
呼符: 12
体力: 276.78666666666663 / 141
友情点: 10701695 / 55215505`
*連続ログイン2日目
※ログインが途切れるか、7日到達すると
1日目から再開されます*
`聖晶石 X 1
8月交換券(2023) X 1
`*サーヴァント・サマー・フェスティバル2023！開幕記念 ログインボーナス*
*開催期間中、1日1回 最大21回ログインボーナスをプレゼント！*
`白銀の果実 X 1
`_2023-08-14 19:37:16_
--------
*5aebed162c025149a9ac12d5ff9cf0d5*
`登陆天数: 107天 / 1128天
等级: 133
石头: 10
呼符: 0
体力: 58823.71 / 139
友情点: 50 / 1471960`
*連続ログイン2日目
※ログインが途切れるか、7日到達すると
1日目から再開されます*
`聖晶石 X 1
8月交換券(2023) X 1
`*サーヴァント・サマー・フェスティバル2023！開幕記念 ログインボーナス*
*開催期間中、1日1回 最大21回ログインボーナスをプレゼント！*
`白銀の果実 X 1
`_2023-08-14 19:37:25_
--------
*f5845d187badef24087ae9dd8a663e48*
`登陆天数: 148天 / 1386天
等级: 144
石头: 350
呼符: 7
体力: 112.41666666666667 / 141
友情点: 7028010 / 93764140`
*連続ログイン1日目
※ログインが途切れるか、7日到達すると
1日目から再開されます*
`フレンドポイント X 2000
8月交換券(2023) X 1
`*サーヴァント・サマー・フェスティバル2023！開幕記念 ログインボーナス*
*開催期間中、1日1回 最大21回ログインボーナスをプレゼント！*
`白銀の果実 X 1
`_2023-08-14 19:37:34_
--------
