【登录信息】
*4624dcf84d19c7237daa9e3aa06ae38e*
`登陆天数: 108天 / 1096天
等级: 130
石头: 618
呼符: 26
体力: 65292.93 / 138
友情点: 0 / 764225`
*連続ログイン3日目
※ログインが途切れるか、7日到達すると
1日目から再開されます*
`叡智の業火 X 1
8月交換券(2023) X 1
`*サーヴァント・サマー・フェスティバル2023！開幕記念 ログインボーナス*
*開催期間中、1日1回 最大21回ログインボーナスをプレゼント！*
`白銀の果実 X 1
`_2023-08-15 19:36:58_
--------
*1960c6c2468d480d10656e460ff945b7*
`登陆天数: 108天 / 1293天
等级: 129
石头: 4707
呼符: 162
体力: 84843.33 / 138
友情点: 10 / 266875`
*連続ログイン3日目
※ログインが途切れるか、7日到達すると
1日目から再開されます*
`叡智の業火 X 1
8月交換券(2023) X 1
`*サーヴァント・サマー・フェスティバル2023！開幕記念 ログインボーナス*
*開催期間中、1日1回 最大21回ログインボーナスをプレゼント！*
`白銀の果実 X 1
`_2023-08-15 19:37:06_
--------
*50e74030067f097de636fdb9ea0a5ce0*
`登陆天数: 108天 / 1298天
等级: 145
石头: 55
呼符: 0
体力: 37.77666666666667 / 141
友情点: 1092700 / 66276130`
*連続ログイン3日目
※ログインが途切れるか、7日到達すると
1日目から再開されます*
`叡智の業火 X 1
8月交換券(2023) X 1
`*サーヴァント・サマー・フェスティバル2023！開幕記念 ログインボーナス*
*開催期間中、1日1回 最大21回ログインボーナスをプレゼント！*
`白銀の果実 X 1
`_2023-08-15 19:37:15_
--------
*5aebed162c025149a9ac12d5ff9cf0d5*
`登陆天数: 108天 / 1129天
等级: 133
石头: 10
呼符: 0
体力: 59111.70333333333 / 139
友情点: 10 / 1471970`
*連続ログイン3日目
※ログインが途切れるか、7日到達すると
1日目から再開されます*
`叡智の業火 X 1
8月交換券(2023) X 1
`*サーヴァント・サマー・フェスティバル2023！開幕記念 ログインボーナス*
*開催期間中、1日1回 最大21回ログインボーナスをプレゼント！*
`白銀の果実 X 1
`_2023-08-15 19:37:23_
--------
*f5845d187badef24087ae9dd8a663e48*
`登陆天数: 149天 / 1387天
等级: 144
石头: 348
呼符: 7
体力: 91.63666666666666 / 141
友情点: 5435250 / 115985980`
*連続ログイン2日目
※ログインが途切れるか、7日到達すると
1日目から再開されます*
`聖晶石 X 1
8月交換券(2023) X 1
`*サーヴァント・サマー・フェスティバル2023！開幕記念 ログインボーナス*
*開催期間中、1日1回 最大21回ログインボーナスをプレゼント！*
`白銀の果実 X 1
`_2023-08-15 19:37:31_
--------
