【登录信息】
*4624dcf84d19c7237daa9e3aa06ae38e*
`登陆天数: 109天 / 1097天
等级: 130
石头: 618
呼符: 26
体力: 65580.91 / 138
友情点: 0 / 764225`
*連続ログイン4日目
※ログインが途切れるか、7日到達すると
1日目から再開されます*
`聖晶石 X 1
8月交換券(2023) X 1
`*サーヴァント・サマー・フェスティバル2023！開幕記念 ログインボーナス*
*開催期間中、1日1回 最大21回ログインボーナスをプレゼント！*
`白銀の果実 X 1
`_2023-08-16 19:36:52_
--------
*1960c6c2468d480d10656e460ff945b7*
`登陆天数: 109天 / 1294天
等级: 129
石头: 4707
呼符: 162
体力: 85131.31 / 138
友情点: 30 / 266905`
*連続ログイン4日目
※ログインが途切れるか、7日到達すると
1日目から再開されます*
`聖晶石 X 1
8月交換券(2023) X 1
`*サーヴァント・サマー・フェスティバル2023！開幕記念 ログインボーナス*
*開催期間中、1日1回 最大21回ログインボーナスをプレゼント！*
`白銀の果実 X 1
`_2023-08-16 19:37:00_
--------
*50e74030067f097de636fdb9ea0a5ce0*
`登陆天数: 109天 / 1299天
等级: 145
石头: 57
呼符: 0
体力: 30.120000000000005 / 141
友情点: 1603200 / 77365380`
*連続ログイン4日目
※ログインが途切れるか、7日到達すると
1日目から再開されます*
`聖晶石 X 1
8月交換券(2023) X 1
`*サーヴァント・サマー・フェスティバル2023！開幕記念 ログインボーナス*
*開催期間中、1日1回 最大21回ログインボーナスをプレゼント！*
`白銀の果実 X 1
`_2023-08-16 19:37:09_
--------
*5aebed162c025149a9ac12d5ff9cf0d5*
`登陆天数: 109天 / 1130天
等级: 133
石头: 10
呼符: 0
体力: 59399.683333333334 / 139
友情点: 20 / 1471990`
*連続ログイン4日目
※ログインが途切れるか、7日到達すると
1日目から再開されます*
`聖晶石 X 1
8月交換券(2023) X 1
`*サーヴァント・サマー・フェスティバル2023！開幕記念 ログインボーナス*
*開催期間中、1日1回 最大21回ログインボーナスをプレゼント！*
`白銀の果実 X 1
`_2023-08-16 19:37:17_
--------
*f5845d187badef24087ae9dd8a663e48*
`登陆天数: 150天 / 1388天
等级: 144
石头: 346
呼符: 7
体力: 106.1 / 141
友情点: 6511300 / 138221035`
*連続ログイン3日目
※ログインが途切れるか、7日到達すると
1日目から再開されます*
`叡智の業火 X 1
8月交換券(2023) X 1
`*サーヴァント・サマー・フェスティバル2023！開幕記念 ログインボーナス*
*開催期間中、1日1回 最大21回ログインボーナスをプレゼント！*
`白銀の果実 X 1
`_2023-08-16 19:37:25_
--------
