【登录信息】
*4624dcf84d19c7237daa9e3aa06ae38e*
`登陆天数: 110天 / 1098天
等级: 130
石头: 618
呼符: 26
体力: 65868.93333333333 / 138
友情点: 0 / 764225`
*連続ログイン5日目
※ログインが途切れるか、7日到達すると
1日目から再開されます*
`叡智の業火 X 2
8月交換券(2023) X 1
`*サーヴァント・サマー・フェスティバル2023！開幕記念 ログインボーナス*
*開催期間中、1日1回 最大21回ログインボーナスをプレゼント！*
`白銀の果実 X 1
`_2023-08-17 19:36:59_
--------
*1960c6c2468d480d10656e460ff945b7*
`登陆天数: 110天 / 1295天
等级: 129
石头: 4707
呼符: 162
体力: 85419.33666666667 / 138
友情点: 70 / 266975`
*連続ログイン5日目
※ログインが途切れるか、7日到達すると
1日目から再開されます*
`叡智の業火 X 2
8月交換券(2023) X 1
`*サーヴァント・サマー・フェスティバル2023！開幕記念 ログインボーナス*
*開催期間中、1日1回 最大21回ログインボーナスをプレゼント！*
`白銀の果実 X 1
`_2023-08-17 19:37:08_
--------
*50e74030067f097de636fdb9ea0a5ce0*
`登陆天数: 110天 / 1300天
等级: 145
石头: 62
呼符: 0
体力: 169.77 / 141
友情点: 6677130 / 88472760`
*連続ログイン5日目
※ログインが途切れるか、7日到達すると
1日目から再開されます*
`叡智の業火 X 2
8月交換券(2023) X 1
`*サーヴァント・サマー・フェスティバル2023！開幕記念 ログインボーナス*
*開催期間中、1日1回 最大21回ログインボーナスをプレゼント！*
`黄金の果実 X 1
`_2023-08-17 19:37:16_
--------
*5aebed162c025149a9ac12d5ff9cf0d5*
`登陆天数: 110天 / 1131天
等级: 133
石头: 10
呼符: 0
体力: 59687.71333333333 / 139
友情点: 75 / 1472065`
*連続ログイン5日目
※ログインが途切れるか、7日到達すると
1日目から再開されます*
`叡智の業火 X 2
8月交換券(2023) X 1
`*サーヴァント・サマー・フェスティバル2023！開幕記念 ログインボーナス*
*開催期間中、1日1回 最大21回ログインボーナスをプレゼント！*
`白銀の果実 X 1
`_2023-08-17 19:37:25_
--------
*f5845d187badef24087ae9dd8a663e48*
`登陆天数: 151天 / 1389天
等级: 144
石头: 226
呼符: 0
体力: 61.31666666666666 / 141
友情点: 3938560 / 160439750`
*連続ログイン4日目
※ログインが途切れるか、7日到達すると
1日目から再開されます*
`聖晶石 X 1
8月交換券(2023) X 1
`*サーヴァント・サマー・フェスティバル2023！開幕記念 ログインボーナス*
*開催期間中、1日1回 最大21回ログインボーナスをプレゼント！*
`黄金の果実 X 1
`_2023-08-17 19:37:34_
--------
