【登录信息】
*4624dcf84d19c7237daa9e3aa06ae38e*
`登陆天数: 111天 / 1099天
等级: 130
石头: 618
呼符: 26
体力: 66156.91 / 138
友情点: 0 / 764225`
*連続ログイン6日目
※ログインが途切れるか、7日到達すると
1日目から再開されます*
`聖晶石 X 2
8月交換券(2023) X 1
`*サーヴァント・サマー・フェスティバル2023！開幕記念 ログインボーナス*
*開催期間中、1日1回 最大21回ログインボーナスをプレゼント！*
`黄金の果実 X 1
`_2023-08-18 19:36:53_
--------
*1960c6c2468d480d10656e460ff945b7*
`登陆天数: 111天 / 1296天
等级: 129
石头: 4707
呼符: 162
体力: 85707.31333333334 / 138
友情点: 0 / 266975`
*連続ログイン6日目
※ログインが途切れるか、7日到達すると
1日目から再開されます*
`聖晶石 X 2
8月交換券(2023) X 1
`*サーヴァント・サマー・フェスティバル2023！開幕記念 ログインボーナス*
*開催期間中、1日1回 最大21回ログインボーナスをプレゼント！*
`黄金の果実 X 1
`_2023-08-18 19:37:01_
--------
*50e74030067f097de636fdb9ea0a5ce0*
`登陆天数: 111天 / 1301天
等级: 145
石头: 102
呼符: 0
体力: 29.86666666666666 / 141
友情点: 329425 / 99618050`
_2023-08-18 19:37:09_
--------
*5aebed162c025149a9ac12d5ff9cf0d5*
`登陆天数: 111天 / 1132天
等级: 133
石头: 10
呼符: 0
体力: 59975.683333333334 / 139
友情点: 20 / 1472085`
*連続ログイン6日目
※ログインが途切れるか、7日到達すると
1日目から再開されます*
`聖晶石 X 2
8月交換券(2023) X 1
`*サーヴァント・サマー・フェスティバル2023！開幕記念 ログインボーナス*
*開催期間中、1日1回 最大21回ログインボーナスをプレゼント！*
`黄金の果実 X 1
`_2023-08-18 19:37:17_
--------
*f5845d187badef24087ae9dd8a663e48*
`登陆天数: 152天 / 1390天
等级: 144
石头: 230
呼符: 3
体力: 27.956666666666663 / 141
友情点: 9552310 / 182712020`
*連続ログイン5日目
※ログインが途切れるか、7日到達すると
1日目から再開されます*
`叡智の業火 X 2
8月交換券(2023) X 1
`*サーヴァント・サマー・フェスティバル2023！開幕記念 ログインボーナス*
*開催期間中、1日1回 最大21回ログインボーナスをプレゼント！*
`白銀の果実 X 1
`_2023-08-18 19:37:25_
--------
