【登录信息】
*4624dcf84d19c7237daa9e3aa06ae38e*
`登陆天数: 112天 / 1100天
等级: 130
石头: 618
呼符: 26
体力: 66444.89666666667 / 138
友情点: 0 / 764225`
*連続ログイン7日間到達おめでとうございます！
明日は1日目からリスタートされます。*
`獣の足跡 X 1
呼符 X 1
8月交換券(2023) X 1
`*サーヴァント・サマー・フェスティバル2023！開幕記念 ログインボーナス*
*開催期間中、1日1回 最大21回ログインボーナスをプレゼント！*
`白銀の果実 X 1
`_2023-08-19 19:36:48_
--------
*1960c6c2468d480d10656e460ff945b7*
`登陆天数: 112天 / 1297天
等级: 129
石头: 4707
呼符: 162
体力: 85995.29666666666 / 138
友情点: 60 / 267035`
*連続ログイン7日間到達おめでとうございます！
明日は1日目からリスタートされます。*
`獣の足跡 X 1
呼符 X 1
8月交換券(2023) X 1
`*サーヴァント・サマー・フェスティバル2023！開幕記念 ログインボーナス*
*開催期間中、1日1回 最大21回ログインボーナスをプレゼント！*
`白銀の果実 X 1
`_2023-08-19 19:36:56_
--------
*50e74030067f097de636fdb9ea0a5ce0*
`登陆天数: 112天 / 1302天
等级: 145
石头: 103
呼符: 0
体力: 55.63333333333334 / 141
友情点: 53100 / 108308890`
*連続ログイン7日間到達おめでとうございます！
明日は1日目からリスタートされます。*
`獣の足跡 X 1
呼符 X 1
8月交換券(2023) X 1
`*サーヴァント・サマー・フェスティバル2023！開幕記念 ログインボーナス*
*開催期間中、1日1回 最大21回ログインボーナスをプレゼント！*
`白銀の果実 X 1
`_2023-08-19 19:37:04_
--------
*5aebed162c025149a9ac12d5ff9cf0d5*
`登陆天数: 112天 / 1133天
等级: 133
石头: 10
呼符: 0
体力: 60263.67 / 139
友情点: 50 / 1472135`
*連続ログイン7日間到達おめでとうございます！
明日は1日目からリスタートされます。*
`獣の足跡 X 1
呼符 X 1
8月交換券(2023) X 1
`*サーヴァント・サマー・フェスティバル2023！開幕記念 ログインボーナス*
*開催期間中、1日1回 最大21回ログインボーナスをプレゼント！*
`白銀の果実 X 1
`_2023-08-19 19:37:13_
--------
*f5845d187badef24087ae9dd8a663e48*
`登陆天数: 153天 / 1391天
等级: 144
石头: 234
呼符: 3
体力: 31.239999999999995 / 141
友情点: 45 / 200258140`
*連続ログイン6日目
※ログインが途切れるか、7日到達すると
1日目から再開されます*
`聖晶石 X 2
8月交換券(2023) X 1
`*サーヴァント・サマー・フェスティバル2023！開幕記念 ログインボーナス*
*開催期間中、1日1回 最大21回ログインボーナスをプレゼント！*
`白銀の果実 X 1
`_2023-08-19 19:37:22_
--------
