【登录信息】
*4624dcf84d19c7237daa9e3aa06ae38e*
`登陆天数: 113天 / 1101天
等级: 130
石头: 618
呼符: 26
体力: 66732.90333333334 / 138
友情点: 0 / 764225`
*連続ログイン1日目
※ログインが途切れるか、7日到達すると
1日目から再開されます*
`フレンドポイント X 2000
8月交換券(2023) X 1
`*サーヴァント・サマー・フェスティバル2023！開幕記念 ログインボーナス*
*開催期間中、1日1回 最大21回ログインボーナスをプレゼント！*
`白銀の果実 X 1
`_2023-08-20 19:36:50_
--------
*1960c6c2468d480d10656e460ff945b7*
`登陆天数: 113天 / 1298天
等级: 129
石头: 4707
呼符: 162
体力: 86283.30333333333 / 138
友情点: 10 / 267045`
*連続ログイン1日目
※ログインが途切れるか、7日到達すると
1日目から再開されます*
`フレンドポイント X 2000
8月交換券(2023) X 1
`*サーヴァント・サマー・フェスティバル2023！開幕記念 ログインボーナス*
*開催期間中、1日1回 最大21回ログインボーナスをプレゼント！*
`白銀の果実 X 1
`_2023-08-20 19:36:59_
--------
*50e74030067f097de636fdb9ea0a5ce0*
`登陆天数: 113天 / 1303天
等级: 145
石头: 103
呼符: 1
体力: 343.64 / 141
友情点: 166560 / 108479170`
*連続ログイン1日目
※ログインが途切れるか、7日到達すると
1日目から再開されます*
`フレンドポイント X 2000
8月交換券(2023) X 1
`*サーヴァント・サマー・フェスティバル2023！開幕記念 ログインボーナス*
*開催期間中、1日1回 最大21回ログインボーナスをプレゼント！*
`白銀の果実 X 1
`_2023-08-20 19:37:07_
--------
*5aebed162c025149a9ac12d5ff9cf0d5*
`登陆天数: 113天 / 1134天
等级: 133
石头: 10
呼符: 0
体力: 60551.68 / 139
友情点: 0 / 1472135`
*連続ログイン1日目
※ログインが途切れるか、7日到達すると
1日目から再開されます*
`フレンドポイント X 2000
8月交換券(2023) X 1
`*サーヴァント・サマー・フェスティバル2023！開幕記念 ログインボーナス*
*開催期間中、1日1回 最大21回ログインボーナスをプレゼント！*
`白銀の果実 X 1
`_2023-08-20 19:37:16_
--------
*f5845d187badef24087ae9dd8a663e48*
`登陆天数: 154天 / 1392天
等级: 144
石头: 213
呼符: 0
体力: 119.25 / 141
友情点: 60 / 200258775`
*連続ログイン7日間到達おめでとうございます！
明日は1日目からリスタートされます。*
`獣の足跡 X 1
呼符 X 1
8月交換券(2023) X 1
`*サーヴァント・サマー・フェスティバル2023！開幕記念 ログインボーナス*
*開催期間中、1日1回 最大21回ログインボーナスをプレゼント！*
`白銀の果実 X 1
`_2023-08-20 19:37:24_
--------
