【登录信息】
*4624dcf84d19c7237daa9e3aa06ae38e*
`登陆天数: 114天 / 1102天
等级: 130
石头: 618
呼符: 26
体力: 67020.92333333334 / 138
友情点: 0 / 764225`
*連続ログイン2日目
※ログインが途切れるか、7日到達すると
1日目から再開されます*
`聖晶石 X 1
8月交換券(2023) X 1
`*サーヴァント・サマー・フェスティバル2023！開幕記念 ログインボーナス*
*開催期間中、1日1回 最大21回ログインボーナスをプレゼント！*
`白銀の果実 X 1
`_2023-08-21 19:36:55_
--------
*1960c6c2468d480d10656e460ff945b7*
`登陆天数: 114天 / 1299天
等级: 129
石头: 4707
呼符: 162
体力: 86571.32333333333 / 138
友情点: 20 / 267065`
*連続ログイン2日目
※ログインが途切れるか、7日到達すると
1日目から再開されます*
`聖晶石 X 1
8月交換券(2023) X 1
`*サーヴァント・サマー・フェスティバル2023！開幕記念 ログインボーナス*
*開催期間中、1日1回 最大21回ログインボーナスをプレゼント！*
`白銀の果実 X 1
`_2023-08-21 19:37:04_
--------
*50e74030067f097de636fdb9ea0a5ce0*
`登陆天数: 114天 / 1304天
等级: 145
石头: 103
呼符: 2
体力: 85.02333333333334 / 141
友情点: 120 / 108483180`
*連続ログイン2日目
※ログインが途切れるか、7日到達すると
1日目から再開されます*
`聖晶石 X 1
8月交換券(2023) X 1
`*サーヴァント・サマー・フェスティバル2023！開幕記念 ログインボーナス*
*開催期間中、1日1回 最大21回ログインボーナスをプレゼント！*
`白銀の果実 X 1
`_2023-08-21 19:37:13_
--------
*5aebed162c025149a9ac12d5ff9cf0d5*
`登陆天数: 114天 / 1135天
等级: 133
石头: 10
呼符: 0
体力: 60839.7 / 139
友情点: 10 / 1472145`
*連続ログイン2日目
※ログインが途切れるか、7日到達すると
1日目から再開されます*
`聖晶石 X 1
8月交換券(2023) X 1
`*サーヴァント・サマー・フェスティバル2023！開幕記念 ログインボーナス*
*開催期間中、1日1回 最大21回ログインボーナスをプレゼント！*
`白銀の果実 X 1
`_2023-08-21 19:37:22_
--------
*f5845d187badef24087ae9dd8a663e48*
`登陆天数: 155天 / 1393天
等级: 144
石头: 212
呼符: 1
体力: 7.2733333333333405 / 141
友情点: 160 / 200260625`
_2023-08-21 19:37:31_
--------
