【登录信息】
*4624dcf84d19c7237daa9e3aa06ae38e*
`登陆天数: 116天 / 1104天
等级: 130
石头: 618
呼符: 26
体力: 67596.94666666667 / 138
友情点: 0 / 764225`
*連続ログイン4日目
※ログインが途切れるか、7日到達すると
1日目から再開されます*
`聖晶石 X 1
8月交換券(2023) X 1
`*サーヴァント・サマー・フェスティバル2023！開幕記念 ログインボーナス*
*開催期間中、1日1回 最大21回ログインボーナスをプレゼント！*
`白銀の果実 X 1
`_2023-08-23 19:37:03_
--------
*1960c6c2468d480d10656e460ff945b7*
`登陆天数: 116天 / 1301天
等级: 129
石头: 4707
呼符: 162
体力: 87147.34666666666 / 138
友情点: 110 / 267225`
*連続ログイン4日目
※ログインが途切れるか、7日到達すると
1日目から再開されます*
`聖晶石 X 1
8月交換券(2023) X 1
`*サーヴァント・サマー・フェスティバル2023！開幕記念 ログインボーナス*
*開催期間中、1日1回 最大21回ログインボーナスをプレゼント！*
`白銀の果実 X 1
`_2023-08-23 19:37:12_
--------
*50e74030067f097de636fdb9ea0a5ce0*
`登陆天数: 116天 / 1306天
等级: 145
石头: 107
呼符: 2
体力: 91.55666666666667 / 141
友情点: 35 / 108484890`
*連続ログイン4日目
※ログインが途切れるか、7日到達すると
1日目から再開されます*
`聖晶石 X 1
8月交換券(2023) X 1
`*サーヴァント・サマー・フェスティバル2023！開幕記念 ログインボーナス*
*開催期間中、1日1回 最大21回ログインボーナスをプレゼント！*
`白銀の果実 X 1
`_2023-08-23 19:37:20_
--------
*5aebed162c025149a9ac12d5ff9cf0d5*
`登陆天数: 116天 / 1137天
等级: 133
石头: 10
呼符: 0
体力: 61415.723333333335 / 139
友情点: 110 / 1472295`
*連続ログイン4日目
※ログインが途切れるか、7日到達すると
1日目から再開されます*
`聖晶石 X 1
8月交換券(2023) X 1
`*サーヴァント・サマー・フェスティバル2023！開幕記念 ログインボーナス*
*開催期間中、1日1回 最大21回ログインボーナスをプレゼント！*
`白銀の果実 X 1
`_2023-08-23 19:37:29_
--------
*f5845d187badef24087ae9dd8a663e48*
`登陆天数: 157天 / 1395天
等级: 144
石头: 216
呼符: 1
体力: 91.55333333333334 / 141
友情点: 400 / 200264515`
*連続ログイン3日目
※ログインが途切れるか、7日到達すると
1日目から再開されます*
`叡智の業火 X 1
8月交換券(2023) X 1
`*サーヴァント・サマー・フェスティバル2023！開幕記念 ログインボーナス*
*開催期間中、1日1回 最大21回ログインボーナスをプレゼント！*
`白銀の果実 X 1
`_2023-08-23 19:37:38_
--------
