【登录信息】
*4624dcf84d19c7237daa9e3aa06ae38e*
`登陆天数: 117天 / 1105天
等级: 130
石头: 618
呼符: 26
体力: 67884.93 / 138
友情点: 0 / 764225`
*連続ログイン5日目
※ログインが途切れるか、7日到達すると
1日目から再開されます*
`叡智の業火 X 2
8月交換券(2023) X 1
`*サーヴァント・サマー・フェスティバル2023！開幕記念 ログインボーナス*
*開催期間中、1日1回 最大21回ログインボーナスをプレゼント！*
`白銀の果実 X 1
`_2023-08-24 19:36:57_
--------
*1960c6c2468d480d10656e460ff945b7*
`登陆天数: 117天 / 1302天
等级: 129
石头: 4707
呼符: 162
体力: 87435.32666666666 / 138
友情点: 0 / 267225`
*連続ログイン5日目
※ログインが途切れるか、7日到達すると
1日目から再開されます*
`叡智の業火 X 2
8月交換券(2023) X 1
`*サーヴァント・サマー・フェスティバル2023！開幕記念 ログインボーナス*
*開催期間中、1日1回 最大21回ログインボーナスをプレゼント！*
`白銀の果実 X 1
`_2023-08-24 19:37:06_
--------
*50e74030067f097de636fdb9ea0a5ce0*
`登陆天数: 117天 / 1307天
等级: 145
石头: 108
呼符: 2
体力: 25.953333333333333 / 141
友情点: 0 / 108485140`
_2023-08-24 19:37:14_
--------
*5aebed162c025149a9ac12d5ff9cf0d5*
`登陆天数: 117天 / 1138天
等级: 133
石头: 10
呼符: 0
体力: 61703.7 / 139
友情点: 20 / 1472315`
*連続ログイン5日目
※ログインが途切れるか、7日到達すると
1日目から再開されます*
`叡智の業火 X 2
8月交換券(2023) X 1
`*サーヴァント・サマー・フェスティバル2023！開幕記念 ログインボーナス*
*開催期間中、1日1回 最大21回ログインボーナスをプレゼント！*
`白銀の果実 X 1
`_2023-08-24 19:37:22_
--------
*f5845d187badef24087ae9dd8a663e48*
`登陆天数: 158天 / 1396天
等级: 144
石头: 216
呼符: 1
体力: 97.22333333333333 / 141
友情点: 125 / 200265785`
*連続ログイン4日目
※ログインが途切れるか、7日到達すると
1日目から再開されます*
`聖晶石 X 1
8月交換券(2023) X 1
`*サーヴァント・サマー・フェスティバル2023！開幕記念 ログインボーナス*
*開催期間中、1日1回 最大21回ログインボーナスをプレゼント！*
`黄金の果実 X 1
`_2023-08-24 19:37:30_
--------
