【登录信息】
*4624dcf84d19c7237daa9e3aa06ae38e*
`登陆天数: 118天 / 1106天
等级: 130
石头: 618
呼符: 26
体力: 68172.93333333333 / 138
友情点: 0 / 764225`
*連続ログイン6日目
※ログインが途切れるか、7日到達すると
1日目から再開されます*
`聖晶石 X 2
8月交換券(2023) X 1
`*サーヴァント・サマー・フェスティバル2023！開幕記念 ログインボーナス*
*開催期間中、1日1回 最大21回ログインボーナスをプレゼント！*
`黄金の果実 X 1
`_2023-08-25 19:36:59_
--------
*1960c6c2468d480d10656e460ff945b7*
`登陆天数: 118天 / 1303天
等级: 129
石头: 4707
呼符: 162
体力: 87723.33666666667 / 138
友情点: 100 / 267375`
*連続ログイン6日目
※ログインが途切れるか、7日到達すると
1日目から再開されます*
`聖晶石 X 2
8月交換券(2023) X 1
`*サーヴァント・サマー・フェスティバル2023！開幕記念 ログインボーナス*
*開催期間中、1日1回 最大21回ログインボーナスをプレゼント！*
`黄金の果実 X 1
`_2023-08-25 19:37:08_
--------
*50e74030067f097de636fdb9ea0a5ce0*
`登陆天数: 118天 / 1308天
等级: 145
石头: 108
呼符: 2
体力: 313.96333333333337 / 141
友情点: 145 / 108485340`
*連続ログイン6日目
※ログインが途切れるか、7日到達すると
1日目から再開されます*
`聖晶石 X 2
8月交換券(2023) X 1
`*サーヴァント・サマー・フェスティバル2023！開幕記念 ログインボーナス*
*開催期間中、1日1回 最大21回ログインボーナスをプレゼント！*
`白銀の果実 X 1
`_2023-08-25 19:37:16_
--------
*5aebed162c025149a9ac12d5ff9cf0d5*
`登陆天数: 118天 / 1139天
等级: 133
石头: 10
呼符: 0
体力: 61991.71 / 139
友情点: 70 / 1472385`
*連続ログイン6日目
※ログインが途切れるか、7日到達すると
1日目から再開されます*
`聖晶石 X 2
8月交換券(2023) X 1
`*サーヴァント・サマー・フェスティバル2023！開幕記念 ログインボーナス*
*開催期間中、1日1回 最大21回ログインボーナスをプレゼント！*
`黄金の果実 X 1
`_2023-08-25 19:37:25_
--------
*f5845d187badef24087ae9dd8a663e48*
`登陆天数: 159天 / 1397天
等级: 144
石头: 216
呼符: 1
体力: 63.21333333333334 / 141
友情点: 90 / 200268450`
*連続ログイン5日目
※ログインが途切れるか、7日到達すると
1日目から再開されます*
`叡智の業火 X 2
8月交換券(2023) X 1
`*サーヴァント・サマー・フェスティバル2023！開幕記念 ログインボーナス*
*開催期間中、1日1回 最大21回ログインボーナスをプレゼント！*
`白銀の果実 X 1
`_2023-08-25 19:37:33_
--------
