【登录信息】
*4624dcf84d19c7237daa9e3aa06ae38e*
`登陆天数: 119天 / 1107天
等级: 130
石头: 618
呼符: 26
体力: 68460.92 / 138
友情点: 0 / 764225`
*連続ログイン7日間到達おめでとうございます！
明日は1日目からリスタートされます。*
`獣の足跡 X 1
呼符 X 1
8月交換券(2023) X 1
`*サーヴァント・サマー・フェスティバル2023！開幕記念 ログインボーナス*
*開催期間中、1日1回 最大21回ログインボーナスをプレゼント！*
`白銀の果実 X 1
`_2023-08-26 19:36:55_
--------
*1960c6c2468d480d10656e460ff945b7*
`登陆天数: 119天 / 1304天
等级: 129
石头: 4707
呼符: 162
体力: 88011.32333333333 / 138
友情点: 90 / 267465`
*連続ログイン7日間到達おめでとうございます！
明日は1日目からリスタートされます。*
`獣の足跡 X 1
呼符 X 1
8月交換券(2023) X 1
`*サーヴァント・サマー・フェスティバル2023！開幕記念 ログインボーナス*
*開催期間中、1日1回 最大21回ログインボーナスをプレゼント！*
`白銀の果実 X 1
`_2023-08-26 19:37:04_
--------
*50e74030067f097de636fdb9ea0a5ce0*
`登陆天数: 119天 / 1309天
等级: 145
石头: 111
呼符: 0
体力: 13.213333333333338 / 141
友情点: 120 / 108487115`
*連続ログイン7日間到達おめでとうございます！
明日は1日目からリスタートされます。*
`獣の足跡 X 1
呼符 X 1
8月交換券(2023) X 1
`*サーヴァント・サマー・フェスティバル2023！開幕記念 ログインボーナス*
*開催期間中、1日1回 最大21回ログインボーナスをプレゼント！*
`白銀の果実 X 1
`_2023-08-26 19:37:12_
--------
*5aebed162c025149a9ac12d5ff9cf0d5*
`登陆天数: 119天 / 1140天
等级: 133
石头: 10
呼符: 0
体力: 62279.69666666666 / 139
友情点: 65 / 1472450`
*連続ログイン7日間到達おめでとうございます！
明日は1日目からリスタートされます。*
`獣の足跡 X 1
呼符 X 1
8月交換券(2023) X 1
`*サーヴァント・サマー・フェスティバル2023！開幕記念 ログインボーナス*
*開催期間中、1日1回 最大21回ログインボーナスをプレゼント！*
`白銀の果実 X 1
`_2023-08-26 19:37:20_
--------
*f5845d187badef24087ae9dd8a663e48*
`登陆天数: 160天 / 1398天
等级: 144
石头: 197
呼符: 0
体力: 91.22 / 141
友情点: 40 / 200269460`
_2023-08-26 19:37:29_
--------
