【登录信息】
*4624dcf84d19c7237daa9e3aa06ae38e*
`登陆天数: 120天 / 1108天
等级: 130
石头: 618
呼符: 26
体力: 68748.92333333334 / 138
友情点: 0 / 764225`
*連続ログイン1日目
※ログインが途切れるか、7日到達すると
1日目から再開されます*
`フレンドポイント X 2000
8月交換券(2023) X 1
`*サーヴァント・サマー・フェスティバル2023！開幕記念 ログインボーナス*
*開催期間中、1日1回 最大21回ログインボーナスをプレゼント！*
`白銀の果実 X 1
`_2023-08-27 19:36:55_
--------
*1960c6c2468d480d10656e460ff945b7*
`登陆天数: 120天 / 1305天
等级: 129
石头: 4707
呼符: 162
体力: 88299.32333333333 / 138
友情点: 110 / 267575`
*連続ログイン1日目
※ログインが途切れるか、7日到達すると
1日目から再開されます*
`フレンドポイント X 2000
8月交換券(2023) X 1
`*サーヴァント・サマー・フェスティバル2023！開幕記念 ログインボーナス*
*開催期間中、1日1回 最大21回ログインボーナスをプレゼント！*
`白銀の果実 X 1
`_2023-08-27 19:37:04_
--------
*50e74030067f097de636fdb9ea0a5ce0*
`登陆天数: 120天 / 1310天
等级: 145
石头: 111
呼符: 0
体力: 301.21333333333337 / 141
友情点: 20 / 108487305`
_2023-08-27 19:37:12_
--------
*5aebed162c025149a9ac12d5ff9cf0d5*
`登陆天数: 120天 / 1141天
等级: 133
石头: 10
呼符: 0
体力: 62567.69666666666 / 139
友情点: 70 / 1472520`
*連続ログイン1日目
※ログインが途切れるか、7日到達すると
1日目から再開されます*
`フレンドポイント X 2000
8月交換券(2023) X 1
`*サーヴァント・サマー・フェスティバル2023！開幕記念 ログインボーナス*
*開催期間中、1日1回 最大21回ログインボーナスをプレゼント！*
`白銀の果実 X 1
`_2023-08-27 19:37:21_
--------
*f5845d187badef24087ae9dd8a663e48*
`登陆天数: 161天 / 1399天
等级: 144
石头: 195
呼符: 1
体力: 6.603333333333325 / 141
友情点: 10 / 200270250`
_2023-08-27 19:37:29_
--------
