【登录信息】
*4624dcf84d19c7237daa9e3aa06ae38e*
`登陆天数: 121天 / 1109天
等级: 130
石头: 618
呼符: 26
体力: 69036.93666666666 / 138
友情点: 0 / 764225`
*連続ログイン2日目
※ログインが途切れるか、7日到達すると
1日目から再開されます*
`聖晶石 X 1
8月交換券(2023) X 1
`*サーヴァント・サマー・フェスティバル2023！開幕記念 ログインボーナス*
*開催期間中、1日1回 最大21回ログインボーナスをプレゼント！*
`白銀の果実 X 1
`_2023-08-28 19:36:59_
--------
*1960c6c2468d480d10656e460ff945b7*
`登陆天数: 121天 / 1306天
等级: 129
石头: 4707
呼符: 162
体力: 88587.33666666667 / 138
友情点: 150 / 267725`
*連続ログイン2日目
※ログインが途切れるか、7日到達すると
1日目から再開されます*
`聖晶石 X 1
8月交換券(2023) X 1
`*サーヴァント・サマー・フェスティバル2023！開幕記念 ログインボーナス*
*開催期間中、1日1回 最大21回ログインボーナスをプレゼント！*
`白銀の果実 X 1
`_2023-08-28 19:37:08_
--------
*50e74030067f097de636fdb9ea0a5ce0*
`登陆天数: 121天 / 1311天
等级: 145
石头: 111
呼符: 1
体力: 30.21333333333334 / 141
友情点: 320 / 108490145`
*連続ログイン2日目
※ログインが途切れるか、7日到達すると
1日目から再開されます*
`聖晶石 X 1
8月交換券(2023) X 1
`*サーヴァント・サマー・フェスティバル2023！開幕記念 ログインボーナス*
*開催期間中、1日1回 最大21回ログインボーナスをプレゼント！*
`白銀の果実 X 1
`_2023-08-28 19:37:16_
--------
*5aebed162c025149a9ac12d5ff9cf0d5*
`登陆天数: 121天 / 1142天
等级: 133
石头: 10
呼符: 0
体力: 62855.706666666665 / 139
友情点: 130 / 1472860`
*連続ログイン2日目
※ログインが途切れるか、7日到達すると
1日目から再開されます*
`聖晶石 X 1
8月交換券(2023) X 1
`*サーヴァント・サマー・フェスティバル2023！開幕記念 ログインボーナス*
*開催期間中、1日1回 最大21回ログインボーナスをプレゼント！*
`白銀の果実 X 1
`_2023-08-28 19:37:24_
--------
*f5845d187badef24087ae9dd8a663e48*
`登陆天数: 162天 / 1400天
等级: 144
石头: 196
呼符: 1
体力: 92.6 / 141
友情点: 210 / 200273055`
_2023-08-28 19:37:33_
--------
