【登录信息】
*4624dcf84d19c7237daa9e3aa06ae38e*
`登陆天数: 122天 / 1110天
等级: 130
石头: 618
呼符: 26
体力: 69324.92666666667 / 138
友情点: 0 / 764225`
*連続ログイン3日目
※ログインが途切れるか、7日到達すると
1日目から再開されます*
`叡智の業火 X 1
8月交換券(2023) X 1
`*サーヴァント・サマー・フェスティバル2023！開幕記念 ログインボーナス*
*開催期間中、1日1回 最大21回ログインボーナスをプレゼント！*
`白銀の果実 X 1
`_2023-08-29 19:36:57_
--------
*1960c6c2468d480d10656e460ff945b7*
`登陆天数: 122天 / 1307天
等级: 129
石头: 4707
呼符: 162
体力: 88875.33 / 138
友情点: 150 / 267875`
*連続ログイン3日目
※ログインが途切れるか、7日到達すると
1日目から再開されます*
`叡智の業火 X 1
8月交換券(2023) X 1
`*サーヴァント・サマー・フェスティバル2023！開幕記念 ログインボーナス*
*開催期間中、1日1回 最大21回ログインボーナスをプレゼント！*
`白銀の果実 X 1
`_2023-08-29 19:37:06_
--------
*50e74030067f097de636fdb9ea0a5ce0*
`登陆天数: 122天 / 1312天
等级: 145
石头: 41
呼符: 0
体力: 260.21 / 141
友情点: 230 / 108465255`
*連続ログイン3日目
※ログインが途切れるか、7日到達すると
1日目から再開されます*
`叡智の業火 X 1
8月交換券(2023) X 1
`*サーヴァント・サマー・フェスティバル2023！開幕記念 ログインボーナス*
*開催期間中、1日1回 最大21回ログインボーナスをプレゼント！*
`白銀の果実 X 1
`_2023-08-29 19:37:14_
--------
*5aebed162c025149a9ac12d5ff9cf0d5*
`登陆天数: 122天 / 1143天
等级: 133
石头: 10
呼符: 0
体力: 63143.706666666665 / 139
友情点: 70 / 1472930`
*連続ログイン3日目
※ログインが途切れるか、7日到達すると
1日目から再開されます*
`叡智の業火 X 1
8月交換券(2023) X 1
`*サーヴァント・サマー・フェスティバル2023！開幕記念 ログインボーナス*
*開催期間中、1日1回 最大21回ログインボーナスをプレゼント！*
`白銀の果実 X 1
`_2023-08-29 19:37:24_
--------
*f5845d187badef24087ae9dd8a663e48*
`登陆天数: 163天 / 1401天
等级: 144
石头: 196
呼符: 1
体力: 30.39666666666666 / 141
友情点: 140 / 200274795`
*連続ログイン2日目
※ログインが途切れるか、7日到達すると
1日目から再開されます*
`聖晶石 X 1
8月交換券(2023) X 1
`*サーヴァント・サマー・フェスティバル2023！開幕記念 ログインボーナス*
*開催期間中、1日1回 最大21回ログインボーナスをプレゼント！*
`白銀の果実 X 1
`_2023-08-29 19:37:32_
--------
