【登录信息】
*4624dcf84d19c7237daa9e3aa06ae38e*
`登陆天数: 123天 / 1111天
等级: 130
石头: 618
呼符: 26
体力: 69612.92666666667 / 138
友情点: 0 / 764225`
*連続ログイン4日目
※ログインが途切れるか、7日到達すると
1日目から再開されます*
`聖晶石 X 1
8月交換券(2023) X 1
`*サーヴァント・サマー・フェスティバル2023！開幕記念 ログインボーナス*
*開催期間中、1日1回 最大21回ログインボーナスをプレゼント！*
`白銀の果実 X 1
`_2023-08-30 19:36:56_
--------
*1960c6c2468d480d10656e460ff945b7*
`登陆天数: 123天 / 1308天
等级: 129
石头: 4707
呼符: 162
体力: 89163.32666666666 / 138
友情点: 80 / 267955`
*連続ログイン4日目
※ログインが途切れるか、7日到達すると
1日目から再開されます*
`聖晶石 X 1
8月交換券(2023) X 1
`*サーヴァント・サマー・フェスティバル2023！開幕記念 ログインボーナス*
*開催期間中、1日1回 最大21回ログインボーナスをプレゼント！*
`白銀の果実 X 1
`_2023-08-30 19:37:05_
--------
*50e74030067f097de636fdb9ea0a5ce0*
`登陆天数: 123天 / 1313天
等级: 145
石头: 41
呼符: 0
体力: 548.2066666666667 / 141
友情点: 165 / 108465420`
*連続ログイン4日目
※ログインが途切れるか、7日到達すると
1日目から再開されます*
`聖晶石 X 1
8月交換券(2023) X 1
`*サーヴァント・サマー・フェスティバル2023！開幕記念 ログインボーナス*
*開催期間中、1日1回 最大21回ログインボーナスをプレゼント！*
`白銀の果実 X 1
`_2023-08-30 19:37:14_
--------
*5aebed162c025149a9ac12d5ff9cf0d5*
`登陆天数: 123天 / 1144天
等级: 133
石头: 10
呼符: 0
体力: 63431.70333333333 / 139
友情点: 140 / 1473070`
*連続ログイン4日目
※ログインが途切れるか、7日到達すると
1日目から再開されます*
`聖晶石 X 1
8月交換券(2023) X 1
`*サーヴァント・サマー・フェスティバル2023！開幕記念 ログインボーナス*
*開催期間中、1日1回 最大21回ログインボーナスをプレゼント！*
`白銀の果実 X 1
`_2023-08-30 19:37:23_
--------
*f5845d187badef24087ae9dd8a663e48*
`登陆天数: 164天 / 1402天
等级: 144
石头: 198
呼符: 1
体力: 57.379999999999995 / 141
友情点: 140 / 200275450`
*連続ログイン3日目
※ログインが途切れるか、7日到達すると
1日目から再開されます*
`叡智の業火 X 1
8月交換券(2023) X 1
`*サーヴァント・サマー・フェスティバル2023！開幕記念 ログインボーナス*
*開催期間中、1日1回 最大21回ログインボーナスをプレゼント！*
`白銀の果実 X 1
`_2023-08-30 19:37:32_
--------
