【登录信息】
*4624dcf84d19c7237daa9e3aa06ae38e*
`登陆天数: 246天 / 1234天
等级: 130
石头: 618
呼符: 26
体力: 105036.49666666667 / 138
友情点: 0 / 764225`
*連続ログイン1日目
※ログインが途切れるか、7日到達すると
1日目から再開されます*
`フレンドポイント X 2000
1月交換券(2024) X 1
`*2024年お正月キャンペーン　三が日限定ログインボーナス*
*開催期間中、三が日限定のログインボーナスをプレゼント！*
`叡智の業火 X 30
QP X 10000000
`_2023-12-31 19:34:48_
--------
*6c9368f50fe20d6a525828c2a1897f5f*
`登陆天数: 246天 / 1431天
等级: 129
石头: 5047
呼符: 179
体力: 7342.87 / 138
友情点: 140 / 328945`
*連続ログイン1日目
※ログインが途切れるか、7日到達すると
1日目から再開されます*
`フレンドポイント X 2000
1月交換券(2024) X 1
`*2024年お正月キャンペーン　三が日限定ログインボーナス*
*開催期間中、三が日限定のログインボーナスをプレゼント！*
`叡智の業火 X 30
QP X 10000000
`_2023-12-31 19:34:56_
--------
*50e74030067f097de636fdb9ea0a5ce0*
`登陆天数: 246天 / 1436天
等级: 148
石头: 502
呼符: 59
体力: 142.8 / 142
友情点: 0 / 107164430`
*連続ログイン1日目
※ログインが途切れるか、7日到達すると
1日目から再開されます*
`フレンドポイント X 2000
1月交換券(2024) X 1
`*2024年お正月キャンペーン　三が日限定ログインボーナス*
*開催期間中、三が日限定のログインボーナスをプレゼント！*
`叡智の業火 X 30
QP X 10000000
`_2023-12-31 19:35:04_
--------
*5aebed162c025149a9ac12d5ff9cf0d5*
`登陆天数: 246天 / 1267天
等级: 133
石头: 10
呼符: 0
体力: 98855.27 / 139
友情点: 50 / 1504055`
*連続ログイン1日目
※ログインが途切れるか、7日到達すると
1日目から再開されます*
`フレンドポイント X 2000
1月交換券(2024) X 1
`*2024年お正月キャンペーン　三が日限定ログインボーナス*
*開催期間中、三が日限定のログインボーナスをプレゼント！*
`叡智の業火 X 30
QP X 10000000
`_2023-12-31 19:35:13_
--------
*f5845d187badef24087ae9dd8a663e48*
`登陆天数: 287天 / 1525天
等级: 152
石头: 379
呼符: 11
体力: 100.97 / 142
友情点: 20 / 112623205`
*連続ログイン7日間到達おめでとうございます！
明日は1日目からリスタートされます。*
`獣の足跡 X 1
呼符 X 1
1月交換券(2024) X 1
`*2024年お正月キャンペーン　三が日限定ログインボーナス*
*開催期間中、三が日限定のログインボーナスをプレゼント！*
`叡智の業火 X 30
QP X 10000000
`_2023-12-31 19:35:21_
--------
