【登录信息】
*4624dcf84d19c7237daa9e3aa06ae38e*
`登陆天数: 247天 / 1235天
等级: 130
石头: 618
呼符: 26
体力: 105324.42666666667 / 138
友情点: 0 / 764225`
*連続ログイン2日目
※ログインが途切れるか、7日到達すると
1日目から再開されます*
`聖晶石 X 1
1月交換券(2024) X 1
`*2024年お正月キャンペーン　三が日限定ログインボーナス*
*開催期間中、三が日限定のログインボーナスをプレゼント！*
`伝承結晶 X 1
`_2024-01-01 19:34:27_
--------
*6c9368f50fe20d6a525828c2a1897f5f*
`登陆天数: 247天 / 1432天
等级: 129
石头: 5047
呼符: 179
体力: 7630.8 / 138
友情点: 20 / 328965`
*連続ログイン2日目
※ログインが途切れるか、7日到達すると
1日目から再開されます*
`聖晶石 X 1
1月交換券(2024) X 1
`*2024年お正月キャンペーン　三が日限定ログインボーナス*
*開催期間中、三が日限定のログインボーナスをプレゼント！*
`伝承結晶 X 1
`_2024-01-01 19:34:35_
--------
*50e74030067f097de636fdb9ea0a5ce0*
`登陆天数: 247天 / 1437天
等级: 148
石头: 542
呼符: 59
体力: 181.92666666666668 / 142
友情点: 0 / 107571280`
*連続ログイン2日目
※ログインが途切れるか、7日到達すると
1日目から再開されます*
`聖晶石 X 1
1月交換券(2024) X 1
`*2024年お正月キャンペーン　三が日限定ログインボーナス*
*開催期間中、三が日限定のログインボーナスをプレゼント！*
`伝承結晶 X 1
`_2024-01-01 19:34:43_
--------
*5aebed162c025149a9ac12d5ff9cf0d5*
`登陆天数: 247天 / 1268天
等级: 133
石头: 10
呼符: 0
体力: 99143.19666666667 / 139
友情点: 80 / 1504135`
*連続ログイン2日目
※ログインが途切れるか、7日到達すると
1日目から再開されます*
`聖晶石 X 1
1月交換券(2024) X 1
`*2024年お正月キャンペーン　三が日限定ログインボーナス*
*開催期間中、三が日限定のログインボーナスをプレゼント！*
`伝承結晶 X 1
`_2024-01-01 19:34:52_
--------
*f5845d187badef24087ae9dd8a663e48*
`登陆天数: 288天 / 1526天
等级: 152
石头: 379
呼符: 11
体力: 74.79 / 142
友情点: 225 / 112624030`
*連続ログイン1日目
※ログインが途切れるか、7日到達すると
1日目から再開されます*
`フレンドポイント X 2000
1月交換券(2024) X 1
`*2024年お正月キャンペーン　三が日限定ログインボーナス*
*開催期間中、三が日限定のログインボーナスをプレゼント！*
`伝承結晶 X 1
`_2024-01-01 19:35:00_
--------
