【登录信息】
*4624dcf84d19c7237daa9e3aa06ae38e*
`登陆天数: 248天 / 1236天
等级: 130
石头: 618
呼符: 26
体力: 105612.47 / 138
友情点: 0 / 764225`
*連続ログイン3日目
※ログインが途切れるか、7日到達すると
1日目から再開されます*
`叡智の業火 X 1
1月交換券(2024) X 1
`*2024年お正月キャンペーン　三が日限定ログインボーナス*
*開催期間中、三が日限定のログインボーナスをプレゼント！*
`聖杯 X 1
`_2024-01-02 19:34:40_
--------
*6c9368f50fe20d6a525828c2a1897f5f*
`登陆天数: 248天 / 1433天
等级: 129
石头: 5047
呼符: 179
体力: 7918.84 / 138
友情点: 170 / 329135`
*連続ログイン3日目
※ログインが途切れるか、7日到達すると
1日目から再開されます*
`叡智の業火 X 1
1月交換券(2024) X 1
`*2024年お正月キャンペーン　三が日限定ログインボーナス*
*開催期間中、三が日限定のログインボーナスをプレゼント！*
`聖杯 X 1
`_2024-01-02 19:34:48_
--------
*50e74030067f097de636fdb9ea0a5ce0*
`登陆天数: 248天 / 1438天
等级: 148
石头: 543
呼符: 59
体力: 86.19666666666666 / 142
友情点: 10 / 107572155`
*連続ログイン3日目
※ログインが途切れるか、7日到達すると
1日目から再開されます*
`叡智の業火 X 1
1月交換券(2024) X 1
`*2024年お正月キャンペーン　三が日限定ログインボーナス*
*開催期間中、三が日限定のログインボーナスをプレゼント！*
`聖杯 X 1
`_2024-01-02 19:34:56_
--------
*5aebed162c025149a9ac12d5ff9cf0d5*
`登陆天数: 248天 / 1269天
等级: 133
石头: 10
呼符: 0
体力: 99431.23666666666 / 139
友情点: 170 / 1504305`
*連続ログイン3日目
※ログインが途切れるか、7日到達すると
1日目から再開されます*
`叡智の業火 X 1
1月交換券(2024) X 1
`*2024年お正月キャンペーン　三が日限定ログインボーナス*
*開催期間中、三が日限定のログインボーナスをプレゼント！*
`聖杯 X 1
`_2024-01-02 19:35:04_
--------
*f5845d187badef24087ae9dd8a663e48*
`登陆天数: 289天 / 1527天
等级: 152
石头: 379
呼符: 11
体力: 194.95666666666665 / 142
友情点: 310 / 112624685`
*連続ログイン2日目
※ログインが途切れるか、7日到達すると
1日目から再開されます*
`聖晶石 X 1
1月交換券(2024) X 1
`*2024年お正月キャンペーン　三が日限定ログインボーナス*
*開催期間中、三が日限定のログインボーナスをプレゼント！*
`聖杯 X 1
`_2024-01-02 19:35:12_
--------
