【登录信息】
*4624dcf84d19c7237daa9e3aa06ae38e*
`登陆天数: 249天 / 1237天
等级: 130
石头: 618
呼符: 26
体力: 105900.46666666666 / 138
友情点: 0 / 764225`
*連続ログイン4日目
※ログインが途切れるか、7日到達すると
1日目から再開されます*
`聖晶石 X 1
1月交換券(2024) X 1
`*2024年お正月キャンペーン 10万リポスト達成プレゼント*
*開催期間中、初回ログインでお正月限定概念礼装&2024万QPをプレゼント！*
`ドラゴン・ダンス X 1
QP X 20240000
`_2024-01-03 19:34:39_
--------
*6c9368f50fe20d6a525828c2a1897f5f*
`登陆天数: 249天 / 1434天
等级: 129
石头: 5047
呼符: 179
体力: 8206.84 / 138
友情点: 30 / 329165`
*連続ログイン4日目
※ログインが途切れるか、7日到達すると
1日目から再開されます*
`聖晶石 X 1
1月交換券(2024) X 1
`*2024年お正月キャンペーン 10万リポスト達成プレゼント*
*開催期間中、初回ログインでお正月限定概念礼装&2024万QPをプレゼント！*
`ドラゴン・ダンス X 1
QP X 20240000
`_2024-01-03 19:34:48_
--------
*50e74030067f097de636fdb9ea0a5ce0*
`登陆天数: 249天 / 1439天
等级: 148
石头: 544
呼符: 59
体力: 85.53666666666666 / 142
友情点: 90 / 107572650`
*連続ログイン4日目
※ログインが途切れるか、7日到達すると
1日目から再開されます*
`聖晶石 X 1
1月交換券(2024) X 1
`*2024年お正月キャンペーン 10万リポスト達成プレゼント*
*開催期間中、初回ログインでお正月限定概念礼装&2024万QPをプレゼント！*
`ドラゴン・ダンス X 1
QP X 20240000
`_2024-01-03 19:34:56_
--------
*5aebed162c025149a9ac12d5ff9cf0d5*
`登陆天数: 249天 / 1270天
等级: 133
石头: 10
呼符: 0
体力: 99719.24 / 139
友情点: 50 / 1504355`
*連続ログイン4日目
※ログインが途切れるか、7日到達すると
1日目から再開されます*
`聖晶石 X 1
1月交換券(2024) X 1
`*2024年お正月キャンペーン 10万リポスト達成プレゼント*
*開催期間中、初回ログインでお正月限定概念礼装&2024万QPをプレゼント！*
`ドラゴン・ダンス X 1
QP X 20240000
`_2024-01-03 19:35:04_
--------
*f5845d187badef24087ae9dd8a663e48*
`登陆天数: 290天 / 1528天
等级: 152
石头: 379
呼符: 11
体力: 166.78666666666666 / 142
友情点: 245 / 112625425`
*連続ログイン3日目
※ログインが途切れるか、7日到達すると
1日目から再開されます*
`叡智の業火 X 1
1月交換券(2024) X 1
`*2024年お正月キャンペーン 10万リポスト達成プレゼント*
*開催期間中、初回ログインでお正月限定概念礼装&2024万QPをプレゼント！*
`ドラゴン・ダンス X 1
QP X 20240000
`_2024-01-03 19:35:13_
--------
