【登录信息】
*4624dcf84d19c7237daa9e3aa06ae38e*
`登陆天数: 250天 / 1238天
等级: 130
石头: 618
呼符: 26
体力: 106188.52666666667 / 138
友情点: 0 / 764225`
*連続ログイン5日目
※ログインが途切れるか、7日到達すると
1日目から再開されます*
`叡智の業火 X 2
1月交換券(2024) X 1
`_2024-01-04 19:34:57_
--------
*6c9368f50fe20d6a525828c2a1897f5f*
`登陆天数: 250天 / 1435天
等级: 129
石头: 5047
呼符: 179
体力: 8494.9 / 138
友情点: 50 / 329215`
*連続ログイン5日目
※ログインが途切れるか、7日到達すると
1日目から再開されます*
`叡智の業火 X 2
1月交換券(2024) X 1
`_2024-01-04 19:35:06_
--------
*50e74030067f097de636fdb9ea0a5ce0*
`登陆天数: 250天 / 1440天
等级: 148
石头: 544
呼符: 59
体力: 373.5966666666667 / 142
友情点: 80 / 107572730`
*連続ログイン5日目
※ログインが途切れるか、7日到達すると
1日目から再開されます*
`叡智の業火 X 2
1月交換券(2024) X 1
`_2024-01-04 19:35:14_
--------
*5aebed162c025149a9ac12d5ff9cf0d5*
`登陆天数: 250天 / 1271天
等级: 133
石头: 10
呼符: 0
体力: 100007.30333333333 / 139
友情点: 50 / 1504405`
*連続ログイン5日目
※ログインが途切れるか、7日到達すると
1日目から再開されます*
`叡智の業火 X 2
1月交換券(2024) X 1
`_2024-01-04 19:35:23_
--------
*f5845d187badef24087ae9dd8a663e48*
`登陆天数: 291天 / 1529天
等级: 152
石头: 379
呼符: 11
体力: 121.18 / 142
友情点: 200 / 112626095`
*連続ログイン4日目
※ログインが途切れるか、7日到達すると
1日目から再開されます*
`聖晶石 X 1
1月交換券(2024) X 1
`_2024-01-04 19:35:31_
--------
