【登录信息】
*4624dcf84d19c7237daa9e3aa06ae38e*
`登陆天数: 251天 / 1239天
等级: 130
石头: 618
呼符: 26
体力: 106476.45333333334 / 138
友情点: 0 / 764225`
*連続ログイン6日目
※ログインが途切れるか、7日到達すると
1日目から再開されます*
`聖晶石 X 2
1月交換券(2024) X 1
`_2024-01-05 19:34:35_
--------
*6c9368f50fe20d6a525828c2a1897f5f*
`登陆天数: 251天 / 1436天
等级: 129
石头: 5047
呼符: 179
体力: 8782.826666666666 / 138
友情点: 20 / 329235`
*連続ログイン6日目
※ログインが途切れるか、7日到達すると
1日目から再開されます*
`聖晶石 X 2
1月交換券(2024) X 1
`_2024-01-05 19:34:43_
--------
*50e74030067f097de636fdb9ea0a5ce0*
`登陆天数: 251天 / 1441天
等级: 148
石头: 544
呼符: 59
体力: 661.52 / 142
友情点: 20 / 107572855`
_2024-01-05 19:34:51_
--------
*5aebed162c025149a9ac12d5ff9cf0d5*
`登陆天数: 251天 / 1272天
等级: 133
石头: 10
呼符: 0
体力: 100295.22333333333 / 139
友情点: 90 / 1504495`
*連続ログイン6日目
※ログインが途切れるか、7日到達すると
1日目から再開されます*
`聖晶石 X 2
1月交換券(2024) X 1
`_2024-01-05 19:34:59_
--------
*f5845d187badef24087ae9dd8a663e48*
`登陆天数: 292天 / 1530天
等级: 152
石头: 379
呼符: 11
体力: 128.81666666666666 / 142
友情点: 40 / 112626820`
*連続ログイン5日目
※ログインが途切れるか、7日到達すると
1日目から再開されます*
`叡智の業火 X 2
1月交換券(2024) X 1
`_2024-01-05 19:35:07_
--------
