【登录信息】
*4624dcf84d19c7237daa9e3aa06ae38e*
`登陆天数: 252天 / 1240天
等级: 130
石头: 618
呼符: 26
体力: 106764.40666666666 / 138
友情点: 0 / 764225`
*連続ログイン7日間到達おめでとうございます！
明日は1日目からリスタートされます。*
`獣の足跡 X 1
呼符 X 1
1月交換券(2024) X 1
`_2024-01-06 19:34:21_
--------
*6c9368f50fe20d6a525828c2a1897f5f*
`登陆天数: 252天 / 1437天
等级: 129
石头: 5047
呼符: 179
体力: 9070.78 / 138
友情点: 90 / 329325`
*連続ログイン7日間到達おめでとうございます！
明日は1日目からリスタートされます。*
`獣の足跡 X 1
呼符 X 1
1月交換券(2024) X 1
`_2024-01-06 19:34:29_
--------
*50e74030067f097de636fdb9ea0a5ce0*
`登陆天数: 252天 / 1442天
等级: 148
石头: 548
呼符: 59
体力: 36.31999999999999 / 142
友情点: 30 / 107573155`
*連続ログイン7日間到達おめでとうございます！
明日は1日目からリスタートされます。*
`獣の足跡 X 1
呼符 X 1
1月交換券(2024) X 1
`_2024-01-06 19:34:37_
--------
*5aebed162c025149a9ac12d5ff9cf0d5*
`登陆天数: 252天 / 1273天
等级: 133
石头: 10
呼符: 0
体力: 100583.18 / 139
友情点: 70 / 1505375`
*連続ログイン7日間到達おめでとうございます！
明日は1日目からリスタートされます。*
`獣の足跡 X 1
呼符 X 1
1月交換券(2024) X 1
`_2024-01-06 19:34:46_
--------
*f5845d187badef24087ae9dd8a663e48*
`登陆天数: 293天 / 1531天
等级: 152
石头: 382
呼符: 11
体力: 96.43666666666667 / 142
友情点: 10 / 112627140`
*連続ログイン6日目
※ログインが途切れるか、7日到達すると
1日目から再開されます*
`聖晶石 X 2
1月交換券(2024) X 1
`_2024-01-06 19:34:54_
--------
