【登录信息】
*4624dcf84d19c7237daa9e3aa06ae38e*
`登陆天数: 1天 / 1242天
等级: 130
石头: 618
呼符: 26
体力: 107628.44 / 138
友情点: 0 / 764225`
*連続ログイン1日目
※ログインが途切れるか、7日到達すると
1日目から再開されます*
`フレンドポイント X 2000
1月交換券(2024) X 1
`_2024-01-09 19:34:31_
--------
*6c9368f50fe20d6a525828c2a1897f5f*
`登陆天数: 1天 / 1439天
等级: 129
石头: 5047
呼符: 179
体力: 9934.816666666668 / 138
友情点: 100 / 329495`
*連続ログイン1日目
※ログインが途切れるか、7日到達すると
1日目から再開されます*
`フレンドポイント X 2000
1月交換券(2024) X 1
`_2024-01-09 19:34:40_
--------
*50e74030067f097de636fdb9ea0a5ce0*
`登陆天数: 1天 / 1444天
等级: 148
石头: 560
呼符: 60
体力: 338.50333333333333 / 142
友情点: 80 / 107575845`
*連続ログイン1日目
※ログインが途切れるか、7日到達すると
1日目から再開されます*
`フレンドポイント X 2000
1月交換券(2024) X 1
`_2024-01-09 19:34:48_
--------
*5aebed162c025149a9ac12d5ff9cf0d5*
`登陆天数: 1天 / 1275天
等级: 133
石头: 10
呼符: 0
体力: 101447.22 / 139
友情点: 70 / 1505525`
*連続ログイン1日目
※ログインが途切れるか、7日到達すると
1日目から再開されます*
`フレンドポイント X 2000
1月交換券(2024) X 1
`_2024-01-09 19:34:57_
--------
*f5845d187badef24087ae9dd8a663e48*
`登陆天数: 296天 / 1534天
等级: 152
石头: 383
呼符: 11
体力: 254.68 / 142
友情点: 50 / 112628645`
*連続ログイン2日目
※ログインが途切れるか、7日到達すると
1日目から再開されます*
`聖晶石 X 1
1月交換券(2024) X 1
`_2024-01-09 19:35:06_
--------
