【登录信息】
*4624dcf84d19c7237daa9e3aa06ae38e*
`登陆天数: 2天 / 1243天
等级: 130
石头: 618
呼符: 26
体力: 107916.51333333334 / 138
友情点: 0 / 764225`
*連続ログイン2日目
※ログインが途切れるか、7日到達すると
1日目から再開されます*
`聖晶石 X 1
1月交換券(2024) X 1
`*「FGO カルデア・サテライトステーション 2023-2024」宮崎会場開催直前 ログインボーナス*
*開催期間中、1日1回 最大3回 ログインボーナスをプレゼント！*
`黄金の果実 X 1
`_2024-01-10 19:34:52_
--------
*6c9368f50fe20d6a525828c2a1897f5f*
`登陆天数: 2天 / 1440天
等级: 129
石头: 5047
呼符: 179
体力: 10222.886666666667 / 138
友情点: 50 / 329545`
*連続ログイン2日目
※ログインが途切れるか、7日到達すると
1日目から再開されます*
`聖晶石 X 1
1月交換券(2024) X 1
`*「FGO カルデア・サテライトステーション 2023-2024」宮崎会場開催直前 ログインボーナス*
*開催期間中、1日1回 最大3回 ログインボーナスをプレゼント！*
`黄金の果実 X 1
`_2024-01-10 19:35:01_
--------
*50e74030067f097de636fdb9ea0a5ce0*
`登陆天数: 2天 / 1445天
等级: 148
石头: 565
呼符: 65
体力: 50.32666666666667 / 142
友情点: 100 / 107578480`
*連続ログイン2日目
※ログインが途切れるか、7日到達すると
1日目から再開されます*
`聖晶石 X 1
1月交換券(2024) X 1
`*「FGO カルデア・サテライトステーション 2023-2024」宮崎会場開催直前 ログインボーナス*
*開催期間中、1日1回 最大3回 ログインボーナスをプレゼント！*
`黄金の果実 X 1
`_2024-01-10 19:35:09_
--------
*5aebed162c025149a9ac12d5ff9cf0d5*
`登陆天数: 2天 / 1276天
等级: 133
石头: 10
呼符: 0
体力: 101735.29 / 139
友情点: 20 / 1505545`
*連続ログイン2日目
※ログインが途切れるか、7日到達すると
1日目から再開されます*
`聖晶石 X 1
1月交換券(2024) X 1
`*「FGO カルデア・サテライトステーション 2023-2024」宮崎会場開催直前 ログインボーナス*
*開催期間中、1日1回 最大3回 ログインボーナスをプレゼント！*
`黄金の果実 X 1
`_2024-01-10 19:35:18_
--------
*f5845d187badef24087ae9dd8a663e48*
`登陆天数: 297天 / 1535天
等级: 152
石头: 389
呼符: 16
体力: 42.093333333333334 / 142
友情点: 60 / 112625430`
*連続ログイン3日目
※ログインが途切れるか、7日到達すると
1日目から再開されます*
`叡智の業火 X 1
1月交換券(2024) X 1
`*「FGO カルデア・サテライトステーション 2023-2024」宮崎会場開催直前 ログインボーナス*
*開催期間中、1日1回 最大3回 ログインボーナスをプレゼント！*
`黄金の果実 X 1
`_2024-01-10 19:35:27_
--------
