【登录信息】
*4624dcf84d19c7237daa9e3aa06ae38e*
`登陆天数: 3天 / 1244天
等级: 130
石头: 618
呼符: 26
体力: 108204.51666666666 / 138
友情点: 0 / 764225`
*連続ログイン3日目
※ログインが途切れるか、7日到達すると
1日目から再開されます*
`叡智の業火 X 1
1月交換券(2024) X 1
`*「FGO カルデア・サテライトステーション 2023-2024」宮崎会場開催直前 ログインボーナス*
*開催期間中、1日1回 最大3回 ログインボーナスをプレゼント！*
`黄金の果実 X 1
`_2024-01-11 19:34:53_
--------
*6c9368f50fe20d6a525828c2a1897f5f*
`登陆天数: 3天 / 1441天
等级: 129
石头: 5047
呼符: 179
体力: 10510.89 / 138
友情点: 190 / 329745`
*連続ログイン3日目
※ログインが途切れるか、7日到達すると
1日目から再開されます*
`叡智の業火 X 1
1月交換券(2024) X 1
`*「FGO カルデア・サテライトステーション 2023-2024」宮崎会場開催直前 ログインボーナス*
*開催期間中、1日1回 最大3回 ログインボーナスをプレゼント！*
`黄金の果実 X 1
`_2024-01-11 19:35:02_
--------
*50e74030067f097de636fdb9ea0a5ce0*
`登陆天数: 3天 / 1446天
等级: 148
石头: 566
呼符: 65
体力: 73.59 / 142
友情点: 90 / 107578845`
*連続ログイン3日目
※ログインが途切れるか、7日到達すると
1日目から再開されます*
`叡智の業火 X 1
1月交換券(2024) X 1
`*「FGO カルデア・サテライトステーション 2023-2024」宮崎会場開催直前 ログインボーナス*
*開催期間中、1日1回 最大3回 ログインボーナスをプレゼント！*
`黄金の果実 X 1
`_2024-01-11 19:35:11_
--------
*5aebed162c025149a9ac12d5ff9cf0d5*
`登陆天数: 3天 / 1277天
等级: 133
石头: 10
呼符: 0
体力: 102023.29333333333 / 139
友情点: 120 / 1505665`
*連続ログイン3日目
※ログインが途切れるか、7日到達すると
1日目から再開されます*
`叡智の業火 X 1
1月交換券(2024) X 1
`*「FGO カルデア・サテライトステーション 2023-2024」宮崎会場開催直前 ログインボーナス*
*開催期間中、1日1回 最大3回 ログインボーナスをプレゼント！*
`黄金の果実 X 1
`_2024-01-11 19:35:20_
--------
*f5845d187badef24087ae9dd8a663e48*
`登陆天数: 298天 / 1536天
等级: 152
石头: 389
呼符: 16
体力: 71.03666666666666 / 142
友情点: 40 / 112625755`
*連続ログイン4日目
※ログインが途切れるか、7日到達すると
1日目から再開されます*
`聖晶石 X 1
1月交換券(2024) X 1
`*「FGO カルデア・サテライトステーション 2023-2024」宮崎会場開催直前 ログインボーナス*
*開催期間中、1日1回 最大3回 ログインボーナスをプレゼント！*
`黄金の果実 X 1
`_2024-01-11 19:35:29_
--------
