【登录信息】
*4624dcf84d19c7237daa9e3aa06ae38e*
`登陆天数: 4天 / 1245天
等级: 130
石头: 618
呼符: 26
体力: 108492.49333333333 / 138
友情点: 0 / 764225`
*連続ログイン4日目
※ログインが途切れるか、7日到達すると
1日目から再開されます*
`聖晶石 X 1
1月交換券(2024) X 1
`*「FGO カルデア・サテライトステーション 2023-2024」宮崎会場開催直前 ログインボーナス*
*開催期間中、1日1回 最大3回 ログインボーナスをプレゼント！*
`黄金の果実 X 1
`_2024-01-12 19:34:46_
--------
*6c9368f50fe20d6a525828c2a1897f5f*
`登陆天数: 4天 / 1442天
等级: 129
石头: 5047
呼符: 179
体力: 10798.866666666667 / 138
友情点: 70 / 329815`
*連続ログイン4日目
※ログインが途切れるか、7日到達すると
1日目から再開されます*
`聖晶石 X 1
1月交換券(2024) X 1
`*「FGO カルデア・サテライトステーション 2023-2024」宮崎会場開催直前 ログインボーナス*
*開催期間中、1日1回 最大3回 ログインボーナスをプレゼント！*
`黄金の果実 X 1
`_2024-01-12 19:34:55_
--------
*50e74030067f097de636fdb9ea0a5ce0*
`登陆天数: 4天 / 1447天
等级: 149
石头: 566
呼符: 65
体力: 55.18333333333334 / 142
友情点: 260 / 107579455`
*連続ログイン4日目
※ログインが途切れるか、7日到達すると
1日目から再開されます*
`聖晶石 X 1
1月交換券(2024) X 1
`*「FGO カルデア・サテライトステーション 2023-2024」宮崎会場開催直前 ログインボーナス*
*開催期間中、1日1回 最大3回 ログインボーナスをプレゼント！*
`黄金の果実 X 1
`_2024-01-12 19:35:04_
--------
*5aebed162c025149a9ac12d5ff9cf0d5*
`登陆天数: 4天 / 1278天
等级: 133
石头: 10
呼符: 0
体力: 102311.27 / 139
友情点: 80 / 1505745`
*連続ログイン4日目
※ログインが途切れるか、7日到達すると
1日目から再開されます*
`聖晶石 X 1
1月交換券(2024) X 1
`*「FGO カルデア・サテライトステーション 2023-2024」宮崎会場開催直前 ログインボーナス*
*開催期間中、1日1回 最大3回 ログインボーナスをプレゼント！*
`黄金の果実 X 1
`_2024-01-12 19:35:13_
--------
*f5845d187badef24087ae9dd8a663e48*
`登陆天数: 299天 / 1537天
等级: 152
石头: 439
呼符: 18
体力: 148.77333333333334 / 142
友情点: 85 / 112630095`
*連続ログイン5日目
※ログインが途切れるか、7日到達すると
1日目から再開されます*
`叡智の業火 X 2
1月交換券(2024) X 1
`*「FGO カルデア・サテライトステーション 2023-2024」宮崎会場開催直前 ログインボーナス*
*開催期間中、1日1回 最大3回 ログインボーナスをプレゼント！*
`黄金の果実 X 1
`_2024-01-12 19:35:21_
--------
