【登录信息】
*4624dcf84d19c7237daa9e3aa06ae38e*
`登陆天数: 5天 / 1246天
等级: 130
石头: 618
呼符: 26
体力: 108780.44666666667 / 138
友情点: 0 / 764225`
*連続ログイン5日目
※ログインが途切れるか、7日到達すると
1日目から再開されます*
`叡智の業火 X 2
1月交換券(2024) X 1
`*「FGO カルデア・サテライトステーション 2023-2024」宮崎会場開催記念 3万リポスト達成プレゼント*
*開催期間中、初回ログインで「聖晶石×6」をプレゼント！*
`聖晶石 X 6
`_2024-01-13 19:34:33_
--------
*6c9368f50fe20d6a525828c2a1897f5f*
`登陆天数: 5天 / 1443天
等级: 129
石头: 5047
呼符: 179
体力: 11086.82 / 138
友情点: 90 / 329905`
*連続ログイン5日目
※ログインが途切れるか、7日到達すると
1日目から再開されます*
`叡智の業火 X 2
1月交換券(2024) X 1
`*「FGO カルデア・サテライトステーション 2023-2024」宮崎会場開催記念 3万リポスト達成プレゼント*
*開催期間中、初回ログインで「聖晶石×6」をプレゼント！*
`聖晶石 X 6
`_2024-01-13 19:34:41_
--------
*50e74030067f097de636fdb9ea0a5ce0*
`登陆天数: 5天 / 1448天
等级: 149
石头: 567
呼符: 65
体力: 343.14 / 142
友情点: 0 / 107579530`
*連続ログイン5日目
※ログインが途切れるか、7日到達すると
1日目から再開されます*
`叡智の業火 X 2
1月交換券(2024) X 1
`*「FGO カルデア・サテライトステーション 2023-2024」宮崎会場開催記念 3万リポスト達成プレゼント*
*開催期間中、初回ログインで「聖晶石×6」をプレゼント！*
`聖晶石 X 6
`_2024-01-13 19:34:49_
--------
*5aebed162c025149a9ac12d5ff9cf0d5*
`登陆天数: 5天 / 1279天
等级: 133
石头: 10
呼符: 0
体力: 102599.22333333333 / 139
友情点: 60 / 1505805`
*連続ログイン5日目
※ログインが途切れるか、7日到達すると
1日目から再開されます*
`叡智の業火 X 2
1月交換券(2024) X 1
`*「FGO カルデア・サテライトステーション 2023-2024」宮崎会場開催記念 3万リポスト達成プレゼント*
*開催期間中、初回ログインで「聖晶石×6」をプレゼント！*
`聖晶石 X 6
`_2024-01-13 19:34:59_
--------
*f5845d187badef24087ae9dd8a663e48*
`登陆天数: 300天 / 1538天
等级: 152
石头: 439
呼符: 18
体力: 74.3 / 142
友情点: 10 / 112630255`
*連続ログイン6日目
※ログインが途切れるか、7日到達すると
1日目から再開されます*
`聖晶石 X 2
1月交換券(2024) X 1
`*「FGO カルデア・サテライトステーション 2023-2024」宮崎会場開催記念 3万リポスト達成プレゼント*
*開催期間中、初回ログインで「聖晶石×6」をプレゼント！*
`聖晶石 X 6
`_2024-01-13 19:35:08_
--------
