【登录信息】
*4624dcf84d19c7237daa9e3aa06ae38e*
`登陆天数: 8天 / 1249天
等级: 130
石头: 618
呼符: 26
体力: 109644.49666666667 / 138
友情点: 0 / 764225`
*連続ログイン1日目
※ログインが途切れるか、7日到達すると
1日目から再開されます*
`フレンドポイント X 2000
1月交換券(2024) X 1
`*Fate/Samurai Remnant×Fate/Grand Order
コラボレーションイベント
開幕直前特別ログインボーナス*
*開催期間中、1日1回 最大7回ログインボーナスをプレゼント！*
`聖晶石 X 1
白銀の果実 X 1
`_2024-01-16 19:34:48_
--------
*6c9368f50fe20d6a525828c2a1897f5f*
`登陆天数: 8天 / 1446天
等级: 129
石头: 5047
呼符: 179
体力: 11950.87 / 138
友情点: 40 / 330135`
*連続ログイン1日目
※ログインが途切れるか、7日到達すると
1日目から再開されます*
`フレンドポイント X 2000
1月交換券(2024) X 1
`*Fate/Samurai Remnant×Fate/Grand Order
コラボレーションイベント
開幕直前特別ログインボーナス*
*開催期間中、1日1回 最大7回ログインボーナスをプレゼント！*
`聖晶石 X 1
白銀の果実 X 1
`_2024-01-16 19:34:57_
--------
*50e74030067f097de636fdb9ea0a5ce0*
`登陆天数: 8天 / 1451天
等级: 149
石头: 567
呼符: 65
体力: 1207.1866666666667 / 142
友情点: 10 / 107579830`
*連続ログイン1日目
※ログインが途切れるか、7日到達すると
1日目から再開されます*
`フレンドポイント X 2000
1月交換券(2024) X 1
`*Fate/Samurai Remnant×Fate/Grand Order
コラボレーションイベント
開幕直前特別ログインボーナス*
*開催期間中、1日1回 最大7回ログインボーナスをプレゼント！*
`聖晶石 X 1
白銀の果実 X 1
`_2024-01-16 19:35:04_
--------
*5aebed162c025149a9ac12d5ff9cf0d5*
`登陆天数: 8天 / 1282天
等级: 133
石头: 10
呼符: 0
体力: 103463.27 / 139
友情点: 30 / 1505985`
*連続ログイン1日目
※ログインが途切れるか、7日到達すると
1日目から再開されます*
`フレンドポイント X 2000
1月交換券(2024) X 1
`*Fate/Samurai Remnant×Fate/Grand Order
コラボレーションイベント
開幕直前特別ログインボーナス*
*開催期間中、1日1回 最大7回ログインボーナスをプレゼント！*
`聖晶石 X 1
白銀の果実 X 1
`_2024-01-16 19:35:13_
--------
*f5845d187badef24087ae9dd8a663e48*
`登陆天数: 303天 / 1541天
等级: 152
石头: 466
呼符: 19
体力: 85.31333333333333 / 142
友情点: 80 / 112633990`
*連続ログイン2日目
※ログインが途切れるか、7日到達すると
1日目から再開されます*
`聖晶石 X 1
1月交換券(2024) X 1
`*Fate/Samurai Remnant×Fate/Grand Order
コラボレーションイベント
開幕直前特別ログインボーナス*
*開催期間中、1日1回 最大7回ログインボーナスをプレゼント！*
`聖晶石 X 1
白銀の果実 X 1
`_2024-01-16 19:35:22_
--------
