【登录信息】
*4624dcf84d19c7237daa9e3aa06ae38e*
`登陆天数: 9天 / 1250天
等级: 130
石头: 618
呼符: 26
体力: 109932.47333333333 / 138
友情点: 0 / 764225`
*連続ログイン2日目
※ログインが途切れるか、7日到達すると
1日目から再開されます*
`聖晶石 X 1
1月交換券(2024) X 1
`*Fate/Samurai Remnant×Fate/Grand Order
コラボレーションイベント
開幕直前特別ログインボーナス*
*開催期間中、1日1回 最大7回ログインボーナスをプレゼント！*
`英霊結晶・星のフォウくん X 5
聖晶石 X 1
`_2024-01-17 19:34:41_
--------
*6c9368f50fe20d6a525828c2a1897f5f*
`登陆天数: 9天 / 1447天
等级: 129
石头: 5047
呼符: 179
体力: 12238.85 / 138
友情点: 60 / 330195`
*連続ログイン2日目
※ログインが途切れるか、7日到達すると
1日目から再開されます*
`聖晶石 X 1
1月交換券(2024) X 1
`*Fate/Samurai Remnant×Fate/Grand Order
コラボレーションイベント
開幕直前特別ログインボーナス*
*開催期間中、1日1回 最大7回ログインボーナスをプレゼント！*
`英霊結晶・星のフォウくん X 5
聖晶石 X 1
`_2024-01-17 19:34:50_
--------
*50e74030067f097de636fdb9ea0a5ce0*
`登陆天数: 9天 / 1452天
等级: 149
石头: 181
呼符: 0
体力: 150.63666666666666 / 142
友情点: 10 / 107526120`
*連続ログイン2日目
※ログインが途切れるか、7日到達すると
1日目から再開されます*
`聖晶石 X 1
1月交換券(2024) X 1
`*Fate/Samurai Remnant×Fate/Grand Order
コラボレーションイベント
開幕直前特別ログインボーナス*
*開催期間中、1日1回 最大7回ログインボーナスをプレゼント！*
`英霊結晶・星のフォウくん X 5
聖晶石 X 1
`_2024-01-17 19:34:58_
--------
*5aebed162c025149a9ac12d5ff9cf0d5*
`登陆天数: 9天 / 1283天
等级: 133
石头: 10
呼符: 0
体力: 103751.25 / 139
友情点: 150 / 1506135`
*連続ログイン2日目
※ログインが途切れるか、7日到達すると
1日目から再開されます*
`聖晶石 X 1
1月交換券(2024) X 1
`*Fate/Samurai Remnant×Fate/Grand Order
コラボレーションイベント
開幕直前特別ログインボーナス*
*開催期間中、1日1回 最大7回ログインボーナスをプレゼント！*
`英霊結晶・星のフォウくん X 5
聖晶石 X 1
`_2024-01-17 19:35:07_
--------
*f5845d187badef24087ae9dd8a663e48*
`登陆天数: 304天 / 1542天
等级: 152
石头: 319
呼符: 0
体力: 65.3 / 142
友情点: 75 / 112634625`
*連続ログイン3日目
※ログインが途切れるか、7日到達すると
1日目から再開されます*
`叡智の業火 X 1
1月交換券(2024) X 1
`*Fate/Samurai Remnant×Fate/Grand Order
コラボレーションイベント
開幕直前特別ログインボーナス*
*開催期間中、1日1回 最大7回ログインボーナスをプレゼント！*
`英霊結晶・星のフォウくん X 5
聖晶石 X 1
`_2024-01-17 19:35:16_
--------
