【登录信息】
*4624dcf84d19c7237daa9e3aa06ae38e*
`登陆天数: 10天 / 1251天
等级: 130
石头: 618
呼符: 26
体力: 110220.53 / 138
友情点: 0 / 764225`
*連続ログイン3日目
※ログインが途切れるか、7日到達すると
1日目から再開されます*
`叡智の業火 X 1
1月交換券(2024) X 1
`*Fate/Samurai Remnant×Fate/Grand Order
コラボレーションイベント
開幕直前特別ログインボーナス*
*開催期間中、1日1回 最大7回ログインボーナスをプレゼント！*
`英霊結晶・太陽のフォウくん X 5
聖晶石 X 1
`_2024-01-18 19:34:58_
--------
*6c9368f50fe20d6a525828c2a1897f5f*
`登陆天数: 10天 / 1448天
等级: 129
石头: 5047
呼符: 179
体力: 12526.903333333334 / 138
友情点: 40 / 330235`
*連続ログイン3日目
※ログインが途切れるか、7日到達すると
1日目から再開されます*
`叡智の業火 X 1
1月交換券(2024) X 1
`*Fate/Samurai Remnant×Fate/Grand Order
コラボレーションイベント
開幕直前特別ログインボーナス*
*開催期間中、1日1回 最大7回ログインボーナスをプレゼント！*
`英霊結晶・太陽のフォウくん X 5
聖晶石 X 1
`_2024-01-18 19:35:06_
--------
*50e74030067f097de636fdb9ea0a5ce0*
`登陆天数: 10天 / 1453天
等级: 149
石头: 191
呼符: 0
体力: 43.50333333333333 / 142
友情点: 100 / 107527260`
*連続ログイン3日目
※ログインが途切れるか、7日到達すると
1日目から再開されます*
`叡智の業火 X 1
1月交換券(2024) X 1
`*Fate/Samurai Remnant×Fate/Grand Order
コラボレーションイベント
開幕直前特別ログインボーナス*
*開催期間中、1日1回 最大7回ログインボーナスをプレゼント！*
`英霊結晶・太陽のフォウくん X 5
聖晶石 X 1
`_2024-01-18 19:35:14_
--------
*5aebed162c025149a9ac12d5ff9cf0d5*
`登陆天数: 10天 / 1284天
等级: 133
石头: 10
呼符: 0
体力: 104039.30333333333 / 139
友情点: 30 / 1506165`
*連続ログイン3日目
※ログインが途切れるか、7日到達すると
1日目から再開されます*
`叡智の業火 X 1
1月交換券(2024) X 1
`*Fate/Samurai Remnant×Fate/Grand Order
コラボレーションイベント
開幕直前特別ログインボーナス*
*開催期間中、1日1回 最大7回ログインボーナスをプレゼント！*
`英霊結晶・太陽のフォウくん X 5
聖晶石 X 1
`_2024-01-18 19:35:23_
--------
*f5845d187badef24087ae9dd8a663e48*
`登陆天数: 305天 / 1543天
等级: 152
石头: 326
呼符: 0
体力: 27.576666666666668 / 142
友情点: 50 / 112637915`
*連続ログイン4日目
※ログインが途切れるか、7日到達すると
1日目から再開されます*
`聖晶石 X 1
1月交換券(2024) X 1
`*Fate/Samurai Remnant×Fate/Grand Order
コラボレーションイベント
開幕直前特別ログインボーナス*
*開催期間中、1日1回 最大7回ログインボーナスをプレゼント！*
`英霊結晶・太陽のフォウくん X 5
聖晶石 X 1
`_2024-01-18 19:35:31_
--------
