【登录信息】
*4624dcf84d19c7237daa9e3aa06ae38e*
`登陆天数: 11天 / 1252天
等级: 130
石头: 618
呼符: 26
体力: 110508.47333333333 / 138
友情点: 0 / 764225`
*連続ログイン4日目
※ログインが途切れるか、7日到達すると
1日目から再開されます*
`聖晶石 X 1
1月交換券(2024) X 1
`*Fate/Samurai Remnant×Fate/Grand Order
コラボレーションイベント
開幕直前特別ログインボーナス*
*開催期間中、1日1回 最大7回ログインボーナスをプレゼント！*
`聖晶石 X 1
マナプリズム X 50
`_2024-01-19 19:34:41_
--------
*6c9368f50fe20d6a525828c2a1897f5f*
`登陆天数: 11天 / 1449天
等级: 129
石头: 5047
呼符: 179
体力: 12814.846666666666 / 138
友情点: 140 / 330375`
*連続ログイン4日目
※ログインが途切れるか、7日到達すると
1日目から再開されます*
`聖晶石 X 1
1月交換券(2024) X 1
`*Fate/Samurai Remnant×Fate/Grand Order
コラボレーションイベント
開幕直前特別ログインボーナス*
*開催期間中、1日1回 最大7回ログインボーナスをプレゼント！*
`聖晶石 X 1
マナプリズム X 50
`_2024-01-19 19:34:50_
--------
*50e74030067f097de636fdb9ea0a5ce0*
`登陆天数: 11天 / 1454天
等级: 149
石头: 194
呼符: 0
体力: 29.86 / 142
友情点: 200 / 107528130`
*連続ログイン4日目
※ログインが途切れるか、7日到達すると
1日目から再開されます*
`聖晶石 X 1
1月交換券(2024) X 1
`*Fate/Samurai Remnant×Fate/Grand Order
コラボレーションイベント
開幕直前特別ログインボーナス*
*開催期間中、1日1回 最大7回ログインボーナスをプレゼント！*
`聖晶石 X 1
マナプリズム X 50
`_2024-01-19 19:34:57_
--------
*5aebed162c025149a9ac12d5ff9cf0d5*
`登陆天数: 11天 / 1285天
等级: 133
石头: 10
呼符: 0
体力: 104327.24666666667 / 139
友情点: 80 / 1506245`
*連続ログイン4日目
※ログインが途切れるか、7日到達すると
1日目から再開されます*
`聖晶石 X 1
1月交換券(2024) X 1
`*Fate/Samurai Remnant×Fate/Grand Order
コラボレーションイベント
開幕直前特別ログインボーナス*
*開催期間中、1日1回 最大7回ログインボーナスをプレゼント！*
`聖晶石 X 1
マナプリズム X 50
`_2024-01-19 19:35:06_
--------
*f5845d187badef24087ae9dd8a663e48*
`登陆天数: 306天 / 1544天
等级: 152
石头: 326
呼符: 0
体力: 24.64666666666666 / 142
友情点: 110 / 112638620`
_2024-01-19 19:35:14_
--------
