【登录信息】
*4624dcf84d19c7237daa9e3aa06ae38e*
`登陆天数: 12天 / 1253天
等级: 130
石头: 618
呼符: 26
体力: 110796.47 / 138
友情点: 0 / 764225`
*連続ログイン5日目
※ログインが途切れるか、7日到達すると
1日目から再開されます*
`叡智の業火 X 2
1月交換券(2024) X 1
`*盈月剣風帖開幕記念 ログインボーナス*
*開催期間中、1日1回 最大21回ログインボーナスをプレゼント！*
`白銀の果実 X 1
`_2024-01-20 19:34:40_
--------
*6c9368f50fe20d6a525828c2a1897f5f*
`登陆天数: 12天 / 1450天
等级: 129
石头: 5047
呼符: 179
体力: 13102.846666666666 / 138
友情点: 160 / 330535`
*連続ログイン5日目
※ログインが途切れるか、7日到達すると
1日目から再開されます*
`叡智の業火 X 2
1月交換券(2024) X 1
`*盈月剣風帖開幕記念 ログインボーナス*
*開催期間中、1日1回 最大21回ログインボーナスをプレゼント！*
`白銀の果実 X 1
`_2024-01-20 19:34:49_
--------
*50e74030067f097de636fdb9ea0a5ce0*
`登陆天数: 12天 / 1455天
等级: 149
石头: 196
呼符: 0
体力: 164.73 / 142
友情点: 360 / 107528780`
*連続ログイン5日目
※ログインが途切れるか、7日到達すると
1日目から再開されます*
`叡智の業火 X 2
1月交換券(2024) X 1
`*盈月剣風帖開幕記念 ログインボーナス*
*開催期間中、1日1回 最大21回ログインボーナスをプレゼント！*
`白銀の果実 X 1
`_2024-01-20 19:34:57_
--------
*5aebed162c025149a9ac12d5ff9cf0d5*
`登陆天数: 12天 / 1286天
等级: 133
石头: 10
呼符: 0
体力: 104615.25 / 139
友情点: 120 / 1506395`
*連続ログイン5日目
※ログインが途切れるか、7日到達すると
1日目から再開されます*
`叡智の業火 X 2
1月交換券(2024) X 1
`*盈月剣風帖開幕記念 ログインボーナス*
*開催期間中、1日1回 最大21回ログインボーナスをプレゼント！*
`白銀の果実 X 1
`_2024-01-20 19:35:06_
--------
*f5845d187badef24087ae9dd8a663e48*
`登陆天数: 307天 / 1545天
等级: 152
石头: 325
呼符: 0
体力: 192.48333333333335 / 142
友情点: 80 / 112638965`
*連続ログイン6日目
※ログインが途切れるか、7日到達すると
1日目から再開されます*
`聖晶石 X 2
1月交換券(2024) X 1
`*盈月剣風帖開幕記念 ログインボーナス*
*開催期間中、1日1回 最大21回ログインボーナスをプレゼント！*
`白銀の果実 X 1
`_2024-01-20 19:35:15_
--------
