【登录信息】
*4624dcf84d19c7237daa9e3aa06ae38e*
`登陆天数: 13天 / 1254天
等级: 130
石头: 618
呼符: 26
体力: 111084.48333333334 / 138
友情点: 0 / 764225`
*連続ログイン6日目
※ログインが途切れるか、7日到達すると
1日目から再開されます*
`聖晶石 X 2
1月交換券(2024) X 1
`*盈月剣風帖開幕記念 ログインボーナス*
*開催期間中、1日1回 最大21回ログインボーナスをプレゼント！*
`白銀の果実 X 1
`_2024-01-21 19:34:44_
--------
*6c9368f50fe20d6a525828c2a1897f5f*
`登陆天数: 13天 / 1451天
等级: 129
石头: 5047
呼符: 179
体力: 13390.86 / 138
友情点: 90 / 330625`
*連続ログイン6日目
※ログインが途切れるか、7日到達すると
1日目から再開されます*
`聖晶石 X 2
1月交換券(2024) X 1
`*盈月剣風帖開幕記念 ログインボーナス*
*開催期間中、1日1回 最大21回ログインボーナスをプレゼント！*
`白銀の果実 X 1
`_2024-01-21 19:34:53_
--------
*50e74030067f097de636fdb9ea0a5ce0*
`登陆天数: 13天 / 1456天
等级: 149
石头: 199
呼符: 1
体力: 15.873333333333335 / 142
友情点: 410 / 107530170`
*連続ログイン6日目
※ログインが途切れるか、7日到達すると
1日目から再開されます*
`聖晶石 X 2
1月交換券(2024) X 1
`*盈月剣風帖開幕記念 ログインボーナス*
*開催期間中、1日1回 最大21回ログインボーナスをプレゼント！*
`白銀の果実 X 1
`_2024-01-21 19:35:01_
--------
*5aebed162c025149a9ac12d5ff9cf0d5*
`登陆天数: 13天 / 1287天
等级: 133
石头: 10
呼符: 0
体力: 104903.26 / 139
友情点: 90 / 1506485`
*連続ログイン6日目
※ログインが途切れるか、7日到達すると
1日目から再開されます*
`聖晶石 X 2
1月交換券(2024) X 1
`*盈月剣風帖開幕記念 ログインボーナス*
*開催期間中、1日1回 最大21回ログインボーナスをプレゼント！*
`白銀の果実 X 1
`_2024-01-21 19:35:10_
--------
*f5845d187badef24087ae9dd8a663e48*
`登陆天数: 308天 / 1546天
等级: 152
石头: 324
呼符: 0
体力: 278.2633333333333 / 142
友情点: 275 / 112639365`
*連続ログイン7日間到達おめでとうございます！
明日は1日目からリスタートされます。*
`獣の足跡 X 1
呼符 X 1
1月交換券(2024) X 1
`*盈月剣風帖開幕記念 ログインボーナス*
*開催期間中、1日1回 最大21回ログインボーナスをプレゼント！*
`白銀の果実 X 1
`_2024-01-21 19:35:19_
--------
