【登录信息】
*4624dcf84d19c7237daa9e3aa06ae38e*
`登陆天数: 14天 / 1255天
等级: 130
石头: 618
呼符: 26
体力: 111372.38666666667 / 138
友情点: 0 / 764225`
*連続ログイン7日間到達おめでとうございます！
明日は1日目からリスタートされます。*
`獣の足跡 X 1
呼符 X 1
1月交換券(2024) X 1
`*リリース3100日突破キャンペーン 初回ログインボーナス*
*開催期間中、初回ログインで「聖晶石×10」をプレゼント！*
`聖晶石 X 10
`_2024-01-22 19:34:15_
--------
*6c9368f50fe20d6a525828c2a1897f5f*
`登陆天数: 14天 / 1452天
等级: 129
石头: 5047
呼符: 179
体力: 13678.76 / 138
友情点: 70 / 330695`
*連続ログイン7日間到達おめでとうございます！
明日は1日目からリスタートされます。*
`獣の足跡 X 1
呼符 X 1
1月交換券(2024) X 1
`*リリース3100日突破キャンペーン 初回ログインボーナス*
*開催期間中、初回ログインで「聖晶石×10」をプレゼント！*
`聖晶石 X 10
`_2024-01-22 19:34:23_
--------
*50e74030067f097de636fdb9ea0a5ce0*
`登陆天数: 14天 / 1457天
等级: 149
石头: 199
呼符: 1
体力: 303.7733333333333 / 142
友情点: 60 / 107530505`
_2024-01-22 19:34:31_
--------
*5aebed162c025149a9ac12d5ff9cf0d5*
`登陆天数: 14天 / 1288天
等级: 133
石头: 10
呼符: 0
体力: 105191.15666666666 / 139
友情点: 70 / 1507555`
*連続ログイン7日間到達おめでとうございます！
明日は1日目からリスタートされます。*
`獣の足跡 X 1
呼符 X 1
1月交換券(2024) X 1
`*リリース3100日突破キャンペーン 初回ログインボーナス*
*開催期間中、初回ログインで「聖晶石×10」をプレゼント！*
`聖晶石 X 10
`_2024-01-22 19:34:39_
--------
*f5845d187badef24087ae9dd8a663e48*
`登陆天数: 309天 / 1547天
等级: 152
石头: 323
呼符: 0
体力: 121.41666666666667 / 142
友情点: 20 / 112639565`
*連続ログイン1日目
※ログインが途切れるか、7日到達すると
1日目から再開されます*
`フレンドポイント X 2000
1月交換券(2024) X 1
`*リリース3100日突破キャンペーン 初回ログインボーナス*
*開催期間中、初回ログインで「聖晶石×10」をプレゼント！*
`聖晶石 X 10
`_2024-01-22 19:34:47_
--------
