【登录信息】
*4624dcf84d19c7237daa9e3aa06ae38e*
`登陆天数: 16天 / 1257天
等级: 130
石头: 618
呼符: 26
体力: 111948.52666666667 / 138
友情点: 0 / 764225`
*連続ログイン2日目
※ログインが途切れるか、7日到達すると
1日目から再開されます*
`聖晶石 X 1
1月交換券(2024) X 1
`*盈月剣風帖開幕記念 ログインボーナス*
*開催期間中、1日1回 最大21回ログインボーナスをプレゼント！*
`黄金の果実 X 1
`_2024-01-24 19:34:57_
--------
*6c9368f50fe20d6a525828c2a1897f5f*
`登陆天数: 16天 / 1454天
等级: 129
石头: 5047
呼符: 179
体力: 14254.9 / 138
友情点: 70 / 330925`
*連続ログイン2日目
※ログインが途切れるか、7日到達すると
1日目から再開されます*
`聖晶石 X 1
1月交換券(2024) X 1
`*盈月剣風帖開幕記念 ログインボーナス*
*開催期間中、1日1回 最大21回ログインボーナスをプレゼント！*
`黄金の果実 X 1
`_2024-01-24 19:35:05_
--------
*50e74030067f097de636fdb9ea0a5ce0*
`登陆天数: 16天 / 1459天
等级: 149
石头: 218
呼符: 3
体力: 37.35333333333334 / 142
友情点: 400 / 107534735`
_2024-01-24 19:35:13_
--------
*5aebed162c025149a9ac12d5ff9cf0d5*
`登陆天数: 16天 / 1290天
等级: 133
石头: 10
呼符: 0
体力: 105767.29666666666 / 139
友情点: 130 / 1507835`
*連続ログイン2日目
※ログインが途切れるか、7日到達すると
1日目から再開されます*
`聖晶石 X 1
1月交換券(2024) X 1
`*盈月剣風帖開幕記念 ログインボーナス*
*開催期間中、1日1回 最大21回ログインボーナスをプレゼント！*
`黄金の果実 X 1
`_2024-01-24 19:35:21_
--------
*f5845d187badef24087ae9dd8a663e48*
`登陆天数: 311天 / 1549天
等级: 152
石头: 352
呼符: 0
体力: 168.55666666666667 / 142
友情点: 190 / 112640110`
*連続ログイン3日目
※ログインが途切れるか、7日到達すると
1日目から再開されます*
`叡智の業火 X 1
1月交換券(2024) X 1
`*盈月剣風帖開幕記念 ログインボーナス*
*開催期間中、1日1回 最大21回ログインボーナスをプレゼント！*
`白銀の果実 X 1
`_2024-01-24 19:35:30_
--------
