【登录信息】
*4624dcf84d19c7237daa9e3aa06ae38e*
`登陆天数: 17天 / 1258天
等级: 130
石头: 618
呼符: 26
体力: 112236.49 / 138
友情点: 0 / 764225`
*連続ログイン3日目
※ログインが途切れるか、7日到達すると
1日目から再開されます*
`叡智の業火 X 1
1月交換券(2024) X 1
`*盈月剣風帖開幕記念 ログインボーナス*
*開催期間中、1日1回 最大21回ログインボーナスをプレゼント！*
`白銀の果実 X 1
`_2024-01-25 19:34:45_
--------
*6c9368f50fe20d6a525828c2a1897f5f*
`登陆天数: 17天 / 1455天
等级: 129
石头: 5047
呼符: 179
体力: 14542.863333333333 / 138
友情点: 190 / 331115`
*連続ログイン3日目
※ログインが途切れるか、7日到達すると
1日目から再開されます*
`叡智の業火 X 1
1月交換券(2024) X 1
`*盈月剣風帖開幕記念 ログインボーナス*
*開催期間中、1日1回 最大21回ログインボーナスをプレゼント！*
`白銀の果実 X 1
`_2024-01-25 19:34:54_
--------
*50e74030067f097de636fdb9ea0a5ce0*
`登陆天数: 17天 / 1460天
等级: 149
石头: 222
呼符: 3
体力: 295.32 / 142
友情点: 470 / 107535625`
*連続ログイン3日目
※ログインが途切れるか、7日到達すると
1日目から再開されます*
`叡智の業火 X 1
1月交換券(2024) X 1
`*盈月剣風帖開幕記念 ログインボーナス*
*開催期間中、1日1回 最大21回ログインボーナスをプレゼント！*
`白銀の果実 X 1
`_2024-01-25 19:35:02_
--------
*5aebed162c025149a9ac12d5ff9cf0d5*
`登陆天数: 17天 / 1291天
等级: 133
石头: 10
呼符: 0
体力: 106055.26666666666 / 139
友情点: 150 / 1507985`
*連続ログイン3日目
※ログインが途切れるか、7日到達すると
1日目から再開されます*
`叡智の業火 X 1
1月交換券(2024) X 1
`*盈月剣風帖開幕記念 ログインボーナス*
*開催期間中、1日1回 最大21回ログインボーナスをプレゼント！*
`白銀の果実 X 1
`_2024-01-25 19:35:11_
--------
*f5845d187badef24087ae9dd8a663e48*
`登陆天数: 312天 / 1550天
等级: 152
石头: 371
呼符: 1
体力: 16.75666666666666 / 142
友情点: 125 / 112642900`
*連続ログイン4日目
※ログインが途切れるか、7日到達すると
1日目から再開されます*
`聖晶石 X 1
1月交換券(2024) X 1
`*盈月剣風帖開幕記念 ログインボーナス*
*開催期間中、1日1回 最大21回ログインボーナスをプレゼント！*
`白銀の果実 X 1
`_2024-01-25 19:35:20_
--------
