【登录信息】
*4624dcf84d19c7237daa9e3aa06ae38e*
`登陆天数: 18天 / 1259天
等级: 130
石头: 618
呼符: 26
体力: 112524.54666666666 / 138
友情点: 0 / 764225`
*連続ログイン4日目
※ログインが途切れるか、7日到達すると
1日目から再開されます*
`聖晶石 X 1
1月交換券(2024) X 1
`*盈月剣風帖開幕記念 ログインボーナス*
*開催期間中、1日1回 最大21回ログインボーナスをプレゼント！*
`白銀の果実 X 1
`_2024-01-26 19:35:03_
--------
*6c9368f50fe20d6a525828c2a1897f5f*
`登陆天数: 18天 / 1456天
等级: 129
石头: 5047
呼符: 179
体力: 14830.92 / 138
友情点: 120 / 331245`
*連続ログイン4日目
※ログインが途切れるか、7日到達すると
1日目から再開されます*
`聖晶石 X 1
1月交換券(2024) X 1
`*盈月剣風帖開幕記念 ログインボーナス*
*開催期間中、1日1回 最大21回ログインボーナスをプレゼント！*
`白銀の果実 X 1
`_2024-01-26 19:35:11_
--------
*50e74030067f097de636fdb9ea0a5ce0*
`登陆天数: 18天 / 1461天
等级: 149
石头: 222
呼符: 3
体力: 261.18666666666667 / 142
友情点: 220 / 107536090`
*連続ログイン4日目
※ログインが途切れるか、7日到達すると
1日目から再開されます*
`聖晶石 X 1
1月交換券(2024) X 1
`*盈月剣風帖開幕記念 ログインボーナス*
*開催期間中、1日1回 最大21回ログインボーナスをプレゼント！*
`白銀の果実 X 1
`_2024-01-26 19:35:19_
--------
*5aebed162c025149a9ac12d5ff9cf0d5*
`登陆天数: 18天 / 1292天
等级: 133
石头: 10
呼符: 0
体力: 106343.32333333333 / 139
友情点: 160 / 1508145`
*連続ログイン4日目
※ログインが途切れるか、7日到達すると
1日目から再開されます*
`聖晶石 X 1
1月交換券(2024) X 1
`*盈月剣風帖開幕記念 ログインボーナス*
*開催期間中、1日1回 最大21回ログインボーナスをプレゼント！*
`白銀の果実 X 1
`_2024-01-26 19:35:28_
--------
*f5845d187badef24087ae9dd8a663e48*
`登陆天数: 313天 / 1551天
等级: 152
石头: 411
呼符: 3
体力: 56.83 / 142
友情点: 140 / 112645230`
*連続ログイン5日目
※ログインが途切れるか、7日到達すると
1日目から再開されます*
`叡智の業火 X 2
1月交換券(2024) X 1
`*盈月剣風帖開幕記念 ログインボーナス*
*開催期間中、1日1回 最大21回ログインボーナスをプレゼント！*
`白銀の果実 X 1
`_2024-01-26 19:35:37_
--------
