【登录信息】
*4624dcf84d19c7237daa9e3aa06ae38e*
`登陆天数: 19天 / 1260天
等级: 130
石头: 618
呼符: 26
体力: 112812.58333333333 / 138
友情点: 0 / 764225`
*連続ログイン5日目
※ログインが途切れるか、7日到達すると
1日目から再開されます*
`叡智の業火 X 2
1月交換券(2024) X 1
`*盈月剣風帖開幕記念 ログインボーナス*
*開催期間中、1日1回 最大21回ログインボーナスをプレゼント！*
`白銀の果実 X 1
`_2024-01-27 19:35:13_
--------
*6c9368f50fe20d6a525828c2a1897f5f*
`登陆天数: 19天 / 1457天
等级: 129
石头: 5047
呼符: 179
体力: 15118.956666666667 / 138
友情点: 80 / 331325`
*連続ログイン5日目
※ログインが途切れるか、7日到達すると
1日目から再開されます*
`叡智の業火 X 2
1月交換券(2024) X 1
`*盈月剣風帖開幕記念 ログインボーナス*
*開催期間中、1日1回 最大21回ログインボーナスをプレゼント！*
`白銀の果実 X 1
`_2024-01-27 19:35:22_
--------
*50e74030067f097de636fdb9ea0a5ce0*
`登陆天数: 19天 / 1462天
等级: 149
石头: 223
呼符: 3
体力: 187.91 / 142
友情点: 205 / 107536995`
*連続ログイン5日目
※ログインが途切れるか、7日到達すると
1日目から再開されます*
`叡智の業火 X 2
1月交換券(2024) X 1
`*盈月剣風帖開幕記念 ログインボーナス*
*開催期間中、1日1回 最大21回ログインボーナスをプレゼント！*
`白銀の果実 X 1
`_2024-01-27 19:35:30_
--------
*5aebed162c025149a9ac12d5ff9cf0d5*
`登陆天数: 19天 / 1293天
等级: 133
石头: 10
呼符: 0
体力: 106631.36 / 139
友情点: 120 / 1508265`
*連続ログイン5日目
※ログインが途切れるか、7日到達すると
1日目から再開されます*
`叡智の業火 X 2
1月交換券(2024) X 1
`*盈月剣風帖開幕記念 ログインボーナス*
*開催期間中、1日1回 最大21回ログインボーナスをプレゼント！*
`白銀の果実 X 1
`_2024-01-27 19:35:40_
--------
*f5845d187badef24087ae9dd8a663e48*
`登陆天数: 314天 / 1552天
等级: 152
石头: 411
呼符: 3
体力: 22.50666666666666 / 142
友情点: 30 / 112646075`
*連続ログイン6日目
※ログインが途切れるか、7日到達すると
1日目から再開されます*
`聖晶石 X 2
1月交換券(2024) X 1
`*盈月剣風帖開幕記念 ログインボーナス*
*開催期間中、1日1回 最大21回ログインボーナスをプレゼント！*
`白銀の果実 X 1
`_2024-01-27 19:35:48_
--------
