【登录信息】
*4624dcf84d19c7237daa9e3aa06ae38e*
`登陆天数: 20天 / 1261天
等级: 130
石头: 618
呼符: 26
体力: 113100.47666666667 / 138
友情点: 0 / 764225`
*連続ログイン6日目
※ログインが途切れるか、7日到達すると
1日目から再開されます*
`聖晶石 X 2
1月交換券(2024) X 1
`*盈月剣風帖開幕記念 ログインボーナス*
*開催期間中、1日1回 最大21回ログインボーナスをプレゼント！*
`白銀の果実 X 1
`_2024-01-28 19:34:42_
--------
*6c9368f50fe20d6a525828c2a1897f5f*
`登陆天数: 20天 / 1458天
等级: 129
石头: 5047
呼符: 179
体力: 15406.85 / 138
友情点: 170 / 331495`
*連続ログイン6日目
※ログインが途切れるか、7日到達すると
1日目から再開されます*
`聖晶石 X 2
1月交換券(2024) X 1
`*盈月剣風帖開幕記念 ログインボーナス*
*開催期間中、1日1回 最大21回ログインボーナスをプレゼント！*
`白銀の果実 X 1
`_2024-01-28 19:34:51_
--------
*50e74030067f097de636fdb9ea0a5ce0*
`登陆天数: 20天 / 1463天
等级: 149
石头: 223
呼符: 3
体力: 231.93333333333334 / 142
友情点: 280 / 107537615`
*連続ログイン6日目
※ログインが途切れるか、7日到達すると
1日目から再開されます*
`聖晶石 X 2
1月交換券(2024) X 1
`*盈月剣風帖開幕記念 ログインボーナス*
*開催期間中、1日1回 最大21回ログインボーナスをプレゼント！*
`白銀の果実 X 1
`_2024-01-28 19:34:59_
--------
*5aebed162c025149a9ac12d5ff9cf0d5*
`登陆天数: 20天 / 1294天
等级: 133
石头: 10
呼符: 0
体力: 106919.25333333333 / 139
友情点: 150 / 1508435`
*連続ログイン6日目
※ログインが途切れるか、7日到達すると
1日目から再開されます*
`聖晶石 X 2
1月交換券(2024) X 1
`*盈月剣風帖開幕記念 ログインボーナス*
*開催期間中、1日1回 最大21回ログインボーナスをプレゼント！*
`白銀の果実 X 1
`_2024-01-28 19:35:08_
--------
*f5845d187badef24087ae9dd8a663e48*
`登陆天数: 315天 / 1553天
等级: 152
石头: 413
呼符: 3
体力: 69.63333333333334 / 142
友情点: 10 / 112646390`
*連続ログイン7日間到達おめでとうございます！
明日は1日目からリスタートされます。*
`獣の足跡 X 1
呼符 X 1
1月交換券(2024) X 1
`*盈月剣風帖開幕記念 ログインボーナス*
*開催期間中、1日1回 最大21回ログインボーナスをプレゼント！*
`白銀の果実 X 1
`_2024-01-28 19:35:16_
--------
