【登录信息】
*4624dcf84d19c7237daa9e3aa06ae38e*
`登陆天数: 21天 / 1262天
等级: 130
石头: 618
呼符: 26
体力: 113388.63 / 138
友情点: 0 / 764225`
*連続ログイン7日間到達おめでとうございます！
明日は1日目からリスタートされます。*
`獣の足跡 X 1
呼符 X 1
1月交換券(2024) X 1
`*盈月剣風帖開幕記念 ログインボーナス*
*開催期間中、1日1回 最大21回ログインボーナスをプレゼント！*
`白銀の果実 X 1
`_2024-01-29 19:35:28_
--------
*6c9368f50fe20d6a525828c2a1897f5f*
`登陆天数: 21天 / 1459天
等级: 129
石头: 5047
呼符: 179
体力: 15695.003333333334 / 138
友情点: 140 / 331635`
*連続ログイン7日間到達おめでとうございます！
明日は1日目からリスタートされます。*
`獣の足跡 X 1
呼符 X 1
1月交換券(2024) X 1
`*盈月剣風帖開幕記念 ログインボーナス*
*開催期間中、1日1回 最大21回ログインボーナスをプレゼント！*
`白銀の果実 X 1
`_2024-01-29 19:35:36_
--------
*50e74030067f097de636fdb9ea0a5ce0*
`登陆天数: 21天 / 1464天
等级: 149
石头: 223
呼符: 3
体力: 520.0866666666666 / 142
友情点: 255 / 107537880`
*連続ログイン7日間到達おめでとうございます！
明日は1日目からリスタートされます。*
`獣の足跡 X 1
呼符 X 1
1月交換券(2024) X 1
`*盈月剣風帖開幕記念 ログインボーナス*
*開催期間中、1日1回 最大21回ログインボーナスをプレゼント！*
`白銀の果実 X 1
`_2024-01-29 19:35:44_
--------
*5aebed162c025149a9ac12d5ff9cf0d5*
`登陆天数: 21天 / 1295天
等级: 133
石头: 10
呼符: 0
体力: 107207.40666666666 / 139
友情点: 80 / 1508515`
*連続ログイン7日間到達おめでとうございます！
明日は1日目からリスタートされます。*
`獣の足跡 X 1
呼符 X 1
1月交換券(2024) X 1
`*盈月剣風帖開幕記念 ログインボーナス*
*開催期間中、1日1回 最大21回ログインボーナスをプレゼント！*
`白銀の果実 X 1
`_2024-01-29 19:35:54_
--------
*f5845d187badef24087ae9dd8a663e48*
`登陆天数: 316天 / 1554天
等级: 152
石头: 413
呼符: 4
体力: 59.36666666666666 / 142
友情点: 115 / 112647020`
*連続ログイン1日目
※ログインが途切れるか、7日到達すると
1日目から再開されます*
`フレンドポイント X 2000
1月交換券(2024) X 1
`*盈月剣風帖開幕記念 ログインボーナス*
*開催期間中、1日1回 最大21回ログインボーナスをプレゼント！*
`白銀の果実 X 1
`_2024-01-29 19:36:02_
--------
