【登录信息】
*4624dcf84d19c7237daa9e3aa06ae38e*
`登陆天数: 22天 / 1263天
等级: 130
石头: 618
呼符: 26
体力: 113676.53666666667 / 138
友情点: 0 / 764225`
*連続ログイン1日目
※ログインが途切れるか、7日到達すると
1日目から再開されます*
`フレンドポイント X 2000
1月交換券(2024) X 1
`*「Fate/stay night」20周年記念
「Fate/stay night」サーヴァント特別召喚アイテムプレゼント*
*開催期間中、初回ログインで「Fate/stay night 20th記念特別交換チケット」をプレゼント！*
`Fate/stay night 20th記念特別交換チケット X 1
`_2024-01-30 19:34:59_
--------
*6c9368f50fe20d6a525828c2a1897f5f*
`登陆天数: 22天 / 1460天
等级: 129
石头: 5047
呼符: 179
体力: 15982.91 / 138
友情点: 90 / 331725`
*連続ログイン1日目
※ログインが途切れるか、7日到達すると
1日目から再開されます*
`フレンドポイント X 2000
1月交換券(2024) X 1
`*「Fate/stay night」20周年記念
「Fate/stay night」サーヴァント特別召喚アイテムプレゼント*
*開催期間中、初回ログインで「Fate/stay night 20th記念特別交換チケット」をプレゼント！*
`Fate/stay night 20th記念特別交換チケット X 1
`_2024-01-30 19:35:08_
--------
*50e74030067f097de636fdb9ea0a5ce0*
`登陆天数: 22天 / 1465天
等级: 149
石头: 223
呼符: 3
体力: 807.9933333333333 / 142
友情点: 390 / 107538270`
*連続ログイン1日目
※ログインが途切れるか、7日到達すると
1日目から再開されます*
`フレンドポイント X 2000
1月交換券(2024) X 1
`*「Fate/stay night」20周年記念
「Fate/stay night」サーヴァント特別召喚アイテムプレゼント*
*開催期間中、初回ログインで「Fate/stay night 20th記念特別交換チケット」をプレゼント！*
`Fate/stay night 20th記念特別交換チケット X 1
`_2024-01-30 19:35:16_
--------
*5aebed162c025149a9ac12d5ff9cf0d5*
`登陆天数: 22天 / 1296天
等级: 133
石头: 10
呼符: 0
体力: 107495.31 / 139
友情点: 60 / 1508575`
*連続ログイン1日目
※ログインが途切れるか、7日到達すると
1日目から再開されます*
`フレンドポイント X 2000
1月交換券(2024) X 1
`*「Fate/stay night」20周年記念
「Fate/stay night」サーヴァント特別召喚アイテムプレゼント*
*開催期間中、初回ログインで「Fate/stay night 20th記念特別交換チケット」をプレゼント！*
`Fate/stay night 20th記念特別交換チケット X 1
`_2024-01-30 19:35:25_
--------
*f5845d187badef24087ae9dd8a663e48*
`登陆天数: 317天 / 1555天
等级: 152
石头: 413
呼符: 4
体力: 190.00333333333333 / 142
友情点: 50 / 112647295`
*連続ログイン2日目
※ログインが途切れるか、7日到達すると
1日目から再開されます*
`聖晶石 X 1
1月交換券(2024) X 1
`*「Fate/stay night」20周年記念特別ログインボーナス*
*開催期間中、1日1回 最大7回ログインボーナスをプレゼント！*
`叡智の猛火 X 20
`_2024-01-30 19:35:34_
--------
