【登录信息】
*4624dcf84d19c7237daa9e3aa06ae38e*
`登陆天数: 22天 / 902天
等级: 130
石头: 1013
呼符: 0
体力: 8844.41 / 138
友情点: 0 / 724225`
*連続ログイン1日目
※ログインが途切れるか、7日到達すると
1日目から再開されます*
`フレンドポイント X 2000
2月交換券(2023) X 1
`*FGO カルデア放送局 Vol.19 第2部 第7章 ナウイ･ミクトラン(後編) 開幕直前SP 放送記念 初回ログインボーナス*
*開催期間中、初回ログインで「聖晶石×14」をプレゼント！*
`聖晶石 X 14
`_2023-01-31 19:34:22_
--------
*1960c6c2468d480d10656e460ff945b7*
`登陆天数: 22天 / 1100天
等级: 129
石头: 4285
呼符: 131
体力: 28394.81 / 138
友情点: 0 / 130015`
*連続ログイン1日目
※ログインが途切れるか、7日到達すると
1日目から再開されます*
`フレンドポイント X 2000
2月交換券(2023) X 1
`*FGO カルデア放送局 Vol.19 第2部 第7章 ナウイ･ミクトラン(後編) 開幕直前SP 放送記念 初回ログインボーナス*
*開催期間中、初回ログインで「聖晶石×14」をプレゼント！*
`聖晶石 X 14
`_2023-01-31 19:34:30_
--------
*50e74030067f097de636fdb9ea0a5ce0*
`登陆天数: 39天 / 1104天
等级: 142
石头: 363
呼符: 29
体力: 2643.6266666666666 / 140
友情点: 25 / 9059035`
*連続ログイン4日目
※ログインが途切れるか、7日到達すると
1日目から再開されます*
`聖晶石 X 1
2月交換券(2023) X 1
`*FGO カルデア放送局 Vol.19 第2部 第7章 ナウイ･ミクトラン(後編) 開幕直前SP 放送記念 初回ログインボーナス*
*開催期間中、初回ログインで「聖晶石×14」をプレゼント！*
`聖晶石 X 14
`_2023-01-31 19:34:38_
--------
*5aebed162c025149a9ac12d5ff9cf0d5*
`登陆天数: 37天 / 936天
等级: 133
石头: 17
呼符: 0
体力: 2663.1833333333334 / 139
友情点: 0 / 1475170`
*連続ログイン2日目
※ログインが途切れるか、7日到達すると
1日目から再開されます*
`聖晶石 X 1
2月交換券(2023) X 1
`*FGO カルデア放送局 Vol.19 第2部 第7章 ナウイ･ミクトラン(後編) 開幕直前SP 放送記念 初回ログインボーナス*
*開催期間中、初回ログインで「聖晶石×14」をプレゼント！*
`聖晶石 X 14
`_2023-01-31 19:34:47_
--------
*f5845d187badef24087ae9dd8a663e48*
`登陆天数: 52天 / 1192天
等级: 141
石头: 223
呼符: 1
体力: 45.96333333333334 / 140
友情点: 0 / 25563505`
*連続ログイン3日目
※ログインが途切れるか、7日到達すると
1日目から再開されます*
`叡智の業火 X 1
2月交換券(2023) X 1
`*FGO カルデア放送局 Vol.19 第2部 第7章 ナウイ･ミクトラン(後編) 開幕直前SP 放送記念 初回ログインボーナス*
*開催期間中、初回ログインで「聖晶石×14」をプレゼント！*
`聖晶石 X 14
`_2023-01-31 19:34:55_
--------
