【登录信息】
*4624dcf84d19c7237daa9e3aa06ae38e*
`登陆天数: 23天 / 903天
等级: 130
石头: 1013
呼符: 0
体力: 9132.46 / 138
友情点: 0 / 724225`
*連続ログイン2日目
※ログインが途切れるか、7日到達すると
1日目から再開されます*
`聖晶石 X 1
2月交換券(2023) X 1
`*「FGO ウィンターパーティー 2022-2023」宮城会場開催直前 ログインボーナス*
*開催期間中、1日1回 最大3回 ログインボーナスをプレゼント！*
`黄金の果実 X 1
`_2023-02-01 19:34:37_
--------
*1960c6c2468d480d10656e460ff945b7*
`登陆天数: 23天 / 1101天
等级: 129
石头: 4285
呼符: 131
体力: 28682.86 / 138
友情点: 0 / 130015`
*連続ログイン2日目
※ログインが途切れるか、7日到達すると
1日目から再開されます*
`聖晶石 X 1
2月交換券(2023) X 1
`*「FGO ウィンターパーティー 2022-2023」宮城会場開催直前 ログインボーナス*
*開催期間中、1日1回 最大3回 ログインボーナスをプレゼント！*
`黄金の果実 X 1
`_2023-02-01 19:34:45_
--------
*50e74030067f097de636fdb9ea0a5ce0*
`登陆天数: 40天 / 1105天
等级: 142
石头: 363
呼符: 29
体力: 2931.6766666666667 / 140
友情点: 0 / 9059135`
*連続ログイン5日目
※ログインが途切れるか、7日到達すると
1日目から再開されます*
`叡智の業火 X 2
2月交換券(2023) X 1
`*「FGO ウィンターパーティー 2022-2023」宮城会場開催直前 ログインボーナス*
*開催期間中、1日1回 最大3回 ログインボーナスをプレゼント！*
`黄金の果実 X 1
`_2023-02-01 19:34:53_
--------
*5aebed162c025149a9ac12d5ff9cf0d5*
`登陆天数: 38天 / 937天
等级: 133
石头: 53
呼符: 2
体力: 2951.23 / 139
友情点: 0 / 1479170`
*連続ログイン3日目
※ログインが途切れるか、7日到達すると
1日目から再開されます*
`叡智の業火 X 1
2月交換券(2023) X 1
`*「FGO ウィンターパーティー 2022-2023」宮城会場開催直前 ログインボーナス*
*開催期間中、1日1回 最大3回 ログインボーナスをプレゼント！*
`黄金の果実 X 1
`_2023-02-01 19:35:02_
--------
*f5845d187badef24087ae9dd8a663e48*
`登陆天数: 53天 / 1193天
等级: 141
石头: 223
呼符: 1
体力: 57.63666666666667 / 140
友情点: 0 / 25564455`
*連続ログイン4日目
※ログインが途切れるか、7日到達すると
1日目から再開されます*
`聖晶石 X 1
2月交換券(2023) X 1
`*「FGO ウィンターパーティー 2022-2023」宮城会場開催直前 ログインボーナス*
*開催期間中、1日1回 最大3回 ログインボーナスをプレゼント！*
`黄金の果実 X 1
`_2023-02-01 19:35:10_
--------
