【登录信息】
*4624dcf84d19c7237daa9e3aa06ae38e*
`登陆天数: 24天 / 904天
等级: 130
石头: 1013
呼符: 0
体力: 9420.38 / 138
友情点: 0 / 724225`
*連続ログイン3日目
※ログインが途切れるか、7日到達すると
1日目から再開されます*
`叡智の業火 X 1
2月交換券(2023) X 1
`*「FGO ウィンターパーティー 2022-2023」宮城会場開催直前 ログインボーナス*
*開催期間中、1日1回 最大3回 ログインボーナスをプレゼント！*
`黄金の果実 X 1
`_2023-02-02 19:34:13_
--------
*1960c6c2468d480d10656e460ff945b7*
`登陆天数: 24天 / 1102天
等级: 129
石头: 4285
呼符: 131
体力: 28970.78 / 138
友情点: 0 / 130015`
*連続ログイン3日目
※ログインが途切れるか、7日到達すると
1日目から再開されます*
`叡智の業火 X 1
2月交換券(2023) X 1
`*「FGO ウィンターパーティー 2022-2023」宮城会場開催直前 ログインボーナス*
*開催期間中、1日1回 最大3回 ログインボーナスをプレゼント！*
`黄金の果実 X 1
`_2023-02-02 19:34:21_
--------
*50e74030067f097de636fdb9ea0a5ce0*
`登陆天数: 41天 / 1106天
等级: 142
石头: 363
呼符: 29
体力: 3219.596666666667 / 140
友情点: 125 / 9059260`
*連続ログイン6日目
※ログインが途切れるか、7日到達すると
1日目から再開されます*
`聖晶石 X 2
2月交換券(2023) X 1
`*「FGO ウィンターパーティー 2022-2023」宮城会場開催直前 ログインボーナス*
*開催期間中、1日1回 最大3回 ログインボーナスをプレゼント！*
`黄金の果実 X 1
`_2023-02-02 19:34:29_
--------
*5aebed162c025149a9ac12d5ff9cf0d5*
`登陆天数: 39天 / 938天
等级: 133
石头: 53
呼符: 2
体力: 3239.153333333333 / 139
友情点: 0 / 1479170`
*連続ログイン4日目
※ログインが途切れるか、7日到達すると
1日目から再開されます*
`聖晶石 X 1
2月交換券(2023) X 1
`*「FGO ウィンターパーティー 2022-2023」宮城会場開催直前 ログインボーナス*
*開催期間中、1日1回 最大3回 ログインボーナスをプレゼント！*
`黄金の果実 X 1
`_2023-02-02 19:34:38_
--------
*f5845d187badef24087ae9dd8a663e48*
`登陆天数: 54天 / 1194天
等级: 141
石头: 253
呼符: 6
体力: 11.759999999999991 / 140
友情点: 0 / 25564980`
*連続ログイン5日目
※ログインが途切れるか、7日到達すると
1日目から再開されます*
`叡智の業火 X 2
2月交換券(2023) X 1
`*「FGO ウィンターパーティー 2022-2023」宮城会場開催直前 ログインボーナス*
*開催期間中、1日1回 最大3回 ログインボーナスをプレゼント！*
`黄金の果実 X 1
`_2023-02-02 19:34:46_
--------
