【登录信息】
*4624dcf84d19c7237daa9e3aa06ae38e*
`登陆天数: 26天 / 906天
等级: 130
石头: 1013
呼符: 0
体力: 9996.346666666666 / 138
友情点: 0 / 724225`
*連続ログイン5日目
※ログインが途切れるか、7日到達すると
1日目から再開されます*
`叡智の業火 X 2
2月交換券(2023) X 1
`*「FGO ウィンターパーティー 2022-2023」宮城会場開催記念 初回ログインボーナス*
*開催期間中、初回ログインで「聖晶石×10」をプレゼント！*
`聖晶石 X 10
`_2023-02-04 19:34:03_
--------
*1960c6c2468d480d10656e460ff945b7*
`登陆天数: 26天 / 1104天
等级: 129
石头: 4285
呼符: 131
体力: 29546.746666666666 / 138
友情点: 0 / 130015`
*連続ログイン5日目
※ログインが途切れるか、7日到達すると
1日目から再開されます*
`叡智の業火 X 2
2月交換券(2023) X 1
`*「FGO ウィンターパーティー 2022-2023」宮城会場開催記念 初回ログインボーナス*
*開催期間中、初回ログインで「聖晶石×10」をプレゼント！*
`聖晶石 X 10
`_2023-02-04 19:34:11_
--------
*50e74030067f097de636fdb9ea0a5ce0*
`登陆天数: 43天 / 1108天
等级: 142
石头: 363
呼符: 29
体力: 3795.5633333333335 / 140
友情点: 25 / 9059285`
*連続ログイン1日目
※ログインが途切れるか、7日到達すると
1日目から再開されます*
`フレンドポイント X 2000
2月交換券(2023) X 1
`*「FGO ウィンターパーティー 2022-2023」宮城会場開催記念 初回ログインボーナス*
*開催期間中、初回ログインで「聖晶石×10」をプレゼント！*
`聖晶石 X 10
`_2023-02-04 19:34:19_
--------
*5aebed162c025149a9ac12d5ff9cf0d5*
`登陆天数: 41天 / 940天
等级: 133
石头: 53
呼符: 2
体力: 3815.116666666667 / 139
友情点: 0 / 1479170`
*連続ログイン6日目
※ログインが途切れるか、7日到達すると
1日目から再開されます*
`聖晶石 X 2
2月交換券(2023) X 1
`*「FGO ウィンターパーティー 2022-2023」宮城会場開催記念 初回ログインボーナス*
*開催期間中、初回ログインで「聖晶石×10」をプレゼント！*
`聖晶石 X 10
`_2023-02-04 19:34:27_
--------
*f5845d187badef24087ae9dd8a663e48*
`登陆天数: 56天 / 1196天
等级: 141
石头: 253
呼符: 6
体力: 34.92 / 140
友情点: 0 / 25566040`
*連続ログイン7日間到達おめでとうございます！
明日は1日目からリスタートされます。*
`獣の足跡 X 1
呼符 X 1
2月交換券(2023) X 1
`*「FGO ウィンターパーティー 2022-2023」宮城会場開催記念 初回ログインボーナス*
*開催期間中、初回ログインで「聖晶石×10」をプレゼント！*
`聖晶石 X 10
`_2023-02-04 19:34:35_
--------
