【登录信息】
*4624dcf84d19c7237daa9e3aa06ae38e*
`登陆天数: 27天 / 907天
等级: 130
石头: 1013
呼符: 0
体力: 10284.386666666667 / 138
友情点: 0 / 724225`
*連続ログイン6日目
※ログインが途切れるか、7日到達すると
1日目から再開されます*
`聖晶石 X 2
2月交換券(2023) X 1
`_2023-02-05 19:34:15_
--------
*1960c6c2468d480d10656e460ff945b7*
`登陆天数: 27天 / 1105天
等级: 129
石头: 4285
呼符: 131
体力: 29834.786666666667 / 138
友情点: 0 / 130015`
*連続ログイン6日目
※ログインが途切れるか、7日到達すると
1日目から再開されます*
`聖晶石 X 2
2月交換券(2023) X 1
`_2023-02-05 19:34:24_
--------
*50e74030067f097de636fdb9ea0a5ce0*
`登陆天数: 44天 / 1109天
等级: 142
石头: 363
呼符: 29
体力: 4083.6066666666666 / 140
友情点: 0 / 9059285`
*連続ログイン2日目
※ログインが途切れるか、7日到達すると
1日目から再開されます*
`聖晶石 X 1
2月交換券(2023) X 1
`_2023-02-05 19:34:32_
--------
*5aebed162c025149a9ac12d5ff9cf0d5*
`登陆天数: 42天 / 941天
等级: 133
石头: 53
呼符: 2
体力: 4103.16 / 139
友情点: 0 / 1479170`
*連続ログイン7日間到達おめでとうございます！
明日は1日目からリスタートされます。*
`獣の足跡 X 1
呼符 X 1
2月交換券(2023) X 1
`_2023-02-05 19:34:40_
--------
*f5845d187badef24087ae9dd8a663e48*
`登陆天数: 57天 / 1197天
等级: 141
石头: 253
呼符: 6
体力: 222.96666666666667 / 140
友情点: 0 / 25566415`
*連続ログイン1日目
※ログインが途切れるか、7日到達すると
1日目から再開されます*
`フレンドポイント X 2000
2月交換券(2023) X 1
`_2023-02-05 19:34:49_
--------
