【登录信息】
*4624dcf84d19c7237daa9e3aa06ae38e*
`登陆天数: 28天 / 908天
等级: 130
石头: 1013
呼符: 0
体力: 10572.323333333334 / 138
友情点: 0 / 724225`
*連続ログイン7日間到達おめでとうございます！
明日は1日目からリスタートされます。*
`獣の足跡 X 1
呼符 X 1
2月交換券(2023) X 1
`_2023-02-06 19:33:56_
--------
*1960c6c2468d480d10656e460ff945b7*
`登陆天数: 28天 / 1106天
等级: 129
石头: 4285
呼符: 131
体力: 30122.72333333333 / 138
友情点: 0 / 130015`
*連続ログイン7日間到達おめでとうございます！
明日は1日目からリスタートされます。*
`獣の足跡 X 1
呼符 X 1
2月交換券(2023) X 1
`_2023-02-06 19:34:04_
--------
*50e74030067f097de636fdb9ea0a5ce0*
`登陆天数: 45天 / 1110天
等级: 142
石头: 363
呼符: 29
体力: 4371.54 / 140
友情点: 75 / 9059360`
*連続ログイン3日目
※ログインが途切れるか、7日到達すると
1日目から再開されます*
`叡智の業火 X 1
2月交換券(2023) X 1
`_2023-02-06 19:34:12_
--------
*5aebed162c025149a9ac12d5ff9cf0d5*
`登陆天数: 43天 / 942天
等级: 133
石头: 53
呼符: 2
体力: 4391.093333333333 / 139
友情点: 0 / 1479170`
*連続ログイン1日目
※ログインが途切れるか、7日到達すると
1日目から再開されます*
`フレンドポイント X 2000
2月交換券(2023) X 1
`_2023-02-06 19:34:21_
--------
*f5845d187badef24087ae9dd8a663e48*
`登陆天数: 58天 / 1198天
等级: 141
石头: 253
呼符: 6
体力: 209.84333333333333 / 140
友情点: 0 / 25566940`
*連続ログイン2日目
※ログインが途切れるか、7日到達すると
1日目から再開されます*
`聖晶石 X 1
2月交換券(2023) X 1
`_2023-02-06 19:34:29_
--------
