【登录信息】
*4624dcf84d19c7237daa9e3aa06ae38e*
`登陆天数: 29天 / 909天
等级: 130
石头: 1013
呼符: 0
体力: 10860.446666666667 / 138
友情点: 0 / 724225`
*連続ログイン1日目
※ログインが途切れるか、7日到達すると
1日目から再開されます*
`フレンドポイント X 2000
2月交換券(2023) X 1
`_2023-02-07 19:34:34_
--------
*1960c6c2468d480d10656e460ff945b7*
`登陆天数: 29天 / 1107天
等级: 129
石头: 4285
呼符: 131
体力: 30410.85 / 138
友情点: 0 / 130015`
*連続ログイン1日目
※ログインが途切れるか、7日到達すると
1日目から再開されます*
`フレンドポイント X 2000
2月交換券(2023) X 1
`_2023-02-07 19:34:42_
--------
*50e74030067f097de636fdb9ea0a5ce0*
`登陆天数: 46天 / 1111天
等级: 142
石头: 5
呼符: 0
体力: 4659.666666666667 / 140
友情点: 25 / 8989385`
*連続ログイン4日目
※ログインが途切れるか、7日到達すると
1日目から再開されます*
`聖晶石 X 1
2月交換券(2023) X 1
`_2023-02-07 19:34:50_
--------
*5aebed162c025149a9ac12d5ff9cf0d5*
`登陆天数: 44天 / 943天
等级: 133
石头: 53
呼符: 2
体力: 4679.223333333333 / 139
友情点: 0 / 1479170`
*連続ログイン2日目
※ログインが途切れるか、7日到達すると
1日目から再開されます*
`聖晶石 X 1
2月交換券(2023) X 1
`_2023-02-07 19:34:59_
--------
*f5845d187badef24087ae9dd8a663e48*
`登陆天数: 59天 / 1199天
等级: 141
石头: 193
呼符: 5
体力: 229.29666666666668 / 140
友情点: 0 / 25571465`
*連続ログイン3日目
※ログインが途切れるか、7日到達すると
1日目から再開されます*
`叡智の業火 X 1
2月交換券(2023) X 1
`_2023-02-07 19:35:07_
--------
