【登录信息】
*4624dcf84d19c7237daa9e3aa06ae38e*
`登陆天数: 30天 / 910天
等级: 130
石头: 1013
呼符: 0
体力: 11148.49 / 138
友情点: 0 / 724225`
*連続ログイン2日目
※ログインが途切れるか、7日到達すると
1日目から再開されます*
`聖晶石 X 1
2月交換券(2023) X 1
`_2023-02-08 19:34:46_
--------
*1960c6c2468d480d10656e460ff945b7*
`登陆天数: 30天 / 1108天
等级: 129
石头: 4285
呼符: 131
体力: 30698.89 / 138
友情点: 0 / 130015`
*連続ログイン2日目
※ログインが途切れるか、7日到達すると
1日目から再開されます*
`聖晶石 X 1
2月交換券(2023) X 1
`_2023-02-08 19:34:54_
--------
*50e74030067f097de636fdb9ea0a5ce0*
`登陆天数: 47天 / 1112天
等级: 142
石头: 9
呼符: 0
体力: 16.849999999999994 / 140
友情点: 100 / 8989835`
*連続ログイン5日目
※ログインが途切れるか、7日到達すると
1日目から再開されます*
`叡智の業火 X 2
2月交換券(2023) X 1
`_2023-02-08 19:35:02_
--------
*5aebed162c025149a9ac12d5ff9cf0d5*
`登陆天数: 45天 / 944天
等级: 133
石头: 53
呼符: 2
体力: 4967.26 / 139
友情点: 0 / 1479170`
*連続ログイン3日目
※ログインが途切れるか、7日到達すると
1日目から再開されます*
`叡智の業火 X 1
2月交換券(2023) X 1
`_2023-02-08 19:35:10_
--------
*f5845d187badef24087ae9dd8a663e48*
`登陆天数: 60天 / 1200天
等级: 141
石头: 450
呼符: 0
体力: 39.150000000000006 / 140
友情点: 0 / 25579295`
*連続ログイン4日目
※ログインが途切れるか、7日到達すると
1日目から再開されます*
`聖晶石 X 1
2月交換券(2023) X 1
`_2023-02-08 19:35:19_
--------
