【登录信息】
*4624dcf84d19c7237daa9e3aa06ae38e*
`登陆天数: 1天 / 911天
等级: 130
石头: 1013
呼符: 0
体力: 11724.47 / 138
友情点: 0 / 724225`
*連続ログイン1日目
※ログインが途切れるか、7日到達すると
1日目から再開されます*
`フレンドポイント X 2000
2月交換券(2023) X 1
`_2023-02-10 19:34:41_
--------
*1960c6c2468d480d10656e460ff945b7*
`登陆天数: 1天 / 1109天
等级: 129
石头: 4285
呼符: 131
体力: 31274.87 / 138
友情点: 0 / 130015`
*連続ログイン1日目
※ログインが途切れるか、7日到達すると
1日目から再開されます*
`フレンドポイント X 2000
2月交換券(2023) X 1
`_2023-02-10 19:34:49_
--------
*50e74030067f097de636fdb9ea0a5ce0*
`登陆天数: 49天 / 1114天
等级: 142
石头: 19
呼符: 0
体力: 257.53 / 140
友情点: 0 / 8992220`
*連続ログイン7日間到達おめでとうございます！
明日は1日目からリスタートされます。*
`獣の足跡 X 1
呼符 X 1
2月交換券(2023) X 1
`_2023-02-10 19:34:57_
--------
*5aebed162c025149a9ac12d5ff9cf0d5*
`登陆天数: 47天 / 946天
等级: 133
石头: 10
呼符: 0
体力: 5543.243333333333 / 139
友情点: 0 / 1467170`
*連続ログイン5日目
※ログインが途切れるか、7日到達すると
1日目から再開されます*
`叡智の業火 X 2
2月交換券(2023) X 1
`_2023-02-10 19:35:05_
--------
*f5845d187badef24087ae9dd8a663e48*
`登陆天数: 62天 / 1202天
等级: 141
石头: 451
呼符: 0
体力: 48.61333333333333 / 140
友情点: 0 / 24725045`
*連続ログイン6日目
※ログインが途切れるか、7日到達すると
1日目から再開されます*
`聖晶石 X 2
2月交換券(2023) X 1
`_2023-02-10 19:35:13_
--------
