【登录信息】
*4624dcf84d19c7237daa9e3aa06ae38e*
`登陆天数: 2天 / 912天
等级: 130
石头: 1013
呼符: 0
体力: 12012.366666666667 / 138
友情点: 0 / 724225`
*連続ログイン2日目
※ログインが途切れるか、7日到達すると
1日目から再開されます*
`聖晶石 X 1
2月交換券(2023) X 1
`_2023-02-11 19:34:09_
--------
*1960c6c2468d480d10656e460ff945b7*
`登陆天数: 2天 / 1110天
等级: 129
石头: 4285
呼符: 131
体力: 31562.766666666666 / 138
友情点: 0 / 130015`
*連続ログイン2日目
※ログインが途切れるか、7日到達すると
1日目から再開されます*
`聖晶石 X 1
2月交換券(2023) X 1
`_2023-02-11 19:34:17_
--------
*50e74030067f097de636fdb9ea0a5ce0*
`登陆天数: 50天 / 1115天
等级: 142
石头: 19
呼符: 0
体力: 545.4266666666667 / 140
友情点: 35 / 8992255`
*連続ログイン1日目
※ログインが途切れるか、7日到達すると
1日目から再開されます*
`フレンドポイント X 2000
2月交換券(2023) X 1
`_2023-02-11 19:34:25_
--------
*5aebed162c025149a9ac12d5ff9cf0d5*
`登陆天数: 48天 / 947天
等级: 133
石头: 10
呼符: 0
体力: 5831.14 / 139
友情点: 0 / 1467170`
*連続ログイン6日目
※ログインが途切れるか、7日到達すると
1日目から再開されます*
`聖晶石 X 2
2月交換券(2023) X 1
`_2023-02-11 19:34:34_
--------
*f5845d187badef24087ae9dd8a663e48*
`登陆天数: 63天 / 1203天
等级: 141
石头: 459
呼符: 0
体力: 40.519999999999996 / 140
友情点: 0 / 24727120`
*連続ログイン7日間到達おめでとうございます！
明日は1日目からリスタートされます。*
`獣の足跡 X 1
呼符 X 1
2月交換券(2023) X 1
`_2023-02-11 19:34:42_
--------
