【登录信息】
*4624dcf84d19c7237daa9e3aa06ae38e*
`登陆天数: 3天 / 913天
等级: 130
石头: 1013
呼符: 0
体力: 12300.343333333334 / 138
友情点: 0 / 724225`
*連続ログイン3日目
※ログインが途切れるか、7日到達すると
1日目から再開されます*
`叡智の業火 X 1
2月交換券(2023) X 1
`_2023-02-12 19:34:02_
--------
*1960c6c2468d480d10656e460ff945b7*
`登陆天数: 3天 / 1111天
等级: 129
石头: 4285
呼符: 131
体力: 31850.746666666666 / 138
友情点: 0 / 130015`
*連続ログイン3日目
※ログインが途切れるか、7日到達すると
1日目から再開されます*
`叡智の業火 X 1
2月交換券(2023) X 1
`_2023-02-12 19:34:11_
--------
*50e74030067f097de636fdb9ea0a5ce0*
`登陆天数: 51天 / 1116天
等级: 142
石头: 19
呼符: 0
体力: 833.4033333333333 / 140
友情点: 25 / 8992280`
*連続ログイン2日目
※ログインが途切れるか、7日到達すると
1日目から再開されます*
`聖晶石 X 1
2月交換券(2023) X 1
`_2023-02-12 19:34:19_
--------
*5aebed162c025149a9ac12d5ff9cf0d5*
`登陆天数: 49天 / 948天
等级: 133
石头: 10
呼符: 0
体力: 6119.12 / 139
友情点: 0 / 1467170`
*連続ログイン7日間到達おめでとうございます！
明日は1日目からリスタートされます。*
`獣の足跡 X 1
呼符 X 1
2月交換券(2023) X 1
`_2023-02-12 19:34:28_
--------
*f5845d187badef24087ae9dd8a663e48*
`登陆天数: 64天 / 1204天
等级: 142
石头: 460
呼符: 0
体力: 56.56 / 140
友情点: 0 / 24727280`
*連続ログイン1日目
※ログインが途切れるか、7日到達すると
1日目から再開されます*
`フレンドポイント X 2000
2月交換券(2023) X 1
`_2023-02-12 19:34:36_
--------
