【登录信息】
*4624dcf84d19c7237daa9e3aa06ae38e*
`登陆天数: 4天 / 914天
等级: 130
石头: 1013
呼符: 0
体力: 12588.456666666667 / 138
友情点: 0 / 724225`
*連続ログイン4日目
※ログインが途切れるか、7日到達すると
1日目から再開されます*
`聖晶石 X 1
2月交換券(2023) X 1
`*2700万DL突破記念 特別連続ログインボーナス*
*開催期間中、1日1回 最大7回 連続ログインボーナスをプレゼント！*
`白銀の果実 X 10
`_2023-02-13 19:34:36_
--------
*1960c6c2468d480d10656e460ff945b7*
`登陆天数: 4天 / 1112天
等级: 129
石头: 4285
呼符: 131
体力: 32138.856666666667 / 138
友情点: 0 / 130015`
*連続ログイン4日目
※ログインが途切れるか、7日到達すると
1日目から再開されます*
`聖晶石 X 1
2月交換券(2023) X 1
`*2700万DL突破記念 特別連続ログインボーナス*
*開催期間中、1日1回 最大7回 連続ログインボーナスをプレゼント！*
`白銀の果実 X 10
`_2023-02-13 19:34:44_
--------
*50e74030067f097de636fdb9ea0a5ce0*
`登陆天数: 52天 / 1117天
等级: 142
石头: 19
呼符: 0
体力: 1121.5166666666667 / 140
友情点: 50 / 8992330`
*連続ログイン3日目
※ログインが途切れるか、7日到達すると
1日目から再開されます*
`叡智の業火 X 1
2月交換券(2023) X 1
`*2700万DL突破記念 特別連続ログインボーナス*
*開催期間中、1日1回 最大7回 連続ログインボーナスをプレゼント！*
`白銀の果実 X 10
`_2023-02-13 19:34:52_
--------
*5aebed162c025149a9ac12d5ff9cf0d5*
`登陆天数: 50天 / 949天
等级: 133
石头: 10
呼符: 0
体力: 6407.23 / 139
友情点: 0 / 1467170`
*連続ログイン1日目
※ログインが途切れるか、7日到達すると
1日目から再開されます*
`フレンドポイント X 2000
2月交換券(2023) X 1
`*2700万DL突破記念 特別連続ログインボーナス*
*開催期間中、1日1回 最大7回 連続ログインボーナスをプレゼント！*
`白銀の果実 X 10
`_2023-02-13 19:35:01_
--------
*f5845d187badef24087ae9dd8a663e48*
`登陆天数: 65天 / 1205天
等级: 142
石头: 496
呼符: 1
体力: 26.50333333333333 / 140
友情点: 0 / 24729655`
*連続ログイン2日目
※ログインが途切れるか、7日到達すると
1日目から再開されます*
`聖晶石 X 1
2月交換券(2023) X 1
`*2700万DL突破記念 特別連続ログインボーナス*
*開催期間中、1日1回 最大7回 連続ログインボーナスをプレゼント！*
`白銀の果実 X 10
`_2023-02-13 19:35:09_
--------
