【登录信息】
*4624dcf84d19c7237daa9e3aa06ae38e*
`登陆天数: 5天 / 915天
等级: 130
石头: 1013
呼符: 0
体力: 12876.413333333334 / 138
友情点: 0 / 724225`
*連続ログイン5日目
※ログインが途切れるか、7日到達すると
1日目から再開されます*
`叡智の業火 X 2
2月交換券(2023) X 1
`*2700万DL突破記念 特別連続ログインボーナス*
*開催期間中、1日1回 最大7回 連続ログインボーナスをプレゼント！*
`黄金の果実 X 10
`_2023-02-14 19:34:23_
--------
*1960c6c2468d480d10656e460ff945b7*
`登陆天数: 5天 / 1113天
等级: 129
石头: 4285
呼符: 131
体力: 32426.81333333333 / 138
友情点: 0 / 130015`
*連続ログイン5日目
※ログインが途切れるか、7日到達すると
1日目から再開されます*
`叡智の業火 X 2
2月交換券(2023) X 1
`*2700万DL突破記念 特別連続ログインボーナス*
*開催期間中、1日1回 最大7回 連続ログインボーナスをプレゼント！*
`黄金の果実 X 10
`_2023-02-14 19:34:31_
--------
*50e74030067f097de636fdb9ea0a5ce0*
`登陆天数: 53天 / 1118天
等级: 142
石头: 19
呼符: 0
体力: 1409.47 / 140
友情点: 100 / 8992430`
*連続ログイン4日目
※ログインが途切れるか、7日到達すると
1日目から再開されます*
`聖晶石 X 1
2月交換券(2023) X 1
`*2700万DL突破記念 特別連続ログインボーナス*
*開催期間中、1日1回 最大7回 連続ログインボーナスをプレゼント！*
`黄金の果実 X 10
`_2023-02-14 19:34:39_
--------
*5aebed162c025149a9ac12d5ff9cf0d5*
`登陆天数: 51天 / 950天
等级: 133
石头: 10
呼符: 0
体力: 6695.1866666666665 / 139
友情点: 0 / 1467170`
*連続ログイン2日目
※ログインが途切れるか、7日到達すると
1日目から再開されます*
`聖晶石 X 1
2月交換券(2023) X 1
`*2700万DL突破記念 特別連続ログインボーナス*
*開催期間中、1日1回 最大7回 連続ログインボーナスをプレゼント！*
`黄金の果実 X 10
`_2023-02-14 19:34:48_
--------
*f5845d187badef24087ae9dd8a663e48*
`登陆天数: 66天 / 1206天
等级: 142
石头: 497
呼符: 1
体力: 163.09666666666666 / 140
友情点: 0 / 24729655`
*連続ログイン3日目
※ログインが途切れるか、7日到達すると
1日目から再開されます*
`叡智の業火 X 1
2月交換券(2023) X 1
`*2700万DL突破記念 特別連続ログインボーナス*
*開催期間中、1日1回 最大7回 連続ログインボーナスをプレゼント！*
`黄金の果実 X 10
`_2023-02-14 19:34:56_
--------
