【登录信息】
*4624dcf84d19c7237daa9e3aa06ae38e*
`登陆天数: 6天 / 916天
等级: 130
石头: 1013
呼符: 0
体力: 13164.49 / 138
友情点: 0 / 724225`
*連続ログイン6日目
※ログインが途切れるか、7日到達すると
1日目から再開されます*
`聖晶石 X 2
2月交換券(2023) X 1
`*2700万DL突破記念 特別連続ログインボーナス*
*開催期間中、1日1回 最大7回 連続ログインボーナスをプレゼント！*
`QP X 10000000
`_2023-02-15 19:34:46_
--------
*1960c6c2468d480d10656e460ff945b7*
`登陆天数: 6天 / 1114天
等级: 129
石头: 4285
呼符: 131
体力: 32714.89 / 138
友情点: 0 / 130015`
*連続ログイン6日目
※ログインが途切れるか、7日到達すると
1日目から再開されます*
`聖晶石 X 2
2月交換券(2023) X 1
`*2700万DL突破記念 特別連続ログインボーナス*
*開催期間中、1日1回 最大7回 連続ログインボーナスをプレゼント！*
`QP X 10000000
`_2023-02-15 19:34:54_
--------
*50e74030067f097de636fdb9ea0a5ce0*
`登陆天数: 54天 / 1119天
等级: 142
石头: 19
呼符: 0
体力: 1697.5466666666666 / 140
友情点: 100 / 8992530`
*連続ログイン5日目
※ログインが途切れるか、7日到達すると
1日目から再開されます*
`叡智の業火 X 2
2月交換券(2023) X 1
`*2700万DL突破記念 特別連続ログインボーナス*
*開催期間中、1日1回 最大7回 連続ログインボーナスをプレゼント！*
`QP X 10000000
`_2023-02-15 19:35:02_
--------
*5aebed162c025149a9ac12d5ff9cf0d5*
`登陆天数: 52天 / 951天
等级: 133
石头: 10
呼符: 0
体力: 6983.26 / 139
友情点: 0 / 1467170`
*連続ログイン3日目
※ログインが途切れるか、7日到達すると
1日目から再開されます*
`叡智の業火 X 1
2月交換券(2023) X 1
`*2700万DL突破記念 特別連続ログインボーナス*
*開催期間中、1日1回 最大7回 連続ログインボーナスをプレゼント！*
`QP X 10000000
`_2023-02-15 19:35:11_
--------
*f5845d187badef24087ae9dd8a663e48*
`登陆天数: 67天 / 1207天
等级: 142
石头: 497
呼符: 1
体力: 451.17333333333335 / 140
友情点: 25 / 24729680`
*連続ログイン4日目
※ログインが途切れるか、7日到達すると
1日目から再開されます*
`聖晶石 X 1
2月交換券(2023) X 1
`*2700万DL突破記念 特別連続ログインボーナス*
*開催期間中、1日1回 最大7回 連続ログインボーナスをプレゼント！*
`QP X 10000000
`_2023-02-15 19:35:19_
--------
