【登录信息】
*4624dcf84d19c7237daa9e3aa06ae38e*
`登陆天数: 9天 / 919天
等级: 130
石头: 1013
呼符: 0
体力: 14028.393333333333 / 138
友情点: 0 / 724225`
*連続ログイン2日目
※ログインが途切れるか、7日到達すると
1日目から再開されます*
`聖晶石 X 1
2月交換券(2023) X 1
`*2700万DL突破記念 特別連続ログインボーナス*
*開催期間中、1日1回 最大7回 連続ログインボーナスをプレゼント！*
`英霊結晶・太陽のフォウくん X 10
`_2023-02-18 19:34:18_
--------
*1960c6c2468d480d10656e460ff945b7*
`登陆天数: 9天 / 1117天
等级: 129
石头: 4285
呼符: 131
体力: 33578.793333333335 / 138
友情点: 0 / 130015`
*連続ログイン2日目
※ログインが途切れるか、7日到達すると
1日目から再開されます*
`聖晶石 X 1
2月交換券(2023) X 1
`*2700万DL突破記念 特別連続ログインボーナス*
*開催期間中、1日1回 最大7回 連続ログインボーナスをプレゼント！*
`英霊結晶・太陽のフォウくん X 10
`_2023-02-18 19:34:26_
--------
*50e74030067f097de636fdb9ea0a5ce0*
`登陆天数: 57天 / 1122天
等级: 142
石头: 62
呼符: 2
体力: 239.99 / 140
友情点: 25 / 8995155`
*連続ログイン1日目
※ログインが途切れるか、7日到達すると
1日目から再開されます*
`フレンドポイント X 2000
2月交換券(2023) X 1
`*2700万DL突破記念 特別連続ログインボーナス*
*開催期間中、1日1回 最大7回 連続ログインボーナスをプレゼント！*
`英霊結晶・太陽のフォウくん X 10
`_2023-02-18 19:34:34_
--------
*5aebed162c025149a9ac12d5ff9cf0d5*
`登陆天数: 55天 / 954天
等级: 133
石头: 10
呼符: 0
体力: 7847.166666666667 / 139
友情点: 0 / 1467170`
*連続ログイン6日目
※ログインが途切れるか、7日到達すると
1日目から再開されます*
`聖晶石 X 2
2月交換券(2023) X 1
`*2700万DL突破記念 特別連続ログインボーナス*
*開催期間中、1日1回 最大7回 連続ログインボーナスをプレゼント！*
`英霊結晶・太陽のフォウくん X 10
`_2023-02-18 19:34:42_
--------
*f5845d187badef24087ae9dd8a663e48*
`登陆天数: 70天 / 1210天
等级: 142
石头: 503
呼符: 1
体力: 125.59666666666666 / 140
友情点: 25 / 24730555`
*連続ログイン7日間到達おめでとうございます！
明日は1日目からリスタートされます。*
`獣の足跡 X 1
呼符 X 1
2月交換券(2023) X 1
`*2700万DL突破記念 特別連続ログインボーナス*
*開催期間中、1日1回 最大7回 連続ログインボーナスをプレゼント！*
`英霊結晶・太陽のフォウくん X 10
`_2023-02-18 19:34:50_
--------
