【登录信息】
*4624dcf84d19c7237daa9e3aa06ae38e*
`登陆天数: 10天 / 920天
等级: 130
石头: 1013
呼符: 0
体力: 14316.363333333333 / 138
友情点: 0 / 724225`
*連続ログイン3日目
※ログインが途切れるか、7日到達すると
1日目から再開されます*
`叡智の業火 X 1
2月交換券(2023) X 1
`*2700万DL突破記念 特別連続ログインボーナス*
*開催期間中、1日1回 最大7回 連続ログインボーナスをプレゼント！*
`聖晶石 X 30
`_2023-02-19 19:34:08_
--------
*1960c6c2468d480d10656e460ff945b7*
`登陆天数: 10天 / 1118天
等级: 129
石头: 4285
呼符: 131
体力: 33866.763333333336 / 138
友情点: 0 / 130015`
*連続ログイン3日目
※ログインが途切れるか、7日到達すると
1日目から再開されます*
`叡智の業火 X 1
2月交換券(2023) X 1
`*2700万DL突破記念 特別連続ログインボーナス*
*開催期間中、1日1回 最大7回 連続ログインボーナスをプレゼント！*
`聖晶石 X 30
`_2023-02-19 19:34:16_
--------
*50e74030067f097de636fdb9ea0a5ce0*
`登陆天数: 58天 / 1123天
等级: 142
石头: 65
呼符: 0
体力: 258.32666666666665 / 140
友情点: 0 / 8995830`
*連続ログイン2日目
※ログインが途切れるか、7日到達すると
1日目から再開されます*
`聖晶石 X 1
2月交換券(2023) X 1
`*2700万DL突破記念 特別連続ログインボーナス*
*開催期間中、1日1回 最大7回 連続ログインボーナスをプレゼント！*
`聖晶石 X 30
`_2023-02-19 19:34:24_
--------
*5aebed162c025149a9ac12d5ff9cf0d5*
`登陆天数: 56天 / 955天
等级: 133
石头: 10
呼符: 0
体力: 8135.136666666666 / 139
友情点: 0 / 1467170`
*連続ログイン7日間到達おめでとうございます！
明日は1日目からリスタートされます。*
`獣の足跡 X 1
呼符 X 1
2月交換券(2023) X 1
`*2700万DL突破記念 特別連続ログインボーナス*
*開催期間中、1日1回 最大7回 連続ログインボーナスをプレゼント！*
`聖晶石 X 30
`_2023-02-19 19:34:33_
--------
*f5845d187badef24087ae9dd8a663e48*
`登陆天数: 71天 / 1211天
等级: 142
石头: 512
呼符: 2
体力: 124.72 / 140
友情点: 0 / 24730605`
*連続ログイン1日目
※ログインが途切れるか、7日到達すると
1日目から再開されます*
`フレンドポイント X 2000
2月交換券(2023) X 1
`*2700万DL突破記念 特別連続ログインボーナス*
*開催期間中、1日1回 最大7回 連続ログインボーナスをプレゼント！*
`聖晶石 X 30
`_2023-02-19 19:34:41_
--------
