【登录信息】
*4624dcf84d19c7237daa9e3aa06ae38e*
`登陆天数: 11天 / 921天
等级: 130
石头: 1013
呼符: 0
体力: 14604.436666666666 / 138
友情点: 0 / 724225`
*連続ログイン4日目
※ログインが途切れるか、7日到達すると
1日目から再開されます*
`聖晶石 X 1
2月交換券(2023) X 1
`_2023-02-20 19:34:31_
--------
*1960c6c2468d480d10656e460ff945b7*
`登陆天数: 11天 / 1119天
等级: 129
石头: 4285
呼符: 131
体力: 34154.84 / 138
友情点: 0 / 130015`
*連続ログイン4日目
※ログインが途切れるか、7日到達すると
1日目から再開されます*
`聖晶石 X 1
2月交換券(2023) X 1
`_2023-02-20 19:34:39_
--------
*50e74030067f097de636fdb9ea0a5ce0*
`登陆天数: 59天 / 1124天
等级: 142
石头: 98
呼符: 0
体力: 227.19 / 140
友情点: 125 / 8996025`
*連続ログイン3日目
※ログインが途切れるか、7日到達すると
1日目から再開されます*
`叡智の業火 X 1
2月交換券(2023) X 1
`_2023-02-20 19:34:47_
--------
*5aebed162c025149a9ac12d5ff9cf0d5*
`登陆天数: 57天 / 956天
等级: 133
石头: 10
呼符: 0
体力: 8423.213333333333 / 139
友情点: 0 / 1467170`
*連続ログイン1日目
※ログインが途切れるか、7日到達すると
1日目から再開されます*
`フレンドポイント X 2000
2月交換券(2023) X 1
`_2023-02-20 19:34:56_
--------
*f5845d187badef24087ae9dd8a663e48*
`登陆天数: 72天 / 1212天
等级: 142
石头: 513
呼符: 2
体力: 105.67 / 140
友情点: 0 / 24730955`
*連続ログイン2日目
※ログインが途切れるか、7日到達すると
1日目から再開されます*
`聖晶石 X 1
2月交換券(2023) X 1
`_2023-02-20 19:35:04_
--------
