【登录信息】
*4624dcf84d19c7237daa9e3aa06ae38e*
`登陆天数: 12天 / 922天
等级: 130
石头: 1013
呼符: 0
体力: 14892.433333333332 / 138
友情点: 0 / 724225`
*連続ログイン5日目
※ログインが途切れるか、7日到達すると
1日目から再開されます*
`叡智の業火 X 2
2月交換券(2023) X 1
`_2023-02-21 19:34:29_
--------
*1960c6c2468d480d10656e460ff945b7*
`登陆天数: 12天 / 1120天
等级: 129
石头: 4285
呼符: 131
体力: 34442.833333333336 / 138
友情点: 0 / 130015`
*連続ログイン5日目
※ログインが途切れるか、7日到達すると
1日目から再開されます*
`叡智の業火 X 2
2月交換券(2023) X 1
`_2023-02-21 19:34:37_
--------
*50e74030067f097de636fdb9ea0a5ce0*
`登陆天数: 60天 / 1125天
等级: 142
石头: 100
呼符: 0
体力: 240.37 / 140
友情点: 0 / 8996225`
*連続ログイン4日目
※ログインが途切れるか、7日到達すると
1日目から再開されます*
`聖晶石 X 1
2月交換券(2023) X 1
`_2023-02-21 19:34:46_
--------
*5aebed162c025149a9ac12d5ff9cf0d5*
`登陆天数: 58天 / 957天
等级: 133
石头: 10
呼符: 0
体力: 8711.21 / 139
友情点: 0 / 1467170`
*連続ログイン2日目
※ログインが途切れるか、7日到達すると
1日目から再開されます*
`聖晶石 X 1
2月交換券(2023) X 1
`_2023-02-21 19:34:55_
--------
*f5845d187badef24087ae9dd8a663e48*
`登陆天数: 73天 / 1213天
等级: 142
石头: 545
呼符: 2
体力: 268.66666666666663 / 140
友情点: 0 / 24732980`
*連続ログイン3日目
※ログインが途切れるか、7日到達すると
1日目から再開されます*
`叡智の業火 X 1
2月交換券(2023) X 1
`_2023-02-21 19:35:03_
--------
