【登录信息】
*4624dcf84d19c7237daa9e3aa06ae38e*
`登陆天数: 13天 / 923天
等级: 130
石头: 1013
呼符: 0
体力: 15180.473333333333 / 138
友情点: 0 / 724225`
*連続ログイン6日目
※ログインが途切れるか、7日到達すると
1日目から再開されます*
`聖晶石 X 2
2月交換券(2023) X 1
`_2023-02-22 19:34:41_
--------
*1960c6c2468d480d10656e460ff945b7*
`登陆天数: 13天 / 1121天
等级: 129
石头: 4285
呼符: 131
体力: 34730.87666666666 / 138
友情点: 0 / 130015`
*連続ログイン6日目
※ログインが途切れるか、7日到達すると
1日目から再開されます*
`聖晶石 X 2
2月交換券(2023) X 1
`_2023-02-22 19:34:50_
--------
*50e74030067f097de636fdb9ea0a5ce0*
`登陆天数: 61天 / 1126天
等级: 142
石头: 100
呼符: 0
体力: 528.4100000000001 / 140
友情点: 0 / 8996225`
*連続ログイン5日目
※ログインが途切れるか、7日到達すると
1日目から再開されます*
`叡智の業火 X 2
2月交換券(2023) X 1
`_2023-02-22 19:34:58_
--------
*5aebed162c025149a9ac12d5ff9cf0d5*
`登陆天数: 59天 / 958天
等级: 133
石头: 10
呼符: 0
体力: 8999.25 / 139
友情点: 0 / 1467170`
*連続ログイン3日目
※ログインが途切れるか、7日到達すると
1日目から再開されます*
`叡智の業火 X 1
2月交換券(2023) X 1
`_2023-02-22 19:35:07_
--------
*f5845d187badef24087ae9dd8a663e48*
`登陆天数: 74天 / 1214天
等级: 142
石头: 545
呼符: 2
体力: 101.66333333333333 / 140
友情点: 0 / 24732980`
*連続ログイン4日目
※ログインが途切れるか、7日到達すると
1日目から再開されます*
`聖晶石 X 1
2月交換券(2023) X 1
`_2023-02-22 19:35:15_
--------
