【登录信息】
*4624dcf84d19c7237daa9e3aa06ae38e*
`登陆天数: 16天 / 926天
等级: 130
石头: 1013
呼符: 0
体力: 16044.446666666667 / 138
友情点: 0 / 724225`
*連続ログイン2日目
※ログインが途切れるか、7日到達すると
1日目から再開されます*
`聖晶石 X 1
2月交換券(2023) X 1
`_2023-02-25 19:34:33_
--------
*1960c6c2468d480d10656e460ff945b7*
`登陆天数: 16天 / 1124天
等级: 129
石头: 4285
呼符: 131
体力: 35594.846666666665 / 138
友情点: 0 / 130015`
*連続ログイン2日目
※ログインが途切れるか、7日到達すると
1日目から再開されます*
`聖晶石 X 1
2月交換券(2023) X 1
`_2023-02-25 19:34:42_
--------
*50e74030067f097de636fdb9ea0a5ce0*
`登陆天数: 64天 / 1129天
等级: 142
石头: 100
呼符: 0
体力: 1392.3833333333334 / 140
友情点: 25 / 8996250`
*連続ログイン1日目
※ログインが途切れるか、7日到達すると
1日目から再開されます*
`フレンドポイント X 2000
2月交換券(2023) X 1
`_2023-02-25 19:34:50_
--------
*5aebed162c025149a9ac12d5ff9cf0d5*
`登陆天数: 62天 / 961天
等级: 133
石头: 10
呼符: 0
体力: 9863.223333333333 / 139
友情点: 0 / 1467170`
*連続ログイン6日目
※ログインが途切れるか、7日到達すると
1日目から再開されます*
`聖晶石 X 2
2月交換券(2023) X 1
`_2023-02-25 19:34:59_
--------
*f5845d187badef24087ae9dd8a663e48*
`登陆天数: 77天 / 1217天
等级: 142
石头: 545
呼符: 2
体力: 362.55333333333334 / 140
友情点: 0 / 24732990`
*連続ログイン7日間到達おめでとうございます！
明日は1日目からリスタートされます。*
`獣の足跡 X 1
呼符 X 1
2月交換券(2023) X 1
`_2023-02-25 19:35:07_
--------
