【登录信息】
*4624dcf84d19c7237daa9e3aa06ae38e*
`登陆天数: 18天 / 928天
等级: 130
石头: 1013
呼符: 0
体力: 16620.503333333334 / 138
友情点: 0 / 724225`
*連続ログイン4日目
※ログインが途切れるか、7日到達すると
1日目から再開されます*
`聖晶石 X 1
2月交換券(2023) X 1
`_2023-02-27 19:34:51_
--------
*1960c6c2468d480d10656e460ff945b7*
`登陆天数: 18天 / 1126天
等级: 129
石头: 4285
呼符: 131
体力: 36170.903333333335 / 138
友情点: 0 / 130015`
*連続ログイン4日目
※ログインが途切れるか、7日到達すると
1日目から再開されます*
`聖晶石 X 1
2月交換券(2023) X 1
`_2023-02-27 19:34:59_
--------
*50e74030067f097de636fdb9ea0a5ce0*
`登陆天数: 66天 / 1131天
等级: 142
石头: 104
呼符: 1
体力: 71.21333333333334 / 140
友情点: 50 / 8998600`
*連続ログイン3日目
※ログインが途切れるか、7日到達すると
1日目から再開されます*
`叡智の業火 X 1
2月交換券(2023) X 1
`_2023-02-27 19:35:07_
--------
*5aebed162c025149a9ac12d5ff9cf0d5*
`登陆天数: 64天 / 963天
等级: 133
石头: 10
呼符: 0
体力: 10439.276666666667 / 139
友情点: 0 / 1467170`
*連続ログイン1日目
※ログインが途切れるか、7日到達すると
1日目から再開されます*
`フレンドポイント X 2000
2月交換券(2023) X 1
`_2023-02-27 19:35:15_
--------
*f5845d187badef24087ae9dd8a663e48*
`登陆天数: 79天 / 1219天
等级: 142
石头: 545
呼符: 2
体力: 220.67333333333335 / 140
友情点: 0 / 24732990`
*連続ログイン2日目
※ログインが途切れるか、7日到達すると
1日目から再開されます*
`聖晶石 X 1
2月交換券(2023) X 1
`_2023-02-27 19:35:23_
--------
