【登录信息】
*4624dcf84d19c7237daa9e3aa06ae38e*
`登陆天数: 23天 / 1264天
等级: 130
石头: 618
呼符: 26
体力: 113964.37 / 138
友情点: 0 / 764225`
*連続ログイン2日目
※ログインが途切れるか、7日到達すると
1日目から再開されます*
`聖晶石 X 1
2月交換券(2024) X 1
`*「Fate/stay night」20周年記念
7万リポスト達成プレゼント*
*開催期間中、初回ログインで「聖晶石×20」をプレゼント！*
`聖晶石 X 20
`_2024-01-31 19:34:09_
--------
*6c9368f50fe20d6a525828c2a1897f5f*
`登陆天数: 23天 / 1461天
等级: 129
石头: 5047
呼符: 179
体力: 16270.743333333334 / 138
友情点: 80 / 331805`
*連続ログイン2日目
※ログインが途切れるか、7日到達すると
1日目から再開されます*
`聖晶石 X 1
2月交換券(2024) X 1
`*「Fate/stay night」20周年記念
7万リポスト達成プレゼント*
*開催期間中、初回ログインで「聖晶石×20」をプレゼント！*
`聖晶石 X 20
`_2024-01-31 19:34:18_
--------
*50e74030067f097de636fdb9ea0a5ce0*
`登陆天数: 23天 / 1466天
等级: 149
石头: 223
呼符: 3
体力: 1095.83 / 142
友情点: 240 / 107538510`
*連続ログイン2日目
※ログインが途切れるか、7日到達すると
1日目から再開されます*
`聖晶石 X 1
2月交換券(2024) X 1
`*「Fate/stay night」20周年記念
7万リポスト達成プレゼント*
*開催期間中、初回ログインで「聖晶石×20」をプレゼント！*
`聖晶石 X 20
`_2024-01-31 19:34:26_
--------
*5aebed162c025149a9ac12d5ff9cf0d5*
`登陆天数: 23天 / 1297天
等级: 133
石头: 10
呼符: 0
体力: 107783.15 / 139
友情点: 60 / 1508635`
*連続ログイン2日目
※ログインが途切れるか、7日到達すると
1日目から再開されます*
`聖晶石 X 1
2月交換券(2024) X 1
`*「Fate/stay night」20周年記念
7万リポスト達成プレゼント*
*開催期間中、初回ログインで「聖晶石×20」をプレゼント！*
`聖晶石 X 20
`_2024-01-31 19:34:36_
--------
*f5845d187badef24087ae9dd8a663e48*
`登陆天数: 318天 / 1556天
等级: 153
石头: 413
呼符: 4
体力: 153.91666666666666 / 143
友情点: 200 / 112647730`
*連続ログイン3日目
※ログインが途切れるか、7日到達すると
1日目から再開されます*
`叡智の業火 X 1
2月交換券(2024) X 1
`*「Fate/stay night」20周年記念
7万リポスト達成プレゼント*
*開催期間中、初回ログインで「聖晶石×20」をプレゼント！*
`聖晶石 X 20
`_2024-01-31 19:34:45_
--------
