【登录信息】
*4624dcf84d19c7237daa9e3aa06ae38e*
`登陆天数: 24天 / 1265天
等级: 130
石头: 618
呼符: 26
体力: 114252.40333333334 / 138
友情点: 0 / 764225`
*連続ログイン3日目
※ログインが途切れるか、7日到達すると
1日目から再開されます*
`叡智の業火 X 1
2月交換券(2024) X 1
`*日替りログインボーナス*
*開催期間中、1日1回 2週間日替りでログインボーナスをプレゼント！*
`聖晶石 X 1
巡霊の葉 X 50
`_2024-02-01 19:34:20_
--------
*6c9368f50fe20d6a525828c2a1897f5f*
`登陆天数: 24天 / 1462天
等级: 129
石头: 5047
呼符: 179
体力: 16558.77666666667 / 138
友情点: 80 / 331885`
*連続ログイン3日目
※ログインが途切れるか、7日到達すると
1日目から再開されます*
`叡智の業火 X 1
2月交換券(2024) X 1
`*日替りログインボーナス*
*開催期間中、1日1回 2週間日替りでログインボーナスをプレゼント！*
`聖晶石 X 1
巡霊の葉 X 50
`_2024-02-01 19:34:28_
--------
*50e74030067f097de636fdb9ea0a5ce0*
`登陆天数: 24天 / 1467天
等级: 149
石头: 223
呼符: 3
体力: 1383.8566666666666 / 142
友情点: 255 / 107538765`
*連続ログイン3日目
※ログインが途切れるか、7日到達すると
1日目から再開されます*
`叡智の業火 X 1
2月交換券(2024) X 1
`*日替りログインボーナス*
*開催期間中、1日1回 2週間日替りでログインボーナスをプレゼント！*
`聖晶石 X 1
巡霊の葉 X 50
`_2024-02-01 19:34:36_
--------
*5aebed162c025149a9ac12d5ff9cf0d5*
`登陆天数: 24天 / 1298天
等级: 133
石头: 10
呼符: 0
体力: 108071.17666666667 / 139
友情点: 40 / 1508675`
*連続ログイン3日目
※ログインが途切れるか、7日到達すると
1日目から再開されます*
`叡智の業火 X 1
2月交換券(2024) X 1
`*日替りログインボーナス*
*開催期間中、1日1回 2週間日替りでログインボーナスをプレゼント！*
`聖晶石 X 1
巡霊の葉 X 50
`_2024-02-01 19:34:45_
--------
*f5845d187badef24087ae9dd8a663e48*
`登陆天数: 319天 / 1557天
等级: 153
石头: 441
呼符: 4
体力: 120.06666666666666 / 143
友情点: 20 / 112650010`
*連続ログイン4日目
※ログインが途切れるか、7日到達すると
1日目から再開されます*
`聖晶石 X 1
2月交換券(2024) X 1
`*日替りログインボーナス*
*開催期間中、1日1回 2週間日替りでログインボーナスをプレゼント！*
`聖晶石 X 1
巡霊の葉 X 50
`_2024-02-01 19:34:53_
--------
