【登录信息】
*4624dcf84d19c7237daa9e3aa06ae38e*
`登陆天数: 1天 / 1266天
等级: 130
石头: 618
呼符: 26
体力: 114827.7 / 138
友情点: 0 / 764225`
*連続ログイン1日目
※ログインが途切れるか、7日到達すると
1日目から再開されます*
`フレンドポイント X 2000
2月交換券(2024) X 1
`*日替りログインボーナス*
*開催期間中、1日1回 2週間日替りでログインボーナスをプレゼント！*
`巡霊の葉 X 30
`_2024-02-03 19:30:48_
--------
*6c9368f50fe20d6a525828c2a1897f5f*
`登陆天数: 1天 / 1463天
等级: 129
石头: 5047
呼符: 179
体力: 17134.073333333334 / 138
友情点: 80 / 331965`
*連続ログイン1日目
※ログインが途切れるか、7日到達すると
1日目から再開されます*
`フレンドポイント X 2000
2月交換券(2024) X 1
`*日替りログインボーナス*
*開催期間中、1日1回 2週間日替りでログインボーナスをプレゼント！*
`巡霊の葉 X 30
`_2024-02-03 19:30:57_
--------
*50e74030067f097de636fdb9ea0a5ce0*
`登陆天数: 1天 / 1468天
等级: 149
石头: 223
呼符: 3
体力: 1959.1566666666668 / 142
友情点: 275 / 107539040`
*連続ログイン1日目
※ログインが途切れるか、7日到達すると
1日目から再開されます*
`フレンドポイント X 2000
2月交換券(2024) X 1
`*日替りログインボーナス*
*開催期間中、1日1回 2週間日替りでログインボーナスをプレゼント！*
`巡霊の葉 X 30
`_2024-02-03 19:31:06_
--------
*5aebed162c025149a9ac12d5ff9cf0d5*
`登陆天数: 1天 / 1299天
等级: 133
石头: 10
呼符: 0
体力: 108646.47666666667 / 139
友情点: 90 / 1508765`
*連続ログイン1日目
※ログインが途切れるか、7日到達すると
1日目から再開されます*
`フレンドポイント X 2000
2月交換券(2024) X 1
`*日替りログインボーナス*
*開催期間中、1日1回 2週間日替りでログインボーナスをプレゼント！*
`巡霊の葉 X 30
`_2024-02-03 19:31:14_
--------
*f5845d187badef24087ae9dd8a663e48*
`登陆天数: 321天 / 1559天
等级: 153
石头: 463
呼符: 4
体力: 150.90333333333334 / 143
友情点: 50 / 112650845`
*連続ログイン6日目
※ログインが途切れるか、7日到達すると
1日目から再開されます*
`聖晶石 X 2
2月交換券(2024) X 1
`*日替りログインボーナス*
*開催期間中、1日1回 2週間日替りでログインボーナスをプレゼント！*
`巡霊の葉 X 30
`_2024-02-03 19:31:23_
--------
