【登录信息】
*4624dcf84d19c7237daa9e3aa06ae38e*
`登陆天数: 2天 / 1267天
等级: 130
石头: 618
呼符: 26
体力: 115115.69666666667 / 138
友情点: 0 / 764225`
*連続ログイン2日目
※ログインが途切れるか、7日到達すると
1日目から再開されます*
`聖晶石 X 1
2月交換券(2024) X 1
`*日替りログインボーナス*
*開催期間中、1日1回 2週間日替りでログインボーナスをプレゼント！*
`聖晶石 X 1
巡霊の葉 X 80
`_2024-02-04 19:30:47_
--------
*6c9368f50fe20d6a525828c2a1897f5f*
`登陆天数: 2天 / 1464天
等级: 129
石头: 5047
呼符: 179
体力: 17422.07 / 138
友情点: 120 / 332085`
*連続ログイン2日目
※ログインが途切れるか、7日到達すると
1日目から再開されます*
`聖晶石 X 1
2月交換券(2024) X 1
`*日替りログインボーナス*
*開催期間中、1日1回 2週間日替りでログインボーナスをプレゼント！*
`聖晶石 X 1
巡霊の葉 X 80
`_2024-02-04 19:30:56_
--------
*50e74030067f097de636fdb9ea0a5ce0*
`登陆天数: 2天 / 1469天
等级: 149
石头: 274
呼符: 4
体力: 87.9 / 142
友情点: 420 / 107544000`
*連続ログイン2日目
※ログインが途切れるか、7日到達すると
1日目から再開されます*
`聖晶石 X 1
2月交換券(2024) X 1
`*日替りログインボーナス*
*開催期間中、1日1回 2週間日替りでログインボーナスをプレゼント！*
`聖晶石 X 1
巡霊の葉 X 80
`_2024-02-04 19:31:04_
--------
*5aebed162c025149a9ac12d5ff9cf0d5*
`登陆天数: 2天 / 1300天
等级: 133
石头: 10
呼符: 0
体力: 108934.47333333333 / 139
友情点: 130 / 1508895`
*連続ログイン2日目
※ログインが途切れるか、7日到達すると
1日目から再開されます*
`聖晶石 X 1
2月交換券(2024) X 1
`*日替りログインボーナス*
*開催期間中、1日1回 2週間日替りでログインボーナスをプレゼント！*
`聖晶石 X 1
巡霊の葉 X 80
`_2024-02-04 19:31:14_
--------
*f5845d187badef24087ae9dd8a663e48*
`登陆天数: 322天 / 1560天
等级: 153
石头: 463
呼符: 4
体力: 139.17666666666668 / 143
友情点: 10 / 112651070`
*連続ログイン7日間到達おめでとうございます！
明日は1日目からリスタートされます。*
`獣の足跡 X 1
呼符 X 1
2月交換券(2024) X 1
`*日替りログインボーナス*
*開催期間中、1日1回 2週間日替りでログインボーナスをプレゼント！*
`聖晶石 X 1
巡霊の葉 X 80
`_2024-02-04 19:31:22_
--------
