【登录信息】
*4624dcf84d19c7237daa9e3aa06ae38e*
`登陆天数: 3天 / 1268天
等级: 130
石头: 618
呼符: 26
体力: 115403.72 / 138
友情点: 0 / 764225`
*連続ログイン3日目
※ログインが途切れるか、7日到達すると
1日目から再開されます*
`叡智の業火 X 1
2月交換券(2024) X 1
`*「Fate/stay night」20周年記念特別ログインボーナス*
*開催期間中、1日1回 最大7回ログインボーナスをプレゼント！*
`QP X 2000000
`_2024-02-05 19:30:55_
--------
*6c9368f50fe20d6a525828c2a1897f5f*
`登陆天数: 3天 / 1465天
等级: 129
石头: 5047
呼符: 179
体力: 17710.096666666668 / 138
友情点: 40 / 332125`
*連続ログイン3日目
※ログインが途切れるか、7日到達すると
1日目から再開されます*
`叡智の業火 X 1
2月交換券(2024) X 1
`*「Fate/stay night」20周年記念特別ログインボーナス*
*開催期間中、1日1回 最大7回ログインボーナスをプレゼント！*
`QP X 2000000
`_2024-02-05 19:31:04_
--------
*50e74030067f097de636fdb9ea0a5ce0*
`登陆天数: 3天 / 1470天
等级: 149
石头: 274
呼符: 4
体力: 375.92333333333335 / 142
友情点: 195 / 107544195`
*連続ログイン3日目
※ログインが途切れるか、7日到達すると
1日目から再開されます*
`叡智の業火 X 1
2月交換券(2024) X 1
`*「Fate/stay night」20周年記念特別ログインボーナス*
*開催期間中、1日1回 最大7回ログインボーナスをプレゼント！*
`QP X 2000000
`_2024-02-05 19:31:12_
--------
*5aebed162c025149a9ac12d5ff9cf0d5*
`登陆天数: 3天 / 1301天
等级: 133
石头: 10
呼符: 0
体力: 109222.49666666667 / 139
友情点: 70 / 1508965`
*連続ログイン3日目
※ログインが途切れるか、7日到達すると
1日目から再開されます*
`叡智の業火 X 1
2月交換券(2024) X 1
`*「Fate/stay night」20周年記念特別ログインボーナス*
*開催期間中、1日1回 最大7回ログインボーナスをプレゼント！*
`QP X 2000000
`_2024-02-05 19:31:21_
--------
*f5845d187badef24087ae9dd8a663e48*
`登陆天数: 323天 / 1561天
等级: 153
石头: 463
呼符: 4
体力: 131.85333333333332 / 143
友情点: 0 / 112651540`
*連続ログイン1日目
※ログインが途切れるか、7日到達すると
1日目から再開されます*
`フレンドポイント X 2000
2月交換券(2024) X 1
`*日替りログインボーナス*
*開催期間中、1日1回 2週間日替りでログインボーナスをプレゼント！*
`巡霊の葉 X 30
`_2024-02-05 19:31:29_
--------
