【登录信息】
*4624dcf84d19c7237daa9e3aa06ae38e*
`登陆天数: 4天 / 1269天
等级: 130
石头: 618
呼符: 26
体力: 115691.65333333334 / 138
友情点: 0 / 764225`
*連続ログイン4日目
※ログインが途切れるか、7日到達すると
1日目から再開されます*
`聖晶石 X 1
2月交換券(2024) X 1
`*盈月剣風帖開幕記念 ログインボーナス*
*開催期間中、1日1回 最大21回ログインボーナスをプレゼント！*
`白銀の果実 X 1
`_2024-02-06 19:30:34_
--------
*6c9368f50fe20d6a525828c2a1897f5f*
`登陆天数: 4天 / 1466天
等级: 129
石头: 5047
呼符: 179
体力: 17998.02666666667 / 138
友情点: 40 / 332165`
*連続ログイン4日目
※ログインが途切れるか、7日到達すると
1日目から再開されます*
`聖晶石 X 1
2月交換券(2024) X 1
`*盈月剣風帖開幕記念 ログインボーナス*
*開催期間中、1日1回 最大21回ログインボーナスをプレゼント！*
`白銀の果実 X 1
`_2024-02-06 19:30:43_
--------
*50e74030067f097de636fdb9ea0a5ce0*
`登陆天数: 4天 / 1471天
等级: 149
石头: 274
呼符: 4
体力: 663.8566666666667 / 142
友情点: 70 / 107544265`
*連続ログイン4日目
※ログインが途切れるか、7日到達すると
1日目から再開されます*
`聖晶石 X 1
2月交換券(2024) X 1
`*盈月剣風帖開幕記念 ログインボーナス*
*開催期間中、1日1回 最大21回ログインボーナスをプレゼント！*
`白銀の果実 X 1
`_2024-02-06 19:30:51_
--------
*5aebed162c025149a9ac12d5ff9cf0d5*
`登陆天数: 4天 / 1302天
等级: 133
石头: 10
呼符: 0
体力: 109510.42666666667 / 139
友情点: 80 / 1509045`
*連続ログイン4日目
※ログインが途切れるか、7日到達すると
1日目から再開されます*
`聖晶石 X 1
2月交換券(2024) X 1
`*盈月剣風帖開幕記念 ログインボーナス*
*開催期間中、1日1回 最大21回ログインボーナスをプレゼント！*
`白銀の果実 X 1
`_2024-02-06 19:31:00_
--------
*f5845d187badef24087ae9dd8a663e48*
`登陆天数: 324天 / 1562天
等级: 153
石头: 486
呼符: 5
体力: 98.01666666666667 / 143
友情点: 30 / 112654020`
*連続ログイン2日目
※ログインが途切れるか、7日到達すると
1日目から再開されます*
`聖晶石 X 1
2月交換券(2024) X 1
`*日替りログインボーナス*
*開催期間中、1日1回 2週間日替りでログインボーナスをプレゼント！*
`巡霊の葉 X 30
`_2024-02-06 19:31:09_
--------
