【登录信息】
*4624dcf84d19c7237daa9e3aa06ae38e*
`登陆天数: 5天 / 1270天
等级: 130
石头: 618
呼符: 26
体力: 115979.7 / 138
友情点: 0 / 764225`
*連続ログイン5日目
※ログインが途切れるか、7日到達すると
1日目から再開されます*
`叡智の業火 X 2
2月交換券(2024) X 1
`*日替りログインボーナス*
*開催期間中、1日1回 2週間日替りでログインボーナスをプレゼント！*
`聖晶石 X 3
巡霊の葉 X 50
`_2024-02-07 19:30:49_
--------
*6c9368f50fe20d6a525828c2a1897f5f*
`登陆天数: 5天 / 1467天
等级: 129
石头: 5047
呼符: 179
体力: 18286.073333333334 / 138
友情点: 90 / 332255`
*連続ログイン5日目
※ログインが途切れるか、7日到達すると
1日目から再開されます*
`叡智の業火 X 2
2月交換券(2024) X 1
`*日替りログインボーナス*
*開催期間中、1日1回 2週間日替りでログインボーナスをプレゼント！*
`聖晶石 X 3
巡霊の葉 X 50
`_2024-02-07 19:30:57_
--------
*50e74030067f097de636fdb9ea0a5ce0*
`登陆天数: 5天 / 1472天
等级: 149
石头: 274
呼符: 4
体力: 951.9033333333333 / 142
友情点: 465 / 107544730`
*連続ログイン5日目
※ログインが途切れるか、7日到達すると
1日目から再開されます*
`叡智の業火 X 2
2月交換券(2024) X 1
`*日替りログインボーナス*
*開催期間中、1日1回 2週間日替りでログインボーナスをプレゼント！*
`聖晶石 X 3
巡霊の葉 X 50
`_2024-02-07 19:31:05_
--------
*5aebed162c025149a9ac12d5ff9cf0d5*
`登陆天数: 5天 / 1303天
等级: 133
石头: 10
呼符: 0
体力: 109798.47333333333 / 139
友情点: 100 / 1509145`
*連続ログイン5日目
※ログインが途切れるか、7日到達すると
1日目から再開されます*
`叡智の業火 X 2
2月交換券(2024) X 1
`*日替りログインボーナス*
*開催期間中、1日1回 2週間日替りでログインボーナスをプレゼント！*
`聖晶石 X 3
巡霊の葉 X 50
`_2024-02-07 19:31:14_
--------
*f5845d187badef24087ae9dd8a663e48*
`登陆天数: 325天 / 1563天
等级: 153
石头: 498
呼符: 5
体力: 74.56333333333333 / 143
友情点: 430 / 112655150`
*連続ログイン3日目
※ログインが途切れるか、7日到達すると
1日目から再開されます*
`叡智の業火 X 1
2月交換券(2024) X 1
`*日替りログインボーナス*
*開催期間中、1日1回 2週間日替りでログインボーナスをプレゼント！*
`聖晶石 X 3
巡霊の葉 X 50
`_2024-02-07 19:31:23_
--------
