【登录信息】
*4624dcf84d19c7237daa9e3aa06ae38e*
`登陆天数: 6天 / 1271天
等级: 130
石头: 618
呼符: 26
体力: 116267.73666666666 / 138
友情点: 0 / 764225`
*連続ログイン6日目
※ログインが途切れるか、7日到達すると
1日目から再開されます*
`聖晶石 X 2
2月交換券(2024) X 1
`*日替りログインボーナス*
*開催期間中、1日1回 2週間日替りでログインボーナスをプレゼント！*
`聖晶石 X 1
巡霊の葉 X 50
`_2024-02-08 19:30:59_
--------
*6c9368f50fe20d6a525828c2a1897f5f*
`登陆天数: 6天 / 1468天
等级: 129
石头: 5047
呼符: 179
体力: 18574.11 / 138
友情点: 420 / 332675`
*連続ログイン6日目
※ログインが途切れるか、7日到達すると
1日目から再開されます*
`聖晶石 X 2
2月交換券(2024) X 1
`*日替りログインボーナス*
*開催期間中、1日1回 2週間日替りでログインボーナスをプレゼント！*
`聖晶石 X 1
巡霊の葉 X 50
`_2024-02-08 19:31:08_
--------
*50e74030067f097de636fdb9ea0a5ce0*
`登陆天数: 6天 / 1473天
等级: 149
石头: 312
呼符: 0
体力: 14.963333333333338 / 142
友情点: 50 / 107511615`
_2024-02-08 19:31:16_
--------
*5aebed162c025149a9ac12d5ff9cf0d5*
`登陆天数: 6天 / 1304天
等级: 133
石头: 10
呼符: 0
体力: 110086.50666666667 / 139
友情点: 160 / 1509315`
*連続ログイン6日目
※ログインが途切れるか、7日到達すると
1日目から再開されます*
`聖晶石 X 2
2月交換券(2024) X 1
`*日替りログインボーナス*
*開催期間中、1日1回 2週間日替りでログインボーナスをプレゼント！*
`聖晶石 X 1
巡霊の葉 X 50
`_2024-02-08 19:31:24_
--------
*f5845d187badef24087ae9dd8a663e48*
`登陆天数: 326天 / 1564天
等级: 153
石头: 506
呼符: 5
体力: 79.06666666666666 / 143
友情点: 100 / 112656010`
*連続ログイン4日目
※ログインが途切れるか、7日到達すると
1日目から再開されます*
`聖晶石 X 1
2月交換券(2024) X 1
`*日替りログインボーナス*
*開催期間中、1日1回 2週間日替りでログインボーナスをプレゼント！*
`聖晶石 X 1
巡霊の葉 X 50
`_2024-02-08 19:31:32_
--------
