【登录信息】
*4624dcf84d19c7237daa9e3aa06ae38e*
`登陆天数: 7天 / 1272天
等级: 130
石头: 618
呼符: 26
体力: 116555.75 / 138
友情点: 0 / 764225`
*連続ログイン7日間到達おめでとうございます！
明日は1日目からリスタートされます。*
`獣の足跡 X 1
呼符 X 1
2月交換券(2024) X 1
`*日替りログインボーナス*
*開催期間中、1日1回 2週間日替りでログインボーナスをプレゼント！*
`巡霊の葉 X 30
`_2024-02-09 19:31:04_
--------
*6c9368f50fe20d6a525828c2a1897f5f*
`登陆天数: 7天 / 1469天
等级: 129
石头: 5047
呼符: 179
体力: 18862.123333333333 / 138
友情点: 300 / 332975`
*連続ログイン7日間到達おめでとうございます！
明日は1日目からリスタートされます。*
`獣の足跡 X 1
呼符 X 1
2月交換券(2024) X 1
`*日替りログインボーナス*
*開催期間中、1日1回 2週間日替りでログインボーナスをプレゼント！*
`巡霊の葉 X 30
`_2024-02-09 19:31:13_
--------
*50e74030067f097de636fdb9ea0a5ce0*
`登陆天数: 7天 / 1474天
等级: 149
石头: 312
呼符: 0
体力: 100.78 / 142
友情点: 110 / 107513785`
*連続ログイン7日間到達おめでとうございます！
明日は1日目からリスタートされます。*
`獣の足跡 X 1
呼符 X 1
2月交換券(2024) X 1
`*日替りログインボーナス*
*開催期間中、1日1回 2週間日替りでログインボーナスをプレゼント！*
`巡霊の葉 X 30
`_2024-02-09 19:31:21_
--------
*5aebed162c025149a9ac12d5ff9cf0d5*
`登陆天数: 7天 / 1305天
等级: 133
石头: 10
呼符: 0
体力: 110374.52333333333 / 139
友情点: 120 / 1509435`
*連続ログイン7日間到達おめでとうございます！
明日は1日目からリスタートされます。*
`獣の足跡 X 1
呼符 X 1
2月交換券(2024) X 1
`*日替りログインボーナス*
*開催期間中、1日1回 2週間日替りでログインボーナスをプレゼント！*
`巡霊の葉 X 30
`_2024-02-09 19:31:29_
--------
*f5845d187badef24087ae9dd8a663e48*
`登陆天数: 327天 / 1565天
等级: 153
石头: 510
呼符: 5
体力: 27.08333333333333 / 143
友情点: 130 / 112656645`
*連続ログイン5日目
※ログインが途切れるか、7日到達すると
1日目から再開されます*
`叡智の業火 X 2
2月交換券(2024) X 1
`*日替りログインボーナス*
*開催期間中、1日1回 2週間日替りでログインボーナスをプレゼント！*
`巡霊の葉 X 30
`_2024-02-09 19:31:38_
--------
