【登录信息】
*4624dcf84d19c7237daa9e3aa06ae38e*
`登陆天数: 8天 / 1273天
等级: 130
石头: 618
呼符: 26
体力: 116843.7 / 138
友情点: 0 / 764225`
*連続ログイン1日目
※ログインが途切れるか、7日到達すると
1日目から再開されます*
`フレンドポイント X 2000
2月交換券(2024) X 1
`*日替りログインボーナス*
*開催期間中、1日1回 2週間日替りでログインボーナスをプレゼント！*
`巡霊の葉 X 30
`_2024-02-10 19:30:48_
--------
*6c9368f50fe20d6a525828c2a1897f5f*
`登陆天数: 8天 / 1470天
等级: 129
石头: 5047
呼符: 179
体力: 19150.073333333334 / 138
友情点: 140 / 333115`
*連続ログイン1日目
※ログインが途切れるか、7日到達すると
1日目から再開されます*
`フレンドポイント X 2000
2月交換券(2024) X 1
`*日替りログインボーナス*
*開催期間中、1日1回 2週間日替りでログインボーナスをプレゼント！*
`巡霊の葉 X 30
`_2024-02-10 19:30:57_
--------
*50e74030067f097de636fdb9ea0a5ce0*
`登陆天数: 8天 / 1475天
等级: 149
石头: 319
呼符: 1
体力: 294.73 / 142
友情点: 375 / 107514730`
*連続ログイン1日目
※ログインが途切れるか、7日到達すると
1日目から再開されます*
`フレンドポイント X 2000
2月交換券(2024) X 1
`*日替りログインボーナス*
*開催期間中、1日1回 2週間日替りでログインボーナスをプレゼント！*
`巡霊の葉 X 30
`_2024-02-10 19:31:05_
--------
*5aebed162c025149a9ac12d5ff9cf0d5*
`登陆天数: 8天 / 1306天
等级: 133
石头: 10
呼符: 0
体力: 110662.47333333333 / 139
友情点: 120 / 1509555`
*連続ログイン1日目
※ログインが途切れるか、7日到達すると
1日目から再開されます*
`フレンドポイント X 2000
2月交換券(2024) X 1
`*日替りログインボーナス*
*開催期間中、1日1回 2週間日替りでログインボーナスをプレゼント！*
`巡霊の葉 X 30
`_2024-02-10 19:31:14_
--------
*f5845d187badef24087ae9dd8a663e48*
`登陆天数: 328天 / 1566天
等级: 153
石头: 540
呼符: 5
体力: 72.40666666666667 / 143
友情点: 30 / 112657215`
*連続ログイン6日目
※ログインが途切れるか、7日到達すると
1日目から再開されます*
`聖晶石 X 2
2月交換券(2024) X 1
`*日替りログインボーナス*
*開催期間中、1日1回 2週間日替りでログインボーナスをプレゼント！*
`巡霊の葉 X 30
`_2024-02-10 19:31:23_
--------
