【登录信息】
*4624dcf84d19c7237daa9e3aa06ae38e*
`登陆天数: 9天 / 1274天
等级: 130
石头: 618
呼符: 26
体力: 117131.65666666666 / 138
友情点: 0 / 764225`
*連続ログイン2日目
※ログインが途切れるか、7日到達すると
1日目から再開されます*
`聖晶石 X 1
2月交換券(2024) X 1
`*「FGO カルデア・サテライトステーション 2023-2024」新潟会場開催記念 3万リポスト達成プレゼント*
*開催期間中、初回ログインで「聖晶石×6」をプレゼント！*
`聖晶石 X 6
`_2024-02-11 19:30:35_
--------
*6c9368f50fe20d6a525828c2a1897f5f*
`登陆天数: 9天 / 1471天
等级: 129
石头: 5047
呼符: 179
体力: 19438.03 / 138
友情点: 400 / 333515`
*連続ログイン2日目
※ログインが途切れるか、7日到達すると
1日目から再開されます*
`聖晶石 X 1
2月交換券(2024) X 1
`*「FGO カルデア・サテライトステーション 2023-2024」新潟会場開催記念 3万リポスト達成プレゼント*
*開催期間中、初回ログインで「聖晶石×6」をプレゼント！*
`聖晶石 X 6
`_2024-02-11 19:30:44_
--------
*50e74030067f097de636fdb9ea0a5ce0*
`登陆天数: 9天 / 1476天
等级: 149
石头: 319
呼符: 1
体力: 291.03666666666663 / 142
友情点: 270 / 107517315`
*連続ログイン2日目
※ログインが途切れるか、7日到達すると
1日目から再開されます*
`聖晶石 X 1
2月交換券(2024) X 1
`*「FGO カルデア・サテライトステーション 2023-2024」新潟会場開催記念 3万リポスト達成プレゼント*
*開催期間中、初回ログインで「聖晶石×6」をプレゼント！*
`聖晶石 X 6
`_2024-02-11 19:30:53_
--------
*5aebed162c025149a9ac12d5ff9cf0d5*
`登陆天数: 9天 / 1307天
等级: 133
石头: 10
呼符: 0
体力: 110950.43333333333 / 139
友情点: 150 / 1509705`
*連続ログイン2日目
※ログインが途切れるか、7日到達すると
1日目から再開されます*
`聖晶石 X 1
2月交換券(2024) X 1
`*「FGO カルデア・サテライトステーション 2023-2024」新潟会場開催記念 3万リポスト達成プレゼント*
*開催期間中、初回ログインで「聖晶石×6」をプレゼント！*
`聖晶石 X 6
`_2024-02-11 19:31:02_
--------
*f5845d187badef24087ae9dd8a663e48*
`登陆天数: 329天 / 1567天
等级: 153
石头: 542
呼符: 5
体力: 68.77333333333333 / 143
友情点: 0 / 112657800`
*連続ログイン7日間到達おめでとうございます！
明日は1日目からリスタートされます。*
`獣の足跡 X 1
呼符 X 1
2月交換券(2024) X 1
`*「FGO カルデア・サテライトステーション 2023-2024」新潟会場開催記念 3万リポスト達成プレゼント*
*開催期間中、初回ログインで「聖晶石×6」をプレゼント！*
`聖晶石 X 6
`_2024-02-11 19:31:11_
--------
