【登录信息】
*4624dcf84d19c7237daa9e3aa06ae38e*
`登陆天数: 10天 / 1275天
等级: 130
石头: 618
呼符: 26
体力: 117419.70333333334 / 138
友情点: 0 / 764225`
*連続ログイン3日目
※ログインが途切れるか、7日到達すると
1日目から再開されます*
`叡智の業火 X 1
2月交換券(2024) X 1
`*日替りログインボーナス*
*開催期間中、1日1回 2週間日替りでログインボーナスをプレゼント！*
`巡霊の葉 X 30
`_2024-02-12 19:30:49_
--------
*6c9368f50fe20d6a525828c2a1897f5f*
`登陆天数: 10天 / 1472天
等级: 129
石头: 5047
呼符: 179
体力: 19726.076666666668 / 138
友情点: 240 / 333755`
*連続ログイン3日目
※ログインが途切れるか、7日到達すると
1日目から再開されます*
`叡智の業火 X 1
2月交換券(2024) X 1
`*日替りログインボーナス*
*開催期間中、1日1回 2週間日替りでログインボーナスをプレゼント！*
`巡霊の葉 X 30
`_2024-02-12 19:30:58_
--------
*50e74030067f097de636fdb9ea0a5ce0*
`登陆天数: 10天 / 1477天
等级: 149
石头: 337
呼符: 1
体力: 279.33000000000004 / 142
友情点: 85 / 107517570`
*連続ログイン3日目
※ログインが途切れるか、7日到達すると
1日目から再開されます*
`叡智の業火 X 1
2月交換券(2024) X 1
`*日替りログインボーナス*
*開催期間中、1日1回 2週間日替りでログインボーナスをプレゼント！*
`巡霊の葉 X 30
`_2024-02-12 19:31:07_
--------
*5aebed162c025149a9ac12d5ff9cf0d5*
`登陆天数: 10天 / 1308天
等级: 133
石头: 10
呼符: 0
体力: 111238.48333333334 / 139
友情点: 80 / 1509785`
*連続ログイン3日目
※ログインが途切れるか、7日到達すると
1日目から再開されます*
`叡智の業火 X 1
2月交換券(2024) X 1
`*日替りログインボーナス*
*開催期間中、1日1回 2週間日替りでログインボーナスをプレゼント！*
`巡霊の葉 X 30
`_2024-02-12 19:31:16_
--------
*f5845d187badef24087ae9dd8a663e48*
`登陆天数: 330天 / 1568天
等级: 153
石头: 542
呼符: 5
体力: 63.57333333333334 / 143
友情点: 260 / 112658460`
*連続ログイン1日目
※ログインが途切れるか、7日到達すると
1日目から再開されます*
`フレンドポイント X 2000
2月交換券(2024) X 1
`*日替りログインボーナス*
*開催期間中、1日1回 2週間日替りでログインボーナスをプレゼント！*
`巡霊の葉 X 30
`_2024-02-12 19:31:25_
--------
