【登录信息】
*4624dcf84d19c7237daa9e3aa06ae38e*
`登陆天数: 11天 / 1276天
等级: 130
石头: 618
呼符: 26
体力: 117707.77333333333 / 138
友情点: 0 / 764225`
*連続ログイン4日目
※ログインが途切れるか、7日到達すると
1日目から再開されます*
`聖晶石 X 1
2月交換券(2024) X 1
`*バレンタイン2024
開幕直前特別ログインボーナス*
*開催期間中、1日1回 最大7回ログインボーナスをプレゼント！*
`マナプリズム X 50
`_2024-02-13 19:31:10_
--------
*6c9368f50fe20d6a525828c2a1897f5f*
`登陆天数: 11天 / 1473天
等级: 129
石头: 5047
呼符: 179
体力: 20014.143333333333 / 138
友情点: 200 / 333955`
*連続ログイン4日目
※ログインが途切れるか、7日到達すると
1日目から再開されます*
`聖晶石 X 1
2月交換券(2024) X 1
`*バレンタイン2024
開幕直前特別ログインボーナス*
*開催期間中、1日1回 最大7回ログインボーナスをプレゼント！*
`マナプリズム X 50
`_2024-02-13 19:31:19_
--------
*50e74030067f097de636fdb9ea0a5ce0*
`登陆天数: 11天 / 1478天
等级: 149
石头: 337
呼符: 1
体力: 567.3933333333333 / 142
友情点: 125 / 107517695`
*連続ログイン4日目
※ログインが途切れるか、7日到達すると
1日目から再開されます*
`聖晶石 X 1
2月交換券(2024) X 1
`*バレンタイン2024
開幕直前特別ログインボーナス*
*開催期間中、1日1回 最大7回ログインボーナスをプレゼント！*
`マナプリズム X 50
`_2024-02-13 19:31:27_
--------
*5aebed162c025149a9ac12d5ff9cf0d5*
`登陆天数: 11天 / 1309天
等级: 133
石头: 10
呼符: 0
体力: 111526.54333333333 / 139
友情点: 100 / 1509885`
*連続ログイン4日目
※ログインが途切れるか、7日到達すると
1日目から再開されます*
`聖晶石 X 1
2月交換券(2024) X 1
`*バレンタイン2024
開幕直前特別ログインボーナス*
*開催期間中、1日1回 最大7回ログインボーナスをプレゼント！*
`マナプリズム X 50
`_2024-02-13 19:31:35_
--------
*f5845d187badef24087ae9dd8a663e48*
`登陆天数: 331天 / 1569天
等级: 153
石头: 542
呼符: 5
体力: 102.29333333333334 / 143
友情点: 250 / 112658895`
*連続ログイン2日目
※ログインが途切れるか、7日到達すると
1日目から再開されます*
`聖晶石 X 1
2月交換券(2024) X 1
`*日替りログインボーナス*
*開催期間中、1日1回 2週間日替りでログインボーナスをプレゼント！*
`巡霊の葉 X 30
`_2024-02-13 19:31:44_
--------
