【登录信息】
*4624dcf84d19c7237daa9e3aa06ae38e*
`登陆天数: 62天 / 1050天
等级: 130
石头: 209
呼符: 5
体力: 52044.94666666666 / 138
友情点: 0 / 724225`
*連続ログイン6日目
※ログインが途切れるか、7日到達すると
1日目から再開されます*
`聖晶石 X 2
7月交換券(2023) X 1
`*TVスペシャルアニメ「Fate/strange Fake -Whispers of Dawn-」放送記念
特別ログインボーナス*
*開催期間中、1日1回 最大3回 ログインボーナスをプレゼント！*
`マナプリズム X 50
`_2023-06-30 19:37:03_
--------
*1960c6c2468d480d10656e460ff945b7*
`登陆天数: 62天 / 1247天
等级: 129
石头: 4285
呼符: 131
体力: 71595.34666666666 / 138
友情点: 0 / 133515`
*連続ログイン6日目
※ログインが途切れるか、7日到達すると
1日目から再開されます*
`聖晶石 X 2
7月交換券(2023) X 1
`*TVスペシャルアニメ「Fate/strange Fake -Whispers of Dawn-」放送記念
特別ログインボーナス*
*開催期間中、1日1回 最大3回 ログインボーナスをプレゼント！*
`マナプリズム X 50
`_2023-06-30 19:37:11_
--------
*50e74030067f097de636fdb9ea0a5ce0*
`登陆天数: 62天 / 1252天
等级: 143
石头: 42
呼符: 5
体力: 163.81 / 141
友情点: 60 / 8947855`
*連続ログイン6日目
※ログインが途切れるか、7日到達すると
1日目から再開されます*
`聖晶石 X 2
7月交換券(2023) X 1
`*TVスペシャルアニメ「Fate/strange Fake -Whispers of Dawn-」放送記念
特別ログインボーナス*
*開催期間中、1日1回 最大3回 ログインボーナスをプレゼント！*
`マナプリズム X 50
`_2023-06-30 19:37:20_
--------
*5aebed162c025149a9ac12d5ff9cf0d5*
`登陆天数: 62天 / 1083天
等级: 133
石头: 10
呼符: 0
体力: 45863.72 / 139
友情点: 0 / 1470620`
*連続ログイン6日目
※ログインが途切れるか、7日到達すると
1日目から再開されます*
`聖晶石 X 2
7月交換券(2023) X 1
`*TVスペシャルアニメ「Fate/strange Fake -Whispers of Dawn-」放送記念
特別ログインボーナス*
*開催期間中、1日1回 最大3回 ログインボーナスをプレゼント！*
`マナプリズム X 50
`_2023-06-30 19:37:28_
--------
*f5845d187badef24087ae9dd8a663e48*
`登陆天数: 103天 / 1341天
等级: 143
石头: 539
呼符: 3
体力: 45.11 / 141
友情点: 0 / 24897995`
*連続ログイン5日目
※ログインが途切れるか、7日到達すると
1日目から再開されます*
`叡智の業火 X 2
7月交換券(2023) X 1
`*TVスペシャルアニメ「Fate/strange Fake -Whispers of Dawn-」放送記念
特別ログインボーナス*
*開催期間中、1日1回 最大3回 ログインボーナスをプレゼント！*
`QP X 5000000
`_2023-06-30 19:37:37_
--------
