【登录信息】
*4624dcf84d19c7237daa9e3aa06ae38e*
`登陆天数: 63天 / 1051天
等级: 130
石头: 209
呼符: 5
体力: 52332.89333333333 / 138
友情点: 0 / 724225`
*連続ログイン7日間到達おめでとうございます！
明日は1日目からリスタートされます。*
`獣の足跡 X 1
呼符 X 1
7月交換券(2023) X 1
`*TVスペシャルアニメ「Fate/strange Fake -Whispers of Dawn-」放送記念
特別ログインボーナス*
*開催期間中、1日1回 最大3回 ログインボーナスをプレゼント！*
`QP X 5000000
`_2023-07-01 19:36:47_
--------
*1960c6c2468d480d10656e460ff945b7*
`登陆天数: 63天 / 1248天
等级: 129
石头: 4285
呼符: 131
体力: 71883.29333333333 / 138
友情点: 0 / 133515`
*連続ログイン7日間到達おめでとうございます！
明日は1日目からリスタートされます。*
`獣の足跡 X 1
呼符 X 1
7月交換券(2023) X 1
`*TVスペシャルアニメ「Fate/strange Fake -Whispers of Dawn-」放送記念
特別ログインボーナス*
*開催期間中、1日1回 最大3回 ログインボーナスをプレゼント！*
`QP X 5000000
`_2023-07-01 19:36:55_
--------
*50e74030067f097de636fdb9ea0a5ce0*
`登陆天数: 63天 / 1253天
等级: 143
石头: 48
呼符: 5
体力: 123.72 / 141
友情点: 150 / 8949480`
*連続ログイン7日間到達おめでとうございます！
明日は1日目からリスタートされます。*
`獣の足跡 X 1
呼符 X 1
7月交換券(2023) X 1
`*TVスペシャルアニメ「Fate/strange Fake -Whispers of Dawn-」放送記念
特別ログインボーナス*
*開催期間中、1日1回 最大3回 ログインボーナスをプレゼント！*
`QP X 5000000
`_2023-07-01 19:37:03_
--------
*5aebed162c025149a9ac12d5ff9cf0d5*
`登陆天数: 63天 / 1084天
等级: 133
石头: 10
呼符: 0
体力: 46151.666666666664 / 139
友情点: 0 / 1470620`
*連続ログイン7日間到達おめでとうございます！
明日は1日目からリスタートされます。*
`獣の足跡 X 1
呼符 X 1
7月交換券(2023) X 1
`*TVスペシャルアニメ「Fate/strange Fake -Whispers of Dawn-」放送記念
特別ログインボーナス*
*開催期間中、1日1回 最大3回 ログインボーナスをプレゼント！*
`QP X 5000000
`_2023-07-01 19:37:12_
--------
*f5845d187badef24087ae9dd8a663e48*
`登陆天数: 104天 / 1342天
等级: 143
石头: 534
呼符: 3
体力: 333.0566666666667 / 141
友情点: 0 / 24898045`
*連続ログイン6日目
※ログインが途切れるか、7日到達すると
1日目から再開されます*
`聖晶石 X 2
7月交換券(2023) X 1
`*TVスペシャルアニメ「Fate/strange Fake -Whispers of Dawn-」放送記念
特別ログインボーナス*
*開催期間中、1日1回 最大3回 ログインボーナスをプレゼント！*
`strange Fake X 1
`_2023-07-01 19:37:21_
--------
