【登录信息】
*4624dcf84d19c7237daa9e3aa06ae38e*
`登陆天数: 64天 / 1052天
等级: 130
石头: 209
呼符: 5
体力: 52620.916666666664 / 138
友情点: 0 / 724225`
*連続ログイン1日目
※ログインが途切れるか、7日到達すると
1日目から再開されます*
`フレンドポイント X 2000
7月交換券(2023) X 1
`*TVスペシャルアニメ「Fate/strange Fake -Whispers of Dawn-」放送記念
特別ログインボーナス*
*開催期間中、1日1回 最大3回 ログインボーナスをプレゼント！*
`strange Fake X 1
`_2023-07-02 19:36:54_
--------
*1960c6c2468d480d10656e460ff945b7*
`登陆天数: 64天 / 1249天
等级: 129
石头: 4285
呼符: 131
体力: 72171.32 / 138
友情点: 90 / 133605`
*連続ログイン1日目
※ログインが途切れるか、7日到達すると
1日目から再開されます*
`フレンドポイント X 2000
7月交換券(2023) X 1
`*TVスペシャルアニメ「Fate/strange Fake -Whispers of Dawn-」放送記念
特別ログインボーナス*
*開催期間中、1日1回 最大3回 ログインボーナスをプレゼント！*
`strange Fake X 1
`_2023-07-02 19:37:03_
--------
*50e74030067f097de636fdb9ea0a5ce0*
`登陆天数: 64天 / 1254天
等级: 143
石头: 48
呼符: 5
体力: 174.70333333333332 / 141
友情点: 75 / 8949910`
*連続ログイン1日目
※ログインが途切れるか、7日到達すると
1日目から再開されます*
`フレンドポイント X 2000
7月交換券(2023) X 1
`*TVスペシャルアニメ「Fate/strange Fake -Whispers of Dawn-」放送記念
特別ログインボーナス*
*開催期間中、1日1回 最大3回 ログインボーナスをプレゼント！*
`strange Fake X 1
`_2023-07-02 19:37:11_
--------
*5aebed162c025149a9ac12d5ff9cf0d5*
`登陆天数: 64天 / 1085天
等级: 133
石头: 10
呼符: 0
体力: 46439.693333333336 / 139
友情点: 110 / 1470730`
*連続ログイン1日目
※ログインが途切れるか、7日到達すると
1日目から再開されます*
`フレンドポイント X 2000
7月交換券(2023) X 1
`*TVスペシャルアニメ「Fate/strange Fake -Whispers of Dawn-」放送記念
特別ログインボーナス*
*開催期間中、1日1回 最大3回 ログインボーナスをプレゼント！*
`strange Fake X 1
`_2023-07-02 19:37:20_
--------
*f5845d187badef24087ae9dd8a663e48*
`登陆天数: 105天 / 1343天
等级: 143
石头: 528
呼符: 3
体力: 621.0833333333333 / 141
友情点: 10 / 24898185`
*連続ログイン7日間到達おめでとうございます！
明日は1日目からリスタートされます。*
`獣の足跡 X 1
呼符 X 1
7月交換券(2023) X 1
`*2800万DL突破記念 特別回数ログインボーナス*
*開催期間中、1日1回 最大10回 回数ログインボーナスをプレゼント！*
`英霊結晶・星のフォウくん X 10
英霊結晶・太陽のフォウくん X 10
`_2023-07-02 19:37:28_
--------
