【登录信息】
*4624dcf84d19c7237daa9e3aa06ae38e*
`登陆天数: 65天 / 1053天
等级: 130
石头: 209
呼符: 5
体力: 52908.92333333333 / 138
友情点: 0 / 724225`
*連続ログイン2日目
※ログインが途切れるか、7日到達すると
1日目から再開されます*
`聖晶石 X 1
7月交換券(2023) X 1
`*日替りログインボーナス*
*開催期間中、1日1回 2週間日替りでログインボーナスをプレゼント！*
`巡霊の葉 X 30
`_2023-07-03 19:36:55_
--------
*1960c6c2468d480d10656e460ff945b7*
`登陆天数: 65天 / 1250天
等级: 129
石头: 4285
呼符: 131
体力: 72459.32333333333 / 138
友情点: 10 / 133615`
*連続ログイン2日目
※ログインが途切れるか、7日到達すると
1日目から再開されます*
`聖晶石 X 1
7月交換券(2023) X 1
`*日替りログインボーナス*
*開催期間中、1日1回 2週間日替りでログインボーナスをプレゼント！*
`巡霊の葉 X 30
`_2023-07-03 19:37:04_
--------
*50e74030067f097de636fdb9ea0a5ce0*
`登陆天数: 65天 / 1255天
等级: 143
石头: 52
呼符: 6
体力: 152.53666666666666 / 141
友情点: 0 / 8952440`
*連続ログイン2日目
※ログインが途切れるか、7日到達すると
1日目から再開されます*
`聖晶石 X 1
7月交換券(2023) X 1
`*日替りログインボーナス*
*開催期間中、1日1回 2週間日替りでログインボーナスをプレゼント！*
`巡霊の葉 X 30
`_2023-07-03 19:37:12_
--------
*5aebed162c025149a9ac12d5ff9cf0d5*
`登陆天数: 65天 / 1086天
等级: 133
石头: 10
呼符: 0
体力: 46727.69666666666 / 139
友情点: 10 / 1470740`
*連続ログイン2日目
※ログインが途切れるか、7日到達すると
1日目から再開されます*
`聖晶石 X 1
7月交換券(2023) X 1
`*日替りログインボーナス*
*開催期間中、1日1回 2週間日替りでログインボーナスをプレゼント！*
`巡霊の葉 X 30
`_2023-07-03 19:37:21_
--------
*f5845d187badef24087ae9dd8a663e48*
`登陆天数: 106天 / 1344天
等级: 143
石头: 522
呼符: 3
体力: 909.0866666666667 / 141
友情点: 130 / 24898315`
*連続ログイン1日目
※ログインが途切れるか、7日到達すると
1日目から再開されます*
`フレンドポイント X 2000
7月交換券(2023) X 1
`*日替りログインボーナス*
*開催期間中、1日1回 2週間日替りでログインボーナスをプレゼント！*
`巡霊の葉 X 30
`_2023-07-03 19:37:30_
--------
