【登录信息】
*4624dcf84d19c7237daa9e3aa06ae38e*
`登陆天数: 66天 / 1054天
等级: 130
石头: 209
呼符: 5
体力: 53196.89666666667 / 138
友情点: 0 / 724225`
*連続ログイン3日目
※ログインが途切れるか、7日到達すると
1日目から再開されます*
`叡智の業火 X 1
7月交換券(2023) X 1
`*日替りログインボーナス*
*開催期間中、1日1回 2週間日替りでログインボーナスをプレゼント！*
`巡霊の葉 X 30
`_2023-07-04 19:36:48_
--------
*1960c6c2468d480d10656e460ff945b7*
`登陆天数: 66天 / 1251天
等级: 129
石头: 4285
呼符: 131
体力: 72747.29666666666 / 138
友情点: 30 / 133645`
*連続ログイン3日目
※ログインが途切れるか、7日到達すると
1日目から再開されます*
`叡智の業火 X 1
7月交換券(2023) X 1
`*日替りログインボーナス*
*開催期間中、1日1回 2週間日替りでログインボーナスをプレゼント！*
`巡霊の葉 X 30
`_2023-07-04 19:36:56_
--------
*50e74030067f097de636fdb9ea0a5ce0*
`登陆天数: 66天 / 1256天
等级: 143
石头: 75
呼符: 6
体力: 230.41333333333333 / 141
友情点: 175 / 8954115`
*連続ログイン3日目
※ログインが途切れるか、7日到達すると
1日目から再開されます*
`叡智の業火 X 1
7月交換券(2023) X 1
`*日替りログインボーナス*
*開催期間中、1日1回 2週間日替りでログインボーナスをプレゼント！*
`巡霊の葉 X 30
`_2023-07-04 19:37:04_
--------
*5aebed162c025149a9ac12d5ff9cf0d5*
`登陆天数: 66天 / 1087天
等级: 133
石头: 10
呼符: 0
体力: 47015.666666666664 / 139
友情点: 10 / 1470750`
*連続ログイン3日目
※ログインが途切れるか、7日到達すると
1日目から再開されます*
`叡智の業火 X 1
7月交換券(2023) X 1
`*日替りログインボーナス*
*開催期間中、1日1回 2週間日替りでログインボーナスをプレゼント！*
`巡霊の葉 X 30
`_2023-07-04 19:37:12_
--------
*f5845d187badef24087ae9dd8a663e48*
`登陆天数: 107天 / 1345天
等级: 143
石头: 515
呼符: 3
体力: 147.40333333333334 / 141
友情点: 10 / 24898355`
*連続ログイン2日目
※ログインが途切れるか、7日到達すると
1日目から再開されます*
`聖晶石 X 1
7月交換券(2023) X 1
`*日替りログインボーナス*
*開催期間中、1日1回 2週間日替りでログインボーナスをプレゼント！*
`巡霊の葉 X 30
`_2023-07-04 19:37:21_
--------
