【登录信息】
*4624dcf84d19c7237daa9e3aa06ae38e*
`登陆天数: 67天 / 1055天
等级: 130
石头: 209
呼符: 5
体力: 53484.973333333335 / 138
友情点: 0 / 724225`
*連続ログイン4日目
※ログインが途切れるか、7日到達すると
1日目から再開されます*
`聖晶石 X 1
7月交換券(2023) X 1
`*日替りログインボーナス*
*開催期間中、1日1回 2週間日替りでログインボーナスをプレゼント！*
`聖晶石 X 2
巡霊の葉 X 100
`_2023-07-05 19:37:11_
--------
*1960c6c2468d480d10656e460ff945b7*
`登陆天数: 67天 / 1252天
等级: 129
石头: 4285
呼符: 131
体力: 73035.37333333334 / 138
友情点: 40 / 133685`
*連続ログイン4日目
※ログインが途切れるか、7日到達すると
1日目から再開されます*
`聖晶石 X 1
7月交換券(2023) X 1
`*日替りログインボーナス*
*開催期間中、1日1回 2週間日替りでログインボーナスをプレゼント！*
`聖晶石 X 2
巡霊の葉 X 100
`_2023-07-05 19:37:19_
--------
*50e74030067f097de636fdb9ea0a5ce0*
`登陆天数: 67天 / 1257天
等级: 143
石头: 93
呼符: 11
体力: 216.26 / 141
友情点: 40 / 8955675`
*連続ログイン4日目
※ログインが途切れるか、7日到達すると
1日目から再開されます*
`聖晶石 X 1
7月交換券(2023) X 1
`*日替りログインボーナス*
*開催期間中、1日1回 2週間日替りでログインボーナスをプレゼント！*
`聖晶石 X 2
巡霊の葉 X 100
`_2023-07-05 19:37:28_
--------
*5aebed162c025149a9ac12d5ff9cf0d5*
`登陆天数: 67天 / 1088天
等级: 133
石头: 10
呼符: 0
体力: 47303.746666666666 / 139
友情点: 150 / 1470900`
*連続ログイン4日目
※ログインが途切れるか、7日到達すると
1日目から再開されます*
`聖晶石 X 1
7月交換券(2023) X 1
`*日替りログインボーナス*
*開催期間中、1日1回 2週間日替りでログインボーナスをプレゼント！*
`聖晶石 X 2
巡霊の葉 X 100
`_2023-07-05 19:37:36_
--------
*f5845d187badef24087ae9dd8a663e48*
`登陆天数: 108天 / 1346天
等级: 143
石头: 514
呼符: 3
体力: 81.60333333333332 / 141
友情点: 10 / 24630570`
*連続ログイン3日目
※ログインが途切れるか、7日到達すると
1日目から再開されます*
`叡智の業火 X 1
7月交換券(2023) X 1
`*日替りログインボーナス*
*開催期間中、1日1回 2週間日替りでログインボーナスをプレゼント！*
`聖晶石 X 2
巡霊の葉 X 100
`_2023-07-05 19:37:45_
--------
