【登录信息】
*4624dcf84d19c7237daa9e3aa06ae38e*
`登陆天数: 68天 / 1056天
等级: 130
石头: 209
呼符: 5
体力: 53772.943333333336 / 138
友情点: 0 / 724225`
*連続ログイン5日目
※ログインが途切れるか、7日到達すると
1日目から再開されます*
`叡智の業火 X 2
7月交換券(2023) X 1
`*リリース2900日突破キャンペーン 初回ログインボーナス*
*開催期間中、初回ログインで「聖晶石×10」をプレゼント！*
`聖晶石 X 10
`_2023-07-06 19:37:02_
--------
*1960c6c2468d480d10656e460ff945b7*
`登陆天数: 68天 / 1253天
等级: 129
石头: 4285
呼符: 131
体力: 73323.34333333334 / 138
友情点: 0 / 133685`
*連続ログイン5日目
※ログインが途切れるか、7日到達すると
1日目から再開されます*
`叡智の業火 X 2
7月交換券(2023) X 1
`*リリース2900日突破キャンペーン 初回ログインボーナス*
*開催期間中、初回ログインで「聖晶石×10」をプレゼント！*
`聖晶石 X 10
`_2023-07-06 19:37:10_
--------
*50e74030067f097de636fdb9ea0a5ce0*
`登陆天数: 68天 / 1258天
等级: 143
石头: 133
呼符: 11
体力: 208.05 / 141
友情点: 25 / 8956400`
*連続ログイン5日目
※ログインが途切れるか、7日到達すると
1日目から再開されます*
`叡智の業火 X 2
7月交換券(2023) X 1
`*リリース2900日突破キャンペーン 初回ログインボーナス*
*開催期間中、初回ログインで「聖晶石×10」をプレゼント！*
`聖晶石 X 10
`_2023-07-06 19:37:18_
--------
*5aebed162c025149a9ac12d5ff9cf0d5*
`登陆天数: 68天 / 1089天
等级: 133
石头: 10
呼符: 0
体力: 47591.71333333333 / 139
友情点: 0 / 1470900`
*連続ログイン5日目
※ログインが途切れるか、7日到達すると
1日目から再開されます*
`叡智の業火 X 2
7月交換券(2023) X 1
`*リリース2900日突破キャンペーン 初回ログインボーナス*
*開催期間中、初回ログインで「聖晶石×10」をプレゼント！*
`聖晶石 X 10
`_2023-07-06 19:37:27_
--------
*f5845d187badef24087ae9dd8a663e48*
`登陆天数: 109天 / 1347天
等级: 143
石头: 543
呼符: 4
体力: 47.91333333333333 / 141
友情点: 0 / 24632980`
*連続ログイン4日目
※ログインが途切れるか、7日到達すると
1日目から再開されます*
`聖晶石 X 1
7月交換券(2023) X 1
`*日替りログインボーナス*
*開催期間中、1日1回 2週間日替りでログインボーナスをプレゼント！*
`巡霊の葉 X 30
`_2023-07-06 19:37:35_
--------
