【登录信息】
*4624dcf84d19c7237daa9e3aa06ae38e*
`登陆天数: 69天 / 1057天
等级: 130
石头: 209
呼符: 5
体力: 54060.93666666667 / 138
友情点: 0 / 724225`
*連続ログイン6日目
※ログインが途切れるか、7日到達すると
1日目から再開されます*
`聖晶石 X 2
7月交換券(2023) X 1
`*日替りログインボーナス*
*開催期間中、1日1回 2週間日替りでログインボーナスをプレゼント！*
`巡霊の葉 X 30
`_2023-07-07 19:37:00_
--------
*1960c6c2468d480d10656e460ff945b7*
`登陆天数: 69天 / 1254天
等级: 129
石头: 4285
呼符: 131
体力: 73611.33666666667 / 138
友情点: 20 / 133705`
*連続ログイン6日目
※ログインが途切れるか、7日到達すると
1日目から再開されます*
`聖晶石 X 2
7月交換券(2023) X 1
`*日替りログインボーナス*
*開催期間中、1日1回 2週間日替りでログインボーナスをプレゼント！*
`巡霊の葉 X 30
`_2023-07-07 19:37:08_
--------
*50e74030067f097de636fdb9ea0a5ce0*
`登陆天数: 69天 / 1259天
等级: 143
石头: 149
呼符: 11
体力: 239.22333333333333 / 141
友情点: 100 / 8956995`
_2023-07-07 19:37:17_
--------
*5aebed162c025149a9ac12d5ff9cf0d5*
`登陆天数: 69天 / 1090天
等级: 133
石头: 10
呼符: 0
体力: 47879.71 / 139
友情点: 0 / 1470900`
*連続ログイン6日目
※ログインが途切れるか、7日到達すると
1日目から再開されます*
`聖晶石 X 2
7月交換券(2023) X 1
`*日替りログインボーナス*
*開催期間中、1日1回 2週間日替りでログインボーナスをプレゼント！*
`巡霊の葉 X 30
`_2023-07-07 19:37:25_
--------
*f5845d187badef24087ae9dd8a663e48*
`登陆天数: 110天 / 1348天
等级: 143
石头: 537
呼符: 4
体力: 238.91 / 141
友情点: 20 / 24633020`
*連続ログイン5日目
※ログインが途切れるか、7日到達すると
1日目から再開されます*
`叡智の業火 X 2
7月交換券(2023) X 1
`*日替りログインボーナス*
*開催期間中、1日1回 2週間日替りでログインボーナスをプレゼント！*
`巡霊の葉 X 30
`_2023-07-07 19:37:33_
--------
