【登录信息】
*4624dcf84d19c7237daa9e3aa06ae38e*
`登陆天数: 70天 / 1058天
等级: 130
石头: 209
呼符: 5
体力: 54348.89333333333 / 138
友情点: 0 / 724225`
*連続ログイン7日間到達おめでとうございます！
明日は1日目からリスタートされます。*
`獣の足跡 X 1
呼符 X 1
7月交換券(2023) X 1
`*日替りログインボーナス*
*開催期間中、1日1回 2週間日替りでログインボーナスをプレゼント！*
`巡霊の葉 X 30
`_2023-07-08 19:36:47_
--------
*1960c6c2468d480d10656e460ff945b7*
`登陆天数: 70天 / 1255天
等级: 129
石头: 4285
呼符: 131
体力: 73899.29666666666 / 138
友情点: 0 / 133705`
*連続ログイン7日間到達おめでとうございます！
明日は1日目からリスタートされます。*
`獣の足跡 X 1
呼符 X 1
7月交換券(2023) X 1
`*日替りログインボーナス*
*開催期間中、1日1回 2週間日替りでログインボーナスをプレゼント！*
`巡霊の葉 X 30
`_2023-07-08 19:36:56_
--------
*50e74030067f097de636fdb9ea0a5ce0*
`登陆天数: 70天 / 1260天
等级: 143
石头: 185
呼符: 11
体力: 262.7166666666667 / 141
友情点: 50 / 8957585`
*連続ログイン7日間到達おめでとうございます！
明日は1日目からリスタートされます。*
`獣の足跡 X 1
呼符 X 1
7月交換券(2023) X 1
`*日替りログインボーナス*
*開催期間中、1日1回 2週間日替りでログインボーナスをプレゼント！*
`巡霊の葉 X 30
`_2023-07-08 19:37:05_
--------
*5aebed162c025149a9ac12d5ff9cf0d5*
`登陆天数: 70天 / 1091天
等级: 133
石头: 10
呼符: 0
体力: 48167.67333333333 / 139
友情点: 0 / 1470900`
*連続ログイン7日間到達おめでとうございます！
明日は1日目からリスタートされます。*
`獣の足跡 X 1
呼符 X 1
7月交換券(2023) X 1
`*日替りログインボーナス*
*開催期間中、1日1回 2週間日替りでログインボーナスをプレゼント！*
`巡霊の葉 X 30
`_2023-07-08 19:37:14_
--------
*f5845d187badef24087ae9dd8a663e48*
`登陆天数: 111天 / 1349天
等级: 143
石头: 531
呼符: 4
体力: 240.43 / 141
友情点: 0 / 24633020`
*連続ログイン6日目
※ログインが途切れるか、7日到達すると
1日目から再開されます*
`聖晶石 X 2
7月交換券(2023) X 1
`*日替りログインボーナス*
*開催期間中、1日1回 2週間日替りでログインボーナスをプレゼント！*
`巡霊の葉 X 30
`_2023-07-08 19:37:22_
--------
