【登录信息】
*4624dcf84d19c7237daa9e3aa06ae38e*
`登陆天数: 71天 / 1059天
等级: 130
石头: 209
呼符: 5
体力: 54636.93 / 138
友情点: 0 / 724225`
*連続ログイン1日目
※ログインが途切れるか、7日到達すると
1日目から再開されます*
`フレンドポイント X 2000
7月交換券(2023) X 1
`*日替りログインボーナス*
*開催期間中、1日1回 2週間日替りでログインボーナスをプレゼント！*
`聖晶石 X 3
巡霊の葉 X 50
`_2023-07-09 19:36:58_
--------
*1960c6c2468d480d10656e460ff945b7*
`登陆天数: 71天 / 1256天
等级: 129
石头: 4285
呼符: 131
体力: 74187.33 / 138
友情点: 0 / 133705`
*連続ログイン1日目
※ログインが途切れるか、7日到達すると
1日目から再開されます*
`フレンドポイント X 2000
7月交換券(2023) X 1
`*日替りログインボーナス*
*開催期間中、1日1回 2週間日替りでログインボーナスをプレゼント！*
`聖晶石 X 3
巡霊の葉 X 50
`_2023-07-09 19:37:06_
--------
*50e74030067f097de636fdb9ea0a5ce0*
`登陆天数: 71天 / 1261天
等级: 143
石头: 198
呼符: 12
体力: 228.54333333333335 / 141
友情点: 155 / 8959200`
*連続ログイン1日目
※ログインが途切れるか、7日到達すると
1日目から再開されます*
`フレンドポイント X 2000
7月交換券(2023) X 1
`*日替りログインボーナス*
*開催期間中、1日1回 2週間日替りでログインボーナスをプレゼント！*
`聖晶石 X 3
巡霊の葉 X 50
`_2023-07-09 19:37:14_
--------
*5aebed162c025149a9ac12d5ff9cf0d5*
`登陆天数: 71天 / 1092天
等级: 133
石头: 10
呼符: 0
体力: 48455.70333333333 / 139
友情点: 0 / 1470900`
*連続ログイン1日目
※ログインが途切れるか、7日到達すると
1日目から再開されます*
`フレンドポイント X 2000
7月交換券(2023) X 1
`*日替りログインボーナス*
*開催期間中、1日1回 2週間日替りでログインボーナスをプレゼント！*
`聖晶石 X 3
巡霊の葉 X 50
`_2023-07-09 19:37:23_
--------
*f5845d187badef24087ae9dd8a663e48*
`登陆天数: 112天 / 1350天
等级: 143
石头: 525
呼符: 4
体力: 528.46 / 141
友情点: 60 / 24633090`
*連続ログイン7日間到達おめでとうございます！
明日は1日目からリスタートされます。*
`獣の足跡 X 1
呼符 X 1
7月交換券(2023) X 1
`*日替りログインボーナス*
*開催期間中、1日1回 2週間日替りでログインボーナスをプレゼント！*
`聖晶石 X 3
巡霊の葉 X 50
`_2023-07-09 19:37:32_
--------
