【登录信息】
*4624dcf84d19c7237daa9e3aa06ae38e*
`登陆天数: 72天 / 1060天
等级: 130
石头: 209
呼符: 5
体力: 54924.916666666664 / 138
友情点: 0 / 724225`
*連続ログイン2日目
※ログインが途切れるか、7日到達すると
1日目から再開されます*
`聖晶石 X 1
7月交換券(2023) X 1
`*日替りログインボーナス*
*開催期間中、1日1回 2週間日替りでログインボーナスをプレゼント！*
`巡霊の葉 X 30
`_2023-07-10 19:36:54_
--------
*1960c6c2468d480d10656e460ff945b7*
`登陆天数: 72天 / 1257天
等级: 129
石头: 4285
呼符: 131
体力: 74475.31666666667 / 138
友情点: 0 / 133705`
*連続ログイン2日目
※ログインが途切れるか、7日到達すると
1日目から再開されます*
`聖晶石 X 1
7月交換券(2023) X 1
`*日替りログインボーナス*
*開催期間中、1日1回 2週間日替りでログインボーナスをプレゼント！*
`巡霊の葉 X 30
`_2023-07-10 19:37:03_
--------
*50e74030067f097de636fdb9ea0a5ce0*
`登陆天数: 72天 / 1262天
等级: 143
石头: 201
呼符: 12
体力: 254.60666666666668 / 141
友情点: 45 / 8961530`
*連続ログイン2日目
※ログインが途切れるか、7日到達すると
1日目から再開されます*
`聖晶石 X 1
7月交換券(2023) X 1
`*日替りログインボーナス*
*開催期間中、1日1回 2週間日替りでログインボーナスをプレゼント！*
`巡霊の葉 X 30
`_2023-07-10 19:37:11_
--------
*5aebed162c025149a9ac12d5ff9cf0d5*
`登陆天数: 72天 / 1093天
等级: 133
石头: 10
呼符: 0
体力: 48743.693333333336 / 139
友情点: 0 / 1470900`
*連続ログイン2日目
※ログインが途切れるか、7日到達すると
1日目から再開されます*
`聖晶石 X 1
7月交換券(2023) X 1
`*日替りログインボーナス*
*開催期間中、1日1回 2週間日替りでログインボーナスをプレゼント！*
`巡霊の葉 X 30
`_2023-07-10 19:37:20_
--------
*f5845d187badef24087ae9dd8a663e48*
`登陆天数: 113天 / 1351天
等级: 143
石头: 518
呼符: 4
体力: 252.0 / 141
友情点: 20 / 24633110`
*連続ログイン1日目
※ログインが途切れるか、7日到達すると
1日目から再開されます*
`フレンドポイント X 2000
7月交換券(2023) X 1
`*日替りログインボーナス*
*開催期間中、1日1回 2週間日替りでログインボーナスをプレゼント！*
`巡霊の葉 X 30
`_2023-07-10 19:37:28_
--------
