【登录信息】
*4624dcf84d19c7237daa9e3aa06ae38e*
`登陆天数: 73天 / 1061天
等级: 130
石头: 491
呼符: 5
体力: 55212.91333333333 / 138
友情点: 0 / 724225`
*連続ログイン3日目
※ログインが途切れるか、7日到達すると
1日目から再開されます*
`叡智の業火 X 1
7月交換券(2023) X 1
`*日替りログインボーナス*
*開催期間中、1日1回 2週間日替りでログインボーナスをプレゼント！*
`巡霊の葉 X 30
`_2023-07-11 19:36:53_
--------
*1960c6c2468d480d10656e460ff945b7*
`登陆天数: 73天 / 1258天
等级: 129
石头: 4285
呼符: 131
体力: 74763.31333333334 / 138
友情点: 0 / 133705`
*連続ログイン3日目
※ログインが途切れるか、7日到達すると
1日目から再開されます*
`叡智の業火 X 1
7月交換券(2023) X 1
`*日替りログインボーナス*
*開催期間中、1日1回 2週間日替りでログインボーナスをプレゼント！*
`巡霊の葉 X 30
`_2023-07-11 19:37:02_
--------
*50e74030067f097de636fdb9ea0a5ce0*
`登陆天数: 73天 / 1263天
等级: 143
石头: 202
呼符: 12
体力: 234.31333333333333 / 141
友情点: 25 / 8961630`
*連続ログイン3日目
※ログインが途切れるか、7日到達すると
1日目から再開されます*
`叡智の業火 X 1
7月交換券(2023) X 1
`*日替りログインボーナス*
*開催期間中、1日1回 2週間日替りでログインボーナスをプレゼント！*
`巡霊の葉 X 30
`_2023-07-11 19:37:10_
--------
*5aebed162c025149a9ac12d5ff9cf0d5*
`登陆天数: 73天 / 1094天
等级: 133
石头: 10
呼符: 0
体力: 49031.68666666667 / 139
友情点: 0 / 1470900`
*連続ログイン3日目
※ログインが途切れるか、7日到達すると
1日目から再開されます*
`叡智の業火 X 1
7月交換券(2023) X 1
`*日替りログインボーナス*
*開催期間中、1日1回 2週間日替りでログインボーナスをプレゼント！*
`巡霊の葉 X 30
`_2023-07-11 19:37:18_
--------
*f5845d187badef24087ae9dd8a663e48*
`登陆天数: 114天 / 1352天
等级: 143
石头: 532
呼符: 4
体力: 29.053333333333327 / 141
友情点: 0 / 24635460`
_2023-07-11 19:37:27_
--------
