【登录信息】
*4624dcf84d19c7237daa9e3aa06ae38e*
`登陆天数: 74天 / 1062天
等级: 130
石头: 491
呼符: 5
体力: 55500.926666666666 / 138
友情点: 0 / 724225`
*連続ログイン4日目
※ログインが途切れるか、7日到達すると
1日目から再開されます*
`聖晶石 X 1
7月交換券(2023) X 1
`*日替りログインボーナス*
*開催期間中、1日1回 2週間日替りでログインボーナスをプレゼント！*
`聖晶石 X 2
巡霊の葉 X 100
`_2023-07-12 19:36:57_
--------
*1960c6c2468d480d10656e460ff945b7*
`登陆天数: 74天 / 1259天
等级: 129
石头: 4285
呼符: 131
体力: 75051.32666666666 / 138
友情点: 0 / 133705`
*連続ログイン4日目
※ログインが途切れるか、7日到達すると
1日目から再開されます*
`聖晶石 X 1
7月交換券(2023) X 1
`*日替りログインボーナス*
*開催期間中、1日1回 2週間日替りでログインボーナスをプレゼント！*
`聖晶石 X 2
巡霊の葉 X 100
`_2023-07-12 19:37:05_
--------
*50e74030067f097de636fdb9ea0a5ce0*
`登陆天数: 74天 / 1264天
等级: 144
石头: 202
呼符: 12
体力: 215.60666666666668 / 141
友情点: 130 / 8962245`
*連続ログイン4日目
※ログインが途切れるか、7日到達すると
1日目から再開されます*
`聖晶石 X 1
7月交換券(2023) X 1
`*日替りログインボーナス*
*開催期間中、1日1回 2週間日替りでログインボーナスをプレゼント！*
`聖晶石 X 2
巡霊の葉 X 100
`_2023-07-12 19:37:14_
--------
*5aebed162c025149a9ac12d5ff9cf0d5*
`登陆天数: 74天 / 1095天
等级: 133
石头: 10
呼符: 0
体力: 49319.70333333333 / 139
友情点: 0 / 1470900`
*連続ログイン4日目
※ログインが途切れるか、7日到達すると
1日目から再開されます*
`聖晶石 X 1
7月交換券(2023) X 1
`*日替りログインボーナス*
*開催期間中、1日1回 2週間日替りでログインボーナスをプレゼント！*
`聖晶石 X 2
巡霊の葉 X 100
`_2023-07-12 19:37:22_
--------
*f5845d187badef24087ae9dd8a663e48*
`登陆天数: 115天 / 1353天
等级: 143
石头: 529
呼符: 4
体力: 288.07 / 141
友情点: 65 / 24635775`
*連続ログイン3日目
※ログインが途切れるか、7日到達すると
1日目から再開されます*
`叡智の業火 X 1
7月交換券(2023) X 1
`*日替りログインボーナス*
*開催期間中、1日1回 2週間日替りでログインボーナスをプレゼント！*
`聖晶石 X 2
巡霊の葉 X 100
`_2023-07-12 19:37:31_
--------
