【登录信息】
*4624dcf84d19c7237daa9e3aa06ae38e*
`登陆天数: 75天 / 1063天
等级: 130
石头: 491
呼符: 5
体力: 55788.9 / 138
友情点: 0 / 724225`
*連続ログイン5日目
※ログインが途切れるか、7日到達すると
1日目から再開されます*
`叡智の業火 X 2
7月交換券(2023) X 1
`*日替りログインボーナス*
*開催期間中、1日1回 2週間日替りでログインボーナスをプレゼント！*
`巡霊の葉 X 30
`_2023-07-13 19:36:49_
--------
*1960c6c2468d480d10656e460ff945b7*
`登陆天数: 75天 / 1260天
等级: 129
石头: 4285
呼符: 131
体力: 75339.3 / 138
友情点: 0 / 133705`
*連続ログイン5日目
※ログインが途切れるか、7日到達すると
1日目から再開されます*
`叡智の業火 X 2
7月交換券(2023) X 1
`*日替りログインボーナス*
*開催期間中、1日1回 2週間日替りでログインボーナスをプレゼント！*
`巡霊の葉 X 30
`_2023-07-13 19:36:58_
--------
*50e74030067f097de636fdb9ea0a5ce0*
`登陆天数: 75天 / 1265天
等级: 144
石头: 208
呼符: 12
体力: 277.05 / 141
友情点: 75 / 8962320`
*連続ログイン5日目
※ログインが途切れるか、7日到達すると
1日目から再開されます*
`叡智の業火 X 2
7月交換券(2023) X 1
`*日替りログインボーナス*
*開催期間中、1日1回 2週間日替りでログインボーナスをプレゼント！*
`巡霊の葉 X 30
`_2023-07-13 19:37:06_
--------
*5aebed162c025149a9ac12d5ff9cf0d5*
`登陆天数: 75天 / 1096天
等级: 133
石头: 10
呼符: 0
体力: 49607.676666666666 / 139
友情点: 0 / 1470900`
*連続ログイン5日目
※ログインが途切れるか、7日到達すると
1日目から再開されます*
`叡智の業火 X 2
7月交換券(2023) X 1
`*日替りログインボーナス*
*開催期間中、1日1回 2週間日替りでログインボーナスをプレゼント！*
`巡霊の葉 X 30
`_2023-07-13 19:37:15_
--------
*f5845d187badef24087ae9dd8a663e48*
`登陆天数: 116天 / 1354天
等级: 143
石头: 524
呼符: 4
体力: 220.16 / 141
友情点: 0 / 24635800`
*連続ログイン4日目
※ログインが途切れるか、7日到達すると
1日目から再開されます*
`聖晶石 X 1
7月交換券(2023) X 1
`*日替りログインボーナス*
*開催期間中、1日1回 2週間日替りでログインボーナスをプレゼント！*
`巡霊の葉 X 30
`_2023-07-13 19:37:23_
--------
