【登录信息】
*4624dcf84d19c7237daa9e3aa06ae38e*
`登陆天数: 76天 / 1064天
等级: 130
石头: 491
呼符: 5
体力: 56076.93 / 138
友情点: 0 / 724225`
*連続ログイン6日目
※ログインが途切れるか、7日到達すると
1日目から再開されます*
`聖晶石 X 2
7月交換券(2023) X 1
`*日替りログインボーナス*
*開催期間中、1日1回 2週間日替りでログインボーナスをプレゼント！*
`巡霊の葉 X 30
`_2023-07-14 19:36:58_
--------
*1960c6c2468d480d10656e460ff945b7*
`登陆天数: 76天 / 1261天
等级: 129
石头: 4285
呼符: 131
体力: 75627.33 / 138
友情点: 10 / 133715`
*連続ログイン6日目
※ログインが途切れるか、7日到達すると
1日目から再開されます*
`聖晶石 X 2
7月交換券(2023) X 1
`*日替りログインボーナス*
*開催期間中、1日1回 2週間日替りでログインボーナスをプレゼント！*
`巡霊の葉 X 30
`_2023-07-14 19:37:06_
--------
*50e74030067f097de636fdb9ea0a5ce0*
`登陆天数: 76天 / 1266天
等级: 144
石头: 208
呼符: 12
体力: 318.30333333333334 / 141
友情点: 250 / 8962695`
*連続ログイン6日目
※ログインが途切れるか、7日到達すると
1日目から再開されます*
`聖晶石 X 2
7月交換券(2023) X 1
`*日替りログインボーナス*
*開催期間中、1日1回 2週間日替りでログインボーナスをプレゼント！*
`巡霊の葉 X 30
`_2023-07-14 19:37:14_
--------
*5aebed162c025149a9ac12d5ff9cf0d5*
`登陆天数: 76天 / 1097天
等级: 133
石头: 10
呼符: 0
体力: 49895.70333333333 / 139
友情点: 0 / 1470900`
*連続ログイン6日目
※ログインが途切れるか、7日到達すると
1日目から再開されます*
`聖晶石 X 2
7月交換券(2023) X 1
`*日替りログインボーナス*
*開催期間中、1日1回 2週間日替りでログインボーナスをプレゼント！*
`巡霊の葉 X 30
`_2023-07-14 19:37:23_
--------
*f5845d187badef24087ae9dd8a663e48*
`登陆天数: 117天 / 1355天
等级: 143
石头: 502
呼符: 0
体力: 186.19 / 141
友情点: 45 / 24635845`
*連続ログイン5日目
※ログインが途切れるか、7日到達すると
1日目から再開されます*
`叡智の業火 X 2
7月交換券(2023) X 1
`*日替りログインボーナス*
*開催期間中、1日1回 2週間日替りでログインボーナスをプレゼント！*
`巡霊の葉 X 30
`_2023-07-14 19:37:31_
--------
