【登录信息】
*4624dcf84d19c7237daa9e3aa06ae38e*
`登陆天数: 77天 / 1065天
等级: 130
石头: 491
呼符: 5
体力: 56364.99333333333 / 138
友情点: 0 / 724225`
*連続ログイン7日間到達おめでとうございます！
明日は1日目からリスタートされます。*
`獣の足跡 X 1
呼符 X 1
7月交換券(2023) X 1
`*日替りログインボーナス*
*開催期間中、1日1回 2週間日替りでログインボーナスをプレゼント！*
`巡霊の葉 X 30
`_2023-07-15 19:37:17_
--------
*1960c6c2468d480d10656e460ff945b7*
`登陆天数: 77天 / 1262天
等级: 129
石头: 4285
呼符: 131
体力: 75915.39666666667 / 138
友情点: 10 / 133725`
*連続ログイン7日間到達おめでとうございます！
明日は1日目からリスタートされます。*
`獣の足跡 X 1
呼符 X 1
7月交換券(2023) X 1
`*日替りログインボーナス*
*開催期間中、1日1回 2週間日替りでログインボーナスをプレゼント！*
`巡霊の葉 X 30
`_2023-07-15 19:37:26_
--------
*50e74030067f097de636fdb9ea0a5ce0*
`登陆天数: 77天 / 1267天
等级: 144
石头: 208
呼符: 12
体力: 606.37 / 141
友情点: 100 / 8962795`
*連続ログイン7日間到達おめでとうございます！
明日は1日目からリスタートされます。*
`獣の足跡 X 1
呼符 X 1
7月交換券(2023) X 1
`*日替りログインボーナス*
*開催期間中、1日1回 2週間日替りでログインボーナスをプレゼント！*
`巡霊の葉 X 30
`_2023-07-15 19:37:34_
--------
*5aebed162c025149a9ac12d5ff9cf0d5*
`登陆天数: 77天 / 1098天
等级: 133
石头: 10
呼符: 0
体力: 50183.77 / 139
友情点: 20 / 1470920`
*連続ログイン7日間到達おめでとうございます！
明日は1日目からリスタートされます。*
`獣の足跡 X 1
呼符 X 1
7月交換券(2023) X 1
`*日替りログインボーナス*
*開催期間中、1日1回 2週間日替りでログインボーナスをプレゼント！*
`巡霊の葉 X 30
`_2023-07-15 19:37:43_
--------
*f5845d187badef24087ae9dd8a663e48*
`登陆天数: 118天 / 1356天
等级: 143
石头: 497
呼符: 0
体力: 212.89 / 141
友情点: 85 / 24635980`
*連続ログイン6日目
※ログインが途切れるか、7日到達すると
1日目から再開されます*
`聖晶石 X 2
7月交換券(2023) X 1
`*日替りログインボーナス*
*開催期間中、1日1回 2週間日替りでログインボーナスをプレゼント！*
`巡霊の葉 X 30
`_2023-07-15 19:37:52_
--------
