【登录信息】
*4624dcf84d19c7237daa9e3aa06ae38e*
`登陆天数: 78天 / 1066天
等级: 130
石头: 491
呼符: 5
体力: 56652.93666666667 / 138
友情点: 0 / 724225`
*連続ログイン1日目
※ログインが途切れるか、7日到達すると
1日目から再開されます*
`フレンドポイント X 2000
7月交換券(2023) X 1
`*日替りログインボーナス*
*開催期間中、1日1回 2週間日替りでログインボーナスをプレゼント！*
`聖晶石 X 3
巡霊の葉 X 50
`_2023-07-16 19:37:00_
--------
*1960c6c2468d480d10656e460ff945b7*
`登陆天数: 78天 / 1263天
等级: 129
石头: 4285
呼符: 131
体力: 76203.33666666667 / 138
友情点: 50 / 133775`
*連続ログイン1日目
※ログインが途切れるか、7日到達すると
1日目から再開されます*
`フレンドポイント X 2000
7月交換券(2023) X 1
`*日替りログインボーナス*
*開催期間中、1日1回 2週間日替りでログインボーナスをプレゼント！*
`聖晶石 X 3
巡霊の葉 X 50
`_2023-07-16 19:37:08_
--------
*50e74030067f097de636fdb9ea0a5ce0*
`登陆天数: 78天 / 1268天
等级: 144
石头: 210
呼符: 13
体力: 293.69 / 141
友情点: 185 / 8963040`
*連続ログイン1日目
※ログインが途切れるか、7日到達すると
1日目から再開されます*
`フレンドポイント X 2000
7月交換券(2023) X 1
`*日替りログインボーナス*
*開催期間中、1日1回 2週間日替りでログインボーナスをプレゼント！*
`聖晶石 X 3
巡霊の葉 X 50
`_2023-07-16 19:37:16_
--------
*5aebed162c025149a9ac12d5ff9cf0d5*
`登陆天数: 78天 / 1099天
等级: 133
石头: 10
呼符: 0
体力: 50471.706666666665 / 139
友情点: 60 / 1470980`
*連続ログイン1日目
※ログインが途切れるか、7日到達すると
1日目から再開されます*
`フレンドポイント X 2000
7月交換券(2023) X 1
`*日替りログインボーナス*
*開催期間中、1日1回 2週間日替りでログインボーナスをプレゼント！*
`聖晶石 X 3
巡霊の葉 X 50
`_2023-07-16 19:37:24_
--------
*f5845d187badef24087ae9dd8a663e48*
`登陆天数: 119天 / 1357天
等级: 143
石头: 494
呼符: 0
体力: 185.41333333333333 / 141
友情点: 195 / 24636275`
*連続ログイン7日間到達おめでとうございます！
明日は1日目からリスタートされます。*
`獣の足跡 X 1
呼符 X 1
7月交換券(2023) X 1
`*日替りログインボーナス*
*開催期間中、1日1回 2週間日替りでログインボーナスをプレゼント！*
`聖晶石 X 3
巡霊の葉 X 50
`_2023-07-16 19:37:32_
--------
