【登录信息】
*4624dcf84d19c7237daa9e3aa06ae38e*
`登陆天数: 79天 / 1067天
等级: 130
石头: 491
呼符: 5
体力: 56940.95333333333 / 138
友情点: 0 / 724225`
*連続ログイン2日目
※ログインが途切れるか、7日到達すると
1日目から再開されます*
`聖晶石 X 1
7月交換券(2023) X 1
`*ミスティックアイズ・シンフォニー開幕記念 ログインボーナス*
*開催期間中、1日1回 最大21回ログインボーナスをプレゼント！*
`白銀の果実 X 1
`_2023-07-17 19:37:05_
--------
*1960c6c2468d480d10656e460ff945b7*
`登陆天数: 79天 / 1264天
等级: 129
石头: 4285
呼符: 131
体力: 76491.35333333333 / 138
友情点: 60 / 133835`
*連続ログイン2日目
※ログインが途切れるか、7日到達すると
1日目から再開されます*
`聖晶石 X 1
7月交換券(2023) X 1
`*ミスティックアイズ・シンフォニー開幕記念 ログインボーナス*
*開催期間中、1日1回 最大21回ログインボーナスをプレゼント！*
`白銀の果実 X 1
`_2023-07-17 19:37:13_
--------
*50e74030067f097de636fdb9ea0a5ce0*
`登陆天数: 79天 / 1269天
等级: 144
石头: 210
呼符: 13
体力: 581.71 / 141
友情点: 235 / 8963275`
*連続ログイン2日目
※ログインが途切れるか、7日到達すると
1日目から再開されます*
`聖晶石 X 1
7月交換券(2023) X 1
`*ミスティックアイズ・シンフォニー開幕記念 ログインボーナス*
*開催期間中、1日1回 最大21回ログインボーナスをプレゼント！*
`白銀の果実 X 1
`_2023-07-17 19:37:22_
--------
*5aebed162c025149a9ac12d5ff9cf0d5*
`登陆天数: 79天 / 1100天
等级: 133
石头: 10
呼符: 0
体力: 50759.73 / 139
友情点: 60 / 1471040`
*連続ログイン2日目
※ログインが途切れるか、7日到達すると
1日目から再開されます*
`聖晶石 X 1
7月交換券(2023) X 1
`*ミスティックアイズ・シンフォニー開幕記念 ログインボーナス*
*開催期間中、1日1回 最大21回ログインボーナスをプレゼント！*
`白銀の果実 X 1
`_2023-07-17 19:37:30_
--------
*f5845d187badef24087ae9dd8a663e48*
`登陆天数: 120天 / 1358天
等级: 143
石头: 490
呼符: 0
体力: 122.42333333333333 / 141
友情点: 50 / 24636410`
*連続ログイン1日目
※ログインが途切れるか、7日到達すると
1日目から再開されます*
`フレンドポイント X 2000
7月交換券(2023) X 1
`*ミスティックアイズ・シンフォニー開幕記念 ログインボーナス*
*開催期間中、1日1回 最大21回ログインボーナスをプレゼント！*
`黄金の果実 X 1
`_2023-07-17 19:37:39_
--------
