【登录信息】
*4624dcf84d19c7237daa9e3aa06ae38e*
`登陆天数: 80天 / 1068天
等级: 130
石头: 491
呼符: 5
体力: 57228.88333333333 / 138
友情点: 0 / 724225`
*連続ログイン3日目
※ログインが途切れるか、7日到達すると
1日目から再開されます*
`叡智の業火 X 1
7月交換券(2023) X 1
`*ミスティックアイズ・シンフォニー開幕記念 ログインボーナス*
*開催期間中、1日1回 最大21回ログインボーナスをプレゼント！*
`黄金の果実 X 1
`_2023-07-18 19:36:44_
--------
*1960c6c2468d480d10656e460ff945b7*
`登陆天数: 80天 / 1265天
等级: 129
石头: 4285
呼符: 131
体力: 76779.28666666667 / 138
友情点: 10 / 133845`
*連続ログイン3日目
※ログインが途切れるか、7日到達すると
1日目から再開されます*
`叡智の業火 X 1
7月交換券(2023) X 1
`*ミスティックアイズ・シンフォニー開幕記念 ログインボーナス*
*開催期間中、1日1回 最大21回ログインボーナスをプレゼント！*
`黄金の果実 X 1
`_2023-07-18 19:36:53_
--------
*50e74030067f097de636fdb9ea0a5ce0*
`登陆天数: 80天 / 1270天
等级: 144
石头: 210
呼符: 13
体力: 869.64 / 141
友情点: 185 / 8963460`
*連続ログイン3日目
※ログインが途切れるか、7日到達すると
1日目から再開されます*
`叡智の業火 X 1
7月交換券(2023) X 1
`*ミスティックアイズ・シンフォニー開幕記念 ログインボーナス*
*開催期間中、1日1回 最大21回ログインボーナスをプレゼント！*
`黄金の果実 X 1
`_2023-07-18 19:37:01_
--------
*5aebed162c025149a9ac12d5ff9cf0d5*
`登陆天数: 80天 / 1101天
等级: 133
石头: 10
呼符: 0
体力: 51047.66 / 139
友情点: 20 / 1471060`
*連続ログイン3日目
※ログインが途切れるか、7日到達すると
1日目から再開されます*
`叡智の業火 X 1
7月交換券(2023) X 1
`*ミスティックアイズ・シンフォニー開幕記念 ログインボーナス*
*開催期間中、1日1回 最大21回ログインボーナスをプレゼント！*
`黄金の果実 X 1
`_2023-07-18 19:37:10_
--------
*f5845d187badef24087ae9dd8a663e48*
`登陆天数: 121天 / 1359天
等级: 143
石头: 490
呼符: 0
体力: 410.3566666666667 / 141
友情点: 20 / 24636430`
*連続ログイン2日目
※ログインが途切れるか、7日到達すると
1日目から再開されます*
`聖晶石 X 1
7月交換券(2023) X 1
`*ミスティックアイズ・シンフォニー開幕記念 ログインボーナス*
*開催期間中、1日1回 最大21回ログインボーナスをプレゼント！*
`白銀の果実 X 1
`_2023-07-18 19:37:18_
--------
