【登录信息】
*4624dcf84d19c7237daa9e3aa06ae38e*
`登陆天数: 81天 / 1069天
等级: 130
石头: 491
呼符: 5
体力: 57516.96333333333 / 138
友情点: 0 / 724225`
*連続ログイン4日目
※ログインが途切れるか、7日到達すると
1日目から再開されます*
`聖晶石 X 1
7月交換券(2023) X 1
`*ミスティックアイズ・シンフォニー開幕記念 ログインボーナス*
*開催期間中、1日1回 最大21回ログインボーナスをプレゼント！*
`白銀の果実 X 1
`_2023-07-19 19:37:08_
--------
*1960c6c2468d480d10656e460ff945b7*
`登陆天数: 81天 / 1266天
等级: 129
石头: 4285
呼符: 131
体力: 77067.36333333333 / 138
友情点: 10 / 133855`
*連続ログイン4日目
※ログインが途切れるか、7日到達すると
1日目から再開されます*
`聖晶石 X 1
7月交換券(2023) X 1
`*ミスティックアイズ・シンフォニー開幕記念 ログインボーナス*
*開催期間中、1日1回 最大21回ログインボーナスをプレゼント！*
`白銀の果実 X 1
`_2023-07-19 19:37:16_
--------
*50e74030067f097de636fdb9ea0a5ce0*
`登陆天数: 81天 / 1271天
等级: 144
石头: 210
呼符: 13
体力: 1157.72 / 141
友情点: 50 / 8963510`
*連続ログイン4日目
※ログインが途切れるか、7日到達すると
1日目から再開されます*
`聖晶石 X 1
7月交換券(2023) X 1
`*ミスティックアイズ・シンフォニー開幕記念 ログインボーナス*
*開催期間中、1日1回 最大21回ログインボーナスをプレゼント！*
`白銀の果実 X 1
`_2023-07-19 19:37:24_
--------
*5aebed162c025149a9ac12d5ff9cf0d5*
`登陆天数: 81天 / 1102天
等级: 133
石头: 10
呼符: 0
体力: 51335.736666666664 / 139
友情点: 10 / 1471070`
*連続ログイン4日目
※ログインが途切れるか、7日到達すると
1日目から再開されます*
`聖晶石 X 1
7月交換券(2023) X 1
`*ミスティックアイズ・シンフォニー開幕記念 ログインボーナス*
*開催期間中、1日1回 最大21回ログインボーナスをプレゼント！*
`白銀の果実 X 1
`_2023-07-19 19:37:33_
--------
*f5845d187badef24087ae9dd8a663e48*
`登陆天数: 122天 / 1360天
等级: 143
石头: 490
呼符: 0
体力: 698.4333333333333 / 141
友情点: 20 / 24636450`
*連続ログイン3日目
※ログインが途切れるか、7日到達すると
1日目から再開されます*
`叡智の業火 X 1
7月交換券(2023) X 1
`*ミスティックアイズ・シンフォニー開幕記念 ログインボーナス*
*開催期間中、1日1回 最大21回ログインボーナスをプレゼント！*
`白銀の果実 X 1
`_2023-07-19 19:37:41_
--------
