【登录信息】
*4624dcf84d19c7237daa9e3aa06ae38e*
`登陆天数: 82天 / 1070天
等级: 130
石头: 491
呼符: 5
体力: 57804.92333333333 / 138
友情点: 0 / 724225`
*連続ログイン5日目
※ログインが途切れるか、7日到達すると
1日目から再開されます*
`叡智の業火 X 2
7月交換券(2023) X 1
`*ミスティックアイズ・シンフォニー開幕記念 ログインボーナス*
*開催期間中、1日1回 最大21回ログインボーナスをプレゼント！*
`白銀の果実 X 1
`_2023-07-20 19:36:56_
--------
*1960c6c2468d480d10656e460ff945b7*
`登陆天数: 82天 / 1267天
等级: 129
石头: 4285
呼符: 131
体力: 77355.32666666666 / 138
友情点: 0 / 133855`
*連続ログイン5日目
※ログインが途切れるか、7日到達すると
1日目から再開されます*
`叡智の業火 X 2
7月交換券(2023) X 1
`*ミスティックアイズ・シンフォニー開幕記念 ログインボーナス*
*開催期間中、1日1回 最大21回ログインボーナスをプレゼント！*
`白銀の果実 X 1
`_2023-07-20 19:37:05_
--------
*50e74030067f097de636fdb9ea0a5ce0*
`登陆天数: 82天 / 1272天
等级: 144
石头: 215
呼符: 13
体力: 1445.6833333333334 / 141
友情点: 220 / 8966085`
*連続ログイン5日目
※ログインが途切れるか、7日到達すると
1日目から再開されます*
`叡智の業火 X 2
7月交換券(2023) X 1
`*ミスティックアイズ・シンフォニー開幕記念 ログインボーナス*
*開催期間中、1日1回 最大21回ログインボーナスをプレゼント！*
`白銀の果実 X 1
`_2023-07-20 19:37:13_
--------
*5aebed162c025149a9ac12d5ff9cf0d5*
`登陆天数: 82天 / 1103天
等级: 133
石头: 10
呼符: 0
体力: 51623.7 / 139
友情点: 0 / 1471070`
*連続ログイン5日目
※ログインが途切れるか、7日到達すると
1日目から再開されます*
`叡智の業火 X 2
7月交換券(2023) X 1
`*ミスティックアイズ・シンフォニー開幕記念 ログインボーナス*
*開催期間中、1日1回 最大21回ログインボーナスをプレゼント！*
`白銀の果実 X 1
`_2023-07-20 19:37:22_
--------
*f5845d187badef24087ae9dd8a663e48*
`登陆天数: 123天 / 1361天
等级: 143
石头: 490
呼符: 0
体力: 986.3966666666666 / 141
友情点: 0 / 24636450`
*連続ログイン4日目
※ログインが途切れるか、7日到達すると
1日目から再開されます*
`聖晶石 X 1
7月交換券(2023) X 1
`*ミスティックアイズ・シンフォニー開幕記念 ログインボーナス*
*開催期間中、1日1回 最大21回ログインボーナスをプレゼント！*
`白銀の果実 X 1
`_2023-07-20 19:37:31_
--------
