【登录信息】
*4624dcf84d19c7237daa9e3aa06ae38e*
`登陆天数: 83天 / 1071天
等级: 130
石头: 491
呼符: 5
体力: 58092.92333333333 / 138
友情点: 0 / 724225`
*連続ログイン6日目
※ログインが途切れるか、7日到達すると
1日目から再開されます*
`聖晶石 X 2
7月交換券(2023) X 1
`*「Fate/Grand Order Fes. 2023 夏祭り ～8th Anniversary～」開催直前カウントダウンログインボーナス*
*開催期間中、1日1回 8日間日替りでログインボーナスをプレゼント！*
`叡智の業火 X 5
`_2023-07-21 19:36:56_
--------
*1960c6c2468d480d10656e460ff945b7*
`登陆天数: 83天 / 1268天
等级: 129
石头: 4285
呼符: 131
体力: 77643.32 / 138
友情点: 20 / 133875`
*連続ログイン6日目
※ログインが途切れるか、7日到達すると
1日目から再開されます*
`聖晶石 X 2
7月交換券(2023) X 1
`*「Fate/Grand Order Fes. 2023 夏祭り ～8th Anniversary～」開催直前カウントダウンログインボーナス*
*開催期間中、1日1回 8日間日替りでログインボーナスをプレゼント！*
`叡智の業火 X 5
`_2023-07-21 19:37:04_
--------
*50e74030067f097de636fdb9ea0a5ce0*
`登陆天数: 83天 / 1273天
等级: 144
石头: 215
呼符: 13
体力: 1733.6766666666667 / 141
友情点: 230 / 8966315`
*連続ログイン6日目
※ログインが途切れるか、7日到達すると
1日目から再開されます*
`聖晶石 X 2
7月交換券(2023) X 1
`*「Fate/Grand Order Fes. 2023 夏祭り ～8th Anniversary～」開催直前カウントダウンログインボーナス*
*開催期間中、1日1回 8日間日替りでログインボーナスをプレゼント！*
`叡智の業火 X 5
`_2023-07-21 19:37:12_
--------
*5aebed162c025149a9ac12d5ff9cf0d5*
`登陆天数: 83天 / 1104天
等级: 133
石头: 10
呼符: 0
体力: 51911.693333333336 / 139
友情点: 90 / 1471160`
*連続ログイン6日目
※ログインが途切れるか、7日到達すると
1日目から再開されます*
`聖晶石 X 2
7月交換券(2023) X 1
`*「Fate/Grand Order Fes. 2023 夏祭り ～8th Anniversary～」開催直前カウントダウンログインボーナス*
*開催期間中、1日1回 8日間日替りでログインボーナスをプレゼント！*
`叡智の業火 X 5
`_2023-07-21 19:37:20_
--------
*f5845d187badef24087ae9dd8a663e48*
`登陆天数: 124天 / 1362天
等级: 143
石头: 582
呼符: 0
体力: 45.05666666666667 / 141
友情点: 0 / 24636620`
_2023-07-21 19:37:28_
--------
