【登录信息】
*4624dcf84d19c7237daa9e3aa06ae38e*
`登陆天数: 84天 / 1072天
等级: 130
石头: 491
呼符: 5
体力: 58380.903333333335 / 138
友情点: 0 / 724225`
*連続ログイン7日間到達おめでとうございます！
明日は1日目からリスタートされます。*
`獣の足跡 X 1
呼符 X 1
7月交換券(2023) X 1
`*「Fate/Grand Order Fes. 2023 夏祭り ～8th Anniversary～」開催直前カウントダウンログインボーナス*
*開催期間中、1日1回 8日間日替りでログインボーナスをプレゼント！*
`QP X 2000000
`_2023-07-22 19:36:50_
--------
*1960c6c2468d480d10656e460ff945b7*
`登陆天数: 84天 / 1269天
等级: 129
石头: 4285
呼符: 131
体力: 77931.30666666667 / 138
友情点: 0 / 133875`
*連続ログイン7日間到達おめでとうございます！
明日は1日目からリスタートされます。*
`獣の足跡 X 1
呼符 X 1
7月交換券(2023) X 1
`*「Fate/Grand Order Fes. 2023 夏祭り ～8th Anniversary～」開催直前カウントダウンログインボーナス*
*開催期間中、1日1回 8日間日替りでログインボーナスをプレゼント！*
`QP X 2000000
`_2023-07-22 19:36:59_
--------
*50e74030067f097de636fdb9ea0a5ce0*
`登陆天数: 84天 / 1274天
等级: 144
石头: 215
呼符: 13
体力: 2021.6633333333334 / 141
友情点: 135 / 8966450`
*連続ログイン7日間到達おめでとうございます！
明日は1日目からリスタートされます。*
`獣の足跡 X 1
呼符 X 1
7月交換券(2023) X 1
`*「Fate/Grand Order Fes. 2023 夏祭り ～8th Anniversary～」開催直前カウントダウンログインボーナス*
*開催期間中、1日1回 8日間日替りでログインボーナスをプレゼント！*
`QP X 2000000
`_2023-07-22 19:37:07_
--------
*5aebed162c025149a9ac12d5ff9cf0d5*
`登陆天数: 84天 / 1105天
等级: 133
石头: 10
呼符: 0
体力: 52199.683333333334 / 139
友情点: 0 / 1471160`
*連続ログイン7日間到達おめでとうございます！
明日は1日目からリスタートされます。*
`獣の足跡 X 1
呼符 X 1
7月交換券(2023) X 1
`*「Fate/Grand Order Fes. 2023 夏祭り ～8th Anniversary～」開催直前カウントダウンログインボーナス*
*開催期間中、1日1回 8日間日替りでログインボーナスをプレゼント！*
`QP X 2000000
`_2023-07-22 19:37:17_
--------
*f5845d187badef24087ae9dd8a663e48*
`登陆天数: 125天 / 1363天
等级: 143
石头: 583
呼符: 0
体力: 122.71666666666667 / 141
友情点: 0 / 24637220`
_2023-07-22 19:37:25_
--------
