【登录信息】
*4624dcf84d19c7237daa9e3aa06ae38e*
`登陆天数: 85天 / 1073天
等级: 130
石头: 491
呼符: 5
体力: 58668.91 / 138
友情点: 0 / 724225`
*連続ログイン1日目
※ログインが途切れるか、7日到達すると
1日目から再開されます*
`フレンドポイント X 2000
7月交換券(2023) X 1
`*「Fate/Grand Order Fes. 2023 夏祭り ～8th Anniversary～」開催直前カウントダウンログインボーナス*
*開催期間中、1日1回 8日間日替りでログインボーナスをプレゼント！*
`叡智の業火 X 10
`_2023-07-23 19:36:52_
--------
*1960c6c2468d480d10656e460ff945b7*
`登陆天数: 85天 / 1270天
等级: 129
石头: 4285
呼符: 131
体力: 78219.31333333334 / 138
友情点: 0 / 133875`
*連続ログイン1日目
※ログインが途切れるか、7日到達すると
1日目から再開されます*
`フレンドポイント X 2000
7月交換券(2023) X 1
`*「Fate/Grand Order Fes. 2023 夏祭り ～8th Anniversary～」開催直前カウントダウンログインボーナス*
*開催期間中、1日1回 8日間日替りでログインボーナスをプレゼント！*
`叡智の業火 X 10
`_2023-07-23 19:37:01_
--------
*50e74030067f097de636fdb9ea0a5ce0*
`登陆天数: 85天 / 1275天
等级: 144
石头: 215
呼符: 13
体力: 2309.67 / 141
友情点: 100 / 8966550`
*連続ログイン1日目
※ログインが途切れるか、7日到達すると
1日目から再開されます*
`フレンドポイント X 2000
7月交換券(2023) X 1
`*「Fate/Grand Order Fes. 2023 夏祭り ～8th Anniversary～」開催直前カウントダウンログインボーナス*
*開催期間中、1日1回 8日間日替りでログインボーナスをプレゼント！*
`叡智の業火 X 10
`_2023-07-23 19:37:09_
--------
*5aebed162c025149a9ac12d5ff9cf0d5*
`登陆天数: 85天 / 1106天
等级: 133
石头: 10
呼符: 0
体力: 52487.68666666667 / 139
友情点: 0 / 1471160`
*連続ログイン1日目
※ログインが途切れるか、7日到達すると
1日目から再開されます*
`フレンドポイント X 2000
7月交換券(2023) X 1
`*「Fate/Grand Order Fes. 2023 夏祭り ～8th Anniversary～」開催直前カウントダウンログインボーナス*
*開催期間中、1日1回 8日間日替りでログインボーナスをプレゼント！*
`叡智の業火 X 10
`_2023-07-23 19:37:18_
--------
*f5845d187badef24087ae9dd8a663e48*
`登陆天数: 126天 / 1364天
等级: 143
石头: 583
呼符: 0
体力: 123.54666666666667 / 141
友情点: 25 / 24637385`
_2023-07-23 19:37:27_
--------
