【登录信息】
*4624dcf84d19c7237daa9e3aa06ae38e*
`登陆天数: 86天 / 1074天
等级: 130
石头: 491
呼符: 5
体力: 58956.92333333333 / 138
友情点: 0 / 724225`
*連続ログイン2日目
※ログインが途切れるか、7日到達すると
1日目から再開されます*
`聖晶石 X 1
7月交換券(2023) X 1
`*「Fate/Grand Order Fes. 2023 夏祭り ～8th Anniversary～」開催直前カウントダウンログインボーナス*
*開催期間中、1日1回 8日間日替りでログインボーナスをプレゼント！*
`QP X 3000000
`_2023-07-24 19:36:55_
--------
*1960c6c2468d480d10656e460ff945b7*
`登陆天数: 86天 / 1271天
等级: 129
石头: 4285
呼符: 131
体力: 78507.32333333333 / 138
友情点: 0 / 133875`
*連続ログイン2日目
※ログインが途切れるか、7日到達すると
1日目から再開されます*
`聖晶石 X 1
7月交換券(2023) X 1
`*「Fate/Grand Order Fes. 2023 夏祭り ～8th Anniversary～」開催直前カウントダウンログインボーナス*
*開催期間中、1日1回 8日間日替りでログインボーナスをプレゼント！*
`QP X 3000000
`_2023-07-24 19:37:04_
--------
*50e74030067f097de636fdb9ea0a5ce0*
`登陆天数: 86天 / 1276天
等级: 144
石头: 215
呼符: 13
体力: 2597.6766666666667 / 141
友情点: 75 / 8966625`
*連続ログイン2日目
※ログインが途切れるか、7日到達すると
1日目から再開されます*
`聖晶石 X 1
7月交換券(2023) X 1
`*「Fate/Grand Order Fes. 2023 夏祭り ～8th Anniversary～」開催直前カウントダウンログインボーナス*
*開催期間中、1日1回 8日間日替りでログインボーナスをプレゼント！*
`QP X 3000000
`_2023-07-24 19:37:12_
--------
*5aebed162c025149a9ac12d5ff9cf0d5*
`登陆天数: 86天 / 1107天
等级: 133
石头: 10
呼符: 0
体力: 52775.69666666666 / 139
友情点: 0 / 1471160`
*連続ログイン2日目
※ログインが途切れるか、7日到達すると
1日目から再開されます*
`聖晶石 X 1
7月交換券(2023) X 1
`*「Fate/Grand Order Fes. 2023 夏祭り ～8th Anniversary～」開催直前カウントダウンログインボーナス*
*開催期間中、1日1回 8日間日替りでログインボーナスをプレゼント！*
`QP X 3000000
`_2023-07-24 19:37:21_
--------
*f5845d187badef24087ae9dd8a663e48*
`登陆天数: 127天 / 1365天
等级: 143
石头: 588
呼符: 0
体力: 182.56 / 141
友情点: 100 / 24637605`
*連続ログイン1日目
※ログインが途切れるか、7日到達すると
1日目から再開されます*
`フレンドポイント X 2000
7月交換券(2023) X 1
`*「Fate/Grand Order Fes. 2023 夏祭り ～8th Anniversary～」開催直前カウントダウンログインボーナス*
*開催期間中、1日1回 8日間日替りでログインボーナスをプレゼント！*
`QP X 3000000
`_2023-07-24 19:37:29_
--------
