【登录信息】
*4624dcf84d19c7237daa9e3aa06ae38e*
`登陆天数: 88天 / 1076天
等级: 130
石头: 491
呼符: 5
体力: 59532.903333333335 / 138
友情点: 0 / 724225`
*連続ログイン4日目
※ログインが途切れるか、7日到達すると
1日目から再開されます*
`聖晶石 X 1
7月交換券(2023) X 1
`*「Fate/Grand Order Fes. 2023 夏祭り ～8th Anniversary～」開催直前カウントダウンログインボーナス*
*開催期間中、1日1回 8日間日替りでログインボーナスをプレゼント！*
`QP X 3000000
`_2023-07-26 19:36:50_
--------
*1960c6c2468d480d10656e460ff945b7*
`登陆天数: 88天 / 1273天
等级: 129
石头: 4285
呼符: 131
体力: 79083.30333333333 / 138
友情点: 10 / 133885`
*連続ログイン4日目
※ログインが途切れるか、7日到達すると
1日目から再開されます*
`聖晶石 X 1
7月交換券(2023) X 1
`*「Fate/Grand Order Fes. 2023 夏祭り ～8th Anniversary～」開催直前カウントダウンログインボーナス*
*開催期間中、1日1回 8日間日替りでログインボーナスをプレゼント！*
`QP X 3000000
`_2023-07-26 19:36:58_
--------
*50e74030067f097de636fdb9ea0a5ce0*
`登陆天数: 88天 / 1278天
等级: 144
石头: 215
呼符: 13
体力: 3173.6566666666668 / 141
友情点: 130 / 8966830`
*連続ログイン4日目
※ログインが途切れるか、7日到達すると
1日目から再開されます*
`聖晶石 X 1
7月交換券(2023) X 1
`*「Fate/Grand Order Fes. 2023 夏祭り ～8th Anniversary～」開催直前カウントダウンログインボーナス*
*開催期間中、1日1回 8日間日替りでログインボーナスをプレゼント！*
`QP X 3000000
`_2023-07-26 19:37:06_
--------
*5aebed162c025149a9ac12d5ff9cf0d5*
`登陆天数: 88天 / 1109天
等级: 133
石头: 10
呼符: 0
体力: 53351.67333333333 / 139
友情点: 30 / 1471190`
*連続ログイン4日目
※ログインが途切れるか、7日到達すると
1日目から再開されます*
`聖晶石 X 1
7月交換券(2023) X 1
`*「Fate/Grand Order Fes. 2023 夏祭り ～8th Anniversary～」開催直前カウントダウンログインボーナス*
*開催期間中、1日1回 8日間日替りでログインボーナスをプレゼント！*
`QP X 3000000
`_2023-07-26 19:37:14_
--------
*f5845d187badef24087ae9dd8a663e48*
`登陆天数: 129天 / 1367天
等级: 143
石头: 588
呼符: 0
体力: 758.53 / 141
友情点: 75 / 24637680`
*連続ログイン3日目
※ログインが途切れるか、7日到達すると
1日目から再開されます*
`叡智の業火 X 1
7月交換券(2023) X 1
`*「Fate/Grand Order Fes. 2023 夏祭り ～8th Anniversary～」開催直前カウントダウンログインボーナス*
*開催期間中、1日1回 8日間日替りでログインボーナスをプレゼント！*
`QP X 3000000
`_2023-07-26 19:37:22_
--------
