【登录信息】
*4624dcf84d19c7237daa9e3aa06ae38e*
`登陆天数: 89天 / 1077天
等级: 130
石头: 491
呼符: 5
体力: 59820.95 / 138
友情点: 0 / 724225`
*連続ログイン5日目
※ログインが途切れるか、7日到達すると
1日目から再開されます*
`叡智の業火 X 2
7月交換券(2023) X 1
`*「Fate/Grand Order Fes. 2023 夏祭り ～8th Anniversary～」開催直前カウントダウンログインボーナス*
*開催期間中、1日1回 8日間日替りでログインボーナスをプレゼント！*
`叡智の業火 X 10
`_2023-07-27 19:37:03_
--------
*1960c6c2468d480d10656e460ff945b7*
`登陆天数: 89天 / 1274天
等级: 129
石头: 4285
呼符: 131
体力: 79371.35 / 138
友情点: 0 / 133885`
*連続ログイン5日目
※ログインが途切れるか、7日到達すると
1日目から再開されます*
`叡智の業火 X 2
7月交換券(2023) X 1
`*「Fate/Grand Order Fes. 2023 夏祭り ～8th Anniversary～」開催直前カウントダウンログインボーナス*
*開催期間中、1日1回 8日間日替りでログインボーナスをプレゼント！*
`叡智の業火 X 10
`_2023-07-27 19:37:12_
--------
*50e74030067f097de636fdb9ea0a5ce0*
`登陆天数: 89天 / 1279天
等级: 144
石头: 215
呼符: 13
体力: 3461.7066666666665 / 141
友情点: 125 / 8966955`
*連続ログイン5日目
※ログインが途切れるか、7日到達すると
1日目から再開されます*
`叡智の業火 X 2
7月交換券(2023) X 1
`*「Fate/Grand Order Fes. 2023 夏祭り ～8th Anniversary～」開催直前カウントダウンログインボーナス*
*開催期間中、1日1回 8日間日替りでログインボーナスをプレゼント！*
`叡智の業火 X 10
`_2023-07-27 19:37:20_
--------
*5aebed162c025149a9ac12d5ff9cf0d5*
`登陆天数: 89天 / 1110天
等级: 133
石头: 10
呼符: 0
体力: 53639.723333333335 / 139
友情点: 0 / 1471190`
*連続ログイン5日目
※ログインが途切れるか、7日到達すると
1日目から再開されます*
`叡智の業火 X 2
7月交換券(2023) X 1
`*「Fate/Grand Order Fes. 2023 夏祭り ～8th Anniversary～」開催直前カウントダウンログインボーナス*
*開催期間中、1日1回 8日間日替りでログインボーナスをプレゼント！*
`叡智の業火 X 10
`_2023-07-27 19:37:29_
--------
*f5845d187badef24087ae9dd8a663e48*
`登陆天数: 130天 / 1368天
等级: 143
石头: 588
呼符: 0
体力: 1046.5833333333335 / 141
友情点: 10 / 24637690`
*連続ログイン4日目
※ログインが途切れるか、7日到達すると
1日目から再開されます*
`聖晶石 X 1
7月交換券(2023) X 1
`*「Fate/Grand Order Fes. 2023 夏祭り ～8th Anniversary～」開催直前カウントダウンログインボーナス*
*開催期間中、1日1回 8日間日替りでログインボーナスをプレゼント！*
`叡智の業火 X 10
`_2023-07-27 19:37:38_
--------
