【登录信息】
*4624dcf84d19c7237daa9e3aa06ae38e*
`登陆天数: 90天 / 1078天
等级: 130
石头: 491
呼符: 5
体力: 60108.88333333333 / 138
友情点: 0 / 724225`
*連続ログイン6日目
※ログインが途切れるか、7日到達すると
1日目から再開されます*
`聖晶石 X 2
7月交換券(2023) X 1
`*「Fate/Grand Order Fes. 2023 夏祭り ～8th Anniversary～」開催直前カウントダウンログインボーナス*
*開催期間中、1日1回 8日間日替りでログインボーナスをプレゼント！*
`星見のティーポット X 3
`_2023-07-28 19:36:45_
--------
*1960c6c2468d480d10656e460ff945b7*
`登陆天数: 90天 / 1275天
等级: 129
石头: 4285
呼符: 131
体力: 79659.28666666667 / 138
友情点: 50 / 133935`
*連続ログイン6日目
※ログインが途切れるか、7日到達すると
1日目から再開されます*
`聖晶石 X 2
7月交換券(2023) X 1
`*「Fate/Grand Order Fes. 2023 夏祭り ～8th Anniversary～」開催直前カウントダウンログインボーナス*
*開催期間中、1日1回 8日間日替りでログインボーナスをプレゼント！*
`星見のティーポット X 3
`_2023-07-28 19:36:53_
--------
*50e74030067f097de636fdb9ea0a5ce0*
`登陆天数: 90天 / 1280天
等级: 144
石头: 215
呼符: 13
体力: 3749.64 / 141
友情点: 140 / 8967095`
*連続ログイン6日目
※ログインが途切れるか、7日到達すると
1日目から再開されます*
`聖晶石 X 2
7月交換券(2023) X 1
`*「Fate/Grand Order Fes. 2023 夏祭り ～8th Anniversary～」開催直前カウントダウンログインボーナス*
*開催期間中、1日1回 8日間日替りでログインボーナスをプレゼント！*
`星見のティーポット X 3
`_2023-07-28 19:37:01_
--------
*5aebed162c025149a9ac12d5ff9cf0d5*
`登陆天数: 90天 / 1111天
等级: 133
石头: 10
呼符: 0
体力: 53927.66 / 139
友情点: 80 / 1471270`
*連続ログイン6日目
※ログインが途切れるか、7日到達すると
1日目から再開されます*
`聖晶石 X 2
7月交換券(2023) X 1
`*「Fate/Grand Order Fes. 2023 夏祭り ～8th Anniversary～」開催直前カウントダウンログインボーナス*
*開催期間中、1日1回 8日間日替りでログインボーナスをプレゼント！*
`星見のティーポット X 3
`_2023-07-28 19:37:10_
--------
*f5845d187badef24087ae9dd8a663e48*
`登陆天数: 131天 / 1369天
等级: 143
石头: 588
呼符: 0
体力: 1334.5166666666667 / 141
友情点: 40 / 24637730`
*連続ログイン5日目
※ログインが途切れるか、7日到達すると
1日目から再開されます*
`叡智の業火 X 2
7月交換券(2023) X 1
`*「Fate/Grand Order Fes. 2023 夏祭り ～8th Anniversary～」開催直前カウントダウンログインボーナス*
*開催期間中、1日1回 8日間日替りでログインボーナスをプレゼント！*
`星見のティーポット X 3
`_2023-07-28 19:37:18_
--------
