【登录信息】
*4624dcf84d19c7237daa9e3aa06ae38e*
`登陆天数: 91天 / 1079天
等级: 130
石头: 491
呼符: 5
体力: 60396.89 / 138
友情点: 0 / 724225`
*連続ログイン7日間到達おめでとうございます！
明日は1日目からリスタートされます。*
`獣の足跡 X 1
呼符 X 1
7月交換券(2023) X 1
`_2023-07-29 19:36:47_
--------
*1960c6c2468d480d10656e460ff945b7*
`登陆天数: 91天 / 1276天
等级: 129
石头: 4285
呼符: 131
体力: 79947.29 / 138
友情点: 80 / 134015`
*連続ログイン7日間到達おめでとうございます！
明日は1日目からリスタートされます。*
`獣の足跡 X 1
呼符 X 1
7月交換券(2023) X 1
`_2023-07-29 19:36:54_
--------
*50e74030067f097de636fdb9ea0a5ce0*
`登陆天数: 91天 / 1281天
等级: 144
石头: 215
呼符: 13
体力: 4037.6433333333334 / 141
友情点: 405 / 8967500`
*連続ログイン7日間到達おめでとうございます！
明日は1日目からリスタートされます。*
`獣の足跡 X 1
呼符 X 1
7月交換券(2023) X 1
`_2023-07-29 19:37:02_
--------
*5aebed162c025149a9ac12d5ff9cf0d5*
`登陆天数: 91天 / 1112天
等级: 133
石头: 10
呼符: 0
体力: 54215.66333333333 / 139
友情点: 110 / 1471380`
*連続ログイン7日間到達おめでとうございます！
明日は1日目からリスタートされます。*
`獣の足跡 X 1
呼符 X 1
7月交換券(2023) X 1
`_2023-07-29 19:37:11_
--------
*f5845d187badef24087ae9dd8a663e48*
`登陆天数: 132天 / 1370天
等级: 143
石头: 588
呼符: 0
体力: 1622.52 / 141
友情点: 20 / 24637750`
*連続ログイン6日目
※ログインが途切れるか、7日到達すると
1日目から再開されます*
`聖晶石 X 2
7月交換券(2023) X 1
`_2023-07-29 19:37:19_
--------
