【登录信息】
*4624dcf84d19c7237daa9e3aa06ae38e*
`登陆天数: 92天 / 1080天
等级: 130
石头: 491
呼符: 5
体力: 60684.926666666666 / 138
友情点: 0 / 724225`
*連続ログイン1日目
※ログインが途切れるか、7日到達すると
1日目から再開されます*
`フレンドポイント X 2000
7月交換券(2023) X 1
`*ショートアニメ「藤丸立香はわからない」グランドフィナーレ記念 特別ログインボーナス*
*開催期間中、初回ログインで「限定概念礼装×1」をプレゼント！*
`慰労会はおわらない X 1
`_2023-07-30 19:36:57_
--------
*1960c6c2468d480d10656e460ff945b7*
`登陆天数: 92天 / 1277天
等级: 129
石头: 4285
呼符: 131
体力: 80235.32666666666 / 138
友情点: 0 / 134015`
*連続ログイン1日目
※ログインが途切れるか、7日到達すると
1日目から再開されます*
`フレンドポイント X 2000
7月交換券(2023) X 1
`*ショートアニメ「藤丸立香はわからない」グランドフィナーレ記念 特別ログインボーナス*
*開催期間中、初回ログインで「限定概念礼装×1」をプレゼント！*
`慰労会はおわらない X 1
`_2023-07-30 19:37:05_
--------
*50e74030067f097de636fdb9ea0a5ce0*
`登陆天数: 92天 / 1282天
等级: 144
石头: 488
呼符: 26
体力: 73.22333333333333 / 141
友情点: 0 / 8972350`
_2023-07-30 19:37:13_
--------
*5aebed162c025149a9ac12d5ff9cf0d5*
`登陆天数: 92天 / 1113天
等级: 133
石头: 10
呼符: 0
体力: 54503.69666666666 / 139
友情点: 0 / 1471380`
*連続ログイン1日目
※ログインが途切れるか、7日到達すると
1日目から再開されます*
`フレンドポイント X 2000
7月交換券(2023) X 1
`*ショートアニメ「藤丸立香はわからない」グランドフィナーレ記念 特別ログインボーナス*
*開催期間中、初回ログインで「限定概念礼装×1」をプレゼント！*
`慰労会はおわらない X 1
`_2023-07-30 19:37:21_
--------
*f5845d187badef24087ae9dd8a663e48*
`登陆天数: 133天 / 1371天
等级: 143
石头: 756
呼符: 6
体力: 9.056666666666672 / 141
友情点: 0 / 24645020`
_2023-07-30 19:37:30_
--------
