【登录信息】
*4624dcf84d19c7237daa9e3aa06ae38e*
`登陆天数: 51天 / 961天
等级: 130
石头: 1013
呼符: 0
体力: 26124.35 / 138
友情点: 0 / 724225`
*連続ログイン2日目
※ログインが途切れるか、7日到達すると
1日目から再開されます*
`聖晶石 X 1
4月交換券(2023) X 1
`*Fate/Grand Order 春の新米マスター応援キャンペーン2023！
日替りログインボーナス*
*開催期間中、1日1回 6日間日替りでログインボーナスをプレゼント！*
`呼符 X 1
`_2023-04-01 19:34:04_
--------
*1960c6c2468d480d10656e460ff945b7*
`登陆天数: 13天 / 1158天
等级: 129
石头: 4285
呼符: 131
体力: 45674.75 / 138
友情点: 0 / 130015`
*連続ログイン6日目
※ログインが途切れるか、7日到達すると
1日目から再開されます*
`聖晶石 X 2
4月交換券(2023) X 1
`*Fate/Grand Order 春の新米マスター応援キャンペーン2023！
日替りログインボーナス*
*開催期間中、1日1回 6日間日替りでログインボーナスをプレゼント！*
`呼符 X 1
`_2023-04-01 19:34:13_
--------
*50e74030067f097de636fdb9ea0a5ce0*
`登陆天数: 13天 / 1163天
等级: 143
石头: 176
呼符: 15
体力: 3795.403333333333 / 141
友情点: 0 / 9009315`
*連続ログイン6日目
※ログインが途切れるか、7日到達すると
1日目から再開されます*
`聖晶石 X 2
4月交換券(2023) X 1
`*Fate/Grand Order 春の新米マスター応援キャンペーン2023！
日替りログインボーナス*
*開催期間中、1日1回 6日間日替りでログインボーナスをプレゼント！*
`呼符 X 1
`_2023-04-01 19:34:21_
--------
*5aebed162c025149a9ac12d5ff9cf0d5*
`登陆天数: 13天 / 994天
等级: 133
石头: 10
呼符: 0
体力: 19943.123333333333 / 139
友情点: 0 / 1467170`
*連続ログイン6日目
※ログインが途切れるか、7日到達すると
1日目から再開されます*
`聖晶石 X 2
4月交換券(2023) X 1
`*Fate/Grand Order 春の新米マスター応援キャンペーン2023！
日替りログインボーナス*
*開催期間中、1日1回 6日間日替りでログインボーナスをプレゼント！*
`呼符 X 1
`_2023-04-01 19:34:29_
--------
*f5845d187badef24087ae9dd8a663e48*
`登陆天数: 13天 / 1251天
等级: 142
石头: 622
呼符: 21
体力: 110.78666666666666 / 140
友情点: 0 / 24747785`
*連続ログイン6日目
※ログインが途切れるか、7日到達すると
1日目から再開されます*
`聖晶石 X 2
4月交換券(2023) X 1
`*Fate/Grand Order 春の新米マスター応援キャンペーン2023！
日替りログインボーナス*
*開催期間中、1日1回 6日間日替りでログインボーナスをプレゼント！*
`呼符 X 1
`_2023-04-01 19:34:37_
--------
