【登录信息】
*4624dcf84d19c7237daa9e3aa06ae38e*
`登陆天数: 52天 / 962天
等级: 130
石头: 1013
呼符: 0
体力: 26412.373333333333 / 138
友情点: 0 / 724225`
*連続ログイン3日目
※ログインが途切れるか、7日到達すると
1日目から再開されます*
`叡智の業火 X 1
4月交換券(2023) X 1
`*日替りログインボーナス*
*開催期間中、1日1回 4週間日替りでログインボーナスをプレゼント！*
`巡霊の葉 X 30
`_2023-04-02 19:34:11_
--------
*1960c6c2468d480d10656e460ff945b7*
`登陆天数: 14天 / 1159天
等级: 129
石头: 4285
呼符: 131
体力: 45962.776666666665 / 138
友情点: 0 / 130015`
*連続ログイン7日間到達おめでとうございます！
明日は1日目からリスタートされます。*
`獣の足跡 X 1
呼符 X 1
4月交換券(2023) X 1
`*日替りログインボーナス*
*開催期間中、1日1回 4週間日替りでログインボーナスをプレゼント！*
`巡霊の葉 X 30
`_2023-04-02 19:34:20_
--------
*50e74030067f097de636fdb9ea0a5ce0*
`登陆天数: 14天 / 1164天
等级: 143
石头: 176
呼符: 15
体力: 4083.4266666666667 / 141
友情点: 100 / 9009415`
*連続ログイン7日間到達おめでとうございます！
明日は1日目からリスタートされます。*
`獣の足跡 X 1
呼符 X 1
4月交換券(2023) X 1
`*日替りログインボーナス*
*開催期間中、1日1回 4週間日替りでログインボーナスをプレゼント！*
`巡霊の葉 X 30
`_2023-04-02 19:34:28_
--------
*5aebed162c025149a9ac12d5ff9cf0d5*
`登陆天数: 14天 / 995天
等级: 133
石头: 10
呼符: 0
体力: 20231.15 / 139
友情点: 0 / 1467170`
*連続ログイン7日間到達おめでとうございます！
明日は1日目からリスタートされます。*
`獣の足跡 X 1
呼符 X 1
4月交換券(2023) X 1
`*日替りログインボーナス*
*開催期間中、1日1回 4週間日替りでログインボーナスをプレゼント！*
`巡霊の葉 X 30
`_2023-04-02 19:34:37_
--------
*f5845d187badef24087ae9dd8a663e48*
`登陆天数: 14天 / 1252天
等级: 142
石头: 670
呼符: 27
体力: 46.81 / 140
友情点: 70 / 24747905`
*連続ログイン7日間到達おめでとうございます！
明日は1日目からリスタートされます。*
`獣の足跡 X 1
呼符 X 1
4月交換券(2023) X 1
`*日替りログインボーナス*
*開催期間中、1日1回 4週間日替りでログインボーナスをプレゼント！*
`巡霊の葉 X 30
`_2023-04-02 19:34:46_
--------
