【登录信息】
*4624dcf84d19c7237daa9e3aa06ae38e*
`登陆天数: 53天 / 963天
等级: 130
石头: 1013
呼符: 0
体力: 26700.363333333335 / 138
友情点: 0 / 724225`
*連続ログイン4日目
※ログインが途切れるか、7日到達すると
1日目から再開されます*
`聖晶石 X 1
4月交換券(2023) X 1
`*日替りログインボーナス*
*開催期間中、1日1回 4週間日替りでログインボーナスをプレゼント！*
`巡霊の葉 X 30
`_2023-04-03 19:34:09_
--------
*1960c6c2468d480d10656e460ff945b7*
`登陆天数: 15天 / 1160天
等级: 129
石头: 4285
呼符: 131
体力: 46250.76666666667 / 138
友情点: 0 / 130015`
*連続ログイン1日目
※ログインが途切れるか、7日到達すると
1日目から再開されます*
`フレンドポイント X 2000
4月交換券(2023) X 1
`*日替りログインボーナス*
*開催期間中、1日1回 4週間日替りでログインボーナスをプレゼント！*
`巡霊の葉 X 30
`_2023-04-03 19:34:17_
--------
*50e74030067f097de636fdb9ea0a5ce0*
`登陆天数: 15天 / 1165天
等级: 143
石头: 21
呼符: 5
体力: 29.010000000000005 / 141
友情点: 0 / 8999835`
*連続ログイン1日目
※ログインが途切れるか、7日到達すると
1日目から再開されます*
`フレンドポイント X 2000
4月交換券(2023) X 1
`*日替りログインボーナス*
*開催期間中、1日1回 4週間日替りでログインボーナスをプレゼント！*
`巡霊の葉 X 30
`_2023-04-03 19:34:25_
--------
*5aebed162c025149a9ac12d5ff9cf0d5*
`登陆天数: 15天 / 996天
等级: 133
石头: 10
呼符: 0
体力: 20519.136666666665 / 139
友情点: 0 / 1467170`
*連続ログイン1日目
※ログインが途切れるか、7日到達すると
1日目から再開されます*
`フレンドポイント X 2000
4月交換券(2023) X 1
`*日替りログインボーナス*
*開催期間中、1日1回 4週間日替りでログインボーナスをプレゼント！*
`巡霊の葉 X 30
`_2023-04-03 19:34:33_
--------
*f5845d187badef24087ae9dd8a663e48*
`登陆天数: 15天 / 1253天
等级: 142
石头: 670
呼符: 28
体力: 33.31666666666666 / 140
友情点: 20 / 24748025`
*連続ログイン1日目
※ログインが途切れるか、7日到達すると
1日目から再開されます*
`フレンドポイント X 2000
4月交換券(2023) X 1
`*日替りログインボーナス*
*開催期間中、1日1回 4週間日替りでログインボーナスをプレゼント！*
`巡霊の葉 X 30
`_2023-04-03 19:34:42_
--------
