【登录信息】
*4624dcf84d19c7237daa9e3aa06ae38e*
`登陆天数: 54天 / 964天
等级: 130
石头: 1013
呼符: 0
体力: 26988.356666666667 / 138
友情点: 0 / 724225`
*連続ログイン5日目
※ログインが途切れるか、7日到達すると
1日目から再開されます*
`叡智の業火 X 2
4月交換券(2023) X 1
`*日替りログインボーナス*
*開催期間中、1日1回 4週間日替りでログインボーナスをプレゼント！*
`巡霊の葉 X 100
`_2023-04-04 19:34:06_
--------
*1960c6c2468d480d10656e460ff945b7*
`登陆天数: 16天 / 1161天
等级: 129
石头: 4285
呼符: 131
体力: 46538.75666666667 / 138
友情点: 0 / 130015`
*連続ログイン2日目
※ログインが途切れるか、7日到達すると
1日目から再開されます*
`聖晶石 X 1
4月交換券(2023) X 1
`*日替りログインボーナス*
*開催期間中、1日1回 4週間日替りでログインボーナスをプレゼント！*
`巡霊の葉 X 100
`_2023-04-04 19:34:14_
--------
*50e74030067f097de636fdb9ea0a5ce0*
`登陆天数: 16天 / 1166天
等级: 143
石头: 21
呼符: 5
体力: 317.0 / 141
友情点: 300 / 9000135`
*連続ログイン2日目
※ログインが途切れるか、7日到達すると
1日目から再開されます*
`聖晶石 X 1
4月交換券(2023) X 1
`*日替りログインボーナス*
*開催期間中、1日1回 4週間日替りでログインボーナスをプレゼント！*
`巡霊の葉 X 100
`_2023-04-04 19:34:22_
--------
*5aebed162c025149a9ac12d5ff9cf0d5*
`登陆天数: 16天 / 997天
等级: 133
石头: 10
呼符: 0
体力: 20807.126666666667 / 139
友情点: 0 / 1467170`
*連続ログイン2日目
※ログインが途切れるか、7日到達すると
1日目から再開されます*
`聖晶石 X 1
4月交換券(2023) X 1
`*日替りログインボーナス*
*開催期間中、1日1回 4週間日替りでログインボーナスをプレゼント！*
`巡霊の葉 X 100
`_2023-04-04 19:34:30_
--------
*f5845d187badef24087ae9dd8a663e48*
`登陆天数: 16天 / 1254天
等级: 142
石头: 673
呼符: 29
体力: 68.37 / 140
友情点: 0 / 24750045`
*連続ログイン2日目
※ログインが途切れるか、7日到達すると
1日目から再開されます*
`聖晶石 X 1
4月交換券(2023) X 1
`*日替りログインボーナス*
*開催期間中、1日1回 4週間日替りでログインボーナスをプレゼント！*
`巡霊の葉 X 100
`_2023-04-04 19:34:39_
--------
