【登录信息】
*4624dcf84d19c7237daa9e3aa06ae38e*
`登陆天数: 55天 / 965天
等级: 130
石头: 1013
呼符: 0
体力: 27276.406666666666 / 138
友情点: 0 / 724225`
*連続ログイン6日目
※ログインが途切れるか、7日到達すると
1日目から再開されます*
`聖晶石 X 2
4月交換券(2023) X 1
`*日替りログインボーナス*
*開催期間中、1日1回 4週間日替りでログインボーナスをプレゼント！*
`巡霊の葉 X 30
`_2023-04-05 19:34:22_
--------
*1960c6c2468d480d10656e460ff945b7*
`登陆天数: 17天 / 1162天
等级: 129
石头: 4285
呼符: 131
体力: 46826.81 / 138
友情点: 0 / 130015`
*連続ログイン3日目
※ログインが途切れるか、7日到達すると
1日目から再開されます*
`叡智の業火 X 1
4月交換券(2023) X 1
`*日替りログインボーナス*
*開催期間中、1日1回 4週間日替りでログインボーナスをプレゼント！*
`巡霊の葉 X 30
`_2023-04-05 19:34:30_
--------
*50e74030067f097de636fdb9ea0a5ce0*
`登陆天数: 17天 / 1167天
等级: 143
石头: 27
呼符: 5
体力: 152.62666666666667 / 141
友情点: 0 / 9002705`
*連続ログイン3日目
※ログインが途切れるか、7日到達すると
1日目から再開されます*
`叡智の業火 X 1
4月交換券(2023) X 1
`*日替りログインボーナス*
*開催期間中、1日1回 4週間日替りでログインボーナスをプレゼント！*
`巡霊の葉 X 30
`_2023-04-05 19:34:38_
--------
*5aebed162c025149a9ac12d5ff9cf0d5*
`登陆天数: 17天 / 998天
等级: 133
石头: 10
呼符: 0
体力: 21095.18 / 139
友情点: 0 / 1467170`
*連続ログイン3日目
※ログインが途切れるか、7日到達すると
1日目から再開されます*
`叡智の業火 X 1
4月交換券(2023) X 1
`*日替りログインボーナス*
*開催期間中、1日1回 4週間日替りでログインボーナスをプレゼント！*
`巡霊の葉 X 30
`_2023-04-05 19:34:46_
--------
*f5845d187badef24087ae9dd8a663e48*
`登陆天数: 17天 / 1255天
等级: 142
石头: 673
呼符: 30
体力: 60.49666666666667 / 140
友情点: 0 / 24750585`
_2023-04-05 19:34:55_
--------
