【登录信息】
*4624dcf84d19c7237daa9e3aa06ae38e*
`登陆天数: 56天 / 966天
等级: 130
石头: 1229
呼符: 5
体力: 27564.35 / 138
友情点: 0 / 724225`
*連続ログイン7日間到達おめでとうございます！
明日は1日目からリスタートされます。*
`獣の足跡 X 1
呼符 X 1
4月交換券(2023) X 1
`*日替りログインボーナス*
*開催期間中、1日1回 4週間日替りでログインボーナスをプレゼント！*
`巡霊の葉 X 30
`_2023-04-06 19:34:04_
--------
*1960c6c2468d480d10656e460ff945b7*
`登陆天数: 18天 / 1163天
等级: 129
石头: 4285
呼符: 131
体力: 47114.75 / 138
友情点: 0 / 130015`
*連続ログイン4日目
※ログインが途切れるか、7日到達すると
1日目から再開されます*
`聖晶石 X 1
4月交換券(2023) X 1
`*日替りログインボーナス*
*開催期間中、1日1回 4週間日替りでログインボーナスをプレゼント！*
`巡霊の葉 X 30
`_2023-04-06 19:34:13_
--------
*50e74030067f097de636fdb9ea0a5ce0*
`登陆天数: 18天 / 1168天
等级: 143
石头: 32
呼符: 6
体力: 7.816666666666663 / 141
友情点: 50 / 9003575`
_2023-04-06 19:34:21_
--------
*5aebed162c025149a9ac12d5ff9cf0d5*
`登陆天数: 18天 / 999天
等级: 133
石头: 10
呼符: 0
体力: 21383.123333333333 / 139
友情点: 0 / 1467170`
*連続ログイン4日目
※ログインが途切れるか、7日到達すると
1日目から再開されます*
`聖晶石 X 1
4月交換券(2023) X 1
`*日替りログインボーナス*
*開催期間中、1日1回 4週間日替りでログインボーナスをプレゼント！*
`巡霊の葉 X 30
`_2023-04-06 19:34:29_
--------
*f5845d187badef24087ae9dd8a663e48*
`登陆天数: 18天 / 1256天
等级: 142
石头: 673
呼符: 30
体力: 61.20666666666666 / 140
友情点: 20 / 24755675`
*連続ログイン4日目
※ログインが途切れるか、7日到達すると
1日目から再開されます*
`聖晶石 X 1
4月交換券(2023) X 1
`*日替りログインボーナス*
*開催期間中、1日1回 4週間日替りでログインボーナスをプレゼント！*
`巡霊の葉 X 30
`_2023-04-06 19:34:38_
--------
