【登录信息】
*4624dcf84d19c7237daa9e3aa06ae38e*
`登陆天数: 57天 / 967天
等级: 130
石头: 1229
呼符: 5
体力: 27852.35 / 138
友情点: 0 / 724225`
*連続ログイン1日目
※ログインが途切れるか、7日到達すると
1日目から再開されます*
`フレンドポイント X 2000
4月交換券(2023) X 1
`*日替りログインボーナス*
*開催期間中、1日1回 4週間日替りでログインボーナスをプレゼント！*
`巡霊の葉 X 30
`_2023-04-07 19:34:04_
--------
*1960c6c2468d480d10656e460ff945b7*
`登陆天数: 19天 / 1164天
等级: 129
石头: 4285
呼符: 131
体力: 47402.75 / 138
友情点: 0 / 130015`
*連続ログイン5日目
※ログインが途切れるか、7日到達すると
1日目から再開されます*
`叡智の業火 X 2
4月交換券(2023) X 1
`*日替りログインボーナス*
*開催期間中、1日1回 4週間日替りでログインボーナスをプレゼント！*
`巡霊の葉 X 30
`_2023-04-07 19:34:12_
--------
*50e74030067f097de636fdb9ea0a5ce0*
`登陆天数: 19天 / 1169天
等级: 143
石头: 36
呼符: 7
体力: 206.23000000000002 / 141
友情点: 50 / 9011445`
*連続ログイン5日目
※ログインが途切れるか、7日到達すると
1日目から再開されます*
`叡智の業火 X 2
4月交換券(2023) X 1
`*日替りログインボーナス*
*開催期間中、1日1回 4週間日替りでログインボーナスをプレゼント！*
`巡霊の葉 X 30
`_2023-04-07 19:34:20_
--------
*5aebed162c025149a9ac12d5ff9cf0d5*
`登陆天数: 19天 / 1000天
等级: 133
石头: 10
呼符: 0
体力: 21671.123333333333 / 139
友情点: 0 / 1467170`
*連続ログイン5日目
※ログインが途切れるか、7日到達すると
1日目から再開されます*
`叡智の業火 X 2
4月交換券(2023) X 1
`*日替りログインボーナス*
*開催期間中、1日1回 4週間日替りでログインボーナスをプレゼント！*
`巡霊の葉 X 30
`_2023-04-07 19:34:29_
--------
*f5845d187badef24087ae9dd8a663e48*
`登陆天数: 19天 / 1257天
等级: 142
石头: 673
呼符: 30
体力: 349.2033333333334 / 140
友情点: 50 / 24755725`
*連続ログイン5日目
※ログインが途切れるか、7日到達すると
1日目から再開されます*
`叡智の業火 X 2
4月交換券(2023) X 1
`*日替りログインボーナス*
*開催期間中、1日1回 4週間日替りでログインボーナスをプレゼント！*
`巡霊の葉 X 30
`_2023-04-07 19:34:37_
--------
