【登录信息】
*4624dcf84d19c7237daa9e3aa06ae38e*
`登陆天数: 58天 / 968天
等级: 130
石头: 1229
呼符: 5
体力: 28140.306666666667 / 138
友情点: 0 / 724225`
*連続ログイン2日目
※ログインが途切れるか、7日到達すると
1日目から再開されます*
`聖晶石 X 1
4月交換券(2023) X 1
`*日替りログインボーナス*
*開催期間中、1日1回 4週間日替りでログインボーナスをプレゼント！*
`聖晶石 X 6
巡霊の葉 X 50
`_2023-04-08 19:33:52_
--------
*1960c6c2468d480d10656e460ff945b7*
`登陆天数: 20天 / 1165天
等级: 129
石头: 4285
呼符: 131
体力: 47690.706666666665 / 138
友情点: 0 / 130015`
*連続ログイン6日目
※ログインが途切れるか、7日到達すると
1日目から再開されます*
`聖晶石 X 2
4月交換券(2023) X 1
`*日替りログインボーナス*
*開催期間中、1日1回 4週間日替りでログインボーナスをプレゼント！*
`聖晶石 X 6
巡霊の葉 X 50
`_2023-04-08 19:34:00_
--------
*50e74030067f097de636fdb9ea0a5ce0*
`登陆天数: 20天 / 1170天
等级: 143
石头: 53
呼符: 7
体力: 22.513333333333335 / 141
友情点: 0 / 9012115`
_2023-04-08 19:34:08_
--------
*5aebed162c025149a9ac12d5ff9cf0d5*
`登陆天数: 20天 / 1001天
等级: 133
石头: 10
呼符: 0
体力: 21959.08 / 139
友情点: 0 / 1467170`
*連続ログイン6日目
※ログインが途切れるか、7日到達すると
1日目から再開されます*
`聖晶石 X 2
4月交換券(2023) X 1
`*日替りログインボーナス*
*開催期間中、1日1回 4週間日替りでログインボーナスをプレゼント！*
`聖晶石 X 6
巡霊の葉 X 50
`_2023-04-08 19:34:16_
--------
*f5845d187badef24087ae9dd8a663e48*
`登陆天数: 20天 / 1258天
等级: 142
石头: 673
呼符: 30
体力: 637.1600000000001 / 140
友情点: 20 / 24755745`
*連続ログイン6日目
※ログインが途切れるか、7日到達すると
1日目から再開されます*
`聖晶石 X 2
4月交換券(2023) X 1
`*日替りログインボーナス*
*開催期間中、1日1回 4週間日替りでログインボーナスをプレゼント！*
`聖晶石 X 6
巡霊の葉 X 50
`_2023-04-08 19:34:24_
--------
