【登录信息】
*4624dcf84d19c7237daa9e3aa06ae38e*
`登陆天数: 59天 / 969天
等级: 130
石头: 1229
呼符: 5
体力: 28428.353333333333 / 138
友情点: 0 / 724225`
*連続ログイン3日目
※ログインが途切れるか、7日到達すると
1日目から再開されます*
`叡智の業火 X 1
4月交換券(2023) X 1
`*日替りログインボーナス*
*開催期間中、1日1回 4週間日替りでログインボーナスをプレゼント！*
`巡霊の葉 X 30
`_2023-04-09 19:34:05_
--------
*1960c6c2468d480d10656e460ff945b7*
`登陆天数: 21天 / 1166天
等级: 129
石头: 4285
呼符: 131
体力: 47978.753333333334 / 138
友情点: 0 / 130015`
*連続ログイン7日間到達おめでとうございます！
明日は1日目からリスタートされます。*
`獣の足跡 X 1
呼符 X 1
4月交換券(2023) X 1
`*日替りログインボーナス*
*開催期間中、1日1回 4週間日替りでログインボーナスをプレゼント！*
`巡霊の葉 X 30
`_2023-04-09 19:34:13_
--------
*50e74030067f097de636fdb9ea0a5ce0*
`登陆天数: 21天 / 1171天
等级: 143
石头: 53
呼符: 7
体力: 310.56 / 141
友情点: 0 / 9012115`
*連続ログイン7日間到達おめでとうございます！
明日は1日目からリスタートされます。*
`獣の足跡 X 1
呼符 X 1
4月交換券(2023) X 1
`*日替りログインボーナス*
*開催期間中、1日1回 4週間日替りでログインボーナスをプレゼント！*
`巡霊の葉 X 30
`_2023-04-09 19:34:22_
--------
*5aebed162c025149a9ac12d5ff9cf0d5*
`登陆天数: 21天 / 1002天
等级: 133
石头: 10
呼符: 0
体力: 22247.126666666667 / 139
友情点: 0 / 1467170`
*連続ログイン7日間到達おめでとうございます！
明日は1日目からリスタートされます。*
`獣の足跡 X 1
呼符 X 1
4月交換券(2023) X 1
`*日替りログインボーナス*
*開催期間中、1日1回 4週間日替りでログインボーナスをプレゼント！*
`巡霊の葉 X 30
`_2023-04-09 19:34:30_
--------
*f5845d187badef24087ae9dd8a663e48*
`登陆天数: 21天 / 1259天
等级: 142
石头: 673
呼符: 30
体力: 925.21 / 140
友情点: 50 / 24755795`
*連続ログイン7日間到達おめでとうございます！
明日は1日目からリスタートされます。*
`獣の足跡 X 1
呼符 X 1
4月交換券(2023) X 1
`*日替りログインボーナス*
*開催期間中、1日1回 4週間日替りでログインボーナスをプレゼント！*
`巡霊の葉 X 30
`_2023-04-09 19:34:39_
--------
