【登录信息】
*4624dcf84d19c7237daa9e3aa06ae38e*
`登陆天数: 60天 / 970天
等级: 130
石头: 1229
呼符: 5
体力: 28716.343333333334 / 138
友情点: 0 / 724225`
*連続ログイン4日目
※ログインが途切れるか、7日到達すると
1日目から再開されます*
`聖晶石 X 1
4月交換券(2023) X 1
`*日替りログインボーナス*
*開催期間中、1日1回 4週間日替りでログインボーナスをプレゼント！*
`巡霊の葉 X 30
`_2023-04-10 19:34:02_
--------
*1960c6c2468d480d10656e460ff945b7*
`登陆天数: 22天 / 1167天
等级: 129
石头: 4285
呼符: 131
体力: 48266.74333333333 / 138
友情点: 40 / 130055`
*連続ログイン1日目
※ログインが途切れるか、7日到達すると
1日目から再開されます*
`フレンドポイント X 2000
4月交換券(2023) X 1
`*日替りログインボーナス*
*開催期間中、1日1回 4週間日替りでログインボーナスをプレゼント！*
`巡霊の葉 X 30
`_2023-04-10 19:34:11_
--------
*50e74030067f097de636fdb9ea0a5ce0*
`登陆天数: 22天 / 1172天
等级: 143
石头: 61
呼符: 8
体力: 39.82666666666667 / 141
友情点: 150 / 9013345`
*連続ログイン1日目
※ログインが途切れるか、7日到達すると
1日目から再開されます*
`フレンドポイント X 2000
4月交換券(2023) X 1
`*日替りログインボーナス*
*開催期間中、1日1回 4週間日替りでログインボーナスをプレゼント！*
`巡霊の葉 X 30
`_2023-04-10 19:34:19_
--------
*5aebed162c025149a9ac12d5ff9cf0d5*
`登陆天数: 22天 / 1003天
等级: 133
石头: 10
呼符: 0
体力: 22535.116666666665 / 139
友情点: 40 / 1467210`
*連続ログイン1日目
※ログインが途切れるか、7日到達すると
1日目から再開されます*
`フレンドポイント X 2000
4月交換券(2023) X 1
`*日替りログインボーナス*
*開催期間中、1日1回 4週間日替りでログインボーナスをプレゼント！*
`巡霊の葉 X 30
`_2023-04-10 19:34:27_
--------
*f5845d187badef24087ae9dd8a663e48*
`登陆天数: 22天 / 1260天
等级: 142
石头: 673
呼符: 30
体力: 1213.2 / 140
友情点: 120 / 24755915`
*連続ログイン1日目
※ログインが途切れるか、7日到達すると
1日目から再開されます*
`フレンドポイント X 2000
4月交換券(2023) X 1
`*日替りログインボーナス*
*開催期間中、1日1回 4週間日替りでログインボーナスをプレゼント！*
`巡霊の葉 X 30
`_2023-04-10 19:34:36_
--------
