【登录信息】
*4624dcf84d19c7237daa9e3aa06ae38e*
`登陆天数: 61天 / 971天
等级: 130
石头: 1229
呼符: 5
体力: 29004.323333333334 / 138
友情点: 0 / 724225`
*連続ログイン5日目
※ログインが途切れるか、7日到達すると
1日目から再開されます*
`叡智の業火 X 2
4月交換券(2023) X 1
`*日替りログインボーナス*
*開催期間中、1日1回 4週間日替りでログインボーナスをプレゼント！*
`巡霊の葉 X 100
`_2023-04-11 19:33:56_
--------
*1960c6c2468d480d10656e460ff945b7*
`登陆天数: 23天 / 1168天
等级: 129
石头: 4285
呼符: 131
体力: 48554.723333333335 / 138
友情点: 0 / 130055`
*連続ログイン2日目
※ログインが途切れるか、7日到達すると
1日目から再開されます*
`聖晶石 X 1
4月交換券(2023) X 1
`*日替りログインボーナス*
*開催期間中、1日1回 4週間日替りでログインボーナスをプレゼント！*
`巡霊の葉 X 100
`_2023-04-11 19:34:04_
--------
*50e74030067f097de636fdb9ea0a5ce0*
`登陆天数: 23天 / 1173天
等级: 143
石头: 61
呼符: 8
体力: 327.8066666666667 / 141
友情点: 300 / 9013645`
*連続ログイン2日目
※ログインが途切れるか、7日到達すると
1日目から再開されます*
`聖晶石 X 1
4月交換券(2023) X 1
`*日替りログインボーナス*
*開催期間中、1日1回 4週間日替りでログインボーナスをプレゼント！*
`巡霊の葉 X 100
`_2023-04-11 19:34:13_
--------
*5aebed162c025149a9ac12d5ff9cf0d5*
`登陆天数: 23天 / 1004天
等级: 133
石头: 10
呼符: 0
体力: 22823.096666666668 / 139
友情点: 0 / 1467210`
*連続ログイン2日目
※ログインが途切れるか、7日到達すると
1日目から再開されます*
`聖晶石 X 1
4月交換券(2023) X 1
`*日替りログインボーナス*
*開催期間中、1日1回 4週間日替りでログインボーナスをプレゼント！*
`巡霊の葉 X 100
`_2023-04-11 19:34:21_
--------
*f5845d187badef24087ae9dd8a663e48*
`登陆天数: 23天 / 1261天
等级: 142
石头: 673
呼符: 30
体力: 1501.18 / 140
友情点: 100 / 24756015`
*連続ログイン2日目
※ログインが途切れるか、7日到達すると
1日目から再開されます*
`聖晶石 X 1
4月交換券(2023) X 1
`*日替りログインボーナス*
*開催期間中、1日1回 4週間日替りでログインボーナスをプレゼント！*
`巡霊の葉 X 100
`_2023-04-11 19:34:30_
--------
