【登录信息】
*4624dcf84d19c7237daa9e3aa06ae38e*
`登陆天数: 62天 / 972天
等级: 130
石头: 1229
呼符: 5
体力: 29292.393333333333 / 138
友情点: 0 / 724225`
*連続ログイン6日目
※ログインが途切れるか、7日到達すると
1日目から再開されます*
`聖晶石 X 2
4月交換券(2023) X 1
`*日替りログインボーナス*
*開催期間中、1日1回 4週間日替りでログインボーナスをプレゼント！*
`巡霊の葉 X 30
`_2023-04-12 19:34:17_
--------
*1960c6c2468d480d10656e460ff945b7*
`登陆天数: 24天 / 1169天
等级: 129
石头: 4285
呼符: 131
体力: 48842.793333333335 / 138
友情点: 180 / 130235`
*連続ログイン3日目
※ログインが途切れるか、7日到達すると
1日目から再開されます*
`叡智の業火 X 1
4月交換券(2023) X 1
`*日替りログインボーナス*
*開催期間中、1日1回 4週間日替りでログインボーナスをプレゼント！*
`巡霊の葉 X 30
`_2023-04-12 19:34:25_
--------
*50e74030067f097de636fdb9ea0a5ce0*
`登陆天数: 24天 / 1174天
等级: 143
石头: 61
呼符: 8
体力: 233.89666666666665 / 141
友情点: 0 / 9013845`
*連続ログイン3日目
※ログインが途切れるか、7日到達すると
1日目から再開されます*
`叡智の業火 X 1
4月交換券(2023) X 1
`*日替りログインボーナス*
*開催期間中、1日1回 4週間日替りでログインボーナスをプレゼント！*
`巡霊の葉 X 30
`_2023-04-12 19:34:33_
--------
*5aebed162c025149a9ac12d5ff9cf0d5*
`登陆天数: 24天 / 1005天
等级: 133
石头: 10
呼符: 0
体力: 23111.166666666668 / 139
友情点: 60 / 1467470`
*連続ログイン3日目
※ログインが途切れるか、7日到達すると
1日目から再開されます*
`叡智の業火 X 1
4月交換券(2023) X 1
`*日替りログインボーナス*
*開催期間中、1日1回 4週間日替りでログインボーナスをプレゼント！*
`巡霊の葉 X 30
`_2023-04-12 19:34:42_
--------
*f5845d187badef24087ae9dd8a663e48*
`登陆天数: 24天 / 1262天
等级: 142
石头: 699
呼符: 31
体力: 267.10333333333335 / 140
友情点: 100 / 24760495`
*連続ログイン3日目
※ログインが途切れるか、7日到達すると
1日目から再開されます*
`叡智の業火 X 1
4月交換券(2023) X 1
`*日替りログインボーナス*
*開催期間中、1日1回 4週間日替りでログインボーナスをプレゼント！*
`巡霊の葉 X 30
`_2023-04-12 19:34:50_
--------
