【登录信息】
*4624dcf84d19c7237daa9e3aa06ae38e*
`登陆天数: 63天 / 973天
等级: 130
石头: 1229
呼符: 5
体力: 29580.373333333333 / 138
友情点: 0 / 724225`
*連続ログイン7日間到達おめでとうございます！
明日は1日目からリスタートされます。*
`獣の足跡 X 1
呼符 X 1
4月交換券(2023) X 1
`*日替りログインボーナス*
*開催期間中、1日1回 4週間日替りでログインボーナスをプレゼント！*
`巡霊の葉 X 30
`_2023-04-13 19:34:11_
--------
*1960c6c2468d480d10656e460ff945b7*
`登陆天数: 25天 / 1170天
等级: 129
石头: 4285
呼符: 131
体力: 49130.77333333333 / 138
友情点: 400 / 130635`
*連続ログイン4日目
※ログインが途切れるか、7日到達すると
1日目から再開されます*
`聖晶石 X 1
4月交換券(2023) X 1
`*日替りログインボーナス*
*開催期間中、1日1回 4週間日替りでログインボーナスをプレゼント！*
`巡霊の葉 X 30
`_2023-04-13 19:34:19_
--------
*50e74030067f097de636fdb9ea0a5ce0*
`登陆天数: 25天 / 1175天
等级: 143
石头: 61
呼符: 8
体力: 521.8733333333333 / 141
友情点: 1470 / 9015315`
*連続ログイン4日目
※ログインが途切れるか、7日到達すると
1日目から再開されます*
`聖晶石 X 1
4月交換券(2023) X 1
`*日替りログインボーナス*
*開催期間中、1日1回 4週間日替りでログインボーナスをプレゼント！*
`巡霊の葉 X 30
`_2023-04-13 19:34:27_
--------
*5aebed162c025149a9ac12d5ff9cf0d5*
`登陆天数: 25天 / 1006天
等级: 133
石头: 10
呼符: 0
体力: 23399.146666666667 / 139
友情点: 220 / 1467690`
*連続ログイン4日目
※ログインが途切れるか、7日到達すると
1日目から再開されます*
`聖晶石 X 1
4月交換券(2023) X 1
`*日替りログインボーナス*
*開催期間中、1日1回 4週間日替りでログインボーナスをプレゼント！*
`巡霊の葉 X 30
`_2023-04-13 19:34:36_
--------
*f5845d187badef24087ae9dd8a663e48*
`登陆天数: 25天 / 1263天
等级: 142
石头: 704
呼符: 31
体力: 59.08666666666667 / 140
友情点: 0 / 24761305`
*連続ログイン4日目
※ログインが途切れるか、7日到達すると
1日目から再開されます*
`聖晶石 X 1
4月交換券(2023) X 1
`*日替りログインボーナス*
*開催期間中、1日1回 4週間日替りでログインボーナスをプレゼント！*
`巡霊の葉 X 30
`_2023-04-13 19:34:44_
--------
