【登录信息】
*4624dcf84d19c7237daa9e3aa06ae38e*
`登陆天数: 64天 / 974天
等级: 130
石头: 1229
呼符: 5
体力: 29868.363333333335 / 138
友情点: 0 / 724225`
*連続ログイン1日目
※ログインが途切れるか、7日到達すると
1日目から再開されます*
`フレンドポイント X 2000
4月交換券(2023) X 1
`*日替りログインボーナス*
*開催期間中、1日1回 4週間日替りでログインボーナスをプレゼント！*
`巡霊の葉 X 30
`_2023-04-14 19:34:09_
--------
*1960c6c2468d480d10656e460ff945b7*
`登陆天数: 26天 / 1171天
等级: 129
石头: 4285
呼符: 131
体力: 49418.76666666667 / 138
友情点: 0 / 130635`
*連続ログイン5日目
※ログインが途切れるか、7日到達すると
1日目から再開されます*
`叡智の業火 X 2
4月交換券(2023) X 1
`*日替りログインボーナス*
*開催期間中、1日1回 4週間日替りでログインボーナスをプレゼント！*
`巡霊の葉 X 30
`_2023-04-14 19:34:17_
--------
*50e74030067f097de636fdb9ea0a5ce0*
`登陆天数: 26天 / 1176天
等级: 143
石头: 61
呼符: 8
体力: 809.8666666666667 / 141
友情点: 200 / 9015515`
*連続ログイン5日目
※ログインが途切れるか、7日到達すると
1日目から再開されます*
`叡智の業火 X 2
4月交換券(2023) X 1
`*日替りログインボーナス*
*開催期間中、1日1回 4週間日替りでログインボーナスをプレゼント！*
`巡霊の葉 X 30
`_2023-04-14 19:34:25_
--------
*5aebed162c025149a9ac12d5ff9cf0d5*
`登陆天数: 26天 / 1007天
等级: 133
石头: 10
呼符: 0
体力: 23687.14 / 139
友情点: 0 / 1467690`
*連続ログイン5日目
※ログインが途切れるか、7日到達すると
1日目から再開されます*
`叡智の業火 X 2
4月交換券(2023) X 1
`*日替りログインボーナス*
*開催期間中、1日1回 4週間日替りでログインボーナスをプレゼント！*
`巡霊の葉 X 30
`_2023-04-14 19:34:34_
--------
*f5845d187badef24087ae9dd8a663e48*
`登陆天数: 26天 / 1264天
等级: 142
石头: 704
呼符: 31
体力: 347.08000000000004 / 140
友情点: 0 / 24761305`
*連続ログイン5日目
※ログインが途切れるか、7日到達すると
1日目から再開されます*
`叡智の業火 X 2
4月交換券(2023) X 1
`*日替りログインボーナス*
*開催期間中、1日1回 4週間日替りでログインボーナスをプレゼント！*
`巡霊の葉 X 30
`_2023-04-14 19:34:42_
--------
