【登录信息】
*4624dcf84d19c7237daa9e3aa06ae38e*
`登陆天数: 65天 / 975天
等级: 130
石头: 1229
呼符: 5
体力: 30156.396666666667 / 138
友情点: 0 / 724225`
*連続ログイン2日目
※ログインが途切れるか、7日到達すると
1日目から再開されます*
`聖晶石 X 1
4月交換券(2023) X 1
`*日替りログインボーナス*
*開催期間中、1日1回 4週間日替りでログインボーナスをプレゼント！*
`聖晶石 X 6
巡霊の葉 X 50
`_2023-04-15 19:34:18_
--------
*1960c6c2468d480d10656e460ff945b7*
`登陆天数: 27天 / 1172天
等级: 129
石头: 4285
呼符: 131
体力: 49706.79666666667 / 138
友情点: 0 / 130635`
*連続ログイン6日目
※ログインが途切れるか、7日到達すると
1日目から再開されます*
`聖晶石 X 2
4月交換券(2023) X 1
`*日替りログインボーナス*
*開催期間中、1日1回 4週間日替りでログインボーナスをプレゼント！*
`聖晶石 X 6
巡霊の葉 X 50
`_2023-04-15 19:34:26_
--------
*50e74030067f097de636fdb9ea0a5ce0*
`登陆天数: 27天 / 1177天
等级: 143
石头: 61
呼符: 8
体力: 1097.8966666666665 / 141
友情点: 500 / 9016015`
*連続ログイン6日目
※ログインが途切れるか、7日到達すると
1日目から再開されます*
`聖晶石 X 2
4月交換券(2023) X 1
`*日替りログインボーナス*
*開催期間中、1日1回 4週間日替りでログインボーナスをプレゼント！*
`聖晶石 X 6
巡霊の葉 X 50
`_2023-04-15 19:34:34_
--------
*5aebed162c025149a9ac12d5ff9cf0d5*
`登陆天数: 27天 / 1008天
等级: 133
石头: 10
呼符: 0
体力: 23975.17 / 139
友情点: 0 / 1467690`
*連続ログイン6日目
※ログインが途切れるか、7日到達すると
1日目から再開されます*
`聖晶石 X 2
4月交換券(2023) X 1
`*日替りログインボーナス*
*開催期間中、1日1回 4週間日替りでログインボーナスをプレゼント！*
`聖晶石 X 6
巡霊の葉 X 50
`_2023-04-15 19:34:43_
--------
*f5845d187badef24087ae9dd8a663e48*
`登陆天数: 27天 / 1265天
等级: 142
石头: 704
呼符: 31
体力: 635.11 / 140
友情点: 100 / 24761405`
*連続ログイン6日目
※ログインが途切れるか、7日到達すると
1日目から再開されます*
`聖晶石 X 2
4月交換券(2023) X 1
`*日替りログインボーナス*
*開催期間中、1日1回 4週間日替りでログインボーナスをプレゼント！*
`聖晶石 X 6
巡霊の葉 X 50
`_2023-04-15 19:34:51_
--------
