【登录信息】
*4624dcf84d19c7237daa9e3aa06ae38e*
`登陆天数: 66天 / 976天
等级: 130
石头: 1229
呼符: 5
体力: 30444.37 / 138
友情点: 0 / 724225`
*連続ログイン3日目
※ログインが途切れるか、7日到達すると
1日目から再開されます*
`叡智の業火 X 1
4月交換券(2023) X 1
`*日替りログインボーナス*
*開催期間中、1日1回 4週間日替りでログインボーナスをプレゼント！*
`巡霊の葉 X 30
`_2023-04-16 19:34:10_
--------
*1960c6c2468d480d10656e460ff945b7*
`登陆天数: 28天 / 1173天
等级: 129
石头: 4285
呼符: 131
体力: 49994.77 / 138
友情点: 80 / 130715`
*連続ログイン7日間到達おめでとうございます！
明日は1日目からリスタートされます。*
`獣の足跡 X 1
呼符 X 1
4月交換券(2023) X 1
`*日替りログインボーナス*
*開催期間中、1日1回 4週間日替りでログインボーナスをプレゼント！*
`巡霊の葉 X 30
`_2023-04-16 19:34:19_
--------
*50e74030067f097de636fdb9ea0a5ce0*
`登陆天数: 28天 / 1178天
等级: 143
石头: 107
呼符: 8
体力: 246.12666666666667 / 141
友情点: 0 / 9018935`
*連続ログイン7日間到達おめでとうございます！
明日は1日目からリスタートされます。*
`獣の足跡 X 1
呼符 X 1
4月交換券(2023) X 1
`*日替りログインボーナス*
*開催期間中、1日1回 4週間日替りでログインボーナスをプレゼント！*
`巡霊の葉 X 30
`_2023-04-16 19:34:27_
--------
*5aebed162c025149a9ac12d5ff9cf0d5*
`登陆天数: 28天 / 1009天
等级: 133
石头: 10
呼符: 0
体力: 24263.143333333333 / 139
友情点: 100 / 1467790`
*連続ログイン7日間到達おめでとうございます！
明日は1日目からリスタートされます。*
`獣の足跡 X 1
呼符 X 1
4月交換券(2023) X 1
`*日替りログインボーナス*
*開催期間中、1日1回 4週間日替りでログインボーナスをプレゼント！*
`巡霊の葉 X 30
`_2023-04-16 19:34:35_
--------
*f5845d187badef24087ae9dd8a663e48*
`登陆天数: 28天 / 1266天
等级: 142
石头: 734
呼符: 31
体力: 316.12333333333333 / 140
友情点: 20 / 24762635`
*連続ログイン7日間到達おめでとうございます！
明日は1日目からリスタートされます。*
`獣の足跡 X 1
呼符 X 1
4月交換券(2023) X 1
`*日替りログインボーナス*
*開催期間中、1日1回 4週間日替りでログインボーナスをプレゼント！*
`巡霊の葉 X 30
`_2023-04-16 19:34:44_
--------
