【登录信息】
*4624dcf84d19c7237daa9e3aa06ae38e*
`登陆天数: 67天 / 977天
等级: 130
石头: 1229
呼符: 5
体力: 30732.476666666666 / 138
友情点: 0 / 724225`
*連続ログイン4日目
※ログインが途切れるか、7日到達すると
1日目から再開されます*
`聖晶石 X 1
4月交換券(2023) X 1
`*日替りログインボーナス*
*開催期間中、1日1回 4週間日替りでログインボーナスをプレゼント！*
`巡霊の葉 X 30
`_2023-04-17 19:34:42_
--------
*1960c6c2468d480d10656e460ff945b7*
`登陆天数: 29天 / 1174天
等级: 129
石头: 4285
呼符: 131
体力: 50282.87666666666 / 138
友情点: 260 / 130975`
*連続ログイン1日目
※ログインが途切れるか、7日到達すると
1日目から再開されます*
`フレンドポイント X 2000
4月交換券(2023) X 1
`*日替りログインボーナス*
*開催期間中、1日1回 4週間日替りでログインボーナスをプレゼント！*
`巡霊の葉 X 30
`_2023-04-17 19:34:50_
--------
*50e74030067f097de636fdb9ea0a5ce0*
`登陆天数: 29天 / 1179天
等级: 143
石头: 107
呼符: 8
体力: 534.23 / 141
友情点: 600 / 9019535`
*連続ログイン1日目
※ログインが途切れるか、7日到達すると
1日目から再開されます*
`フレンドポイント X 2000
4月交換券(2023) X 1
`*日替りログインボーナス*
*開催期間中、1日1回 4週間日替りでログインボーナスをプレゼント！*
`巡霊の葉 X 30
`_2023-04-17 19:34:58_
--------
*5aebed162c025149a9ac12d5ff9cf0d5*
`登陆天数: 29天 / 1010天
等级: 133
石头: 10
呼符: 0
体力: 24551.246666666666 / 139
友情点: 460 / 1468250`
*連続ログイン1日目
※ログインが途切れるか、7日到達すると
1日目から再開されます*
`フレンドポイント X 2000
4月交換券(2023) X 1
`*日替りログインボーナス*
*開催期間中、1日1回 4週間日替りでログインボーナスをプレゼント！*
`巡霊の葉 X 30
`_2023-04-17 19:35:07_
--------
*f5845d187badef24087ae9dd8a663e48*
`登陆天数: 29天 / 1267天
等级: 142
石头: 734
呼符: 31
体力: 604.2266666666667 / 140
友情点: 400 / 24763035`
*連続ログイン1日目
※ログインが途切れるか、7日到達すると
1日目から再開されます*
`フレンドポイント X 2000
4月交換券(2023) X 1
`*日替りログインボーナス*
*開催期間中、1日1回 4週間日替りでログインボーナスをプレゼント！*
`巡霊の葉 X 30
`_2023-04-17 19:35:15_
--------
