【登录信息】
*4624dcf84d19c7237daa9e3aa06ae38e*
`登陆天数: 69天 / 979天
等级: 130
石头: 539
呼符: 5
体力: 31308.373333333333 / 138
友情点: 0 / 724225`
*連続ログイン6日目
※ログインが途切れるか、7日到達すると
1日目から再開されます*
`聖晶石 X 2
4月交換券(2023) X 1
`*日替りログインボーナス*
*開催期間中、1日1回 4週間日替りでログインボーナスをプレゼント！*
`巡霊の葉 X 30
`_2023-04-19 19:34:11_
--------
*1960c6c2468d480d10656e460ff945b7*
`登陆天数: 31天 / 1176天
等级: 129
石头: 4285
呼符: 131
体力: 50858.77333333333 / 138
友情点: 0 / 130975`
*連続ログイン3日目
※ログインが途切れるか、7日到達すると
1日目から再開されます*
`叡智の業火 X 1
4月交換券(2023) X 1
`*日替りログインボーナス*
*開催期間中、1日1回 4週間日替りでログインボーナスをプレゼント！*
`巡霊の葉 X 30
`_2023-04-19 19:34:20_
--------
*50e74030067f097de636fdb9ea0a5ce0*
`登陆天数: 31天 / 1181天
等级: 143
石头: 107
呼符: 8
体力: 1110.13 / 141
友情点: 70 / 9019705`
*連続ログイン3日目
※ログインが途切れるか、7日到達すると
1日目から再開されます*
`叡智の業火 X 1
4月交換券(2023) X 1
`*日替りログインボーナス*
*開催期間中、1日1回 4週間日替りでログインボーナスをプレゼント！*
`巡霊の葉 X 30
`_2023-04-19 19:34:28_
--------
*5aebed162c025149a9ac12d5ff9cf0d5*
`登陆天数: 31天 / 1012天
等级: 133
石头: 10
呼符: 0
体力: 25127.146666666667 / 139
友情点: 0 / 1468250`
*連続ログイン3日目
※ログインが途切れるか、7日到達すると
1日目から再開されます*
`叡智の業火 X 1
4月交換券(2023) X 1
`*日替りログインボーナス*
*開催期間中、1日1回 4週間日替りでログインボーナスをプレゼント！*
`巡霊の葉 X 30
`_2023-04-19 19:34:36_
--------
*f5845d187badef24087ae9dd8a663e48*
`登陆天数: 31天 / 1269天
等级: 142
石头: 440
呼符: 2
体力: 426.13 / 140
友情点: 100 / 24755305`
*連続ログイン3日目
※ログインが途切れるか、7日到達すると
1日目から再開されます*
`叡智の業火 X 1
4月交換券(2023) X 1
`*日替りログインボーナス*
*開催期間中、1日1回 4週間日替りでログインボーナスをプレゼント！*
`巡霊の葉 X 30
`_2023-04-19 19:34:44_
--------
