【登录信息】
*4624dcf84d19c7237daa9e3aa06ae38e*
`登陆天数: 70天 / 980天
等级: 130
石头: 539
呼符: 5
体力: 31596.35 / 138
友情点: 0 / 724225`
*連続ログイン7日間到達おめでとうございます！
明日は1日目からリスタートされます。*
`獣の足跡 X 1
呼符 X 1
4月交換券(2023) X 1
`*日替りログインボーナス*
*開催期間中、1日1回 4週間日替りでログインボーナスをプレゼント！*
`巡霊の葉 X 30
`_2023-04-20 19:34:04_
--------
*1960c6c2468d480d10656e460ff945b7*
`登陆天数: 32天 / 1177天
等级: 129
石头: 4285
呼符: 131
体力: 51146.75 / 138
友情点: 0 / 130975`
*連続ログイン4日目
※ログインが途切れるか、7日到達すると
1日目から再開されます*
`聖晶石 X 1
4月交換券(2023) X 1
`*日替りログインボーナス*
*開催期間中、1日1回 4週間日替りでログインボーナスをプレゼント！*
`巡霊の葉 X 30
`_2023-04-20 19:34:12_
--------
*50e74030067f097de636fdb9ea0a5ce0*
`登陆天数: 32天 / 1182天
等级: 143
石头: 107
呼符: 8
体力: 1398.1066666666666 / 141
友情点: 350 / 9020055`
*連続ログイン4日目
※ログインが途切れるか、7日到達すると
1日目から再開されます*
`聖晶石 X 1
4月交換券(2023) X 1
`*日替りログインボーナス*
*開催期間中、1日1回 4週間日替りでログインボーナスをプレゼント！*
`巡霊の葉 X 30
`_2023-04-20 19:34:20_
--------
*5aebed162c025149a9ac12d5ff9cf0d5*
`登陆天数: 32天 / 1013天
等级: 133
石头: 10
呼符: 0
体力: 25415.123333333333 / 139
友情点: 10 / 1468260`
*連続ログイン4日目
※ログインが途切れるか、7日到達すると
1日目から再開されます*
`聖晶石 X 1
4月交換券(2023) X 1
`*日替りログインボーナス*
*開催期間中、1日1回 4週間日替りでログインボーナスをプレゼント！*
`巡霊の葉 X 30
`_2023-04-20 19:34:29_
--------
*f5845d187badef24087ae9dd8a663e48*
`登陆天数: 32天 / 1270天
等级: 142
石头: 440
呼符: 2
体力: 714.11 / 140
友情点: 0 / 24755305`
*連続ログイン4日目
※ログインが途切れるか、7日到達すると
1日目から再開されます*
`聖晶石 X 1
4月交換券(2023) X 1
`*日替りログインボーナス*
*開催期間中、1日1回 4週間日替りでログインボーナスをプレゼント！*
`巡霊の葉 X 30
`_2023-04-20 19:34:38_
--------
