【登录信息】
*4624dcf84d19c7237daa9e3aa06ae38e*
`登陆天数: 72天 / 982天
等级: 130
石头: 539
呼符: 5
体力: 32172.336666666666 / 138
友情点: 0 / 724225`
*連続ログイン2日目
※ログインが途切れるか、7日到達すると
1日目から再開されます*
`聖晶石 X 1
4月交換券(2023) X 1
`*日替りログインボーナス*
*開催期間中、1日1回 4週間日替りでログインボーナスをプレゼント！*
`聖晶石 X 9
巡霊の葉 X 50
`_2023-04-22 19:34:00_
--------
*1960c6c2468d480d10656e460ff945b7*
`登陆天数: 34天 / 1179天
等级: 129
石头: 4285
呼符: 131
体力: 51722.736666666664 / 138
友情点: 0 / 130975`
*連続ログイン6日目
※ログインが途切れるか、7日到達すると
1日目から再開されます*
`聖晶石 X 2
4月交換券(2023) X 1
`*日替りログインボーナス*
*開催期間中、1日1回 4週間日替りでログインボーナスをプレゼント！*
`聖晶石 X 9
巡霊の葉 X 50
`_2023-04-22 19:34:09_
--------
*50e74030067f097de636fdb9ea0a5ce0*
`登陆天数: 34天 / 1184天
等级: 143
石头: 107
呼符: 8
体力: 1974.0933333333332 / 141
友情点: 25 / 9020080`
*連続ログイン6日目
※ログインが途切れるか、7日到達すると
1日目から再開されます*
`聖晶石 X 2
4月交換券(2023) X 1
`*日替りログインボーナス*
*開催期間中、1日1回 4週間日替りでログインボーナスをプレゼント！*
`聖晶石 X 9
巡霊の葉 X 50
`_2023-04-22 19:34:17_
--------
*5aebed162c025149a9ac12d5ff9cf0d5*
`登陆天数: 34天 / 1015天
等级: 133
石头: 10
呼符: 0
体力: 25991.11 / 139
友情点: 0 / 1468260`
*連続ログイン6日目
※ログインが途切れるか、7日到達すると
1日目から再開されます*
`聖晶石 X 2
4月交換券(2023) X 1
`*日替りログインボーナス*
*開催期間中、1日1回 4週間日替りでログインボーナスをプレゼント！*
`聖晶石 X 9
巡霊の葉 X 50
`_2023-04-22 19:34:25_
--------
*f5845d187badef24087ae9dd8a663e48*
`登陆天数: 34天 / 1272天
等级: 142
石头: 438
呼符: 2
体力: 594.8299999999999 / 140
友情点: 45 / 24755660`
*連続ログイン6日目
※ログインが途切れるか、7日到達すると
1日目から再開されます*
`聖晶石 X 2
4月交換券(2023) X 1
`*日替りログインボーナス*
*開催期間中、1日1回 4週間日替りでログインボーナスをプレゼント！*
`聖晶石 X 9
巡霊の葉 X 50
`_2023-04-22 19:34:33_
--------
