【登录信息】
*4624dcf84d19c7237daa9e3aa06ae38e*
`登陆天数: 74天 / 984天
等级: 130
石头: 539
呼符: 5
体力: 32748.34 / 138
友情点: 0 / 724225`
*連続ログイン4日目
※ログインが途切れるか、7日到達すると
1日目から再開されます*
`聖晶石 X 1
4月交換券(2023) X 1
`*日替りログインボーナス*
*開催期間中、1日1回 4週間日替りでログインボーナスをプレゼント！*
`巡霊の葉 X 30
`_2023-04-24 19:34:01_
--------
*1960c6c2468d480d10656e460ff945b7*
`登陆天数: 36天 / 1181天
等级: 129
石头: 4285
呼符: 131
体力: 52298.74333333333 / 138
友情点: 0 / 131375`
*連続ログイン1日目
※ログインが途切れるか、7日到達すると
1日目から再開されます*
`フレンドポイント X 2000
4月交換券(2023) X 1
`*日替りログインボーナス*
*開催期間中、1日1回 4週間日替りでログインボーナスをプレゼント！*
`巡霊の葉 X 30
`_2023-04-24 19:34:10_
--------
*50e74030067f097de636fdb9ea0a5ce0*
`登陆天数: 36天 / 1186天
等级: 143
石头: 107
呼符: 8
体力: 2550.096666666667 / 141
友情点: 0 / 9020230`
*連続ログイン1日目
※ログインが途切れるか、7日到達すると
1日目から再開されます*
`フレンドポイント X 2000
4月交換券(2023) X 1
`*日替りログインボーナス*
*開催期間中、1日1回 4週間日替りでログインボーナスをプレゼント！*
`巡霊の葉 X 30
`_2023-04-24 19:34:18_
--------
*5aebed162c025149a9ac12d5ff9cf0d5*
`登陆天数: 36天 / 1017天
等级: 133
石头: 10
呼符: 0
体力: 26567.113333333335 / 139
友情点: 0 / 1468410`
*連続ログイン1日目
※ログインが途切れるか、7日到達すると
1日目から再開されます*
`フレンドポイント X 2000
4月交換券(2023) X 1
`*日替りログインボーナス*
*開催期間中、1日1回 4週間日替りでログインボーナスをプレゼント！*
`巡霊の葉 X 30
`_2023-04-24 19:34:27_
--------
*f5845d187badef24087ae9dd8a663e48*
`登陆天数: 36天 / 1274天
等级: 142
石头: 429
呼符: 0
体力: 108.84666666666666 / 140
友情点: 0 / 24755865`
*連続ログイン1日目
※ログインが途切れるか、7日到達すると
1日目から再開されます*
`フレンドポイント X 2000
4月交換券(2023) X 1
`*日替りログインボーナス*
*開催期間中、1日1回 4週間日替りでログインボーナスをプレゼント！*
`巡霊の葉 X 30
`_2023-04-24 19:34:35_
--------
