【登录信息】
*4624dcf84d19c7237daa9e3aa06ae38e*
`登陆天数: 75天 / 985天
等级: 130
石头: 539
呼符: 5
体力: 33036.37666666666 / 138
友情点: 0 / 724225`
*連続ログイン5日目
※ログインが途切れるか、7日到達すると
1日目から再開されます*
`叡智の業火 X 2
4月交換券(2023) X 1
`*日替りログインボーナス*
*開催期間中、1日1回 4週間日替りでログインボーナスをプレゼント！*
`巡霊の葉 X 100
`_2023-04-25 19:34:12_
--------
*1960c6c2468d480d10656e460ff945b7*
`登陆天数: 37天 / 1182天
等级: 129
石头: 4285
呼符: 131
体力: 52586.776666666665 / 138
友情点: 0 / 131375`
*連続ログイン2日目
※ログインが途切れるか、7日到達すると
1日目から再開されます*
`聖晶石 X 1
4月交換券(2023) X 1
`*日替りログインボーナス*
*開催期間中、1日1回 4週間日替りでログインボーナスをプレゼント！*
`巡霊の葉 X 100
`_2023-04-25 19:34:20_
--------
*50e74030067f097de636fdb9ea0a5ce0*
`登陆天数: 37天 / 1187天
等级: 143
石头: 107
呼符: 8
体力: 2838.133333333333 / 141
友情点: 35 / 9020265`
*連続ログイン2日目
※ログインが途切れるか、7日到達すると
1日目から再開されます*
`聖晶石 X 1
4月交換券(2023) X 1
`*日替りログインボーナス*
*開催期間中、1日1回 4週間日替りでログインボーナスをプレゼント！*
`巡霊の葉 X 100
`_2023-04-25 19:34:29_
--------
*5aebed162c025149a9ac12d5ff9cf0d5*
`登陆天数: 37天 / 1018天
等级: 133
石头: 10
呼符: 0
体力: 26855.15 / 139
友情点: 0 / 1468410`
*連続ログイン2日目
※ログインが途切れるか、7日到達すると
1日目から再開されます*
`聖晶石 X 1
4月交換券(2023) X 1
`*日替りログインボーナス*
*開催期間中、1日1回 4週間日替りでログインボーナスをプレゼント！*
`巡霊の葉 X 100
`_2023-04-25 19:34:37_
--------
*f5845d187badef24087ae9dd8a663e48*
`登陆天数: 37天 / 1275天
等级: 142
石头: 429
呼符: 0
体力: 396.88 / 140
友情点: 0 / 24755865`
*連続ログイン2日目
※ログインが途切れるか、7日到達すると
1日目から再開されます*
`聖晶石 X 1
4月交換券(2023) X 1
`*日替りログインボーナス*
*開催期間中、1日1回 4週間日替りでログインボーナスをプレゼント！*
`巡霊の葉 X 100
`_2023-04-25 19:34:45_
--------
