【登录信息】
*4624dcf84d19c7237daa9e3aa06ae38e*
`登陆天数: 76天 / 986天
等级: 130
石头: 539
呼符: 5
体力: 33324.38333333333 / 138
友情点: 0 / 724225`
*連続ログイン6日目
※ログインが途切れるか、7日到達すると
1日目から再開されます*
`聖晶石 X 2
4月交換券(2023) X 1
`*日替りログインボーナス*
*開催期間中、1日1回 4週間日替りでログインボーナスをプレゼント！*
`巡霊の葉 X 30
`_2023-04-26 19:34:14_
--------
*1960c6c2468d480d10656e460ff945b7*
`登陆天数: 38天 / 1183天
等级: 129
石头: 4285
呼符: 131
体力: 52874.78333333333 / 138
友情点: 0 / 131375`
*連続ログイン3日目
※ログインが途切れるか、7日到達すると
1日目から再開されます*
`叡智の業火 X 1
4月交換券(2023) X 1
`*日替りログインボーナス*
*開催期間中、1日1回 4週間日替りでログインボーナスをプレゼント！*
`巡霊の葉 X 30
`_2023-04-26 19:34:22_
--------
*50e74030067f097de636fdb9ea0a5ce0*
`登陆天数: 38天 / 1188天
等级: 143
石头: 107
呼符: 8
体力: 3126.1366666666668 / 141
友情点: 200 / 9020465`
*連続ログイン3日目
※ログインが途切れるか、7日到達すると
1日目から再開されます*
`叡智の業火 X 1
4月交換券(2023) X 1
`*日替りログインボーナス*
*開催期間中、1日1回 4週間日替りでログインボーナスをプレゼント！*
`巡霊の葉 X 30
`_2023-04-26 19:34:30_
--------
*5aebed162c025149a9ac12d5ff9cf0d5*
`登陆天数: 38天 / 1019天
等级: 133
石头: 10
呼符: 0
体力: 27143.153333333332 / 139
友情点: 0 / 1468410`
*連続ログイン3日目
※ログインが途切れるか、7日到達すると
1日目から再開されます*
`叡智の業火 X 1
4月交換券(2023) X 1
`*日替りログインボーナス*
*開催期間中、1日1回 4週間日替りでログインボーナスをプレゼント！*
`巡霊の葉 X 30
`_2023-04-26 19:34:39_
--------
*f5845d187badef24087ae9dd8a663e48*
`登陆天数: 38天 / 1276天
等级: 142
石头: 441
呼符: 0
体力: 684.8866666666667 / 140
友情点: 0 / 24757890`
*連続ログイン3日目
※ログインが途切れるか、7日到達すると
1日目から再開されます*
`叡智の業火 X 1
4月交換券(2023) X 1
`*日替りログインボーナス*
*開催期間中、1日1回 4週間日替りでログインボーナスをプレゼント！*
`巡霊の葉 X 30
`_2023-04-26 19:34:47_
--------
