【登录信息】
*4624dcf84d19c7237daa9e3aa06ae38e*
`登陆天数: 77天 / 987天
等级: 130
石头: 539
呼符: 5
体力: 33612.36666666667 / 138
友情点: 0 / 724225`
*連続ログイン7日間到達おめでとうございます！
明日は1日目からリスタートされます。*
`獣の足跡 X 1
呼符 X 1
4月交換券(2023) X 1
`*日替りログインボーナス*
*開催期間中、1日1回 4週間日替りでログインボーナスをプレゼント！*
`巡霊の葉 X 30
`_2023-04-27 19:34:10_
--------
*1960c6c2468d480d10656e460ff945b7*
`登陆天数: 39天 / 1184天
等级: 129
石头: 4285
呼符: 131
体力: 53162.77 / 138
友情点: 0 / 131375`
*連続ログイン4日目
※ログインが途切れるか、7日到達すると
1日目から再開されます*
`聖晶石 X 1
4月交換券(2023) X 1
`*日替りログインボーナス*
*開催期間中、1日1回 4週間日替りでログインボーナスをプレゼント！*
`巡霊の葉 X 30
`_2023-04-27 19:34:18_
--------
*50e74030067f097de636fdb9ea0a5ce0*
`登陆天数: 39天 / 1189天
等级: 143
石头: 107
呼符: 8
体力: 3414.1233333333334 / 141
友情点: 10 / 9020475`
*連続ログイン4日目
※ログインが途切れるか、7日到達すると
1日目から再開されます*
`聖晶石 X 1
4月交換券(2023) X 1
`*日替りログインボーナス*
*開催期間中、1日1回 4週間日替りでログインボーナスをプレゼント！*
`巡霊の葉 X 30
`_2023-04-27 19:34:26_
--------
*5aebed162c025149a9ac12d5ff9cf0d5*
`登陆天数: 39天 / 1020天
等级: 133
石头: 10
呼符: 0
体力: 27431.14 / 139
友情点: 0 / 1468410`
*連続ログイン4日目
※ログインが途切れるか、7日到達すると
1日目から再開されます*
`聖晶石 X 1
4月交換券(2023) X 1
`*日替りログインボーナス*
*開催期間中、1日1回 4週間日替りでログインボーナスをプレゼント！*
`巡霊の葉 X 30
`_2023-04-27 19:34:34_
--------
*f5845d187badef24087ae9dd8a663e48*
`登陆天数: 39天 / 1277天
等级: 142
石头: 426
呼符: 0
体力: 74.62666666666667 / 140
友情点: 175 / 24758615`
*連続ログイン4日目
※ログインが途切れるか、7日到達すると
1日目から再開されます*
`聖晶石 X 1
4月交換券(2023) X 1
`*日替りログインボーナス*
*開催期間中、1日1回 4週間日替りでログインボーナスをプレゼント！*
`巡霊の葉 X 30
`_2023-04-27 19:34:42_
--------
