【登录信息】
*4624dcf84d19c7237daa9e3aa06ae38e*
`登陆天数: 185天 / 1173天
等级: 130
石头: 618
呼符: 26
体力: 87468.91333333333 / 138
友情点: 0 / 764225`
*連続ログイン3日目
※ログインが途切れるか、7日到達すると
1日目から再開されます*
`叡智の業火 X 1
11月交換券(2023) X 1
`*聖杯戦線 ～白天の城、黒夜の城～開幕記念 ログインボーナス*
*開催期間中、1日1回 最大21回ログインボーナスをプレゼント！*
`白銀の果実 X 1
`_2023-10-31 19:36:53_
--------
*1960c6c2468d480d10656e460ff945b7*
`登陆天数: 185天 / 1370天
等级: 129
石头: 4707
呼符: 162
体力: 107019.31333333334 / 138
友情点: 130 / 280365`
*連続ログイン3日目
※ログインが途切れるか、7日到達すると
1日目から再開されます*
`叡智の業火 X 1
11月交換券(2023) X 1
`*聖杯戦線 ～白天の城、黒夜の城～開幕記念 ログインボーナス*
*開催期間中、1日1回 最大21回ログインボーナスをプレゼント！*
`白銀の果実 X 1
`_2023-10-31 19:37:01_
--------
*50e74030067f097de636fdb9ea0a5ce0*
`登陆天数: 185天 / 1375天
等级: 146
石头: 233
呼符: 12
体力: 213.78333333333333 / 141
友情点: 305 / 108365700`
*連続ログイン3日目
※ログインが途切れるか、7日到達すると
1日目から再開されます*
`叡智の業火 X 1
11月交換券(2023) X 1
`*聖杯戦線 ～白天の城、黒夜の城～開幕記念 ログインボーナス*
*開催期間中、1日1回 最大21回ログインボーナスをプレゼント！*
`白銀の果実 X 1
`_2023-10-31 19:37:09_
--------
*5aebed162c025149a9ac12d5ff9cf0d5*
`登陆天数: 185天 / 1206天
等级: 133
石头: 10
呼符: 0
体力: 81287.68666666666 / 139
友情点: 240 / 1486580`
*連続ログイン3日目
※ログインが途切れるか、7日到達すると
1日目から再開されます*
`叡智の業火 X 1
11月交換券(2023) X 1
`*聖杯戦線 ～白天の城、黒夜の城～開幕記念 ログインボーナス*
*開催期間中、1日1回 最大21回ログインボーナスをプレゼント！*
`白銀の果実 X 1
`_2023-10-31 19:37:18_
--------
*f5845d187badef24087ae9dd8a663e48*
`登陆天数: 226天 / 1464天
等级: 146
石头: 522
呼符: 26
体力: 89.47333333333333 / 141
友情点: 305 / 198260790`
*連続ログイン2日目
※ログインが途切れるか、7日到達すると
1日目から再開されます*
`聖晶石 X 1
11月交換券(2023) X 1
`*聖杯戦線 ～白天の城、黒夜の城～開幕記念 ログインボーナス*
*開催期間中、1日1回 最大21回ログインボーナスをプレゼント！*
`黄金の果実 X 1
`_2023-10-31 19:37:27_
--------
