【登录信息】
*4624dcf84d19c7237daa9e3aa06ae38e*
`登陆天数: 186天 / 1174天
等级: 130
石头: 618
呼符: 26
体力: 87756.91 / 138
友情点: 0 / 764225`
*連続ログイン4日目
※ログインが途切れるか、7日到達すると
1日目から再開されます*
`聖晶石 X 1
11月交換券(2023) X 1
`*聖杯戦線 ～白天の城、黒夜の城～開幕記念 ログインボーナス*
*開催期間中、1日1回 最大21回ログインボーナスをプレゼント！*
`黄金の果実 X 1
`_2023-11-01 19:36:52_
--------
*1960c6c2468d480d10656e460ff945b7*
`登陆天数: 186天 / 1371天
等级: 129
石头: 4707
呼符: 162
体力: 107307.31 / 138
友情点: 140 / 280505`
*連続ログイン4日目
※ログインが途切れるか、7日到達すると
1日目から再開されます*
`聖晶石 X 1
11月交換券(2023) X 1
`*聖杯戦線 ～白天の城、黒夜の城～開幕記念 ログインボーナス*
*開催期間中、1日1回 最大21回ログインボーナスをプレゼント！*
`黄金の果実 X 1
`_2023-11-01 19:37:00_
--------
*50e74030067f097de636fdb9ea0a5ce0*
`登陆天数: 186天 / 1376天
等级: 146
石头: 233
呼符: 12
体力: 501.78 / 141
友情点: 345 / 108366065`
*連続ログイン4日目
※ログインが途切れるか、7日到達すると
1日目から再開されます*
`聖晶石 X 1
11月交換券(2023) X 1
`*聖杯戦線 ～白天の城、黒夜の城～開幕記念 ログインボーナス*
*開催期間中、1日1回 最大21回ログインボーナスをプレゼント！*
`黄金の果実 X 1
`_2023-11-01 19:37:08_
--------
*5aebed162c025149a9ac12d5ff9cf0d5*
`登陆天数: 186天 / 1207天
等级: 133
石头: 10
呼符: 0
体力: 81575.68333333333 / 139
友情点: 390 / 1486970`
*連続ログイン4日目
※ログインが途切れるか、7日到達すると
1日目から再開されます*
`聖晶石 X 1
11月交換券(2023) X 1
`*聖杯戦線 ～白天の城、黒夜の城～開幕記念 ログインボーナス*
*開催期間中、1日1回 最大21回ログインボーナスをプレゼント！*
`黄金の果実 X 1
`_2023-11-01 19:37:17_
--------
*f5845d187badef24087ae9dd8a663e48*
`登陆天数: 227天 / 1465天
等级: 146
石头: 522
呼符: 26
体力: 137.46666666666667 / 141
友情点: 0 / 198261500`
*連続ログイン3日目
※ログインが途切れるか、7日到達すると
1日目から再開されます*
`叡智の業火 X 1
11月交換券(2023) X 1
`*聖杯戦線 ～白天の城、黒夜の城～開幕記念 ログインボーナス*
*開催期間中、1日1回 最大21回ログインボーナスをプレゼント！*
`白銀の果実 X 1
`_2023-11-01 19:37:25_
--------
