【登录信息】
*4624dcf84d19c7237daa9e3aa06ae38e*
`登陆天数: 187天 / 1175天
等级: 130
石头: 618
呼符: 26
体力: 88044.92 / 138
友情点: 0 / 764225`
*連続ログイン5日目
※ログインが途切れるか、7日到達すると
1日目から再開されます*
`叡智の業火 X 2
11月交換券(2023) X 1
`*聖杯戦線 ～白天の城、黒夜の城～開幕記念 ログインボーナス*
*開催期間中、1日1回 最大21回ログインボーナスをプレゼント！*
`白銀の果実 X 1
`_2023-11-02 19:36:54_
--------
*1960c6c2468d480d10656e460ff945b7*
`登陆天数: 187天 / 1372天
等级: 129
石头: 4707
呼符: 162
体力: 107595.32333333333 / 138
友情点: 130 / 280635`
*連続ログイン5日目
※ログインが途切れるか、7日到達すると
1日目から再開されます*
`叡智の業火 X 2
11月交換券(2023) X 1
`*聖杯戦線 ～白天の城、黒夜の城～開幕記念 ログインボーナス*
*開催期間中、1日1回 最大21回ログインボーナスをプレゼント！*
`白銀の果実 X 1
`_2023-11-02 19:37:03_
--------
*50e74030067f097de636fdb9ea0a5ce0*
`登陆天数: 187天 / 1377天
等级: 146
石头: 237
呼符: 14
体力: 266.6633333333333 / 141
友情点: 80 / 108367425`
*連続ログイン5日目
※ログインが途切れるか、7日到達すると
1日目から再開されます*
`叡智の業火 X 2
11月交換券(2023) X 1
`*聖杯戦線 ～白天の城、黒夜の城～開幕記念 ログインボーナス*
*開催期間中、1日1回 最大21回ログインボーナスをプレゼント！*
`白銀の果実 X 1
`_2023-11-02 19:37:12_
--------
*5aebed162c025149a9ac12d5ff9cf0d5*
`登陆天数: 187天 / 1208天
等级: 133
石头: 10
呼符: 0
体力: 81863.7 / 139
友情点: 270 / 1487240`
*連続ログイン5日目
※ログインが途切れるか、7日到達すると
1日目から再開されます*
`叡智の業火 X 2
11月交換券(2023) X 1
`*聖杯戦線 ～白天の城、黒夜の城～開幕記念 ログインボーナス*
*開催期間中、1日1回 最大21回ログインボーナスをプレゼント！*
`白銀の果実 X 1
`_2023-11-02 19:37:22_
--------
*f5845d187badef24087ae9dd8a663e48*
`登陆天数: 228天 / 1466天
等级: 146
石头: 523
呼符: 26
体力: 90.44 / 141
友情点: 50 / 198262085`
*連続ログイン4日目
※ログインが途切れるか、7日到達すると
1日目から再開されます*
`聖晶石 X 1
11月交換券(2023) X 1
`*聖杯戦線 ～白天の城、黒夜の城～開幕記念 ログインボーナス*
*開催期間中、1日1回 最大21回ログインボーナスをプレゼント！*
`白銀の果実 X 1
`_2023-11-02 19:37:31_
--------
