【登录信息】
*4624dcf84d19c7237daa9e3aa06ae38e*
`登陆天数: 188天 / 1176天
等级: 130
石头: 618
呼符: 26
体力: 88332.96666666666 / 138
友情点: 0 / 764225`
*連続ログイン6日目
※ログインが途切れるか、7日到達すると
1日目から再開されます*
`聖晶石 X 2
11月交換券(2023) X 1
`*聖杯戦線 ～白天の城、黒夜の城～開幕記念 ログインボーナス*
*開催期間中、1日1回 最大21回ログインボーナスをプレゼント！*
`白銀の果実 X 1
`_2023-11-03 19:37:09_
--------
*1960c6c2468d480d10656e460ff945b7*
`登陆天数: 188天 / 1373天
等级: 129
石头: 4707
呼符: 162
体力: 107883.37 / 138
友情点: 200 / 280835`
*連続ログイン6日目
※ログインが途切れるか、7日到達すると
1日目から再開されます*
`聖晶石 X 2
11月交換券(2023) X 1
`*聖杯戦線 ～白天の城、黒夜の城～開幕記念 ログインボーナス*
*開催期間中、1日1回 最大21回ログインボーナスをプレゼント！*
`白銀の果実 X 1
`_2023-11-03 19:37:18_
--------
*50e74030067f097de636fdb9ea0a5ce0*
`登陆天数: 188天 / 1378天
等级: 146
石头: 237
呼符: 14
体力: 273.3233333333333 / 141
友情点: 110 / 108367965`
*連続ログイン6日目
※ログインが途切れるか、7日到達すると
1日目から再開されます*
`聖晶石 X 2
11月交換券(2023) X 1
`*聖杯戦線 ～白天の城、黒夜の城～開幕記念 ログインボーナス*
*開催期間中、1日1回 最大21回ログインボーナスをプレゼント！*
`白銀の果実 X 1
`_2023-11-03 19:37:26_
--------
*5aebed162c025149a9ac12d5ff9cf0d5*
`登陆天数: 188天 / 1209天
等级: 133
石头: 10
呼符: 0
体力: 82151.74333333333 / 139
友情点: 160 / 1487600`
*連続ログイン6日目
※ログインが途切れるか、7日到達すると
1日目から再開されます*
`聖晶石 X 2
11月交換券(2023) X 1
`*聖杯戦線 ～白天の城、黒夜の城～開幕記念 ログインボーナス*
*開催期間中、1日1回 最大21回ログインボーナスをプレゼント！*
`白銀の果実 X 1
`_2023-11-03 19:37:35_
--------
*f5845d187badef24087ae9dd8a663e48*
`登陆天数: 229天 / 1467天
等级: 146
石头: 523
呼符: 26
体力: 56.03333333333333 / 141
友情点: 140 / 198262670`
*連続ログイン5日目
※ログインが途切れるか、7日到達すると
1日目から再開されます*
`叡智の業火 X 2
11月交換券(2023) X 1
`*聖杯戦線 ～白天の城、黒夜の城～開幕記念 ログインボーナス*
*開催期間中、1日1回 最大21回ログインボーナスをプレゼント！*
`白銀の果実 X 1
`_2023-11-03 19:37:43_
--------
