【登录信息】
*4624dcf84d19c7237daa9e3aa06ae38e*
`登陆天数: 189天 / 1177天
等级: 130
石头: 618
呼符: 26
体力: 88620.94 / 138
友情点: 0 / 764225`
*連続ログイン7日間到達おめでとうございます！
明日は1日目からリスタートされます。*
`獣の足跡 X 1
呼符 X 1
11月交換券(2023) X 1
`*聖杯戦線 ～白天の城、黒夜の城～開幕記念 ログインボーナス*
*開催期間中、1日1回 最大21回ログインボーナスをプレゼント！*
`白銀の果実 X 1
`_2023-11-04 19:37:01_
--------
*1960c6c2468d480d10656e460ff945b7*
`登陆天数: 189天 / 1374天
等级: 129
石头: 4707
呼符: 162
体力: 108171.34 / 138
友情点: 110 / 280955`
*連続ログイン7日間到達おめでとうございます！
明日は1日目からリスタートされます。*
`獣の足跡 X 1
呼符 X 1
11月交換券(2023) X 1
`*聖杯戦線 ～白天の城、黒夜の城～開幕記念 ログインボーナス*
*開催期間中、1日1回 最大21回ログインボーナスをプレゼント！*
`白銀の果実 X 1
`_2023-11-04 19:37:09_
--------
*50e74030067f097de636fdb9ea0a5ce0*
`登陆天数: 189天 / 1379天
等级: 146
石头: 237
呼符: 14
体力: 197.82666666666665 / 141
友情点: 170 / 108368725`
*連続ログイン7日間到達おめでとうございます！
明日は1日目からリスタートされます。*
`獣の足跡 X 1
呼符 X 1
11月交換券(2023) X 1
`*聖杯戦線 ～白天の城、黒夜の城～開幕記念 ログインボーナス*
*開催期間中、1日1回 最大21回ログインボーナスをプレゼント！*
`白銀の果実 X 1
`_2023-11-04 19:37:17_
--------
*5aebed162c025149a9ac12d5ff9cf0d5*
`登陆天数: 189天 / 1210天
等级: 133
石头: 10
呼符: 0
体力: 82439.71333333333 / 139
友情点: 220 / 1487820`
*連続ログイン7日間到達おめでとうございます！
明日は1日目からリスタートされます。*
`獣の足跡 X 1
呼符 X 1
11月交換券(2023) X 1
`*聖杯戦線 ～白天の城、黒夜の城～開幕記念 ログインボーナス*
*開催期間中、1日1回 最大21回ログインボーナスをプレゼント！*
`白銀の果実 X 1
`_2023-11-04 19:37:26_
--------
*f5845d187badef24087ae9dd8a663e48*
`登陆天数: 230天 / 1468天
等级: 146
石头: 524
呼符: 26
体力: 49.44666666666667 / 141
友情点: 240 / 198263690`
*連続ログイン6日目
※ログインが途切れるか、7日到達すると
1日目から再開されます*
`聖晶石 X 2
11月交換券(2023) X 1
`*聖杯戦線 ～白天の城、黒夜の城～開幕記念 ログインボーナス*
*開催期間中、1日1回 最大21回ログインボーナスをプレゼント！*
`白銀の果実 X 1
`_2023-11-04 19:37:34_
--------
