【登录信息】
*4624dcf84d19c7237daa9e3aa06ae38e*
`登陆天数: 190天 / 1178天
等级: 130
石头: 618
呼符: 26
体力: 88908.93 / 138
友情点: 0 / 764225`
*連続ログイン1日目
※ログインが途切れるか、7日到達すると
1日目から再開されます*
`フレンドポイント X 2000
11月交換券(2023) X 1
`*聖杯戦線 ～白天の城、黒夜の城～開幕記念 ログインボーナス*
*開催期間中、1日1回 最大21回ログインボーナスをプレゼント！*
`白銀の果実 X 1
`_2023-11-05 19:36:57_
--------
*1960c6c2468d480d10656e460ff945b7*
`登陆天数: 190天 / 1375天
等级: 129
石头: 4707
呼符: 162
体力: 108459.33 / 138
友情点: 240 / 281195`
*連続ログイン1日目
※ログインが途切れるか、7日到達すると
1日目から再開されます*
`フレンドポイント X 2000
11月交換券(2023) X 1
`*聖杯戦線 ～白天の城、黒夜の城～開幕記念 ログインボーナス*
*開催期間中、1日1回 最大21回ログインボーナスをプレゼント！*
`白銀の果実 X 1
`_2023-11-05 19:37:06_
--------
*50e74030067f097de636fdb9ea0a5ce0*
`登陆天数: 190天 / 1380天
等级: 146
石头: 239
呼符: 15
体力: 303.65666666666664 / 141
友情点: 355 / 108369505`
*連続ログイン1日目
※ログインが途切れるか、7日到達すると
1日目から再開されます*
`フレンドポイント X 2000
11月交換券(2023) X 1
`*聖杯戦線 ～白天の城、黒夜の城～開幕記念 ログインボーナス*
*開催期間中、1日1回 最大21回ログインボーナスをプレゼント！*
`白銀の果実 X 1
`_2023-11-05 19:37:14_
--------
*5aebed162c025149a9ac12d5ff9cf0d5*
`登陆天数: 190天 / 1211天
等级: 133
石头: 10
呼符: 0
体力: 82727.70666666667 / 139
友情点: 290 / 1488120`
*連続ログイン1日目
※ログインが途切れるか、7日到達すると
1日目から再開されます*
`フレンドポイント X 2000
11月交換券(2023) X 1
`*聖杯戦線 ～白天の城、黒夜の城～開幕記念 ログインボーナス*
*開催期間中、1日1回 最大21回ログインボーナスをプレゼント！*
`白銀の果実 X 1
`_2023-11-05 19:37:23_
--------
*f5845d187badef24087ae9dd8a663e48*
`登陆天数: 231天 / 1469天
等级: 146
石头: 526
呼符: 26
体力: 97.44333333333333 / 141
友情点: 50 / 198264570`
*連続ログイン7日間到達おめでとうございます！
明日は1日目からリスタートされます。*
`獣の足跡 X 1
呼符 X 1
11月交換券(2023) X 1
`*聖杯戦線 ～白天の城、黒夜の城～開幕記念 ログインボーナス*
*開催期間中、1日1回 最大21回ログインボーナスをプレゼント！*
`白銀の果実 X 1
`_2023-11-05 19:37:32_
--------
