【登录信息】
*4624dcf84d19c7237daa9e3aa06ae38e*
`登陆天数: 191天 / 1179天
等级: 130
石头: 618
呼符: 26
体力: 89196.92666666667 / 138
友情点: 0 / 764225`
*連続ログイン2日目
※ログインが途切れるか、7日到達すると
1日目から再開されます*
`聖晶石 X 1
11月交換券(2023) X 1
`*聖杯戦線 ～白天の城、黒夜の城～開幕記念 ログインボーナス*
*開催期間中、1日1回 最大21回ログインボーナスをプレゼント！*
`白銀の果実 X 1
`_2023-11-06 19:36:56_
--------
*1960c6c2468d480d10656e460ff945b7*
`登陆天数: 191天 / 1376天
等级: 129
石头: 4707
呼符: 162
体力: 108747.32666666666 / 138
友情点: 310 / 281505`
*連続ログイン2日目
※ログインが途切れるか、7日到達すると
1日目から再開されます*
`聖晶石 X 1
11月交換券(2023) X 1
`*聖杯戦線 ～白天の城、黒夜の城～開幕記念 ログインボーナス*
*開催期間中、1日1回 最大21回ログインボーナスをプレゼント！*
`白銀の果実 X 1
`_2023-11-06 19:37:05_
--------
*50e74030067f097de636fdb9ea0a5ce0*
`登陆天数: 191天 / 1381天
等级: 146
石头: 239
呼符: 15
体力: 303.23 / 141
友情点: 380 / 108373260`
*連続ログイン2日目
※ログインが途切れるか、7日到達すると
1日目から再開されます*
`聖晶石 X 1
11月交換券(2023) X 1
`*聖杯戦線 ～白天の城、黒夜の城～開幕記念 ログインボーナス*
*開催期間中、1日1回 最大21回ログインボーナスをプレゼント！*
`白銀の果実 X 1
`_2023-11-06 19:37:14_
--------
*5aebed162c025149a9ac12d5ff9cf0d5*
`登陆天数: 191天 / 1212天
等级: 133
石头: 10
呼符: 0
体力: 83015.70333333334 / 139
友情点: 130 / 1488250`
*連続ログイン2日目
※ログインが途切れるか、7日到達すると
1日目から再開されます*
`聖晶石 X 1
11月交換券(2023) X 1
`*聖杯戦線 ～白天の城、黒夜の城～開幕記念 ログインボーナス*
*開催期間中、1日1回 最大21回ログインボーナスをプレゼント！*
`白銀の果実 X 1
`_2023-11-06 19:37:23_
--------
*f5845d187badef24087ae9dd8a663e48*
`登陆天数: 232天 / 1470天
等级: 146
石头: 526
呼符: 26
体力: 101.00333333333333 / 141
友情点: 70 / 198265200`
*連続ログイン1日目
※ログインが途切れるか、7日到達すると
1日目から再開されます*
`フレンドポイント X 2000
11月交換券(2023) X 1
`*聖杯戦線 ～白天の城、黒夜の城～開幕記念 ログインボーナス*
*開催期間中、1日1回 最大21回ログインボーナスをプレゼント！*
`白銀の果実 X 1
`_2023-11-06 19:37:32_
--------
