【登录信息】
*4624dcf84d19c7237daa9e3aa06ae38e*
`登陆天数: 192天 / 1180天
等级: 130
石头: 618
呼符: 26
体力: 89484.93333333333 / 138
友情点: 0 / 764225`
*連続ログイン3日目
※ログインが途切れるか、7日到達すると
1日目から再開されます*
`叡智の業火 X 1
11月交換券(2023) X 1
`*聖杯戦線 ～白天の城、黒夜の城～開幕記念 ログインボーナス*
*開催期間中、1日1回 最大21回ログインボーナスをプレゼント！*
`白銀の果実 X 1
`_2023-11-07 19:36:58_
--------
*1960c6c2468d480d10656e460ff945b7*
`登陆天数: 192天 / 1377天
等级: 129
石头: 4707
呼符: 162
体力: 109035.33333333333 / 138
友情点: 320 / 282025`
*連続ログイン3日目
※ログインが途切れるか、7日到達すると
1日目から再開されます*
`叡智の業火 X 1
11月交換券(2023) X 1
`*聖杯戦線 ～白天の城、黒夜の城～開幕記念 ログインボーナス*
*開催期間中、1日1回 最大21回ログインボーナスをプレゼント！*
`白銀の果実 X 1
`_2023-11-07 19:37:07_
--------
*50e74030067f097de636fdb9ea0a5ce0*
`登陆天数: 192天 / 1382天
等级: 146
石头: 240
呼符: 15
体力: 296.62666666666667 / 141
友情点: 445 / 108374075`
*連続ログイン3日目
※ログインが途切れるか、7日到達すると
1日目から再開されます*
`叡智の業火 X 1
11月交換券(2023) X 1
`*聖杯戦線 ～白天の城、黒夜の城～開幕記念 ログインボーナス*
*開催期間中、1日1回 最大21回ログインボーナスをプレゼント！*
`白銀の果実 X 1
`_2023-11-07 19:37:15_
--------
*5aebed162c025149a9ac12d5ff9cf0d5*
`登陆天数: 192天 / 1213天
等级: 133
石头: 10
呼符: 0
体力: 83303.71 / 139
友情点: 140 / 1488390`
*連続ログイン3日目
※ログインが途切れるか、7日到達すると
1日目から再開されます*
`叡智の業火 X 1
11月交換券(2023) X 1
`*聖杯戦線 ～白天の城、黒夜の城～開幕記念 ログインボーナス*
*開催期間中、1日1回 最大21回ログインボーナスをプレゼント！*
`白銀の果実 X 1
`_2023-11-07 19:37:25_
--------
*f5845d187badef24087ae9dd8a663e48*
`登陆天数: 233天 / 1471天
等级: 146
石头: 526
呼符: 27
体力: 269.01 / 141
友情点: 180 / 198267970`
*連続ログイン2日目
※ログインが途切れるか、7日到達すると
1日目から再開されます*
`聖晶石 X 1
11月交換券(2023) X 1
`*聖杯戦線 ～白天の城、黒夜の城～開幕記念 ログインボーナス*
*開催期間中、1日1回 最大21回ログインボーナスをプレゼント！*
`黄金の果実 X 1
`_2023-11-07 19:37:34_
--------
