【登录信息】
*4624dcf84d19c7237daa9e3aa06ae38e*
`登陆天数: 193天 / 1181天
等级: 130
石头: 618
呼符: 26
体力: 89772.95333333334 / 138
友情点: 0 / 764225`
*連続ログイン4日目
※ログインが途切れるか、7日到達すると
1日目から再開されます*
`聖晶石 X 1
11月交換券(2023) X 1
`*聖杯戦線 ～白天の城、黒夜の城～開幕記念 ログインボーナス*
*開催期間中、1日1回 最大21回ログインボーナスをプレゼント！*
`黄金の果実 X 1
`_2023-11-08 19:37:04_
--------
*1960c6c2468d480d10656e460ff945b7*
`登陆天数: 193天 / 1378天
等级: 129
石头: 4707
呼符: 162
体力: 109323.35333333333 / 138
友情点: 340 / 282365`
*連続ログイン4日目
※ログインが途切れるか、7日到達すると
1日目から再開されます*
`聖晶石 X 1
11月交換券(2023) X 1
`*聖杯戦線 ～白天の城、黒夜の城～開幕記念 ログインボーナス*
*開催期間中、1日1回 最大21回ログインボーナスをプレゼント！*
`黄金の果実 X 1
`_2023-11-08 19:37:13_
--------
*50e74030067f097de636fdb9ea0a5ce0*
`登陆天数: 193天 / 1383天
等级: 146
石头: 240
呼符: 15
体力: 261.6533333333333 / 141
友情点: 200 / 108374750`
*連続ログイン4日目
※ログインが途切れるか、7日到達すると
1日目から再開されます*
`聖晶石 X 1
11月交換券(2023) X 1
`*聖杯戦線 ～白天の城、黒夜の城～開幕記念 ログインボーナス*
*開催期間中、1日1回 最大21回ログインボーナスをプレゼント！*
`黄金の果実 X 1
`_2023-11-08 19:37:21_
--------
*5aebed162c025149a9ac12d5ff9cf0d5*
`登陆天数: 193天 / 1214天
等级: 133
石头: 10
呼符: 0
体力: 83591.73 / 139
友情点: 290 / 1488680`
*連続ログイン4日目
※ログインが途切れるか、7日到達すると
1日目から再開されます*
`聖晶石 X 1
11月交換券(2023) X 1
`*聖杯戦線 ～白天の城、黒夜の城～開幕記念 ログインボーナス*
*開催期間中、1日1回 最大21回ログインボーナスをプレゼント！*
`黄金の果実 X 1
`_2023-11-08 19:37:31_
--------
*f5845d187badef24087ae9dd8a663e48*
`登陆天数: 234天 / 1472天
等级: 146
石头: 528
呼符: 27
体力: 161.56 / 141
友情点: 130 / 198269790`
*連続ログイン3日目
※ログインが途切れるか、7日到達すると
1日目から再開されます*
`叡智の業火 X 1
11月交換券(2023) X 1
`*聖杯戦線 ～白天の城、黒夜の城～開幕記念 ログインボーナス*
*開催期間中、1日1回 最大21回ログインボーナスをプレゼント！*
`白銀の果実 X 1
`_2023-11-08 19:37:40_
--------
