【登录信息】
*4624dcf84d19c7237daa9e3aa06ae38e*
`登陆天数: 194天 / 1182天
等级: 130
石头: 618
呼符: 26
体力: 90060.96 / 138
友情点: 0 / 764225`
*連続ログイン5日目
※ログインが途切れるか、7日到達すると
1日目から再開されます*
`叡智の業火 X 2
11月交換券(2023) X 1
`*聖杯戦線 ～白天の城、黒夜の城～開幕記念 ログインボーナス*
*開催期間中、1日1回 最大21回ログインボーナスをプレゼント！*
`白銀の果実 X 1
`_2023-11-09 19:37:06_
--------
*1960c6c2468d480d10656e460ff945b7*
`登陆天数: 194天 / 1379天
等级: 129
石头: 4707
呼符: 162
体力: 109611.36 / 138
友情点: 300 / 282665`
*連続ログイン5日目
※ログインが途切れるか、7日到達すると
1日目から再開されます*
`叡智の業火 X 2
11月交換券(2023) X 1
`*聖杯戦線 ～白天の城、黒夜の城～開幕記念 ログインボーナス*
*開催期間中、1日1回 最大21回ログインボーナスをプレゼント！*
`白銀の果実 X 1
`_2023-11-09 19:37:15_
--------
*50e74030067f097de636fdb9ea0a5ce0*
`登陆天数: 194天 / 1384天
等级: 146
石头: 240
呼符: 15
体力: 549.6566666666668 / 141
友情点: 545 / 108375295`
*連続ログイン5日目
※ログインが途切れるか、7日到達すると
1日目から再開されます*
`叡智の業火 X 2
11月交換券(2023) X 1
`*聖杯戦線 ～白天の城、黒夜の城～開幕記念 ログインボーナス*
*開催期間中、1日1回 最大21回ログインボーナスをプレゼント！*
`白銀の果実 X 1
`_2023-11-09 19:37:23_
--------
*5aebed162c025149a9ac12d5ff9cf0d5*
`登陆天数: 194天 / 1215天
等级: 133
石头: 10
呼符: 0
体力: 83879.73666666666 / 139
友情点: 350 / 1489030`
*連続ログイン5日目
※ログインが途切れるか、7日到達すると
1日目から再開されます*
`叡智の業火 X 2
11月交換券(2023) X 1
`*聖杯戦線 ～白天の城、黒夜の城～開幕記念 ログインボーナス*
*開催期間中、1日1回 最大21回ログインボーナスをプレゼント！*
`白銀の果実 X 1
`_2023-11-09 19:37:33_
--------
*f5845d187badef24087ae9dd8a663e48*
`登陆天数: 235天 / 1473天
等级: 146
石头: 528
呼符: 27
体力: 82.38 / 141
友情点: 210 / 198270975`
*連続ログイン4日目
※ログインが途切れるか、7日到達すると
1日目から再開されます*
`聖晶石 X 1
11月交換券(2023) X 1
`*聖杯戦線 ～白天の城、黒夜の城～開幕記念 ログインボーナス*
*開催期間中、1日1回 最大21回ログインボーナスをプレゼント！*
`白銀の果実 X 1
`_2023-11-09 19:37:41_
--------
