【登录信息】
*4624dcf84d19c7237daa9e3aa06ae38e*
`登陆天数: 195天 / 1183天
等级: 130
石头: 618
呼符: 26
体力: 90348.89333333333 / 138
友情点: 0 / 764225`
*連続ログイン6日目
※ログインが途切れるか、7日到達すると
1日目から再開されます*
`聖晶石 X 2
11月交換券(2023) X 1
`*聖杯戦線 ～白天の城、黒夜の城～開幕記念 ログインボーナス*
*開催期間中、1日1回 最大21回ログインボーナスをプレゼント！*
`白銀の果実 X 1
`_2023-11-10 19:36:46_
--------
*1960c6c2468d480d10656e460ff945b7*
`登陆天数: 195天 / 1380天
等级: 129
石头: 4707
呼符: 162
体力: 109899.29333333333 / 138
友情点: 350 / 283015`
*連続ログイン6日目
※ログインが途切れるか、7日到達すると
1日目から再開されます*
`聖晶石 X 2
11月交換券(2023) X 1
`*聖杯戦線 ～白天の城、黒夜の城～開幕記念 ログインボーナス*
*開催期間中、1日1回 最大21回ログインボーナスをプレゼント！*
`白銀の果実 X 1
`_2023-11-10 19:36:55_
--------
*50e74030067f097de636fdb9ea0a5ce0*
`登陆天数: 195天 / 1385天
等级: 146
石头: 241
呼符: 15
体力: 238.27666666666667 / 141
友情点: 300 / 108376160`
*連続ログイン6日目
※ログインが途切れるか、7日到達すると
1日目から再開されます*
`聖晶石 X 2
11月交換券(2023) X 1
`*聖杯戦線 ～白天の城、黒夜の城～開幕記念 ログインボーナス*
*開催期間中、1日1回 最大21回ログインボーナスをプレゼント！*
`白銀の果実 X 1
`_2023-11-10 19:37:03_
--------
*5aebed162c025149a9ac12d5ff9cf0d5*
`登陆天数: 195天 / 1216天
等级: 133
石头: 10
呼符: 0
体力: 84167.67 / 139
友情点: 290 / 1489330`
*連続ログイン6日目
※ログインが途切れるか、7日到達すると
1日目から再開されます*
`聖晶石 X 2
11月交換券(2023) X 1
`*聖杯戦線 ～白天の城、黒夜の城～開幕記念 ログインボーナス*
*開催期間中、1日1回 最大21回ログインボーナスをプレゼント！*
`白銀の果実 X 1
`_2023-11-10 19:37:12_
--------
*f5845d187badef24087ae9dd8a663e48*
`登陆天数: 236天 / 1474天
等级: 146
石头: 531
呼符: 27
体力: 94.49000000000001 / 141
友情点: 60 / 198275280`
*連続ログイン5日目
※ログインが途切れるか、7日到達すると
1日目から再開されます*
`叡智の業火 X 2
11月交換券(2023) X 1
`*聖杯戦線 ～白天の城、黒夜の城～開幕記念 ログインボーナス*
*開催期間中、1日1回 最大21回ログインボーナスをプレゼント！*
`白銀の果実 X 1
`_2023-11-10 19:37:21_
--------
