【登录信息】
*4624dcf84d19c7237daa9e3aa06ae38e*
`登陆天数: 196天 / 1184天
等级: 130
石头: 618
呼符: 26
体力: 90636.88666666667 / 138
友情点: 0 / 764225`
*連続ログイン7日間到達おめでとうございます！
明日は1日目からリスタートされます。*
`獣の足跡 X 1
呼符 X 1
11月交換券(2023) X 1
`*聖杯戦線 ～白天の城、黒夜の城～開幕記念 ログインボーナス*
*開催期間中、1日1回 最大21回ログインボーナスをプレゼント！*
`白銀の果実 X 1
`_2023-11-11 19:36:45_
--------
*1960c6c2468d480d10656e460ff945b7*
`登陆天数: 196天 / 1381天
等级: 129
石头: 4707
呼符: 162
体力: 110187.28666666667 / 138
友情点: 180 / 283195`
*連続ログイン7日間到達おめでとうございます！
明日は1日目からリスタートされます。*
`獣の足跡 X 1
呼符 X 1
11月交換券(2023) X 1
`*聖杯戦線 ～白天の城、黒夜の城～開幕記念 ログインボーナス*
*開催期間中、1日1回 最大21回ログインボーナスをプレゼント！*
`白銀の果実 X 1
`_2023-11-11 19:36:53_
--------
*50e74030067f097de636fdb9ea0a5ce0*
`登陆天数: 196天 / 1386天
等级: 146
石头: 243
呼符: 15
体力: 219.23000000000002 / 141
友情点: 230 / 108377115`
*連続ログイン7日間到達おめでとうございます！
明日は1日目からリスタートされます。*
`獣の足跡 X 1
呼符 X 1
11月交換券(2023) X 1
`*聖杯戦線 ～白天の城、黒夜の城～開幕記念 ログインボーナス*
*開催期間中、1日1回 最大21回ログインボーナスをプレゼント！*
`白銀の果実 X 1
`_2023-11-11 19:37:02_
--------
*5aebed162c025149a9ac12d5ff9cf0d5*
`登陆天数: 196天 / 1217天
等级: 133
石头: 10
呼符: 0
体力: 84455.66333333333 / 139
友情点: 280 / 1489610`
*連続ログイン7日間到達おめでとうございます！
明日は1日目からリスタートされます。*
`獣の足跡 X 1
呼符 X 1
11月交換券(2023) X 1
`*聖杯戦線 ～白天の城、黒夜の城～開幕記念 ログインボーナス*
*開催期間中、1日1回 最大21回ログインボーナスをプレゼント！*
`白銀の果実 X 1
`_2023-11-11 19:37:11_
--------
*f5845d187badef24087ae9dd8a663e48*
`登陆天数: 237天 / 1475天
等级: 146
石头: 531
呼符: 27
体力: 163.83666666666667 / 141
友情点: 170 / 198275935`
*連続ログイン6日目
※ログインが途切れるか、7日到達すると
1日目から再開されます*
`聖晶石 X 2
11月交換券(2023) X 1
`*聖杯戦線 ～白天の城、黒夜の城～開幕記念 ログインボーナス*
*開催期間中、1日1回 最大21回ログインボーナスをプレゼント！*
`白銀の果実 X 1
`_2023-11-11 19:37:20_
--------
