【登录信息】
*4624dcf84d19c7237daa9e3aa06ae38e*
`登陆天数: 197天 / 1185天
等级: 130
石头: 618
呼符: 26
体力: 90924.89 / 138
友情点: 0 / 764225`
*連続ログイン1日目
※ログインが途切れるか、7日到達すると
1日目から再開されます*
`フレンドポイント X 2000
11月交換券(2023) X 1
`*聖杯戦線 ～白天の城、黒夜の城～開幕記念 ログインボーナス*
*開催期間中、1日1回 最大21回ログインボーナスをプレゼント！*
`白銀の果実 X 1
`_2023-11-12 19:36:46_
--------
*1960c6c2468d480d10656e460ff945b7*
`登陆天数: 197天 / 1382天
等级: 129
石头: 4707
呼符: 162
体力: 110475.29333333333 / 138
友情点: 290 / 283485`
*連続ログイン1日目
※ログインが途切れるか、7日到達すると
1日目から再開されます*
`フレンドポイント X 2000
11月交換券(2023) X 1
`*聖杯戦線 ～白天の城、黒夜の城～開幕記念 ログインボーナス*
*開催期間中、1日1回 最大21回ログインボーナスをプレゼント！*
`白銀の果実 X 1
`_2023-11-12 19:36:55_
--------
*50e74030067f097de636fdb9ea0a5ce0*
`登陆天数: 197天 / 1387天
等级: 146
石头: 243
呼符: 15
体力: 507.2366666666667 / 141
友情点: 320 / 108377435`
*連続ログイン1日目
※ログインが途切れるか、7日到達すると
1日目から再開されます*
`フレンドポイント X 2000
11月交換券(2023) X 1
`*聖杯戦線 ～白天の城、黒夜の城～開幕記念 ログインボーナス*
*開催期間中、1日1回 最大21回ログインボーナスをプレゼント！*
`白銀の果実 X 1
`_2023-11-12 19:37:03_
--------
*5aebed162c025149a9ac12d5ff9cf0d5*
`登陆天数: 197天 / 1218天
等级: 133
石头: 10
呼符: 0
体力: 84743.67 / 139
友情点: 360 / 1489970`
*連続ログイン1日目
※ログインが途切れるか、7日到達すると
1日目から再開されます*
`フレンドポイント X 2000
11月交換券(2023) X 1
`*聖杯戦線 ～白天の城、黒夜の城～開幕記念 ログインボーナス*
*開催期間中、1日1回 最大21回ログインボーナスをプレゼント！*
`白銀の果実 X 1
`_2023-11-12 19:37:12_
--------
*f5845d187badef24087ae9dd8a663e48*
`登陆天数: 238天 / 1476天
等级: 146
石头: 531
呼符: 27
体力: 451.84 / 141
友情点: 500 / 198276435`
*連続ログイン7日間到達おめでとうございます！
明日は1日目からリスタートされます。*
`獣の足跡 X 1
呼符 X 1
11月交換券(2023) X 1
`*聖杯戦線 ～白天の城、黒夜の城～開幕記念 ログインボーナス*
*開催期間中、1日1回 最大21回ログインボーナスをプレゼント！*
`白銀の果実 X 1
`_2023-11-12 19:37:21_
--------
