【登录信息】
*4624dcf84d19c7237daa9e3aa06ae38e*
`登陆天数: 198天 / 1186天
等级: 130
石头: 618
呼符: 26
体力: 91212.89666666667 / 138
友情点: 0 / 764225`
*連続ログイン2日目
※ログインが途切れるか、7日到達すると
1日目から再開されます*
`聖晶石 X 1
11月交換券(2023) X 1
`*聖杯戦線 ～白天の城、黒夜の城～開幕記念 ログインボーナス*
*開催期間中、1日1回 最大21回ログインボーナスをプレゼント！*
`白銀の果実 X 1
`_2023-11-13 19:36:48_
--------
*1960c6c2468d480d10656e460ff945b7*
`登陆天数: 198天 / 1383天
等级: 129
石头: 4707
呼符: 162
体力: 110763.3 / 138
友情点: 270 / 283755`
*連続ログイン2日目
※ログインが途切れるか、7日到達すると
1日目から再開されます*
`聖晶石 X 1
11月交換券(2023) X 1
`*聖杯戦線 ～白天の城、黒夜の城～開幕記念 ログインボーナス*
*開催期間中、1日1回 最大21回ログインボーナスをプレゼント！*
`白銀の果実 X 1
`_2023-11-13 19:36:57_
--------
*50e74030067f097de636fdb9ea0a5ce0*
`登陆天数: 198天 / 1388天
等级: 146
石头: 243
呼符: 15
体力: 795.2433333333333 / 141
友情点: 465 / 108377910`
*連続ログイン2日目
※ログインが途切れるか、7日到達すると
1日目から再開されます*
`聖晶石 X 1
11月交換券(2023) X 1
`*聖杯戦線 ～白天の城、黒夜の城～開幕記念 ログインボーナス*
*開催期間中、1日1回 最大21回ログインボーナスをプレゼント！*
`白銀の果実 X 1
`_2023-11-13 19:37:05_
--------
*5aebed162c025149a9ac12d5ff9cf0d5*
`登陆天数: 198天 / 1219天
等级: 133
石头: 10
呼符: 0
体力: 85031.67666666667 / 139
友情点: 290 / 1490260`
*連続ログイン2日目
※ログインが途切れるか、7日到達すると
1日目から再開されます*
`聖晶石 X 1
11月交換券(2023) X 1
`*聖杯戦線 ～白天の城、黒夜の城～開幕記念 ログインボーナス*
*開催期間中、1日1回 最大21回ログインボーナスをプレゼント！*
`白銀の果実 X 1
`_2023-11-13 19:37:14_
--------
*f5845d187badef24087ae9dd8a663e48*
`登陆天数: 239天 / 1477天
等级: 146
石头: 533
呼符: 28
体力: 198.13666666666666 / 141
友情点: 130 / 198277000`
*連続ログイン1日目
※ログインが途切れるか、7日到達すると
1日目から再開されます*
`フレンドポイント X 2000
11月交換券(2023) X 1
`*聖杯戦線 ～白天の城、黒夜の城～開幕記念 ログインボーナス*
*開催期間中、1日1回 最大21回ログインボーナスをプレゼント！*
`白銀の果実 X 1
`_2023-11-13 19:37:23_
--------
