【登录信息】
*4624dcf84d19c7237daa9e3aa06ae38e*
`登陆天数: 200天 / 1188天
等级: 130
石头: 618
呼符: 26
体力: 91788.90666666666 / 138
友情点: 0 / 764225`
*連続ログイン4日目
※ログインが途切れるか、7日到達すると
1日目から再開されます*
`聖晶石 X 1
11月交換券(2023) X 1
`*使用期限付コンティニューアイテムプレゼント！*
*開催期間中、初回ログインでコンティニューアイテム「霊脈石×3」をプレゼント！*
`霊脈石 X 3
`_2023-11-15 19:36:51_
--------
*1960c6c2468d480d10656e460ff945b7*
`登陆天数: 200天 / 1385天
等级: 129
石头: 4707
呼符: 162
体力: 111339.30666666667 / 138
友情点: 310 / 284235`
*連続ログイン4日目
※ログインが途切れるか、7日到達すると
1日目から再開されます*
`聖晶石 X 1
11月交換券(2023) X 1
`*使用期限付コンティニューアイテムプレゼント！*
*開催期間中、初回ログインでコンティニューアイテム「霊脈石×3」をプレゼント！*
`霊脈石 X 3
`_2023-11-15 19:36:59_
--------
*50e74030067f097de636fdb9ea0a5ce0*
`登陆天数: 200天 / 1390天
等级: 147
石头: 253
呼符: 16
体力: 146.17666666666668 / 142
友情点: 125 / 108381780`
*連続ログイン4日目
※ログインが途切れるか、7日到達すると
1日目から再開されます*
`聖晶石 X 1
11月交換券(2023) X 1
`_2023-11-15 19:37:08_
--------
*5aebed162c025149a9ac12d5ff9cf0d5*
`登陆天数: 200天 / 1221天
等级: 133
石头: 10
呼符: 0
体力: 85607.68333333333 / 139
友情点: 260 / 1490920`
*連続ログイン4日目
※ログインが途切れるか、7日到達すると
1日目から再開されます*
`聖晶石 X 1
11月交換券(2023) X 1
`*使用期限付コンティニューアイテムプレゼント！*
*開催期間中、初回ログインでコンティニューアイテム「霊脈石×3」をプレゼント！*
`霊脈石 X 3
`_2023-11-15 19:37:17_
--------
*f5845d187badef24087ae9dd8a663e48*
`登陆天数: 241天 / 1479天
等级: 146
石头: 542
呼符: 28
体力: 474.16333333333336 / 141
友情点: 220 / 198280045`
*連続ログイン3日目
※ログインが途切れるか、7日到達すると
1日目から再開されます*
`叡智の業火 X 1
11月交換券(2023) X 1
`_2023-11-15 19:37:25_
--------
