【登录信息】
*4624dcf84d19c7237daa9e3aa06ae38e*
`登陆天数: 201天 / 1189天
等级: 130
石头: 618
呼符: 26
体力: 92076.88666666667 / 138
友情点: 0 / 764225`
*連続ログイン5日目
※ログインが途切れるか、7日到達すると
1日目から再開されます*
`叡智の業火 X 2
11月交換券(2023) X 1
`_2023-11-16 19:36:44_
--------
*1960c6c2468d480d10656e460ff945b7*
`登陆天数: 201天 / 1386天
等级: 129
石头: 4707
呼符: 162
体力: 111627.28666666667 / 138
友情点: 310 / 284745`
*連続ログイン5日目
※ログインが途切れるか、7日到達すると
1日目から再開されます*
`叡智の業火 X 2
11月交換券(2023) X 1
`_2023-11-16 19:36:53_
--------
*50e74030067f097de636fdb9ea0a5ce0*
`登陆天数: 201天 / 1391天
等级: 147
石头: 253
呼符: 16
体力: 434.1566666666667 / 142
友情点: 410 / 108382200`
*連続ログイン5日目
※ログインが途切れるか、7日到達すると
1日目から再開されます*
`叡智の業火 X 2
11月交換券(2023) X 1
`_2023-11-16 19:37:01_
--------
*5aebed162c025149a9ac12d5ff9cf0d5*
`登陆天数: 201天 / 1222天
等级: 133
石头: 10
呼符: 0
体力: 85895.66 / 139
友情点: 250 / 1491170`
*連続ログイン5日目
※ログインが途切れるか、7日到達すると
1日目から再開されます*
`叡智の業火 X 2
11月交換券(2023) X 1
`_2023-11-16 19:37:10_
--------
*f5845d187badef24087ae9dd8a663e48*
`登陆天数: 242天 / 1480天
等级: 146
石头: 549
呼符: 28
体力: 131.13333333333333 / 141
友情点: 505 / 198281420`
*連続ログイン4日目
※ログインが途切れるか、7日到達すると
1日目から再開されます*
`聖晶石 X 1
11月交換券(2023) X 1
`_2023-11-16 19:37:18_
--------
