【登录信息】
*4624dcf84d19c7237daa9e3aa06ae38e*
`登陆天数: 202天 / 1190天
等级: 130
石头: 618
呼符: 26
体力: 92364.92666666667 / 138
友情点: 0 / 764225`
*連続ログイン6日目
※ログインが途切れるか、7日到達すると
1日目から再開されます*
`聖晶石 X 2
11月交換券(2023) X 1
`*2900万DL突破記念 特別回数ログインボーナス*
*開催期間中、1日1回 最大10回 回数ログインボーナスをプレゼント！*
`白銀の果実 X 10
`_2023-11-17 19:36:57_
--------
*1960c6c2468d480d10656e460ff945b7*
`登陆天数: 202天 / 1387天
等级: 129
石头: 4707
呼符: 162
体力: 111915.32666666666 / 138
友情点: 310 / 285055`
*連続ログイン6日目
※ログインが途切れるか、7日到達すると
1日目から再開されます*
`聖晶石 X 2
11月交換券(2023) X 1
`*2900万DL突破記念 特別回数ログインボーナス*
*開催期間中、1日1回 最大10回 回数ログインボーナスをプレゼント！*
`白銀の果実 X 10
`_2023-11-17 19:37:05_
--------
*50e74030067f097de636fdb9ea0a5ce0*
`登陆天数: 202天 / 1392天
等级: 147
石头: 253
呼符: 16
体力: 722.1966666666667 / 142
友情点: 340 / 108382770`
*連続ログイン6日目
※ログインが途切れるか、7日到達すると
1日目から再開されます*
`聖晶石 X 2
11月交換券(2023) X 1
`*2900万DL突破記念 特別回数ログインボーナス*
*開催期間中、1日1回 最大10回 回数ログインボーナスをプレゼント！*
`白銀の果実 X 10
`_2023-11-17 19:37:14_
--------
*5aebed162c025149a9ac12d5ff9cf0d5*
`登陆天数: 202天 / 1223天
等级: 133
石头: 10
呼符: 0
体力: 86183.70333333334 / 139
友情点: 200 / 1491370`
*連続ログイン6日目
※ログインが途切れるか、7日到達すると
1日目から再開されます*
`聖晶石 X 2
11月交換券(2023) X 1
`*2900万DL突破記念 特別回数ログインボーナス*
*開催期間中、1日1回 最大10回 回数ログインボーナスをプレゼント！*
`白銀の果実 X 10
`_2023-11-17 19:37:23_
--------
*f5845d187badef24087ae9dd8a663e48*
`登陆天数: 243天 / 1481天
等级: 146
石头: 550
呼符: 28
体力: 100.48333333333333 / 141
友情点: 195 / 198282320`
*連続ログイン5日目
※ログインが途切れるか、7日到達すると
1日目から再開されます*
`叡智の業火 X 2
11月交換券(2023) X 1
`*2900万DL突破記念 特別回数ログインボーナス*
*開催期間中、1日1回 最大10回 回数ログインボーナスをプレゼント！*
`白銀の果実 X 10
`_2023-11-17 19:37:31_
--------
