【登录信息】
*4624dcf84d19c7237daa9e3aa06ae38e*
`登陆天数: 203天 / 1191天
等级: 130
石头: 618
呼符: 26
体力: 92652.88666666667 / 138
友情点: 0 / 764225`
*連続ログイン7日間到達おめでとうございます！
明日は1日目からリスタートされます。*
`獣の足跡 X 1
呼符 X 1
11月交換券(2023) X 1
`*2900万DL突破記念 特別回数ログインボーナス*
*開催期間中、1日1回 最大10回 回数ログインボーナスをプレゼント！*
`マナプリズム X 100
黄金の果実 X 10
`_2023-11-18 19:36:45_
--------
*1960c6c2468d480d10656e460ff945b7*
`登陆天数: 203天 / 1388天
等级: 129
石头: 4707
呼符: 162
体力: 112203.28666666667 / 138
友情点: 350 / 285425`
*連続ログイン7日間到達おめでとうございます！
明日は1日目からリスタートされます。*
`獣の足跡 X 1
呼符 X 1
11月交換券(2023) X 1
`*2900万DL突破記念 特別回数ログインボーナス*
*開催期間中、1日1回 最大10回 回数ログインボーナスをプレゼント！*
`マナプリズム X 100
黄金の果実 X 10
`_2023-11-18 19:36:53_
--------
*50e74030067f097de636fdb9ea0a5ce0*
`登陆天数: 203天 / 1393天
等级: 147
石头: 261
呼符: 16
体力: 1010.1566666666666 / 142
友情点: 100 / 108383215`
*連続ログイン7日間到達おめでとうございます！
明日は1日目からリスタートされます。*
`獣の足跡 X 1
呼符 X 1
11月交換券(2023) X 1
`*2900万DL突破記念 特別回数ログインボーナス*
*開催期間中、1日1回 最大10回 回数ログインボーナスをプレゼント！*
`マナプリズム X 100
黄金の果実 X 10
`_2023-11-18 19:37:01_
--------
*5aebed162c025149a9ac12d5ff9cf0d5*
`登陆天数: 203天 / 1224天
等级: 133
石头: 10
呼符: 0
体力: 86471.66 / 139
友情点: 380 / 1491750`
*連続ログイン7日間到達おめでとうございます！
明日は1日目からリスタートされます。*
`獣の足跡 X 1
呼符 X 1
11月交換券(2023) X 1
`*2900万DL突破記念 特別回数ログインボーナス*
*開催期間中、1日1回 最大10回 回数ログインボーナスをプレゼント！*
`マナプリズム X 100
黄金の果実 X 10
`_2023-11-18 19:37:10_
--------
*f5845d187badef24087ae9dd8a663e48*
`登陆天数: 244天 / 1482天
等级: 146
石头: 558
呼符: 28
体力: 98.57333333333332 / 141
友情点: 305 / 198283095`
*連続ログイン6日目
※ログインが途切れるか、7日到達すると
1日目から再開されます*
`聖晶石 X 2
11月交換券(2023) X 1
`*2900万DL突破記念 特別回数ログインボーナス*
*開催期間中、1日1回 最大10回 回数ログインボーナスをプレゼント！*
`マナプリズム X 100
黄金の果実 X 10
`_2023-11-18 19:37:18_
--------
