【登录信息】
*4624dcf84d19c7237daa9e3aa06ae38e*
`登陆天数: 205天 / 1193天
等级: 130
石头: 618
呼符: 26
体力: 93228.92 / 138
友情点: 0 / 764225`
*連続ログイン2日目
※ログインが途切れるか、7日到達すると
1日目から再開されます*
`聖晶石 X 1
11月交換券(2023) X 1
`*2900万DL突破記念 特別回数ログインボーナス*
*開催期間中、1日1回 最大10回 回数ログインボーナスをプレゼント！*
`叡智の業火 X 10
`_2023-11-20 19:36:55_
--------
*1960c6c2468d480d10656e460ff945b7*
`登陆天数: 205天 / 1390天
等级: 129
石头: 4707
呼符: 162
体力: 112779.32333333333 / 138
友情点: 260 / 288125`
*連続ログイン2日目
※ログインが途切れるか、7日到達すると
1日目から再開されます*
`聖晶石 X 1
11月交換券(2023) X 1
`*2900万DL突破記念 特別回数ログインボーナス*
*開催期間中、1日1回 最大10回 回数ログインボーナスをプレゼント！*
`叡智の業火 X 10
`_2023-11-20 19:37:04_
--------
*50e74030067f097de636fdb9ea0a5ce0*
`登陆天数: 205天 / 1395天
等级: 147
石头: 261
呼符: 16
体力: 1586.1933333333334 / 142
友情点: 300 / 108383790`
*連続ログイン2日目
※ログインが途切れるか、7日到達すると
1日目から再開されます*
`聖晶石 X 1
11月交換券(2023) X 1
`*2900万DL突破記念 特別回数ログインボーナス*
*開催期間中、1日1回 最大10回 回数ログインボーナスをプレゼント！*
`叡智の業火 X 10
`_2023-11-20 19:37:12_
--------
*5aebed162c025149a9ac12d5ff9cf0d5*
`登陆天数: 205天 / 1226天
等级: 133
石头: 10
呼符: 0
体力: 87047.7 / 139
友情点: 240 / 1492360`
*連続ログイン2日目
※ログインが途切れるか、7日到達すると
1日目から再開されます*
`聖晶石 X 1
11月交換券(2023) X 1
`*2900万DL突破記念 特別回数ログインボーナス*
*開催期間中、1日1回 最大10回 回数ログインボーナスをプレゼント！*
`叡智の業火 X 10
`_2023-11-20 19:37:22_
--------
*f5845d187badef24087ae9dd8a663e48*
`登陆天数: 246天 / 1484天
等级: 147
石头: 566
呼符: 34
体力: 122.36333333333333 / 142
友情点: 150 / 194900455`
*連続ログイン1日目
※ログインが途切れるか、7日到達すると
1日目から再開されます*
`フレンドポイント X 2000
11月交換券(2023) X 1
`*2900万DL突破記念 特別回数ログインボーナス*
*開催期間中、1日1回 最大10回 回数ログインボーナスをプレゼント！*
`叡智の業火 X 10
`_2023-11-20 19:37:31_
--------
