【登录信息】
*4624dcf84d19c7237daa9e3aa06ae38e*
`登陆天数: 206天 / 1194天
等级: 130
石头: 618
呼符: 26
体力: 93516.89 / 138
友情点: 0 / 764225`
*連続ログイン3日目
※ログインが途切れるか、7日到達すると
1日目から再開されます*
`叡智の業火 X 1
11月交換券(2023) X 1
`*2900万DL突破記念 特別回数ログインボーナス*
*開催期間中、1日1回 最大10回 回数ログインボーナスをプレゼント！*
`英霊結晶・星のフォウくん X 10
英霊結晶・太陽のフォウくん X 10
`_2023-11-21 19:36:46_
--------
*1960c6c2468d480d10656e460ff945b7*
`登陆天数: 206天 / 1391天
等级: 129
石头: 4707
呼符: 162
体力: 113067.29 / 138
友情点: 130 / 288255`
*連続ログイン3日目
※ログインが途切れるか、7日到達すると
1日目から再開されます*
`叡智の業火 X 1
11月交換券(2023) X 1
`*2900万DL突破記念 特別回数ログインボーナス*
*開催期間中、1日1回 最大10回 回数ログインボーナスをプレゼント！*
`英霊結晶・星のフォウくん X 10
英霊結晶・太陽のフォウくん X 10
`_2023-11-21 19:36:54_
--------
*50e74030067f097de636fdb9ea0a5ce0*
`登陆天数: 206天 / 1396天
等级: 147
石头: 261
呼符: 16
体力: 1874.16 / 142
友情点: 300 / 108384090`
*連続ログイン3日目
※ログインが途切れるか、7日到達すると
1日目から再開されます*
`叡智の業火 X 1
11月交換券(2023) X 1
`*2900万DL突破記念 特別回数ログインボーナス*
*開催期間中、1日1回 最大10回 回数ログインボーナスをプレゼント！*
`英霊結晶・星のフォウくん X 10
英霊結晶・太陽のフォウくん X 10
`_2023-11-21 19:37:02_
--------
*5aebed162c025149a9ac12d5ff9cf0d5*
`登陆天数: 206天 / 1227天
等级: 133
石头: 10
呼符: 0
体力: 87335.66333333333 / 139
友情点: 230 / 1492790`
*連続ログイン3日目
※ログインが途切れるか、7日到達すると
1日目から再開されます*
`叡智の業火 X 1
11月交換券(2023) X 1
`*2900万DL突破記念 特別回数ログインボーナス*
*開催期間中、1日1回 最大10回 回数ログインボーナスをプレゼント！*
`英霊結晶・星のフォウくん X 10
英霊結晶・太陽のフォウくん X 10
`_2023-11-21 19:37:11_
--------
*f5845d187badef24087ae9dd8a663e48*
`登陆天数: 247天 / 1485天
等级: 147
石头: 566
呼符: 34
体力: 133.59666666666666 / 142
友情点: 90 / 194904215`
*連続ログイン2日目
※ログインが途切れるか、7日到達すると
1日目から再開されます*
`聖晶石 X 1
11月交換券(2023) X 1
`*2900万DL突破記念 特別回数ログインボーナス*
*開催期間中、1日1回 最大10回 回数ログインボーナスをプレゼント！*
`英霊結晶・星のフォウくん X 10
英霊結晶・太陽のフォウくん X 10
`_2023-11-21 19:37:19_
--------
