【登录信息】
*4624dcf84d19c7237daa9e3aa06ae38e*
`登陆天数: 208天 / 1196天
等级: 130
石头: 618
呼符: 26
体力: 94092.94 / 138
友情点: 0 / 764225`
*連続ログイン5日目
※ログインが途切れるか、7日到達すると
1日目から再開されます*
`叡智の業火 X 2
11月交換券(2023) X 1
`*日替りログインボーナス*
*開催期間中、1日1回 2週間日替りでログインボーナスをプレゼント！*
`巡霊の葉 X 30
`_2023-11-23 19:37:01_
--------
*1960c6c2468d480d10656e460ff945b7*
`登陆天数: 208天 / 1393天
等级: 129
石头: 4707
呼符: 162
体力: 113643.34 / 138
友情点: 250 / 288705`
*連続ログイン5日目
※ログインが途切れるか、7日到達すると
1日目から再開されます*
`叡智の業火 X 2
11月交換券(2023) X 1
`*日替りログインボーナス*
*開催期間中、1日1回 2週間日替りでログインボーナスをプレゼント！*
`巡霊の葉 X 30
`_2023-11-23 19:37:10_
--------
*50e74030067f097de636fdb9ea0a5ce0*
`登陆天数: 208天 / 1398天
等级: 147
石头: 261
呼符: 16
体力: 2450.213333333333 / 142
友情点: 290 / 108384755`
*連続ログイン5日目
※ログインが途切れるか、7日到達すると
1日目から再開されます*
`叡智の業火 X 2
11月交換券(2023) X 1
`*日替りログインボーナス*
*開催期間中、1日1回 2週間日替りでログインボーナスをプレゼント！*
`巡霊の葉 X 30
`_2023-11-23 19:37:18_
--------
*5aebed162c025149a9ac12d5ff9cf0d5*
`登陆天数: 208天 / 1229天
等级: 133
石头: 10
呼符: 0
体力: 87911.72 / 139
友情点: 180 / 1493250`
*連続ログイン5日目
※ログインが途切れるか、7日到達すると
1日目から再開されます*
`叡智の業火 X 2
11月交換券(2023) X 1
`*日替りログインボーナス*
*開催期間中、1日1回 2週間日替りでログインボーナスをプレゼント！*
`巡霊の葉 X 30
`_2023-11-23 19:37:27_
--------
*f5845d187badef24087ae9dd8a663e48*
`登陆天数: 249天 / 1487天
等级: 147
石头: 569
呼符: 34
体力: 146.78666666666666 / 142
友情点: 160 / 194905290`
*連続ログイン4日目
※ログインが途切れるか、7日到達すると
1日目から再開されます*
`聖晶石 X 1
11月交換券(2023) X 1
`*日替りログインボーナス*
*開催期間中、1日1回 2週間日替りでログインボーナスをプレゼント！*
`巡霊の葉 X 30
`_2023-11-23 19:37:36_
--------
