【登录信息】
*4624dcf84d19c7237daa9e3aa06ae38e*
`登陆天数: 209天 / 1197天
等级: 130
石头: 618
呼符: 26
体力: 94380.88333333333 / 138
友情点: 0 / 764225`
*連続ログイン6日目
※ログインが途切れるか、7日到達すると
1日目から再開されます*
`聖晶石 X 2
11月交換券(2023) X 1
`*日替りログインボーナス*
*開催期間中、1日1回 2週間日替りでログインボーナスをプレゼント！*
`聖晶石 X 2
巡霊の葉 X 100
`_2023-11-24 19:36:43_
--------
*1960c6c2468d480d10656e460ff945b7*
`登陆天数: 209天 / 1394天
等级: 129
石头: 4707
呼符: 162
体力: 113931.28333333334 / 138
友情点: 200 / 288905`
*連続ログイン6日目
※ログインが途切れるか、7日到達すると
1日目から再開されます*
`聖晶石 X 2
11月交換券(2023) X 1
`*日替りログインボーナス*
*開催期間中、1日1回 2週間日替りでログインボーナスをプレゼント！*
`聖晶石 X 2
巡霊の葉 X 100
`_2023-11-24 19:36:52_
--------
*50e74030067f097de636fdb9ea0a5ce0*
`登陆天数: 209天 / 1399天
等级: 147
石头: 263
呼符: 17
体力: 2738.153333333333 / 142
友情点: 270 / 108387365`
*連続ログイン6日目
※ログインが途切れるか、7日到達すると
1日目から再開されます*
`聖晶石 X 2
11月交換券(2023) X 1
`*日替りログインボーナス*
*開催期間中、1日1回 2週間日替りでログインボーナスをプレゼント！*
`聖晶石 X 2
巡霊の葉 X 100
`_2023-11-24 19:37:00_
--------
*5aebed162c025149a9ac12d5ff9cf0d5*
`登陆天数: 209天 / 1230天
等级: 133
石头: 10
呼符: 0
体力: 88199.66 / 139
友情点: 260 / 1493510`
*連続ログイン6日目
※ログインが途切れるか、7日到達すると
1日目から再開されます*
`聖晶石 X 2
11月交換券(2023) X 1
`*日替りログインボーナス*
*開催期間中、1日1回 2週間日替りでログインボーナスをプレゼント！*
`聖晶石 X 2
巡霊の葉 X 100
`_2023-11-24 19:37:09_
--------
*f5845d187badef24087ae9dd8a663e48*
`登陆天数: 250天 / 1488天
等级: 147
石头: 580
呼符: 24
体力: 21.810000000000002 / 142
友情点: 70 / 189383795`
_2023-11-24 19:37:18_
--------
