【登录信息】
*4624dcf84d19c7237daa9e3aa06ae38e*
`登陆天数: 210天 / 1198天
等级: 130
石头: 618
呼符: 26
体力: 94668.91666666667 / 138
友情点: 0 / 764225`
*連続ログイン7日間到達おめでとうございます！
明日は1日目からリスタートされます。*
`獣の足跡 X 1
呼符 X 1
11月交換券(2023) X 1
`*日替りログインボーナス*
*開催期間中、1日1回 2週間日替りでログインボーナスをプレゼント！*
`巡霊の葉 X 30
`_2023-11-25 19:36:53_
--------
*1960c6c2468d480d10656e460ff945b7*
`登陆天数: 210天 / 1395天
等级: 129
石头: 4707
呼符: 162
体力: 114219.31666666667 / 138
友情点: 270 / 289175`
*連続ログイン7日間到達おめでとうございます！
明日は1日目からリスタートされます。*
`獣の足跡 X 1
呼符 X 1
11月交換券(2023) X 1
`*日替りログインボーナス*
*開催期間中、1日1回 2週間日替りでログインボーナスをプレゼント！*
`巡霊の葉 X 30
`_2023-11-25 19:37:02_
--------
*50e74030067f097de636fdb9ea0a5ce0*
`登陆天数: 210天 / 1400天
等级: 147
石头: 263
呼符: 17
体力: 3026.1866666666665 / 142
友情点: 350 / 108387715`
*連続ログイン7日間到達おめでとうございます！
明日は1日目からリスタートされます。*
`獣の足跡 X 1
呼符 X 1
11月交換券(2023) X 1
`*日替りログインボーナス*
*開催期間中、1日1回 2週間日替りでログインボーナスをプレゼント！*
`巡霊の葉 X 30
`_2023-11-25 19:37:10_
--------
*5aebed162c025149a9ac12d5ff9cf0d5*
`登陆天数: 210天 / 1231天
等级: 133
石头: 10
呼符: 0
体力: 88487.69333333333 / 139
友情点: 400 / 1493960`
*連続ログイン7日間到達おめでとうございます！
明日は1日目からリスタートされます。*
`獣の足跡 X 1
呼符 X 1
11月交換券(2023) X 1
`*日替りログインボーナス*
*開催期間中、1日1回 2週間日替りでログインボーナスをプレゼント！*
`巡霊の葉 X 30
`_2023-11-25 19:37:19_
--------
*f5845d187badef24087ae9dd8a663e48*
`登陆天数: 251天 / 1489天
等级: 147
石头: 580
呼符: 24
体力: 309.8466666666667 / 142
友情点: 270 / 189384085`
*連続ログイン6日目
※ログインが途切れるか、7日到達すると
1日目から再開されます*
`聖晶石 X 2
11月交換券(2023) X 1
`*日替りログインボーナス*
*開催期間中、1日1回 2週間日替りでログインボーナスをプレゼント！*
`巡霊の葉 X 30
`_2023-11-25 19:37:28_
--------
