【登录信息】
*4624dcf84d19c7237daa9e3aa06ae38e*
`登陆天数: 211天 / 1199天
等级: 130
石头: 618
呼符: 26
体力: 94956.88 / 138
友情点: 0 / 764225`
*連続ログイン1日目
※ログインが途切れるか、7日到達すると
1日目から再開されます*
`フレンドポイント X 2000
11月交換券(2023) X 1
`*日替りログインボーナス*
*開催期間中、1日1回 2週間日替りでログインボーナスをプレゼント！*
`巡霊の葉 X 30
`_2023-11-26 19:36:42_
--------
*1960c6c2468d480d10656e460ff945b7*
`登陆天数: 211天 / 1396天
等级: 129
石头: 4707
呼符: 162
体力: 114507.28 / 138
友情点: 350 / 289525`
*連続ログイン1日目
※ログインが途切れるか、7日到達すると
1日目から再開されます*
`フレンドポイント X 2000
11月交換券(2023) X 1
`*日替りログインボーナス*
*開催期間中、1日1回 2週間日替りでログインボーナスをプレゼント！*
`巡霊の葉 X 30
`_2023-11-26 19:36:51_
--------
*50e74030067f097de636fdb9ea0a5ce0*
`登陆天数: 211天 / 1401天
等级: 147
石头: 300
呼符: 28
体力: 3314.15 / 142
友情点: 185 / 108388280`
*連続ログイン1日目
※ログインが途切れるか、7日到達すると
1日目から再開されます*
`フレンドポイント X 2000
11月交換券(2023) X 1
`*日替りログインボーナス*
*開催期間中、1日1回 2週間日替りでログインボーナスをプレゼント！*
`巡霊の葉 X 30
`_2023-11-26 19:36:59_
--------
*5aebed162c025149a9ac12d5ff9cf0d5*
`登陆天数: 211天 / 1232天
等级: 133
石头: 10
呼符: 0
体力: 88775.65666666666 / 139
友情点: 210 / 1494770`
*連続ログイン1日目
※ログインが途切れるか、7日到達すると
1日目から再開されます*
`フレンドポイント X 2000
11月交換券(2023) X 1
`*日替りログインボーナス*
*開催期間中、1日1回 2週間日替りでログインボーナスをプレゼント！*
`巡霊の葉 X 30
`_2023-11-26 19:37:08_
--------
*f5845d187badef24087ae9dd8a663e48*
`登陆天数: 252天 / 1490天
等级: 147
石头: 580
呼符: 24
体力: 597.81 / 142
友情点: 265 / 189384350`
*連続ログイン7日間到達おめでとうございます！
明日は1日目からリスタートされます。*
`獣の足跡 X 1
呼符 X 1
11月交換券(2023) X 1
`*日替りログインボーナス*
*開催期間中、1日1回 2週間日替りでログインボーナスをプレゼント！*
`巡霊の葉 X 30
`_2023-11-26 19:37:18_
--------
