【登录信息】
*4624dcf84d19c7237daa9e3aa06ae38e*
`登陆天数: 212天 / 1200天
等级: 130
石头: 618
呼符: 26
体力: 95244.91 / 138
友情点: 0 / 764225`
*連続ログイン2日目
※ログインが途切れるか、7日到達すると
1日目から再開されます*
`聖晶石 X 1
11月交換券(2023) X 1
`*日替りログインボーナス*
*開催期間中、1日1回 2週間日替りでログインボーナスをプレゼント！*
`巡霊の葉 X 30
`_2023-11-27 19:36:52_
--------
*1960c6c2468d480d10656e460ff945b7*
`登陆天数: 212天 / 1397天
等级: 129
石头: 4707
呼符: 162
体力: 114795.31 / 138
友情点: 150 / 289715`
*連続ログイン2日目
※ログインが途切れるか、7日到達すると
1日目から再開されます*
`聖晶石 X 1
11月交換券(2023) X 1
`*日替りログインボーナス*
*開催期間中、1日1回 2週間日替りでログインボーナスをプレゼント！*
`巡霊の葉 X 30
`_2023-11-27 19:37:00_
--------
*50e74030067f097de636fdb9ea0a5ce0*
`登陆天数: 212天 / 1402天
等级: 147
石头: 300
呼符: 28
体力: 3602.18 / 142
友情点: 330 / 108388610`
*連続ログイン2日目
※ログインが途切れるか、7日到達すると
1日目から再開されます*
`聖晶石 X 1
11月交換券(2023) X 1
`*日替りログインボーナス*
*開催期間中、1日1回 2週間日替りでログインボーナスをプレゼント！*
`巡霊の葉 X 30
`_2023-11-27 19:37:08_
--------
*5aebed162c025149a9ac12d5ff9cf0d5*
`登陆天数: 212天 / 1233天
等级: 133
石头: 10
呼符: 0
体力: 89063.68333333333 / 139
友情点: 130 / 1494900`
*連続ログイン2日目
※ログインが途切れるか、7日到達すると
1日目から再開されます*
`聖晶石 X 1
11月交換券(2023) X 1
`*日替りログインボーナス*
*開催期間中、1日1回 2週間日替りでログインボーナスをプレゼント！*
`巡霊の葉 X 30
`_2023-11-27 19:37:17_
--------
*f5845d187badef24087ae9dd8a663e48*
`登陆天数: 253天 / 1491天
等级: 147
石头: 612
呼符: 25
体力: 40.403333333333336 / 142
友情点: 250 / 189384960`
*連続ログイン1日目
※ログインが途切れるか、7日到達すると
1日目から再開されます*
`フレンドポイント X 2000
11月交換券(2023) X 1
`*日替りログインボーナス*
*開催期間中、1日1回 2週間日替りでログインボーナスをプレゼント！*
`巡霊の葉 X 30
`_2023-11-27 19:37:25_
--------
