【登录信息】
*4624dcf84d19c7237daa9e3aa06ae38e*
`登陆天数: 213天 / 1201天
等级: 130
石头: 618
呼符: 26
体力: 95532.89333333333 / 138
友情点: 0 / 764225`
*連続ログイン3日目
※ログインが途切れるか、7日到達すると
1日目から再開されます*
`叡智の業火 X 1
11月交換券(2023) X 1
`*日替りログインボーナス*
*開催期間中、1日1回 2週間日替りでログインボーナスをプレゼント！*
`聖晶石 X 3
巡霊の葉 X 50
`_2023-11-28 19:36:47_
--------
*1960c6c2468d480d10656e460ff945b7*
`登陆天数: 213天 / 1398天
等级: 129
石头: 4707
呼符: 162
体力: 115083.29333333333 / 138
友情点: 70 / 289785`
*連続ログイン3日目
※ログインが途切れるか、7日到達すると
1日目から再開されます*
`叡智の業火 X 1
11月交換券(2023) X 1
`*日替りログインボーナス*
*開催期間中、1日1回 2週間日替りでログインボーナスをプレゼント！*
`聖晶石 X 3
巡霊の葉 X 50
`_2023-11-28 19:36:56_
--------
*50e74030067f097de636fdb9ea0a5ce0*
`登陆天数: 213天 / 1403天
等级: 147
石头: 300
呼符: 28
体力: 3890.1633333333334 / 142
友情点: 140 / 108388750`
*連続ログイン3日目
※ログインが途切れるか、7日到達すると
1日目から再開されます*
`叡智の業火 X 1
11月交換券(2023) X 1
`*日替りログインボーナス*
*開催期間中、1日1回 2週間日替りでログインボーナスをプレゼント！*
`聖晶石 X 3
巡霊の葉 X 50
`_2023-11-28 19:37:04_
--------
*5aebed162c025149a9ac12d5ff9cf0d5*
`登陆天数: 213天 / 1234天
等级: 133
石头: 10
呼符: 0
体力: 89351.67 / 139
友情点: 80 / 1494980`
*連続ログイン3日目
※ログインが途切れるか、7日到達すると
1日目から再開されます*
`叡智の業火 X 1
11月交換券(2023) X 1
`*日替りログインボーナス*
*開催期間中、1日1回 2週間日替りでログインボーナスをプレゼント！*
`聖晶石 X 3
巡霊の葉 X 50
`_2023-11-28 19:37:12_
--------
*f5845d187badef24087ae9dd8a663e48*
`登陆天数: 254天 / 1492天
等级: 147
石头: 642
呼符: 25
体力: 88.15666666666667 / 142
友情点: 110 / 189387400`
*連続ログイン2日目
※ログインが途切れるか、7日到達すると
1日目から再開されます*
`聖晶石 X 1
11月交換券(2023) X 1
`*日替りログインボーナス*
*開催期間中、1日1回 2週間日替りでログインボーナスをプレゼント！*
`聖晶石 X 3
巡霊の葉 X 50
`_2023-11-28 19:37:21_
--------
