【登录信息】
*4624dcf84d19c7237daa9e3aa06ae38e*
`登陆天数: 214天 / 1202天
等级: 130
石头: 618
呼符: 26
体力: 95820.9 / 138
友情点: 0 / 764225`
*連続ログイン4日目
※ログインが途切れるか、7日到達すると
1日目から再開されます*
`聖晶石 X 1
11月交換券(2023) X 1
`*日替りログインボーナス*
*開催期間中、1日1回 2週間日替りでログインボーナスをプレゼント！*
`巡霊の葉 X 30
`_2023-11-29 19:36:48_
--------
*1960c6c2468d480d10656e460ff945b7*
`登陆天数: 214天 / 1399天
等级: 129
石头: 4707
呼符: 162
体力: 115371.3 / 138
友情点: 150 / 289935`
*連続ログイン4日目
※ログインが途切れるか、7日到達すると
1日目から再開されます*
`聖晶石 X 1
11月交換券(2023) X 1
`*日替りログインボーナス*
*開催期間中、1日1回 2週間日替りでログインボーナスをプレゼント！*
`巡霊の葉 X 30
`_2023-11-29 19:36:57_
--------
*50e74030067f097de636fdb9ea0a5ce0*
`登陆天数: 214天 / 1404天
等级: 147
石头: 300
呼符: 28
体力: 4178.17 / 142
友情点: 305 / 108389055`
*連続ログイン4日目
※ログインが途切れるか、7日到達すると
1日目から再開されます*
`聖晶石 X 1
11月交換券(2023) X 1
`*日替りログインボーナス*
*開催期間中、1日1回 2週間日替りでログインボーナスをプレゼント！*
`巡霊の葉 X 30
`_2023-11-29 19:37:05_
--------
*5aebed162c025149a9ac12d5ff9cf0d5*
`登陆天数: 214天 / 1235天
等级: 133
石头: 10
呼符: 0
体力: 89639.67666666667 / 139
友情点: 170 / 1495150`
*連続ログイン4日目
※ログインが途切れるか、7日到達すると
1日目から再開されます*
`聖晶石 X 1
11月交換券(2023) X 1
`*日替りログインボーナス*
*開催期間中、1日1回 2週間日替りでログインボーナスをプレゼント！*
`巡霊の葉 X 30
`_2023-11-29 19:37:15_
--------
*f5845d187badef24087ae9dd8a663e48*
`登陆天数: 255天 / 1493天
等级: 147
石头: 654
呼符: 5
体力: 33.28333333333333 / 142
友情点: 120 / 187920260`
*連続ログイン3日目
※ログインが途切れるか、7日到達すると
1日目から再開されます*
`叡智の業火 X 1
11月交換券(2023) X 1
`*日替りログインボーナス*
*開催期間中、1日1回 2週間日替りでログインボーナスをプレゼント！*
`巡霊の葉 X 30
`_2023-11-29 19:37:24_
--------
