【登录信息】
*4624dcf84d19c7237daa9e3aa06ae38e*
`登陆天数: 1天 / 989天
等级: 130
石头: 539
呼符: 5
体力: 34476.90666666667 / 138
友情点: 0 / 724225`
*連続ログイン1日目
※ログインが途切れるか、7日到達すると
1日目から再開されます*
`フレンドポイント X 2000
5月交換券(2023) X 1
`_2023-04-30 19:36:51_
--------
*1960c6c2468d480d10656e460ff945b7*
`登陆天数: 1天 / 1186天
等级: 129
石头: 4285
呼符: 131
体力: 54027.306666666664 / 138
友情点: 0 / 131375`
*連続ログイン1日目
※ログインが途切れるか、7日到達すると
1日目から再開されます*
`フレンドポイント X 2000
5月交換券(2023) X 1
`_2023-04-30 19:37:00_
--------
*50e74030067f097de636fdb9ea0a5ce0*
`登陆天数: 1天 / 1191天
等级: 143
石头: 107
呼符: 8
体力: 4278.663333333333 / 141
友情点: 150 / 9020625`
*連続ログイン1日目
※ログインが途切れるか、7日到達すると
1日目から再開されます*
`フレンドポイント X 2000
5月交換券(2023) X 1
`_2023-04-30 19:37:08_
--------
*5aebed162c025149a9ac12d5ff9cf0d5*
`登陆天数: 1天 / 1022天
等级: 133
石头: 10
呼符: 0
体力: 28295.68 / 139
友情点: 0 / 1468410`
*連続ログイン1日目
※ログインが途切れるか、7日到達すると
1日目から再開されます*
`フレンドポイント X 2000
5月交換券(2023) X 1
`_2023-04-30 19:37:16_
--------
*f5845d187badef24087ae9dd8a663e48*
`登陆天数: 42天 / 1280天
等级: 142
石头: 420
呼符: 0
体力: 86.65666666666667 / 140
友情点: 150 / 24759855`
*連続ログイン7日間到達おめでとうございます！
明日は1日目からリスタートされます。*
`獣の足跡 X 1
呼符 X 1
5月交換券(2023) X 1
`_2023-04-30 19:37:25_
--------
