【登录信息】
*4624dcf84d19c7237daa9e3aa06ae38e*
`登陆天数: 2天 / 990天
等级: 130
石头: 539
呼符: 5
体力: 34764.89666666667 / 138
友情点: 0 / 724225`
*連続ログイン2日目
※ログインが途切れるか、7日到達すると
1日目から再開されます*
`聖晶石 X 1
5月交換券(2023) X 1
`_2023-05-01 19:36:48_
--------
*1960c6c2468d480d10656e460ff945b7*
`登陆天数: 2天 / 1187天
等级: 129
石头: 4285
呼符: 131
体力: 54315.29666666667 / 138
友情点: 0 / 131375`
*連続ログイン2日目
※ログインが途切れるか、7日到達すると
1日目から再開されます*
`聖晶石 X 1
5月交換券(2023) X 1
`_2023-05-01 19:36:57_
--------
*50e74030067f097de636fdb9ea0a5ce0*
`登陆天数: 2天 / 1192天
等级: 143
石头: 31
呼符: 0
体力: 4566.653333333334 / 141
友情点: 50 / 8994800`
*連続ログイン2日目
※ログインが途切れるか、7日到達すると
1日目から再開されます*
`聖晶石 X 1
5月交換券(2023) X 1
`_2023-05-01 19:37:05_
--------
*5aebed162c025149a9ac12d5ff9cf0d5*
`登陆天数: 2天 / 1023天
等级: 133
石头: 10
呼符: 0
体力: 28583.67 / 139
友情点: 0 / 1468410`
*連続ログイン2日目
※ログインが途切れるか、7日到達すると
1日目から再開されます*
`聖晶石 X 1
5月交換券(2023) X 1
`_2023-05-01 19:37:13_
--------
*f5845d187badef24087ae9dd8a663e48*
`登陆天数: 43天 / 1281天
等级: 142
石头: 430
呼符: 2
体力: 250.69 / 140
友情点: 335 / 24760375`
*連続ログイン1日目
※ログインが途切れるか、7日到達すると
1日目から再開されます*
`フレンドポイント X 2000
5月交換券(2023) X 1
`_2023-05-01 19:37:22_
--------
