【登录信息】
*4624dcf84d19c7237daa9e3aa06ae38e*
`登陆天数: 3天 / 991天
等级: 130
石头: 539
呼符: 5
体力: 35052.91 / 138
友情点: 0 / 724225`
*連続ログイン3日目
※ログインが途切れるか、7日到達すると
1日目から再開されます*
`叡智の業火 X 1
5月交換券(2023) X 1
`_2023-05-02 19:36:52_
--------
*1960c6c2468d480d10656e460ff945b7*
`登陆天数: 3天 / 1188天
等级: 129
石头: 4285
呼符: 131
体力: 54603.31 / 138
友情点: 0 / 131375`
*連続ログイン3日目
※ログインが途切れるか、7日到達すると
1日目から再開されます*
`叡智の業火 X 1
5月交換券(2023) X 1
`_2023-05-02 19:37:00_
--------
*50e74030067f097de636fdb9ea0a5ce0*
`登陆天数: 3天 / 1193天
等级: 143
石头: 5
呼符: 0
体力: 261.23333333333335 / 141
友情点: 50 / 8983325`
*連続ログイン3日目
※ログインが途切れるか、7日到達すると
1日目から再開されます*
`叡智の業火 X 1
5月交換券(2023) X 1
`_2023-05-02 19:37:08_
--------
*5aebed162c025149a9ac12d5ff9cf0d5*
`登陆天数: 3天 / 1024天
等级: 133
石头: 10
呼符: 0
体力: 28871.68 / 139
友情点: 0 / 1468410`
*連続ログイン3日目
※ログインが途切れるか、7日到達すると
1日目から再開されます*
`叡智の業火 X 1
5月交換券(2023) X 1
`_2023-05-02 19:37:17_
--------
*f5845d187badef24087ae9dd8a663e48*
`登陆天数: 44天 / 1282天
等级: 142
石头: 428
呼符: 2
体力: 291.7733333333333 / 140
友情点: 225 / 24760675`
*連続ログイン2日目
※ログインが途切れるか、7日到達すると
1日目から再開されます*
`聖晶石 X 1
5月交換券(2023) X 1
`_2023-05-02 19:37:25_
--------
