【登录信息】
*4624dcf84d19c7237daa9e3aa06ae38e*
`登陆天数: 5天 / 993天
等级: 130
石头: 539
呼符: 5
体力: 35628.91333333333 / 138
友情点: 0 / 724225`
*連続ログイン5日目
※ログインが途切れるか、7日到達すると
1日目から再開されます*
`叡智の業火 X 2
5月交換券(2023) X 1
`_2023-05-04 19:36:53_
--------
*1960c6c2468d480d10656e460ff945b7*
`登陆天数: 5天 / 1190天
等级: 129
石头: 4285
呼符: 131
体力: 55179.31 / 138
友情点: 0 / 131375`
*連続ログイン5日目
※ログインが途切れるか、7日到達すると
1日目から再開されます*
`叡智の業火 X 2
5月交換券(2023) X 1
`_2023-05-04 19:37:01_
--------
*50e74030067f097de636fdb9ea0a5ce0*
`登陆天数: 5天 / 1195天
等级: 143
石头: 8
呼符: 0
体力: 63.459999999999994 / 141
友情点: 0 / 8984675`
*連続ログイン5日目
※ログインが途切れるか、7日到達すると
1日目から再開されます*
`叡智の業火 X 2
5月交換券(2023) X 1
`_2023-05-04 19:37:09_
--------
*5aebed162c025149a9ac12d5ff9cf0d5*
`登陆天数: 5天 / 1026天
等级: 133
石头: 10
呼符: 0
体力: 29447.683333333334 / 139
友情点: 0 / 1468410`
*連続ログイン5日目
※ログインが途切れるか、7日到達すると
1日目から再開されます*
`叡智の業火 X 2
5月交換券(2023) X 1
`_2023-05-04 19:37:17_
--------
*f5845d187badef24087ae9dd8a663e48*
`登陆天数: 46天 / 1284天
等级: 142
石头: 426
呼符: 2
体力: 554.7866666666666 / 140
友情点: 250 / 24761235`
*連続ログイン4日目
※ログインが途切れるか、7日到達すると
1日目から再開されます*
`聖晶石 X 1
5月交換券(2023) X 1
`_2023-05-04 19:37:25_
--------
