【登录信息】
*4624dcf84d19c7237daa9e3aa06ae38e*
`登陆天数: 6天 / 994天
等级: 130
石头: 539
呼符: 5
体力: 35916.89333333333 / 138
友情点: 0 / 724225`
*連続ログイン6日目
※ログインが途切れるか、7日到達すると
1日目から再開されます*
`聖晶石 X 2
5月交換券(2023) X 1
`_2023-05-05 19:36:47_
--------
*1960c6c2468d480d10656e460ff945b7*
`登陆天数: 6天 / 1191天
等级: 129
石头: 4285
呼符: 131
体力: 55467.293333333335 / 138
友情点: 210 / 131585`
*連続ログイン6日目
※ログインが途切れるか、7日到達すると
1日目から再開されます*
`聖晶石 X 2
5月交換券(2023) X 1
`_2023-05-05 19:36:55_
--------
*50e74030067f097de636fdb9ea0a5ce0*
`登陆天数: 6天 / 1196天
等级: 143
石头: 8
呼符: 0
体力: 351.44 / 141
友情点: 295 / 8984970`
*連続ログイン6日目
※ログインが途切れるか、7日到達すると
1日目から再開されます*
`聖晶石 X 2
5月交換券(2023) X 1
`_2023-05-05 19:37:03_
--------
*5aebed162c025149a9ac12d5ff9cf0d5*
`登陆天数: 6天 / 1027天
等级: 133
石头: 10
呼符: 0
体力: 29735.663333333334 / 139
友情点: 100 / 1468510`
*連続ログイン6日目
※ログインが途切れるか、7日到達すると
1日目から再開されます*
`聖晶石 X 2
5月交換券(2023) X 1
`_2023-05-05 19:37:11_
--------
*f5845d187badef24087ae9dd8a663e48*
`登陆天数: 47天 / 1285天
等级: 142
石头: 424
呼符: 2
体力: 239.54333333333335 / 140
友情点: 280 / 24761780`
*連続ログイン5日目
※ログインが途切れるか、7日到達すると
1日目から再開されます*
`叡智の業火 X 2
5月交換券(2023) X 1
`_2023-05-05 19:37:20_
--------
