【登录信息】
*4624dcf84d19c7237daa9e3aa06ae38e*
`登陆天数: 7天 / 995天
等级: 130
石头: 539
呼符: 5
体力: 36204.88333333333 / 138
友情点: 0 / 724225`
*連続ログイン7日間到達おめでとうございます！
明日は1日目からリスタートされます。*
`獣の足跡 X 1
呼符 X 1
5月交換券(2023) X 1
`_2023-05-06 19:36:44_
--------
*1960c6c2468d480d10656e460ff945b7*
`登陆天数: 7天 / 1192天
等级: 129
石头: 4285
呼符: 131
体力: 55755.28333333333 / 138
友情点: 0 / 131585`
*連続ログイン7日間到達おめでとうございます！
明日は1日目からリスタートされます。*
`獣の足跡 X 1
呼符 X 1
5月交換券(2023) X 1
`_2023-05-06 19:36:52_
--------
*50e74030067f097de636fdb9ea0a5ce0*
`登陆天数: 7天 / 1197天
等级: 143
石头: 8
呼符: 0
体力: 639.4300000000001 / 141
友情点: 10 / 8984980`
*連続ログイン7日間到達おめでとうございます！
明日は1日目からリスタートされます。*
`獣の足跡 X 1
呼符 X 1
5月交換券(2023) X 1
`_2023-05-06 19:37:00_
--------
*5aebed162c025149a9ac12d5ff9cf0d5*
`登陆天数: 7天 / 1028天
等级: 133
石头: 10
呼符: 0
体力: 30023.656666666666 / 139
友情点: 0 / 1468510`
*連続ログイン7日間到達おめでとうございます！
明日は1日目からリスタートされます。*
`獣の足跡 X 1
呼符 X 1
5月交換券(2023) X 1
`_2023-05-06 19:37:09_
--------
*f5845d187badef24087ae9dd8a663e48*
`登陆天数: 48天 / 1286天
等级: 142
石头: 422
呼符: 2
体力: 189.42000000000002 / 140
友情点: 255 / 24762310`
*連続ログイン6日目
※ログインが途切れるか、7日到達すると
1日目から再開されます*
`聖晶石 X 2
5月交換券(2023) X 1
`_2023-05-06 19:37:17_
--------
