【登录信息】
*4624dcf84d19c7237daa9e3aa06ae38e*
`登陆天数: 8天 / 996天
等级: 130
石头: 209
呼符: 5
体力: 36492.903333333335 / 138
友情点: 0 / 724225`
*連続ログイン1日目
※ログインが途切れるか、7日到達すると
1日目から再開されます*
`フレンドポイント X 2000
5月交換券(2023) X 1
`*「Fate/Grand Order キャストトーク in マチ★アソビvol.26」開催記念プレゼント*
*開催期間中、初回ログインで「聖晶石×10」をプレゼント！*
`聖晶石 X 10
`_2023-05-07 19:36:50_
--------
*1960c6c2468d480d10656e460ff945b7*
`登陆天数: 8天 / 1193天
等级: 129
石头: 4285
呼符: 131
体力: 56043.30333333334 / 138
友情点: 0 / 131585`
*連続ログイン1日目
※ログインが途切れるか、7日到達すると
1日目から再開されます*
`フレンドポイント X 2000
5月交換券(2023) X 1
`*「Fate/Grand Order キャストトーク in マチ★アソビvol.26」開催記念プレゼント*
*開催期間中、初回ログインで「聖晶石×10」をプレゼント！*
`聖晶石 X 10
`_2023-05-07 19:36:58_
--------
*50e74030067f097de636fdb9ea0a5ce0*
`登陆天数: 8天 / 1198天
等级: 143
石头: 12
呼符: 1
体力: 299.32666666666665 / 141
友情点: 110 / 8985390`
*連続ログイン1日目
※ログインが途切れるか、7日到達すると
1日目から再開されます*
`フレンドポイント X 2000
5月交換券(2023) X 1
`*「Fate/Grand Order キャストトーク in マチ★アソビvol.26」開催記念プレゼント*
*開催期間中、初回ログインで「聖晶石×10」をプレゼント！*
`聖晶石 X 10
`_2023-05-07 19:37:06_
--------
*5aebed162c025149a9ac12d5ff9cf0d5*
`登陆天数: 8天 / 1029天
等级: 133
石头: 10
呼符: 0
体力: 30311.673333333332 / 139
友情点: 0 / 1468510`
*連続ログイン1日目
※ログインが途切れるか、7日到達すると
1日目から再開されます*
`フレンドポイント X 2000
5月交換券(2023) X 1
`*「Fate/Grand Order キャストトーク in マチ★アソビvol.26」開催記念プレゼント*
*開催期間中、初回ログインで「聖晶石×10」をプレゼント！*
`聖晶石 X 10
`_2023-05-07 19:37:14_
--------
*f5845d187badef24087ae9dd8a663e48*
`登陆天数: 49天 / 1287天
等级: 142
石头: 420
呼符: 2
体力: 141.53333333333333 / 140
友情点: 80 / 24762810`
*連続ログイン7日間到達おめでとうございます！
明日は1日目からリスタートされます。*
`獣の足跡 X 1
呼符 X 1
5月交換券(2023) X 1
`*「Fate/Grand Order キャストトーク in マチ★アソビvol.26」開催記念プレゼント*
*開催期間中、初回ログインで「聖晶石×10」をプレゼント！*
`聖晶石 X 10
`_2023-05-07 19:37:23_
--------
