【登录信息】
*4624dcf84d19c7237daa9e3aa06ae38e*
`登陆天数: 9天 / 997天
等级: 130
石头: 209
呼符: 5
体力: 36780.88333333333 / 138
友情点: 0 / 724225`
*連続ログイン2日目
※ログインが途切れるか、7日到達すると
1日目から再開されます*
`聖晶石 X 1
5月交換券(2023) X 1
`_2023-05-08 19:36:44_
--------
*1960c6c2468d480d10656e460ff945b7*
`登陆天数: 9天 / 1194天
等级: 129
石头: 4285
呼符: 131
体力: 56331.28333333333 / 138
友情点: 60 / 131645`
*連続ログイン2日目
※ログインが途切れるか、7日到達すると
1日目から再開されます*
`聖晶石 X 1
5月交換券(2023) X 1
`_2023-05-08 19:36:52_
--------
*50e74030067f097de636fdb9ea0a5ce0*
`登陆天数: 9天 / 1199天
等级: 143
石头: 24
呼符: 1
体力: 281.7833333333333 / 141
友情点: 75 / 8987640`
*連続ログイン2日目
※ログインが途切れるか、7日到達すると
1日目から再開されます*
`聖晶石 X 1
5月交換券(2023) X 1
`_2023-05-08 19:37:00_
--------
*5aebed162c025149a9ac12d5ff9cf0d5*
`登陆天数: 9天 / 1030天
等级: 133
石头: 10
呼符: 0
体力: 30599.656666666666 / 139
友情点: 80 / 1468590`
*連続ログイン2日目
※ログインが途切れるか、7日到達すると
1日目から再開されます*
`聖晶石 X 1
5月交換券(2023) X 1
`_2023-05-08 19:37:09_
--------
*f5845d187badef24087ae9dd8a663e48*
`登陆天数: 50天 / 1288天
等级: 142
石头: 418
呼符: 2
体力: 203.51333333333332 / 140
友情点: 220 / 24763125`
*連続ログイン1日目
※ログインが途切れるか、7日到達すると
1日目から再開されます*
`フレンドポイント X 2000
5月交換券(2023) X 1
`_2023-05-08 19:37:17_
--------
