【登录信息】
*4624dcf84d19c7237daa9e3aa06ae38e*
`登陆天数: 10天 / 998天
等级: 130
石头: 209
呼符: 5
体力: 37068.926666666666 / 138
友情点: 0 / 724225`
*連続ログイン3日目
※ログインが途切れるか、7日到達すると
1日目から再開されます*
`叡智の業火 X 1
5月交換券(2023) X 1
`_2023-05-09 19:36:57_
--------
*1960c6c2468d480d10656e460ff945b7*
`登陆天数: 10天 / 1195天
等级: 129
石头: 4285
呼符: 131
体力: 56619.32666666667 / 138
友情点: 0 / 131645`
*連続ログイン3日目
※ログインが途切れるか、7日到達すると
1日目から再開されます*
`叡智の業火 X 1
5月交換券(2023) X 1
`_2023-05-09 19:37:05_
--------
*50e74030067f097de636fdb9ea0a5ce0*
`登陆天数: 10天 / 1200天
等级: 143
石头: 24
呼符: 1
体力: 569.8266666666666 / 141
友情点: 0 / 8987690`
*連続ログイン3日目
※ログインが途切れるか、7日到達すると
1日目から再開されます*
`叡智の業火 X 1
5月交換券(2023) X 1
`_2023-05-09 19:37:14_
--------
*5aebed162c025149a9ac12d5ff9cf0d5*
`登陆天数: 10天 / 1031天
等级: 133
石头: 10
呼符: 0
体力: 30887.7 / 139
友情点: 0 / 1468590`
*連続ログイン3日目
※ログインが途切れるか、7日到達すると
1日目から再開されます*
`叡智の業火 X 1
5月交換券(2023) X 1
`_2023-05-09 19:37:22_
--------
*f5845d187badef24087ae9dd8a663e48*
`登陆天数: 51天 / 1289天
等级: 142
石头: 430
呼符: 3
体力: 221.79333333333335 / 140
友情点: 220 / 24767490`
*連続ログイン2日目
※ログインが途切れるか、7日到達すると
1日目から再開されます*
`聖晶石 X 1
5月交換券(2023) X 1
`_2023-05-09 19:37:31_
--------
