【登录信息】
*4624dcf84d19c7237daa9e3aa06ae38e*
`登陆天数: 11天 / 999天
等级: 130
石头: 209
呼符: 5
体力: 37357.19 / 138
友情点: 0 / 724225`
*連続ログイン4日目
※ログインが途切れるか、7日到達すると
1日目から再開されます*
`聖晶石 X 1
5月交換券(2023) X 1
`*日替りログインボーナス*
*開催期間中、1日1回 2週間日替りでログインボーナスをプレゼント！*
`巡霊の葉 X 30
`_2023-05-10 19:38:16_
--------
*1960c6c2468d480d10656e460ff945b7*
`登陆天数: 11天 / 1196天
等级: 129
石头: 4285
呼符: 131
体力: 56907.59 / 138
友情点: 0 / 131645`
*連続ログイン4日目
※ログインが途切れるか、7日到達すると
1日目から再開されます*
`聖晶石 X 1
5月交換券(2023) X 1
`*日替りログインボーナス*
*開催期間中、1日1回 2週間日替りでログインボーナスをプレゼント！*
`巡霊の葉 X 30
`_2023-05-10 19:38:24_
--------
*50e74030067f097de636fdb9ea0a5ce0*
`登陆天数: 11天 / 1201天
等级: 143
石头: 24
呼符: 1
体力: 858.09 / 141
友情点: 100 / 8987790`
*連続ログイン4日目
※ログインが途切れるか、7日到達すると
1日目から再開されます*
`聖晶石 X 1
5月交換券(2023) X 1
`*日替りログインボーナス*
*開催期間中、1日1回 2週間日替りでログインボーナスをプレゼント！*
`巡霊の葉 X 30
`_2023-05-10 19:38:32_
--------
*5aebed162c025149a9ac12d5ff9cf0d5*
`登陆天数: 11天 / 1032天
等级: 133
石头: 10
呼符: 0
体力: 31175.963333333333 / 139
友情点: 0 / 1468590`
*連続ログイン4日目
※ログインが途切れるか、7日到達すると
1日目から再開されます*
`聖晶石 X 1
5月交換券(2023) X 1
`*日替りログインボーナス*
*開催期間中、1日1回 2週間日替りでログインボーナスをプレゼント！*
`巡霊の葉 X 30
`_2023-05-10 19:38:41_
--------
*f5845d187badef24087ae9dd8a663e48*
`登陆天数: 52天 / 1290天
等级: 142
石头: 401
呼符: 3
体力: 247.51 / 140
友情点: 430 / 24767930`
*連続ログイン3日目
※ログインが途切れるか、7日到達すると
1日目から再開されます*
`叡智の業火 X 1
5月交換券(2023) X 1
`*日替りログインボーナス*
*開催期間中、1日1回 2週間日替りでログインボーナスをプレゼント！*
`巡霊の葉 X 30
`_2023-05-10 19:38:50_
--------
