【登录信息】
*4624dcf84d19c7237daa9e3aa06ae38e*
`登陆天数: 13天 / 1001天
等级: 130
石头: 209
呼符: 5
体力: 37932.903333333335 / 138
友情点: 0 / 724225`
*連続ログイン6日目
※ログインが途切れるか、7日到達すると
1日目から再開されます*
`聖晶石 X 2
5月交換券(2023) X 1
`*日替りログインボーナス*
*開催期間中、1日1回 2週間日替りでログインボーナスをプレゼント！*
`聖晶石 X 2
巡霊の葉 X 100
`_2023-05-12 19:36:50_
--------
*1960c6c2468d480d10656e460ff945b7*
`登陆天数: 13天 / 1198天
等级: 129
石头: 4285
呼符: 131
体力: 57483.30333333334 / 138
友情点: 140 / 131785`
*連続ログイン6日目
※ログインが途切れるか、7日到達すると
1日目から再開されます*
`聖晶石 X 2
5月交換券(2023) X 1
`*日替りログインボーナス*
*開催期間中、1日1回 2週間日替りでログインボーナスをプレゼント！*
`聖晶石 X 2
巡霊の葉 X 100
`_2023-05-12 19:36:58_
--------
*50e74030067f097de636fdb9ea0a5ce0*
`登陆天数: 13天 / 1203天
等级: 143
石头: 24
呼符: 1
体力: 1433.8 / 141
友情点: 165 / 8987955`
*連続ログイン6日目
※ログインが途切れるか、7日到達すると
1日目から再開されます*
`聖晶石 X 2
5月交換券(2023) X 1
`*日替りログインボーナス*
*開催期間中、1日1回 2週間日替りでログインボーナスをプレゼント！*
`聖晶石 X 2
巡霊の葉 X 100
`_2023-05-12 19:37:06_
--------
*5aebed162c025149a9ac12d5ff9cf0d5*
`登陆天数: 13天 / 1034天
等级: 133
石头: 10
呼符: 0
体力: 31751.673333333332 / 139
友情点: 130 / 1468720`
*連続ログイン6日目
※ログインが途切れるか、7日到達すると
1日目から再開されます*
`聖晶石 X 2
5月交換券(2023) X 1
`*日替りログインボーナス*
*開催期間中、1日1回 2週間日替りでログインボーナスをプレゼント！*
`聖晶石 X 2
巡霊の葉 X 100
`_2023-05-12 19:37:14_
--------
*f5845d187badef24087ae9dd8a663e48*
`登陆天数: 54天 / 1292天
等级: 142
石头: 403
呼符: 3
体力: 18.25 / 140
友情点: 0 / 24768355`
_2023-05-12 19:37:23_
--------
