【登录信息】
*4624dcf84d19c7237daa9e3aa06ae38e*
`登陆天数: 14天 / 1002天
等级: 130
石头: 209
呼符: 5
体力: 38220.91 / 138
友情点: 0 / 724225`
*連続ログイン7日間到達おめでとうございます！
明日は1日目からリスタートされます。*
`獣の足跡 X 1
呼符 X 1
5月交換券(2023) X 1
`*日替りログインボーナス*
*開催期間中、1日1回 2週間日替りでログインボーナスをプレゼント！*
`巡霊の葉 X 30
`_2023-05-13 19:36:52_
--------
*1960c6c2468d480d10656e460ff945b7*
`登陆天数: 14天 / 1199天
等级: 129
石头: 4285
呼符: 131
体力: 57771.31 / 138
友情点: 0 / 131785`
*連続ログイン7日間到達おめでとうございます！
明日は1日目からリスタートされます。*
`獣の足跡 X 1
呼符 X 1
5月交換券(2023) X 1
`*日替りログインボーナス*
*開催期間中、1日1回 2週間日替りでログインボーナスをプレゼント！*
`巡霊の葉 X 30
`_2023-05-13 19:37:00_
--------
*50e74030067f097de636fdb9ea0a5ce0*
`登陆天数: 14天 / 1204天
等级: 143
石头: 24
呼符: 1
体力: 1721.8066666666666 / 141
友情点: 50 / 8988005`
*連続ログイン7日間到達おめでとうございます！
明日は1日目からリスタートされます。*
`獣の足跡 X 1
呼符 X 1
5月交換券(2023) X 1
`*日替りログインボーナス*
*開催期間中、1日1回 2週間日替りでログインボーナスをプレゼント！*
`巡霊の葉 X 30
`_2023-05-13 19:37:08_
--------
*5aebed162c025149a9ac12d5ff9cf0d5*
`登陆天数: 14天 / 1035天
等级: 133
石头: 10
呼符: 0
体力: 32039.68 / 139
友情点: 0 / 1468720`
*連続ログイン7日間到達おめでとうございます！
明日は1日目からリスタートされます。*
`獣の足跡 X 1
呼符 X 1
5月交換券(2023) X 1
`*日替りログインボーナス*
*開催期間中、1日1回 2週間日替りでログインボーナスをプレゼント！*
`巡霊の葉 X 30
`_2023-05-13 19:37:17_
--------
*f5845d187badef24087ae9dd8a663e48*
`登陆天数: 55天 / 1293天
等级: 142
石头: 406
呼符: 3
体力: 238.2 / 140
友情点: 435 / 24769025`
*連続ログイン6日目
※ログインが途切れるか、7日到達すると
1日目から再開されます*
`聖晶石 X 2
5月交換券(2023) X 1
`*日替りログインボーナス*
*開催期間中、1日1回 2週間日替りでログインボーナスをプレゼント！*
`巡霊の葉 X 30
`_2023-05-13 19:37:25_
--------
