【登录信息】
*4624dcf84d19c7237daa9e3aa06ae38e*
`登陆天数: 15天 / 1003天
等级: 130
石头: 209
呼符: 5
体力: 38508.88333333333 / 138
友情点: 0 / 724225`
*連続ログイン1日目
※ログインが途切れるか、7日到達すると
1日目から再開されます*
`フレンドポイント X 2000
5月交換券(2023) X 1
`*日替りログインボーナス*
*開催期間中、1日1回 2週間日替りでログインボーナスをプレゼント！*
`巡霊の葉 X 30
`_2023-05-14 19:36:44_
--------
*1960c6c2468d480d10656e460ff945b7*
`登陆天数: 15天 / 1200天
等级: 129
石头: 4285
呼符: 131
体力: 58059.28333333333 / 138
友情点: 0 / 131785`
*連続ログイン1日目
※ログインが途切れるか、7日到達すると
1日目から再開されます*
`フレンドポイント X 2000
5月交換券(2023) X 1
`*日替りログインボーナス*
*開催期間中、1日1回 2週間日替りでログインボーナスをプレゼント！*
`巡霊の葉 X 30
`_2023-05-14 19:36:52_
--------
*50e74030067f097de636fdb9ea0a5ce0*
`登陆天数: 15天 / 1205天
等级: 143
石头: 24
呼符: 1
体力: 2009.7833333333333 / 141
友情点: 50 / 8988055`
*連続ログイン1日目
※ログインが途切れるか、7日到達すると
1日目から再開されます*
`フレンドポイント X 2000
5月交換券(2023) X 1
`*日替りログインボーナス*
*開催期間中、1日1回 2週間日替りでログインボーナスをプレゼント！*
`巡霊の葉 X 30
`_2023-05-14 19:37:00_
--------
*5aebed162c025149a9ac12d5ff9cf0d5*
`登陆天数: 15天 / 1036天
等级: 133
石头: 10
呼符: 0
体力: 32327.656666666666 / 139
友情点: 0 / 1468720`
*連続ログイン1日目
※ログインが途切れるか、7日到達すると
1日目から再開されます*
`フレンドポイント X 2000
5月交換券(2023) X 1
`*日替りログインボーナス*
*開催期間中、1日1回 2週間日替りでログインボーナスをプレゼント！*
`巡霊の葉 X 30
`_2023-05-14 19:37:09_
--------
*f5845d187badef24087ae9dd8a663e48*
`登陆天数: 56天 / 1294天
等级: 142
石头: 409
呼符: 3
体力: 145.38666666666666 / 140
友情点: 170 / 24769770`
*連続ログイン7日間到達おめでとうございます！
明日は1日目からリスタートされます。*
`獣の足跡 X 1
呼符 X 1
5月交換券(2023) X 1
`*日替りログインボーナス*
*開催期間中、1日1回 2週間日替りでログインボーナスをプレゼント！*
`巡霊の葉 X 30
`_2023-05-14 19:37:18_
--------
