【登录信息】
*4624dcf84d19c7237daa9e3aa06ae38e*
`登陆天数: 16天 / 1004天
等级: 130
石头: 209
呼符: 5
体力: 38796.886666666665 / 138
友情点: 0 / 724225`
*連続ログイン2日目
※ログインが途切れるか、7日到達すると
1日目から再開されます*
`聖晶石 X 1
5月交換券(2023) X 1
`*日替りログインボーナス*
*開催期間中、1日1回 2週間日替りでログインボーナスをプレゼント！*
`巡霊の葉 X 30
`_2023-05-15 19:36:45_
--------
*1960c6c2468d480d10656e460ff945b7*
`登陆天数: 16天 / 1201天
等级: 129
石头: 4285
呼符: 131
体力: 58347.28666666667 / 138
友情点: 0 / 131785`
*連続ログイン2日目
※ログインが途切れるか、7日到達すると
1日目から再開されます*
`聖晶石 X 1
5月交換券(2023) X 1
`*日替りログインボーナス*
*開催期間中、1日1回 2週間日替りでログインボーナスをプレゼント！*
`巡霊の葉 X 30
`_2023-05-15 19:36:54_
--------
*50e74030067f097de636fdb9ea0a5ce0*
`登陆天数: 16天 / 1206天
等级: 143
石头: 9
呼符: 0
体力: 281.96000000000004 / 141
友情点: 50 / 8978265`
*連続ログイン2日目
※ログインが途切れるか、7日到達すると
1日目から再開されます*
`聖晶石 X 1
5月交換券(2023) X 1
`*日替りログインボーナス*
*開催期間中、1日1回 2週間日替りでログインボーナスをプレゼント！*
`巡霊の葉 X 30
`_2023-05-15 19:37:02_
--------
*5aebed162c025149a9ac12d5ff9cf0d5*
`登陆天数: 16天 / 1037天
等级: 133
石头: 10
呼符: 0
体力: 32615.66 / 139
友情点: 0 / 1468720`
*連続ログイン2日目
※ログインが途切れるか、7日到達すると
1日目から再開されます*
`聖晶石 X 1
5月交換券(2023) X 1
`*日替りログインボーナス*
*開催期間中、1日1回 2週間日替りでログインボーナスをプレゼント！*
`巡霊の葉 X 30
`_2023-05-15 19:37:10_
--------
*f5845d187badef24087ae9dd8a663e48*
`登陆天数: 57天 / 1295天
等级: 142
石头: 396
呼符: 0
体力: 339.4666666666667 / 140
友情点: 95 / 24769890`
*連続ログイン1日目
※ログインが途切れるか、7日到達すると
1日目から再開されます*
`フレンドポイント X 2000
5月交換券(2023) X 1
`*日替りログインボーナス*
*開催期間中、1日1回 2週間日替りでログインボーナスをプレゼント！*
`巡霊の葉 X 30
`_2023-05-15 19:37:18_
--------
