【登录信息】
*4624dcf84d19c7237daa9e3aa06ae38e*
`登陆天数: 18天 / 1006天
等级: 130
石头: 209
呼符: 5
体力: 39372.89 / 138
友情点: 0 / 724225`
*連続ログイン4日目
※ログインが途切れるか、7日到達すると
1日目から再開されます*
`聖晶石 X 1
5月交換券(2023) X 1
`*日替りログインボーナス*
*開催期間中、1日1回 2週間日替りでログインボーナスをプレゼント！*
`巡霊の葉 X 30
`_2023-05-17 19:36:47_
--------
*1960c6c2468d480d10656e460ff945b7*
`登陆天数: 18天 / 1203天
等级: 129
石头: 4285
呼符: 131
体力: 58923.293333333335 / 138
友情点: 130 / 131915`
*連続ログイン4日目
※ログインが途切れるか、7日到達すると
1日目から再開されます*
`聖晶石 X 1
5月交換券(2023) X 1
`*日替りログインボーナス*
*開催期間中、1日1回 2週間日替りでログインボーナスをプレゼント！*
`巡霊の葉 X 30
`_2023-05-17 19:36:55_
--------
*50e74030067f097de636fdb9ea0a5ce0*
`登陆天数: 18天 / 1208天
等级: 143
石头: 0
呼符: 0
体力: 231.55666666666667 / 141
友情点: 360 / 8945010`
*連続ログイン4日目
※ログインが途切れるか、7日到達すると
1日目から再開されます*
`聖晶石 X 1
5月交換券(2023) X 1
`*日替りログインボーナス*
*開催期間中、1日1回 2週間日替りでログインボーナスをプレゼント！*
`巡霊の葉 X 30
`_2023-05-17 19:37:03_
--------
*5aebed162c025149a9ac12d5ff9cf0d5*
`登陆天数: 18天 / 1039天
等级: 133
石头: 10
呼符: 0
体力: 33191.666666666664 / 139
友情点: 90 / 1468810`
*連続ログイン4日目
※ログインが途切れるか、7日到達すると
1日目から再開されます*
`聖晶石 X 1
5月交換券(2023) X 1
`*日替りログインボーナス*
*開催期間中、1日1回 2週間日替りでログインボーナスをプレゼント！*
`巡霊の葉 X 30
`_2023-05-17 19:37:12_
--------
*f5845d187badef24087ae9dd8a663e48*
`登陆天数: 59天 / 1297天
等级: 142
石头: 413
呼符: 1
体力: 136.1 / 140
友情点: 75 / 24775505`
*連続ログイン3日目
※ログインが途切れるか、7日到達すると
1日目から再開されます*
`叡智の業火 X 1
5月交換券(2023) X 1
`*日替りログインボーナス*
*開催期間中、1日1回 2週間日替りでログインボーナスをプレゼント！*
`巡霊の葉 X 30
`_2023-05-17 19:37:20_
--------
