【登录信息】
*4624dcf84d19c7237daa9e3aa06ae38e*
`登陆天数: 19天 / 1007天
等级: 130
石头: 209
呼符: 5
体力: 39660.90666666667 / 138
友情点: 0 / 724225`
*連続ログイン5日目
※ログインが途切れるか、7日到達すると
1日目から再開されます*
`叡智の業火 X 2
5月交換券(2023) X 1
`*日替りログインボーナス*
*開催期間中、1日1回 2週間日替りでログインボーナスをプレゼント！*
`巡霊の葉 X 30
`_2023-05-18 19:36:51_
--------
*1960c6c2468d480d10656e460ff945b7*
`登陆天数: 19天 / 1204天
等级: 129
石头: 4285
呼符: 131
体力: 59211.306666666664 / 138
友情点: 40 / 131955`
*連続ログイン5日目
※ログインが途切れるか、7日到達すると
1日目から再開されます*
`叡智の業火 X 2
5月交換券(2023) X 1
`*日替りログインボーナス*
*開催期間中、1日1回 2週間日替りでログインボーナスをプレゼント！*
`巡霊の葉 X 30
`_2023-05-18 19:36:59_
--------
*50e74030067f097de636fdb9ea0a5ce0*
`登陆天数: 19天 / 1209天
等级: 143
石头: 0
呼符: 0
体力: 519.5699999999999 / 141
友情点: 65 / 8945075`
*連続ログイン5日目
※ログインが途切れるか、7日到達すると
1日目から再開されます*
`叡智の業火 X 2
5月交換券(2023) X 1
`*日替りログインボーナス*
*開催期間中、1日1回 2週間日替りでログインボーナスをプレゼント！*
`巡霊の葉 X 30
`_2023-05-18 19:37:07_
--------
*5aebed162c025149a9ac12d5ff9cf0d5*
`登陆天数: 19天 / 1040天
等级: 133
石头: 10
呼符: 0
体力: 33479.68 / 139
友情点: 170 / 1468980`
*連続ログイン5日目
※ログインが途切れるか、7日到達すると
1日目から再開されます*
`叡智の業火 X 2
5月交換券(2023) X 1
`*日替りログインボーナス*
*開催期間中、1日1回 2週間日替りでログインボーナスをプレゼント！*
`巡霊の葉 X 30
`_2023-05-18 19:37:16_
--------
*f5845d187badef24087ae9dd8a663e48*
`登陆天数: 60天 / 1298天
等级: 142
石头: 413
呼符: 1
体力: 424.11333333333334 / 140
友情点: 190 / 24775695`
*連続ログイン4日目
※ログインが途切れるか、7日到達すると
1日目から再開されます*
`聖晶石 X 1
5月交換券(2023) X 1
`*日替りログインボーナス*
*開催期間中、1日1回 2週間日替りでログインボーナスをプレゼント！*
`巡霊の葉 X 30
`_2023-05-18 19:37:24_
--------
