【登录信息】
*4624dcf84d19c7237daa9e3aa06ae38e*
`登陆天数: 20天 / 1008天
等级: 130
石头: 209
呼符: 5
体力: 39948.89 / 138
友情点: 0 / 724225`
*連続ログイン6日目
※ログインが途切れるか、7日到達すると
1日目から再開されます*
`聖晶石 X 2
5月交換券(2023) X 1
`*日替りログインボーナス*
*開催期間中、1日1回 2週間日替りでログインボーナスをプレゼント！*
`聖晶石 X 2
巡霊の葉 X 100
`_2023-05-19 19:36:46_
--------
*1960c6c2468d480d10656e460ff945b7*
`登陆天数: 20天 / 1205天
等级: 129
石头: 4285
呼符: 131
体力: 59499.29 / 138
友情点: 190 / 132345`
*連続ログイン6日目
※ログインが途切れるか、7日到達すると
1日目から再開されます*
`聖晶石 X 2
5月交換券(2023) X 1
`*日替りログインボーナス*
*開催期間中、1日1回 2週間日替りでログインボーナスをプレゼント！*
`聖晶石 X 2
巡霊の葉 X 100
`_2023-05-19 19:36:54_
--------
*50e74030067f097de636fdb9ea0a5ce0*
`登陆天数: 20天 / 1210天
等级: 143
石头: 0
呼符: 0
体力: 807.5566666666666 / 141
友情点: 450 / 8945525`
*連続ログイン6日目
※ログインが途切れるか、7日到達すると
1日目から再開されます*
`聖晶石 X 2
5月交換券(2023) X 1
`*日替りログインボーナス*
*開催期間中、1日1回 2週間日替りでログインボーナスをプレゼント！*
`聖晶石 X 2
巡霊の葉 X 100
`_2023-05-19 19:37:02_
--------
*5aebed162c025149a9ac12d5ff9cf0d5*
`登陆天数: 20天 / 1041天
等级: 133
石头: 10
呼符: 0
体力: 33767.66333333333 / 139
友情点: 390 / 1469570`
*連続ログイン6日目
※ログインが途切れるか、7日到達すると
1日目から再開されます*
`聖晶石 X 2
5月交換券(2023) X 1
`*日替りログインボーナス*
*開催期間中、1日1回 2週間日替りでログインボーナスをプレゼント！*
`聖晶石 X 2
巡霊の葉 X 100
`_2023-05-19 19:37:11_
--------
*f5845d187badef24087ae9dd8a663e48*
`登陆天数: 61天 / 1299天
等级: 142
石头: 413
呼符: 1
体力: 712.1 / 140
友情点: 370 / 24776265`
*連続ログイン5日目
※ログインが途切れるか、7日到達すると
1日目から再開されます*
`叡智の業火 X 2
5月交換券(2023) X 1
`*日替りログインボーナス*
*開催期間中、1日1回 2週間日替りでログインボーナスをプレゼント！*
`聖晶石 X 2
巡霊の葉 X 100
`_2023-05-19 19:37:20_
--------
