【登录信息】
*4624dcf84d19c7237daa9e3aa06ae38e*
`登陆天数: 21天 / 1009天
等级: 130
石头: 209
呼符: 5
体力: 40236.95333333333 / 138
友情点: 0 / 724225`
*連続ログイン7日間到達おめでとうございます！
明日は1日目からリスタートされます。*
`獣の足跡 X 1
呼符 X 1
5月交換券(2023) X 1
`*日替りログインボーナス*
*開催期間中、1日1回 2週間日替りでログインボーナスをプレゼント！*
`巡霊の葉 X 30
`_2023-05-20 19:37:05_
--------
*1960c6c2468d480d10656e460ff945b7*
`登陆天数: 21天 / 1206天
等级: 129
石头: 4285
呼符: 131
体力: 59787.35333333333 / 138
友情点: 0 / 132345`
*連続ログイン7日間到達おめでとうございます！
明日は1日目からリスタートされます。*
`獣の足跡 X 1
呼符 X 1
5月交換券(2023) X 1
`*日替りログインボーナス*
*開催期間中、1日1回 2週間日替りでログインボーナスをプレゼント！*
`巡霊の葉 X 30
`_2023-05-20 19:37:13_
--------
*50e74030067f097de636fdb9ea0a5ce0*
`登陆天数: 21天 / 1211天
等级: 143
石头: 0
呼符: 0
体力: 1095.6166666666668 / 141
友情点: 50 / 8945575`
*連続ログイン7日間到達おめでとうございます！
明日は1日目からリスタートされます。*
`獣の足跡 X 1
呼符 X 1
5月交換券(2023) X 1
`*日替りログインボーナス*
*開催期間中、1日1回 2週間日替りでログインボーナスをプレゼント！*
`巡霊の葉 X 30
`_2023-05-20 19:37:21_
--------
*5aebed162c025149a9ac12d5ff9cf0d5*
`登陆天数: 21天 / 1042天
等级: 133
石头: 10
呼符: 0
体力: 34055.723333333335 / 139
友情点: 0 / 1469570`
*連続ログイン7日間到達おめでとうございます！
明日は1日目からリスタートされます。*
`獣の足跡 X 1
呼符 X 1
5月交換券(2023) X 1
`*日替りログインボーナス*
*開催期間中、1日1回 2週間日替りでログインボーナスをプレゼント！*
`巡霊の葉 X 30
`_2023-05-20 19:37:29_
--------
*f5845d187badef24087ae9dd8a663e48*
`登陆天数: 62天 / 1300天
等级: 142
石头: 413
呼符: 1
体力: 1000.1566666666666 / 140
友情点: 125 / 24776390`
*連続ログイン6日目
※ログインが途切れるか、7日到達すると
1日目から再開されます*
`聖晶石 X 2
5月交換券(2023) X 1
`*日替りログインボーナス*
*開催期間中、1日1回 2週間日替りでログインボーナスをプレゼント！*
`巡霊の葉 X 30
`_2023-05-20 19:37:37_
--------
