【登录信息】
*4624dcf84d19c7237daa9e3aa06ae38e*
`登陆天数: 23天 / 1011天
等级: 130
石头: 209
呼符: 5
体力: 40812.95 / 138
友情点: 0 / 724225`
*連続ログイン2日目
※ログインが途切れるか、7日到達すると
1日目から再開されます*
`聖晶石 X 1
5月交換券(2023) X 1
`*日替りログインボーナス*
*開催期間中、1日1回 2週間日替りでログインボーナスをプレゼント！*
`巡霊の葉 X 30
`_2023-05-22 19:37:04_
--------
*1960c6c2468d480d10656e460ff945b7*
`登陆天数: 23天 / 1208天
等级: 129
石头: 4285
呼符: 131
体力: 60363.35 / 138
友情点: 290 / 132635`
*連続ログイン2日目
※ログインが途切れるか、7日到達すると
1日目から再開されます*
`聖晶石 X 1
5月交換券(2023) X 1
`*日替りログインボーナス*
*開催期間中、1日1回 2週間日替りでログインボーナスをプレゼント！*
`巡霊の葉 X 30
`_2023-05-22 19:37:12_
--------
*50e74030067f097de636fdb9ea0a5ce0*
`登陆天数: 23天 / 1213天
等级: 143
石头: 0
呼符: 0
体力: 1671.6166666666666 / 141
友情点: 215 / 8946115`
*連続ログイン2日目
※ログインが途切れるか、7日到達すると
1日目から再開されます*
`聖晶石 X 1
5月交換券(2023) X 1
`*日替りログインボーナス*
*開催期間中、1日1回 2週間日替りでログインボーナスをプレゼント！*
`巡霊の葉 X 30
`_2023-05-22 19:37:20_
--------
*5aebed162c025149a9ac12d5ff9cf0d5*
`登陆天数: 23天 / 1044天
等级: 133
石头: 10
呼符: 0
体力: 34631.723333333335 / 139
友情点: 150 / 1469720`
*連続ログイン2日目
※ログインが途切れるか、7日到達すると
1日目から再開されます*
`聖晶石 X 1
5月交換券(2023) X 1
`*日替りログインボーナス*
*開催期間中、1日1回 2週間日替りでログインボーナスをプレゼント！*
`巡霊の葉 X 30
`_2023-05-22 19:37:29_
--------
*f5845d187badef24087ae9dd8a663e48*
`登陆天数: 64天 / 1302天
等级: 142
石头: 413
呼符: 1
体力: 1576.16 / 140
友情点: 160 / 24776550`
*連続ログイン1日目
※ログインが途切れるか、7日到達すると
1日目から再開されます*
`フレンドポイント X 2000
5月交換券(2023) X 1
`*日替りログインボーナス*
*開催期間中、1日1回 2週間日替りでログインボーナスをプレゼント！*
`巡霊の葉 X 30
`_2023-05-22 19:37:38_
--------
