【登录信息】
*4624dcf84d19c7237daa9e3aa06ae38e*
`登陆天数: 24天 / 1012天
等级: 130
石头: 209
呼符: 5
体力: 41100.926666666666 / 138
友情点: 0 / 724225`
*連続ログイン3日目
※ログインが途切れるか、7日到達すると
1日目から再開されます*
`叡智の業火 X 1
5月交換券(2023) X 1
`*日替りログインボーナス*
*開催期間中、1日1回 2週間日替りでログインボーナスをプレゼント！*
`聖晶石 X 3
巡霊の葉 X 50
`_2023-05-23 19:36:57_
--------
*1960c6c2468d480d10656e460ff945b7*
`登陆天数: 24天 / 1209天
等级: 129
石头: 4285
呼符: 131
体力: 60651.32666666667 / 138
友情点: 0 / 132635`
*連続ログイン3日目
※ログインが途切れるか、7日到達すると
1日目から再開されます*
`叡智の業火 X 1
5月交換券(2023) X 1
`*日替りログインボーナス*
*開催期間中、1日1回 2週間日替りでログインボーナスをプレゼント！*
`聖晶石 X 3
巡霊の葉 X 50
`_2023-05-23 19:37:05_
--------
*50e74030067f097de636fdb9ea0a5ce0*
`登陆天数: 24天 / 1214天
等级: 143
石头: 6
呼符: 1
体力: 1959.59 / 141
友情点: 175 / 8948290`
*連続ログイン3日目
※ログインが途切れるか、7日到達すると
1日目から再開されます*
`叡智の業火 X 1
5月交換券(2023) X 1
`*日替りログインボーナス*
*開催期間中、1日1回 2週間日替りでログインボーナスをプレゼント！*
`聖晶石 X 3
巡霊の葉 X 50
`_2023-05-23 19:37:13_
--------
*5aebed162c025149a9ac12d5ff9cf0d5*
`登陆天数: 24天 / 1045天
等级: 133
石头: 10
呼符: 0
体力: 34919.69666666666 / 139
友情点: 0 / 1469720`
*連続ログイン3日目
※ログインが途切れるか、7日到達すると
1日目から再開されます*
`叡智の業火 X 1
5月交換券(2023) X 1
`*日替りログインボーナス*
*開催期間中、1日1回 2週間日替りでログインボーナスをプレゼント！*
`聖晶石 X 3
巡霊の葉 X 50
`_2023-05-23 19:37:21_
--------
*f5845d187badef24087ae9dd8a663e48*
`登陆天数: 65天 / 1303天
等级: 142
石头: 413
呼符: 1
体力: 1864.13 / 140
友情点: 35 / 24776585`
*連続ログイン2日目
※ログインが途切れるか、7日到達すると
1日目から再開されます*
`聖晶石 X 1
5月交換券(2023) X 1
`*日替りログインボーナス*
*開催期間中、1日1回 2週間日替りでログインボーナスをプレゼント！*
`聖晶石 X 3
巡霊の葉 X 50
`_2023-05-23 19:37:29_
--------
