【登录信息】
*4624dcf84d19c7237daa9e3aa06ae38e*
`登陆天数: 25天 / 1013天
等级: 130
石头: 209
呼符: 5
体力: 41388.93666666667 / 138
友情点: 0 / 724225`
*連続ログイン4日目
※ログインが途切れるか、7日到達すると
1日目から再開されます*
`聖晶石 X 1
5月交換券(2023) X 1
`*FGO カルデア放送局 ライト版 FGO Fes. 2023＆ゲーム最新情報 放送記念 初回ログインボーナス*
*開催期間中、初回ログインで「聖晶石×14」をプレゼント！*
`聖晶石 X 14
`_2023-05-24 19:36:59_
--------
*1960c6c2468d480d10656e460ff945b7*
`登陆天数: 25天 / 1210天
等级: 129
石头: 4285
呼符: 131
体力: 60939.333333333336 / 138
友情点: 0 / 132635`
*連続ログイン4日目
※ログインが途切れるか、7日到達すると
1日目から再開されます*
`聖晶石 X 1
5月交換券(2023) X 1
`*FGO カルデア放送局 ライト版 FGO Fes. 2023＆ゲーム最新情報 放送記念 初回ログインボーナス*
*開催期間中、初回ログインで「聖晶石×14」をプレゼント！*
`聖晶石 X 14
`_2023-05-24 19:37:08_
--------
*50e74030067f097de636fdb9ea0a5ce0*
`登陆天数: 25天 / 1215天
等级: 143
石头: 6
呼符: 1
体力: 2247.6 / 141
友情点: 25 / 8948315`
*連続ログイン4日目
※ログインが途切れるか、7日到達すると
1日目から再開されます*
`聖晶石 X 1
5月交換券(2023) X 1
`*FGO カルデア放送局 ライト版 FGO Fes. 2023＆ゲーム最新情報 放送記念 初回ログインボーナス*
*開催期間中、初回ログインで「聖晶石×14」をプレゼント！*
`聖晶石 X 14
`_2023-05-24 19:37:16_
--------
*5aebed162c025149a9ac12d5ff9cf0d5*
`登陆天数: 25天 / 1046天
等级: 133
石头: 10
呼符: 0
体力: 35207.706666666665 / 139
友情点: 0 / 1469720`
*連続ログイン4日目
※ログインが途切れるか、7日到達すると
1日目から再開されます*
`聖晶石 X 1
5月交換券(2023) X 1
`*FGO カルデア放送局 ライト版 FGO Fes. 2023＆ゲーム最新情報 放送記念 初回ログインボーナス*
*開催期間中、初回ログインで「聖晶石×14」をプレゼント！*
`聖晶石 X 14
`_2023-05-24 19:37:24_
--------
*f5845d187badef24087ae9dd8a663e48*
`登陆天数: 66天 / 1304天
等级: 142
石头: 451
呼符: 3
体力: 14.159999999999997 / 140
友情点: 210 / 24779145`
*連続ログイン3日目
※ログインが途切れるか、7日到達すると
1日目から再開されます*
`叡智の業火 X 1
5月交換券(2023) X 1
`*FGO カルデア放送局 ライト版 FGO Fes. 2023＆ゲーム最新情報 放送記念 初回ログインボーナス*
*開催期間中、初回ログインで「聖晶石×14」をプレゼント！*
`聖晶石 X 14
`_2023-05-24 19:37:33_
--------
