【登录信息】
*4624dcf84d19c7237daa9e3aa06ae38e*
`登陆天数: 26天 / 1014天
等级: 130
石头: 209
呼符: 5
体力: 41676.903333333335 / 138
友情点: 0 / 724225`
*連続ログイン5日目
※ログインが途切れるか、7日到達すると
1日目から再開されます*
`叡智の業火 X 2
5月交換券(2023) X 1
`_2023-05-25 19:36:50_
--------
*1960c6c2468d480d10656e460ff945b7*
`登陆天数: 26天 / 1211天
等级: 129
石头: 4285
呼符: 131
体力: 61227.30333333334 / 138
友情点: 190 / 132825`
*連続ログイン5日目
※ログインが途切れるか、7日到達すると
1日目から再開されます*
`叡智の業火 X 2
5月交換券(2023) X 1
`_2023-05-25 19:36:58_
--------
*50e74030067f097de636fdb9ea0a5ce0*
`登陆天数: 26天 / 1216天
等级: 143
石头: 6
呼符: 1
体力: 2535.5666666666666 / 141
友情点: 230 / 8948545`
*連続ログイン5日目
※ログインが途切れるか、7日到達すると
1日目から再開されます*
`叡智の業火 X 2
5月交換券(2023) X 1
`_2023-05-25 19:37:06_
--------
*5aebed162c025149a9ac12d5ff9cf0d5*
`登陆天数: 26天 / 1047天
等级: 133
石头: 10
呼符: 0
体力: 35495.67333333333 / 139
友情点: 130 / 1469850`
*連続ログイン5日目
※ログインが途切れるか、7日到達すると
1日目から再開されます*
`叡智の業火 X 2
5月交換券(2023) X 1
`_2023-05-25 19:37:14_
--------
*f5845d187badef24087ae9dd8a663e48*
`登陆天数: 67天 / 1305天
等级: 142
石头: 451
呼符: 3
体力: 302.13 / 140
友情点: 325 / 24779470`
*連続ログイン4日目
※ログインが途切れるか、7日到達すると
1日目から再開されます*
`聖晶石 X 1
5月交換券(2023) X 1
`_2023-05-25 19:37:23_
--------
