【登录信息】
*4624dcf84d19c7237daa9e3aa06ae38e*
`登陆天数: 27天 / 1015天
等级: 130
石头: 209
呼符: 5
体力: 41964.91333333333 / 138
友情点: 0 / 724225`
*連続ログイン6日目
※ログインが途切れるか、7日到達すると
1日目から再開されます*
`聖晶石 X 2
5月交換券(2023) X 1
`_2023-05-26 19:36:53_
--------
*1960c6c2468d480d10656e460ff945b7*
`登陆天数: 27天 / 1212天
等级: 129
石头: 4285
呼符: 131
体力: 61515.316666666666 / 138
友情点: 0 / 132825`
*連続ログイン6日目
※ログインが途切れるか、7日到達すると
1日目から再開されます*
`聖晶石 X 2
5月交換券(2023) X 1
`_2023-05-26 19:37:02_
--------
*50e74030067f097de636fdb9ea0a5ce0*
`登陆天数: 27天 / 1217天
等级: 143
石头: 29
呼符: 1
体力: 300.1066666666667 / 141
友情点: 0 / 8948680`
*連続ログイン6日目
※ログインが途切れるか、7日到達すると
1日目から再開されます*
`聖晶石 X 2
5月交換券(2023) X 1
`_2023-05-26 19:37:10_
--------
*5aebed162c025149a9ac12d5ff9cf0d5*
`登陆天数: 27天 / 1048天
等级: 133
石头: 10
呼符: 0
体力: 35783.69 / 139
友情点: 0 / 1469850`
*連続ログイン6日目
※ログインが途切れるか、7日到達すると
1日目から再開されます*
`聖晶石 X 2
5月交換券(2023) X 1
`_2023-05-26 19:37:19_
--------
*f5845d187badef24087ae9dd8a663e48*
`登陆天数: 68天 / 1306天
等级: 142
石头: 451
呼符: 3
体力: 590.1466666666666 / 140
友情点: 25 / 24779495`
*連続ログイン5日目
※ログインが途切れるか、7日到達すると
1日目から再開されます*
`叡智の業火 X 2
5月交換券(2023) X 1
`_2023-05-26 19:37:27_
--------
