【登录信息】
*4624dcf84d19c7237daa9e3aa06ae38e*
`登陆天数: 28天 / 1016天
等级: 130
石头: 209
呼符: 5
体力: 42252.916666666664 / 138
友情点: 0 / 724225`
*連続ログイン7日間到達おめでとうございます！
明日は1日目からリスタートされます。*
`獣の足跡 X 1
呼符 X 1
5月交換券(2023) X 1
`_2023-05-27 19:36:53_
--------
*1960c6c2468d480d10656e460ff945b7*
`登陆天数: 28天 / 1213天
等级: 129
石头: 4285
呼符: 131
体力: 61803.316666666666 / 138
友情点: 0 / 132825`
*連続ログイン7日間到達おめでとうございます！
明日は1日目からリスタートされます。*
`獣の足跡 X 1
呼符 X 1
5月交換券(2023) X 1
`_2023-05-27 19:37:02_
--------
*50e74030067f097de636fdb9ea0a5ce0*
`登陆天数: 28天 / 1218天
等级: 143
石头: 31
呼符: 1
体力: 189.90333333333334 / 141
友情点: 200 / 8953330`
*連続ログイン7日間到達おめでとうございます！
明日は1日目からリスタートされます。*
`獣の足跡 X 1
呼符 X 1
5月交換券(2023) X 1
`_2023-05-27 19:37:10_
--------
*5aebed162c025149a9ac12d5ff9cf0d5*
`登陆天数: 28天 / 1049天
等级: 133
石头: 10
呼符: 0
体力: 36071.693333333336 / 139
友情点: 0 / 1469850`
*連続ログイン7日間到達おめでとうございます！
明日は1日目からリスタートされます。*
`獣の足跡 X 1
呼符 X 1
5月交換券(2023) X 1
`_2023-05-27 19:37:20_
--------
*f5845d187badef24087ae9dd8a663e48*
`登陆天数: 69天 / 1307天
等级: 142
石头: 449
呼符: 3
体力: 150.55 / 140
友情点: 160 / 24779705`
*連続ログイン6日目
※ログインが途切れるか、7日到達すると
1日目から再開されます*
`聖晶石 X 2
5月交換券(2023) X 1
`_2023-05-27 19:37:28_
--------
