【登录信息】
*4624dcf84d19c7237daa9e3aa06ae38e*
`登陆天数: 29天 / 1017天
等级: 130
石头: 209
呼符: 5
体力: 42540.93666666667 / 138
友情点: 0 / 724225`
*連続ログイン1日目
※ログインが途切れるか、7日到達すると
1日目から再開されます*
`フレンドポイント X 2000
5月交換券(2023) X 1
`_2023-05-28 19:37:00_
--------
*1960c6c2468d480d10656e460ff945b7*
`登陆天数: 29天 / 1214天
等级: 129
石头: 4285
呼符: 131
体力: 62091.34 / 138
友情点: 0 / 132825`
*連続ログイン1日目
※ログインが途切れるか、7日到達すると
1日目から再開されます*
`フレンドポイント X 2000
5月交換券(2023) X 1
`_2023-05-28 19:37:09_
--------
*50e74030067f097de636fdb9ea0a5ce0*
`登陆天数: 29天 / 1219天
等级: 143
石头: 31
呼符: 2
体力: 211.35 / 141
友情点: 35 / 8953550`
*連続ログイン1日目
※ログインが途切れるか、7日到達すると
1日目から再開されます*
`フレンドポイント X 2000
5月交換券(2023) X 1
`_2023-05-28 19:37:17_
--------
*5aebed162c025149a9ac12d5ff9cf0d5*
`登陆天数: 29天 / 1050天
等级: 133
石头: 10
呼符: 0
体力: 36359.71 / 139
友情点: 0 / 1469850`
*連続ログイン1日目
※ログインが途切れるか、7日到達すると
1日目から再開されます*
`フレンドポイント X 2000
5月交換券(2023) X 1
`_2023-05-28 19:37:25_
--------
*f5845d187badef24087ae9dd8a663e48*
`登陆天数: 70天 / 1308天
等级: 142
石头: 447
呼符: 3
体力: 171.81666666666666 / 140
友情点: 60 / 24779765`
*連続ログイン7日間到達おめでとうございます！
明日は1日目からリスタートされます。*
`獣の足跡 X 1
呼符 X 1
5月交換券(2023) X 1
`_2023-05-28 19:37:34_
--------
