【登录信息】
*4624dcf84d19c7237daa9e3aa06ae38e*
`登陆天数: 30天 / 1018天
等级: 130
石头: 209
呼符: 5
体力: 42828.89333333333 / 138
友情点: 0 / 724225`
*連続ログイン2日目
※ログインが途切れるか、7日到達すると
1日目から再開されます*
`聖晶石 X 1
5月交換券(2023) X 1
`_2023-05-29 19:36:48_
--------
*1960c6c2468d480d10656e460ff945b7*
`登陆天数: 30天 / 1215天
等级: 129
石头: 4285
呼符: 131
体力: 62379.293333333335 / 138
友情点: 0 / 132825`
*連続ログイン2日目
※ログインが途切れるか、7日到達すると
1日目から再開されます*
`聖晶石 X 1
5月交換券(2023) X 1
`_2023-05-29 19:36:56_
--------
*50e74030067f097de636fdb9ea0a5ce0*
`登陆天数: 30天 / 1220天
等级: 143
石头: 31
呼符: 2
体力: 297.95 / 141
友情点: 25 / 8955635`
*連続ログイン2日目
※ログインが途切れるか、7日到達すると
1日目から再開されます*
`聖晶石 X 1
5月交換券(2023) X 1
`_2023-05-29 19:37:04_
--------
*5aebed162c025149a9ac12d5ff9cf0d5*
`登陆天数: 30天 / 1051天
等级: 133
石头: 10
呼符: 0
体力: 36647.666666666664 / 139
友情点: 0 / 1469850`
*連続ログイン2日目
※ログインが途切れるか、7日到達すると
1日目から再開されます*
`聖晶石 X 1
5月交換券(2023) X 1
`_2023-05-29 19:37:12_
--------
*f5845d187badef24087ae9dd8a663e48*
`登陆天数: 71天 / 1309天
等级: 142
石头: 444
呼符: 3
体力: 197.98333333333335 / 140
友情点: 140 / 24779905`
*連続ログイン1日目
※ログインが途切れるか、7日到達すると
1日目から再開されます*
`フレンドポイント X 2000
5月交換券(2023) X 1
`_2023-05-29 19:37:20_
--------
