【登录信息】
*4624dcf84d19c7237daa9e3aa06ae38e*
`登陆天数: 31天 / 1019天
等级: 130
石头: 209
呼符: 5
体力: 43116.92 / 138
友情点: 0 / 724225`
*連続ログイン3日目
※ログインが途切れるか、7日到達すると
1日目から再開されます*
`叡智の業火 X 1
5月交換券(2023) X 1
`_2023-05-30 19:36:55_
--------
*1960c6c2468d480d10656e460ff945b7*
`登陆天数: 31天 / 1216天
等级: 129
石头: 4285
呼符: 131
体力: 62667.32 / 138
友情点: 0 / 132825`
*連続ログイン3日目
※ログインが途切れるか、7日到達すると
1日目から再開されます*
`叡智の業火 X 1
5月交換券(2023) X 1
`_2023-05-30 19:37:04_
--------
*50e74030067f097de636fdb9ea0a5ce0*
`登陆天数: 31天 / 1221天
等级: 143
石头: 31
呼符: 2
体力: 585.9766666666667 / 141
友情点: 0 / 8955635`
*連続ログイン3日目
※ログインが途切れるか、7日到達すると
1日目から再開されます*
`叡智の業火 X 1
5月交換券(2023) X 1
`_2023-05-30 19:37:12_
--------
*5aebed162c025149a9ac12d5ff9cf0d5*
`登陆天数: 31天 / 1052天
等级: 133
石头: 10
呼符: 0
体力: 36935.69666666666 / 139
友情点: 0 / 1469850`
*連続ログイン3日目
※ログインが途切れるか、7日到達すると
1日目から再開されます*
`叡智の業火 X 1
5月交換券(2023) X 1
`_2023-05-30 19:37:21_
--------
*f5845d187badef24087ae9dd8a663e48*
`登陆天数: 72天 / 1310天
等级: 142
石头: 444
呼符: 3
体力: 486.0133333333333 / 140
友情点: 0 / 24779905`
*連続ログイン2日目
※ログインが途切れるか、7日到達すると
1日目から再開されます*
`聖晶石 X 1
5月交換券(2023) X 1
`_2023-05-30 19:37:29_
--------
