【登录信息】
*4624dcf84d19c7237daa9e3aa06ae38e*
`登陆天数: 32天 / 1020天
等级: 130
石头: 209
呼符: 5
体力: 43404.9 / 138
友情点: 0 / 724225`
*連続ログイン4日目
※ログインが途切れるか、7日到達すると
1日目から再開されます*
`聖晶石 X 1
6月交換券(2023) X 1
`_2023-05-31 19:36:49_
--------
*1960c6c2468d480d10656e460ff945b7*
`登陆天数: 32天 / 1217天
等级: 129
石头: 4285
呼符: 131
体力: 62955.3 / 138
友情点: 0 / 132825`
*連続ログイン4日目
※ログインが途切れるか、7日到達すると
1日目から再開されます*
`聖晶石 X 1
6月交換券(2023) X 1
`_2023-05-31 19:36:58_
--------
*50e74030067f097de636fdb9ea0a5ce0*
`登陆天数: 32天 / 1222天
等级: 143
石头: 31
呼符: 2
体力: 873.9566666666667 / 141
友情点: 0 / 8955635`
*連続ログイン4日目
※ログインが途切れるか、7日到達すると
1日目から再開されます*
`聖晶石 X 1
6月交換券(2023) X 1
`_2023-05-31 19:37:06_
--------
*5aebed162c025149a9ac12d5ff9cf0d5*
`登陆天数: 32天 / 1053天
等级: 133
石头: 10
呼符: 0
体力: 37223.67333333333 / 139
友情点: 0 / 1469850`
*連続ログイン4日目
※ログインが途切れるか、7日到達すると
1日目から再開されます*
`聖晶石 X 1
6月交換券(2023) X 1
`_2023-05-31 19:37:14_
--------
*f5845d187badef24087ae9dd8a663e48*
`登陆天数: 73天 / 1311天
等级: 142
石头: 444
呼符: 3
体力: 773.9933333333333 / 140
友情点: 0 / 24779905`
*連続ログイン3日目
※ログインが途切れるか、7日到達すると
1日目から再開されます*
`叡智の業火 X 1
6月交換券(2023) X 1
`_2023-05-31 19:37:23_
--------
