【登录信息】
*4624dcf84d19c7237daa9e3aa06ae38e*
`登陆天数: 34天 / 1022天
等级: 130
石头: 209
呼符: 5
体力: 43980.89666666667 / 138
友情点: 0 / 724225`
*連続ログイン6日目
※ログインが途切れるか、7日到達すると
1日目から再開されます*
`聖晶石 X 2
6月交換券(2023) X 1
`_2023-06-02 19:36:48_
--------
*1960c6c2468d480d10656e460ff945b7*
`登陆天数: 34天 / 1219天
等级: 129
石头: 4285
呼符: 131
体力: 63531.29666666667 / 138
友情点: 0 / 132825`
*連続ログイン6日目
※ログインが途切れるか、7日到達すると
1日目から再開されます*
`聖晶石 X 2
6月交換券(2023) X 1
`_2023-06-02 19:36:56_
--------
*50e74030067f097de636fdb9ea0a5ce0*
`登陆天数: 34天 / 1224天
等级: 143
石头: 31
呼符: 2
体力: 1449.95 / 141
友情点: 50 / 8955685`
*連続ログイン6日目
※ログインが途切れるか、7日到達すると
1日目から再開されます*
`聖晶石 X 2
6月交換券(2023) X 1
`_2023-06-02 19:37:04_
--------
*5aebed162c025149a9ac12d5ff9cf0d5*
`登陆天数: 34天 / 1055天
等级: 133
石头: 10
呼符: 0
体力: 37799.67 / 139
友情点: 0 / 1469850`
*連続ログイン6日目
※ログインが途切れるか、7日到達すると
1日目から再開されます*
`聖晶石 X 2
6月交換券(2023) X 1
`_2023-06-02 19:37:13_
--------
*f5845d187badef24087ae9dd8a663e48*
`登陆天数: 75天 / 1313天
等级: 142
石头: 444
呼符: 3
体力: 1349.9866666666667 / 140
友情点: 0 / 24779905`
*連続ログイン5日目
※ログインが途切れるか、7日到達すると
1日目から再開されます*
`叡智の業火 X 2
6月交換券(2023) X 1
`_2023-06-02 19:37:21_
--------
