【登录信息】
*4624dcf84d19c7237daa9e3aa06ae38e*
`登陆天数: 36天 / 1024天
等级: 130
石头: 209
呼符: 5
体力: 44556.89666666667 / 138
友情点: 0 / 724225`
*連続ログイン1日目
※ログインが途切れるか、7日到達すると
1日目から再開されます*
`フレンドポイント X 2000
6月交換券(2023) X 1
`_2023-06-04 19:36:48_
--------
*1960c6c2468d480d10656e460ff945b7*
`登陆天数: 36天 / 1221天
等级: 129
石头: 4285
呼符: 131
体力: 64107.3 / 138
友情点: 0 / 132825`
*連続ログイン1日目
※ログインが途切れるか、7日到達すると
1日目から再開されます*
`フレンドポイント X 2000
6月交換券(2023) X 1
`_2023-06-04 19:36:57_
--------
*50e74030067f097de636fdb9ea0a5ce0*
`登陆天数: 36天 / 1226天
等级: 143
石头: 31
呼符: 2
体力: 2025.9566666666667 / 141
友情点: 0 / 8955685`
*連続ログイン1日目
※ログインが途切れるか、7日到達すると
1日目から再開されます*
`フレンドポイント X 2000
6月交換券(2023) X 1
`_2023-06-04 19:37:05_
--------
*5aebed162c025149a9ac12d5ff9cf0d5*
`登陆天数: 36天 / 1057天
等级: 133
石头: 10
呼符: 0
体力: 38375.67333333333 / 139
友情点: 0 / 1469850`
*連続ログイン1日目
※ログインが途切れるか、7日到達すると
1日目から再開されます*
`フレンドポイント X 2000
6月交換券(2023) X 1
`_2023-06-04 19:37:14_
--------
*f5845d187badef24087ae9dd8a663e48*
`登陆天数: 77天 / 1315天
等级: 142
石头: 444
呼符: 3
体力: 1925.9933333333333 / 140
友情点: 0 / 24779905`
*連続ログイン7日間到達おめでとうございます！
明日は1日目からリスタートされます。*
`獣の足跡 X 1
呼符 X 1
6月交換券(2023) X 1
`_2023-06-04 19:37:22_
--------
