【登录信息】
*4624dcf84d19c7237daa9e3aa06ae38e*
`登陆天数: 37天 / 1025天
等级: 130
石头: 209
呼符: 5
体力: 44844.91 / 138
友情点: 0 / 724225`
*連続ログイン2日目
※ログインが途切れるか、7日到達すると
1日目から再開されます*
`聖晶石 X 1
6月交換券(2023) X 1
`_2023-06-05 19:36:52_
--------
*1960c6c2468d480d10656e460ff945b7*
`登陆天数: 37天 / 1222天
等级: 129
石头: 4285
呼符: 131
体力: 64395.31 / 138
友情点: 0 / 132825`
*連続ログイン2日目
※ログインが途切れるか、7日到達すると
1日目から再開されます*
`聖晶石 X 1
6月交換券(2023) X 1
`_2023-06-05 19:37:00_
--------
*50e74030067f097de636fdb9ea0a5ce0*
`登陆天数: 37天 / 1227天
等级: 143
石头: 34
呼符: 0
体力: 305.4533333333334 / 141
友情点: 0 / 8921685`
*連続ログイン2日目
※ログインが途切れるか、7日到達すると
1日目から再開されます*
`聖晶石 X 1
6月交換券(2023) X 1
`_2023-06-05 19:37:08_
--------
*5aebed162c025149a9ac12d5ff9cf0d5*
`登陆天数: 37天 / 1058天
等级: 133
石头: 10
呼符: 0
体力: 38663.683333333334 / 139
友情点: 0 / 1469850`
*連続ログイン2日目
※ログインが途切れるか、7日到達すると
1日目から再開されます*
`聖晶石 X 1
6月交換券(2023) X 1
`_2023-06-05 19:37:17_
--------
*f5845d187badef24087ae9dd8a663e48*
`登陆天数: 78天 / 1316天
等级: 142
石头: 444
呼符: 3
体力: 2214.0 / 140
友情点: 0 / 24779905`
*連続ログイン1日目
※ログインが途切れるか、7日到達すると
1日目から再開されます*
`フレンドポイント X 2000
6月交換券(2023) X 1
`_2023-06-05 19:37:25_
--------
