【登录信息】
*4624dcf84d19c7237daa9e3aa06ae38e*
`登陆天数: 38天 / 1026天
等级: 130
石头: 209
呼符: 5
体力: 45132.94666666666 / 138
友情点: 0 / 724225`
*連続ログイン3日目
※ログインが途切れるか、7日到達すると
1日目から再開されます*
`叡智の業火 X 1
6月交換券(2023) X 1
`_2023-06-06 19:37:03_
--------
*1960c6c2468d480d10656e460ff945b7*
`登陆天数: 38天 / 1223天
等级: 129
石头: 4285
呼符: 131
体力: 64683.346666666665 / 138
友情点: 0 / 132825`
*連続ログイン3日目
※ログインが途切れるか、7日到達すると
1日目から再開されます*
`叡智の業火 X 1
6月交換券(2023) X 1
`_2023-06-06 19:37:11_
--------
*50e74030067f097de636fdb9ea0a5ce0*
`登陆天数: 38天 / 1228天
等级: 143
石头: 34
呼符: 0
体力: 74.65333333333334 / 141
友情点: 60 / 8921795`
*連続ログイン3日目
※ログインが途切れるか、7日到達すると
1日目から再開されます*
`叡智の業火 X 1
6月交換券(2023) X 1
`_2023-06-06 19:37:19_
--------
*5aebed162c025149a9ac12d5ff9cf0d5*
`登陆天数: 38天 / 1059天
等级: 133
石头: 10
呼符: 0
体力: 38951.71666666667 / 139
友情点: 0 / 1469850`
*連続ログイン3日目
※ログインが途切れるか、7日到達すると
1日目から再開されます*
`叡智の業火 X 1
6月交換券(2023) X 1
`_2023-06-06 19:37:27_
--------
*f5845d187badef24087ae9dd8a663e48*
`登陆天数: 79天 / 1317天
等级: 142
石头: 444
呼符: 3
体力: 2502.0333333333333 / 140
友情点: 0 / 24779905`
_2023-06-06 19:37:35_
--------
