【登录信息】
*4624dcf84d19c7237daa9e3aa06ae38e*
`登陆天数: 39天 / 1027天
等级: 130
石头: 209
呼符: 5
体力: 45420.90666666667 / 138
友情点: 0 / 724225`
*連続ログイン4日目
※ログインが途切れるか、7日到達すると
1日目から再開されます*
`聖晶石 X 1
6月交換券(2023) X 1
`*奏章Ⅰ 
虚数羅針内界 ペーパームーン
開幕直前ログインボーナス*
*開催期間中、1日1回 7日間日替りでログインボーナスをプレゼント！*
`QP X 3000000
白銀の果実 X 1
`_2023-06-07 19:36:50_
--------
*1960c6c2468d480d10656e460ff945b7*
`登陆天数: 39天 / 1224天
等级: 129
石头: 4285
呼符: 131
体力: 64971.306666666664 / 138
友情点: 0 / 132825`
*連続ログイン4日目
※ログインが途切れるか、7日到達すると
1日目から再開されます*
`聖晶石 X 1
6月交換券(2023) X 1
`*奏章Ⅰ 
虚数羅針内界 ペーパームーン
開幕直前ログインボーナス*
*開催期間中、1日1回 7日間日替りでログインボーナスをプレゼント！*
`QP X 3000000
白銀の果実 X 1
`_2023-06-07 19:36:59_
--------
*50e74030067f097de636fdb9ea0a5ce0*
`登陆天数: 39天 / 1229天
等级: 143
石头: 35
呼符: 6
体力: 242.17666666666668 / 141
友情点: 65 / 9035010`
*連続ログイン4日目
※ログインが途切れるか、7日到達すると
1日目から再開されます*
`聖晶石 X 1
6月交換券(2023) X 1
`*奏章Ⅰ 
虚数羅針内界 ペーパームーン
開幕直前ログインボーナス*
*開催期間中、1日1回 7日間日替りでログインボーナスをプレゼント！*
`QP X 3000000
白銀の果実 X 1
`_2023-06-07 19:37:08_
--------
*5aebed162c025149a9ac12d5ff9cf0d5*
`登陆天数: 39天 / 1060天
等级: 133
石头: 10
呼符: 0
体力: 39239.683333333334 / 139
友情点: 0 / 1469850`
*連続ログイン4日目
※ログインが途切れるか、7日到達すると
1日目から再開されます*
`聖晶石 X 1
6月交換券(2023) X 1
`*奏章Ⅰ 
虚数羅針内界 ペーパームーン
開幕直前ログインボーナス*
*開催期間中、1日1回 7日間日替りでログインボーナスをプレゼント！*
`QP X 3000000
白銀の果実 X 1
`_2023-06-07 19:37:17_
--------
*f5845d187badef24087ae9dd8a663e48*
`登陆天数: 80天 / 1318天
等级: 142
石头: 496
呼符: 5
体力: 129.52666666666667 / 140
友情点: 0 / 24886080`
*連続ログイン3日目
※ログインが途切れるか、7日到達すると
1日目から再開されます*
`叡智の業火 X 1
6月交換券(2023) X 1
`*奏章Ⅰ 
虚数羅針内界 ペーパームーン
開幕直前ログインボーナス*
*開催期間中、1日1回 7日間日替りでログインボーナスをプレゼント！*
`QP X 3000000
白銀の果実 X 1
`_2023-06-07 19:37:25_
--------
