【登录信息】
*4624dcf84d19c7237daa9e3aa06ae38e*
`登陆天数: 40天 / 1028天
等级: 130
石头: 209
呼符: 5
体力: 45708.933333333334 / 138
友情点: 0 / 724225`
*連続ログイン5日目
※ログインが途切れるか、7日到達すると
1日目から再開されます*
`叡智の業火 X 2
6月交換券(2023) X 1
`*奏章Ⅰ 
虚数羅針内界 ペーパームーン
開幕直前ログインボーナス*
*開催期間中、1日1回 7日間日替りでログインボーナスをプレゼント！*
`英霊結晶・星のフォウくん X 2
白銀の果実 X 1
`_2023-06-08 19:36:59_
--------
*1960c6c2468d480d10656e460ff945b7*
`登陆天数: 40天 / 1225天
等级: 129
石头: 4285
呼符: 131
体力: 65259.333333333336 / 138
友情点: 10 / 132835`
*連続ログイン5日目
※ログインが途切れるか、7日到達すると
1日目から再開されます*
`叡智の業火 X 2
6月交換券(2023) X 1
`*奏章Ⅰ 
虚数羅針内界 ペーパームーン
開幕直前ログインボーナス*
*開催期間中、1日1回 7日間日替りでログインボーナスをプレゼント！*
`英霊結晶・星のフォウくん X 2
白銀の果実 X 1
`_2023-06-08 19:37:08_
--------
*50e74030067f097de636fdb9ea0a5ce0*
`登陆天数: 40天 / 1230天
等级: 143
石头: 35
呼符: 6
体力: 530.2033333333334 / 141
友情点: 0 / 9035010`
*連続ログイン5日目
※ログインが途切れるか、7日到達すると
1日目から再開されます*
`叡智の業火 X 2
6月交換券(2023) X 1
`*奏章Ⅰ 
虚数羅針内界 ペーパームーン
開幕直前ログインボーナス*
*開催期間中、1日1回 7日間日替りでログインボーナスをプレゼント！*
`英霊結晶・星のフォウくん X 2
白銀の果実 X 1
`_2023-06-08 19:37:16_
--------
*5aebed162c025149a9ac12d5ff9cf0d5*
`登陆天数: 40天 / 1061天
等级: 133
石头: 10
呼符: 0
体力: 39527.706666666665 / 139
友情点: 20 / 1469870`
*連続ログイン5日目
※ログインが途切れるか、7日到達すると
1日目から再開されます*
`叡智の業火 X 2
6月交換券(2023) X 1
`*奏章Ⅰ 
虚数羅針内界 ペーパームーン
開幕直前ログインボーナス*
*開催期間中、1日1回 7日間日替りでログインボーナスをプレゼント！*
`英霊結晶・星のフォウくん X 2
白銀の果実 X 1
`_2023-06-08 19:37:24_
--------
*f5845d187badef24087ae9dd8a663e48*
`登陆天数: 81天 / 1319天
等级: 142
石头: 496
呼符: 5
体力: 417.5466666666667 / 140
友情点: 45 / 24886125`
*連続ログイン4日目
※ログインが途切れるか、7日到達すると
1日目から再開されます*
`聖晶石 X 1
6月交換券(2023) X 1
`*奏章Ⅰ 
虚数羅針内界 ペーパームーン
開幕直前ログインボーナス*
*開催期間中、1日1回 7日間日替りでログインボーナスをプレゼント！*
`英霊結晶・星のフォウくん X 2
白銀の果実 X 1
`_2023-06-08 19:37:32_
--------
