【登录信息】
*4624dcf84d19c7237daa9e3aa06ae38e*
`登陆天数: 41天 / 1029天
等级: 130
石头: 209
呼符: 5
体力: 45996.88333333333 / 138
友情点: 0 / 724225`
*連続ログイン6日目
※ログインが途切れるか、7日到達すると
1日目から再開されます*
`聖晶石 X 2
6月交換券(2023) X 1
`*奏章Ⅰ 
虚数羅針内界 ペーパームーン
開幕直前ログインボーナス*
*開催期間中、1日1回 7日間日替りでログインボーナスをプレゼント！*
`英霊結晶・太陽のフォウくん X 2
白銀の果実 X 1
`_2023-06-09 19:36:44_
--------
*1960c6c2468d480d10656e460ff945b7*
`登陆天数: 41天 / 1226天
等级: 129
石头: 4285
呼符: 131
体力: 65547.28666666667 / 138
友情点: 0 / 132835`
*連続ログイン6日目
※ログインが途切れるか、7日到達すると
1日目から再開されます*
`聖晶石 X 2
6月交換券(2023) X 1
`*奏章Ⅰ 
虚数羅針内界 ペーパームーン
開幕直前ログインボーナス*
*開催期間中、1日1回 7日間日替りでログインボーナスをプレゼント！*
`英霊結晶・太陽のフォウくん X 2
白銀の果実 X 1
`_2023-06-09 19:36:53_
--------
*50e74030067f097de636fdb9ea0a5ce0*
`登陆天数: 41天 / 1231天
等级: 143
石头: 35
呼符: 6
体力: 818.1533333333333 / 141
友情点: 50 / 9035060`
*連続ログイン6日目
※ログインが途切れるか、7日到達すると
1日目から再開されます*
`聖晶石 X 2
6月交換券(2023) X 1
`*奏章Ⅰ 
虚数羅針内界 ペーパームーン
開幕直前ログインボーナス*
*開催期間中、1日1回 7日間日替りでログインボーナスをプレゼント！*
`英霊結晶・太陽のフォウくん X 2
白銀の果実 X 1
`_2023-06-09 19:37:01_
--------
*5aebed162c025149a9ac12d5ff9cf0d5*
`登陆天数: 41天 / 1062天
等级: 133
石头: 10
呼符: 0
体力: 39815.66 / 139
友情点: 0 / 1469870`
*連続ログイン6日目
※ログインが途切れるか、7日到達すると
1日目から再開されます*
`聖晶石 X 2
6月交換券(2023) X 1
`*奏章Ⅰ 
虚数羅針内界 ペーパームーン
開幕直前ログインボーナス*
*開催期間中、1日1回 7日間日替りでログインボーナスをプレゼント！*
`英霊結晶・太陽のフォウくん X 2
白銀の果実 X 1
`_2023-06-09 19:37:10_
--------
*f5845d187badef24087ae9dd8a663e48*
`登陆天数: 82天 / 1320天
等级: 142
石头: 496
呼符: 5
体力: 705.5 / 140
友情点: 50 / 24886175`
*連続ログイン5日目
※ログインが途切れるか、7日到達すると
1日目から再開されます*
`叡智の業火 X 2
6月交換券(2023) X 1
`*奏章Ⅰ 
虚数羅針内界 ペーパームーン
開幕直前ログインボーナス*
*開催期間中、1日1回 7日間日替りでログインボーナスをプレゼント！*
`英霊結晶・太陽のフォウくん X 2
白銀の果実 X 1
`_2023-06-09 19:37:18_
--------
