【登录信息】
*4624dcf84d19c7237daa9e3aa06ae38e*
`登陆天数: 42天 / 1030天
等级: 130
石头: 209
呼符: 5
体力: 46284.89333333333 / 138
友情点: 0 / 724225`
*連続ログイン7日間到達おめでとうございます！
明日は1日目からリスタートされます。*
`獣の足跡 X 1
呼符 X 1
6月交換券(2023) X 1
`*奏章Ⅰ 
虚数羅針内界 ペーパームーン
開幕直前ログインボーナス*
*開催期間中、1日1回 7日間日替りでログインボーナスをプレゼント！*
`マナプリズム X 50
黄金の果実 X 1
`_2023-06-10 19:36:47_
--------
*1960c6c2468d480d10656e460ff945b7*
`登陆天数: 42天 / 1227天
等级: 129
石头: 4285
呼符: 131
体力: 65835.29333333333 / 138
友情点: 0 / 132835`
*連続ログイン7日間到達おめでとうございます！
明日は1日目からリスタートされます。*
`獣の足跡 X 1
呼符 X 1
6月交換券(2023) X 1
`*奏章Ⅰ 
虚数羅針内界 ペーパームーン
開幕直前ログインボーナス*
*開催期間中、1日1回 7日間日替りでログインボーナスをプレゼント！*
`マナプリズム X 50
黄金の果実 X 1
`_2023-06-10 19:36:55_
--------
*50e74030067f097de636fdb9ea0a5ce0*
`登陆天数: 42天 / 1232天
等级: 143
石头: 35
呼符: 6
体力: 1106.1633333333334 / 141
友情点: 110 / 9035170`
*連続ログイン7日間到達おめでとうございます！
明日は1日目からリスタートされます。*
`獣の足跡 X 1
呼符 X 1
6月交換券(2023) X 1
`*奏章Ⅰ 
虚数羅針内界 ペーパームーン
開幕直前ログインボーナス*
*開催期間中、1日1回 7日間日替りでログインボーナスをプレゼント！*
`マナプリズム X 50
黄金の果実 X 1
`_2023-06-10 19:37:04_
--------
*5aebed162c025149a9ac12d5ff9cf0d5*
`登陆天数: 42天 / 1063天
等级: 133
石头: 10
呼符: 0
体力: 40103.666666666664 / 139
友情点: 0 / 1469870`
*連続ログイン7日間到達おめでとうございます！
明日は1日目からリスタートされます。*
`獣の足跡 X 1
呼符 X 1
6月交換券(2023) X 1
`*奏章Ⅰ 
虚数羅針内界 ペーパームーン
開幕直前ログインボーナス*
*開催期間中、1日1回 7日間日替りでログインボーナスをプレゼント！*
`マナプリズム X 50
黄金の果実 X 1
`_2023-06-10 19:37:12_
--------
*f5845d187badef24087ae9dd8a663e48*
`登陆天数: 83天 / 1321天
等级: 142
石头: 496
呼符: 5
体力: 993.51 / 140
友情点: 0 / 24886175`
*連続ログイン6日目
※ログインが途切れるか、7日到達すると
1日目から再開されます*
`聖晶石 X 2
6月交換券(2023) X 1
`*奏章Ⅰ 
虚数羅針内界 ペーパームーン
開幕直前ログインボーナス*
*開催期間中、1日1回 7日間日替りでログインボーナスをプレゼント！*
`マナプリズム X 50
黄金の果実 X 1
`_2023-06-10 19:37:21_
--------
