【登录信息】
*4624dcf84d19c7237daa9e3aa06ae38e*
`登陆天数: 44天 / 1032天
等级: 130
石头: 209
呼符: 5
体力: 46860.9 / 138
友情点: 0 / 724225`
*連続ログイン2日目
※ログインが途切れるか、7日到達すると
1日目から再開されます*
`聖晶石 X 1
6月交換券(2023) X 1
`*奏章Ⅰ 
虚数羅針内界 ペーパームーン
開幕直前ログインボーナス*
*開催期間中、1日1回 7日間日替りでログインボーナスをプレゼント！*
`英霊結晶・太陽のフォウくん X 3
黄金の果実 X 1
`_2023-06-12 19:36:49_
--------
*1960c6c2468d480d10656e460ff945b7*
`登陆天数: 44天 / 1229天
等级: 129
石头: 4285
呼符: 131
体力: 66411.3 / 138
友情点: 0 / 132835`
*連続ログイン2日目
※ログインが途切れるか、7日到達すると
1日目から再開されます*
`聖晶石 X 1
6月交換券(2023) X 1
`*奏章Ⅰ 
虚数羅針内界 ペーパームーン
開幕直前ログインボーナス*
*開催期間中、1日1回 7日間日替りでログインボーナスをプレゼント！*
`英霊結晶・太陽のフォウくん X 3
黄金の果実 X 1
`_2023-06-12 19:36:57_
--------
*50e74030067f097de636fdb9ea0a5ce0*
`登陆天数: 44天 / 1234天
等级: 143
石头: 35
呼符: 6
体力: 1682.17 / 141
友情点: 150 / 9035380`
*連続ログイン2日目
※ログインが途切れるか、7日到達すると
1日目から再開されます*
`聖晶石 X 1
6月交換券(2023) X 1
`*奏章Ⅰ 
虚数羅針内界 ペーパームーン
開幕直前ログインボーナス*
*開催期間中、1日1回 7日間日替りでログインボーナスをプレゼント！*
`英霊結晶・太陽のフォウくん X 3
黄金の果実 X 1
`_2023-06-12 19:37:05_
--------
*5aebed162c025149a9ac12d5ff9cf0d5*
`登陆天数: 44天 / 1065天
等级: 133
石头: 10
呼符: 0
体力: 40679.67333333333 / 139
友情点: 0 / 1469870`
*連続ログイン2日目
※ログインが途切れるか、7日到達すると
1日目から再開されます*
`聖晶石 X 1
6月交換券(2023) X 1
`*奏章Ⅰ 
虚数羅針内界 ペーパームーン
開幕直前ログインボーナス*
*開催期間中、1日1回 7日間日替りでログインボーナスをプレゼント！*
`英霊結晶・太陽のフォウくん X 3
黄金の果実 X 1
`_2023-06-12 19:37:14_
--------
*f5845d187badef24087ae9dd8a663e48*
`登陆天数: 85天 / 1323天
等级: 142
石头: 496
呼符: 5
体力: 1569.5166666666667 / 140
友情点: 0 / 24886175`
*連続ログイン1日目
※ログインが途切れるか、7日到達すると
1日目から再開されます*
`フレンドポイント X 2000
6月交換券(2023) X 1
`*奏章Ⅰ 
虚数羅針内界 ペーパームーン
開幕直前ログインボーナス*
*開催期間中、1日1回 7日間日替りでログインボーナスをプレゼント！*
`英霊結晶・太陽のフォウくん X 3
黄金の果実 X 1
`_2023-06-12 19:37:22_
--------
