【登录信息】
*4624dcf84d19c7237daa9e3aa06ae38e*
`登陆天数: 45天 / 1033天
等级: 130
石头: 209
呼符: 5
体力: 47148.94666666666 / 138
友情点: 0 / 724225`
*連続ログイン3日目
※ログインが途切れるか、7日到達すると
1日目から再開されます*
`叡智の業火 X 1
6月交換券(2023) X 1
`*奏章Ⅰ 
虚数羅針内界 ペーパームーン
開幕直前ログインボーナス*
*開催期間中、1日1回 7日間日替りでログインボーナスをプレゼント！*
`マナプリズム X 100
黄金の果実 X 2
`_2023-06-13 19:37:03_
--------
*1960c6c2468d480d10656e460ff945b7*
`登陆天数: 45天 / 1230天
等级: 129
石头: 4285
呼符: 131
体力: 66699.34666666666 / 138
友情点: 0 / 132835`
*連続ログイン3日目
※ログインが途切れるか、7日到達すると
1日目から再開されます*
`叡智の業火 X 1
6月交換券(2023) X 1
`*奏章Ⅰ 
虚数羅針内界 ペーパームーン
開幕直前ログインボーナス*
*開催期間中、1日1回 7日間日替りでログインボーナスをプレゼント！*
`マナプリズム X 100
黄金の果実 X 2
`_2023-06-13 19:37:11_
--------
*50e74030067f097de636fdb9ea0a5ce0*
`登陆天数: 45天 / 1235天
等级: 143
石头: 35
呼符: 6
体力: 1970.2166666666667 / 141
友情点: 345 / 9035725`
*連続ログイン3日目
※ログインが途切れるか、7日到達すると
1日目から再開されます*
`叡智の業火 X 1
6月交換券(2023) X 1
`*奏章Ⅰ 
虚数羅針内界 ペーパームーン
開幕直前ログインボーナス*
*開催期間中、1日1回 7日間日替りでログインボーナスをプレゼント！*
`マナプリズム X 100
黄金の果実 X 2
`_2023-06-13 19:37:19_
--------
*5aebed162c025149a9ac12d5ff9cf0d5*
`登陆天数: 45天 / 1066天
等级: 133
石头: 10
呼符: 0
体力: 40967.72 / 139
友情点: 0 / 1469870`
*連続ログイン3日目
※ログインが途切れるか、7日到達すると
1日目から再開されます*
`叡智の業火 X 1
6月交換券(2023) X 1
`*奏章Ⅰ 
虚数羅針内界 ペーパームーン
開幕直前ログインボーナス*
*開催期間中、1日1回 7日間日替りでログインボーナスをプレゼント！*
`マナプリズム X 100
黄金の果実 X 2
`_2023-06-13 19:37:28_
--------
*f5845d187badef24087ae9dd8a663e48*
`登陆天数: 86天 / 1324天
等级: 142
石头: 516
呼符: 11
体力: 101.50666666666666 / 140
友情点: 85 / 24888685`
*連続ログイン2日目
※ログインが途切れるか、7日到達すると
1日目から再開されます*
`聖晶石 X 1
6月交換券(2023) X 1
`*奏章Ⅰ 
虚数羅針内界 ペーパームーン
開幕直前ログインボーナス*
*開催期間中、1日1回 7日間日替りでログインボーナスをプレゼント！*
`マナプリズム X 100
黄金の果実 X 2
`_2023-06-13 19:37:36_
--------
