【登录信息】
*4624dcf84d19c7237daa9e3aa06ae38e*
`登陆天数: 46天 / 1034天
等级: 130
石头: 209
呼符: 5
体力: 47436.9 / 138
友情点: 0 / 724225`
*連続ログイン4日目
※ログインが途切れるか、7日到達すると
1日目から再開されます*
`聖晶石 X 1
6月交換券(2023) X 1
`*Dandelion1 生放送放送 初回ログインボーナス*
*開催期間中、初回ログインで「聖晶石×14」をプレゼント！*
`聖晶石 X 14
`_2023-06-14 19:36:49_
--------
*1960c6c2468d480d10656e460ff945b7*
`登陆天数: 46天 / 1231天
等级: 129
石头: 4285
呼符: 131
体力: 66987.30333333333 / 138
友情点: 0 / 132835`
*連続ログイン4日目
※ログインが途切れるか、7日到達すると
1日目から再開されます*
`聖晶石 X 1
6月交換券(2023) X 1
`*Dandelion1 生放送放送 初回ログインボーナス*
*開催期間中、初回ログインで「聖晶石×14」をプレゼント！*
`聖晶石 X 14
`_2023-06-14 19:36:58_
--------
*50e74030067f097de636fdb9ea0a5ce0*
`登陆天数: 46天 / 1236天
等级: 143
石头: 35
呼符: 6
体力: 2258.17 / 141
友情点: 175 / 9035900`
*連続ログイン4日目
※ログインが途切れるか、7日到達すると
1日目から再開されます*
`聖晶石 X 1
6月交換券(2023) X 1
`*Dandelion1 生放送放送 初回ログインボーナス*
*開催期間中、初回ログインで「聖晶石×14」をプレゼント！*
`聖晶石 X 14
`_2023-06-14 19:37:06_
--------
*5aebed162c025149a9ac12d5ff9cf0d5*
`登陆天数: 46天 / 1067天
等级: 133
石头: 10
呼符: 0
体力: 41255.67333333333 / 139
友情点: 0 / 1469870`
*連続ログイン4日目
※ログインが途切れるか、7日到達すると
1日目から再開されます*
`聖晶石 X 1
6月交換券(2023) X 1
`*Dandelion1 生放送放送 初回ログインボーナス*
*開催期間中、初回ログインで「聖晶石×14」をプレゼント！*
`聖晶石 X 14
`_2023-06-14 19:37:15_
--------
*f5845d187badef24087ae9dd8a663e48*
`登陆天数: 87天 / 1325天
等级: 142
石头: 516
呼符: 11
体力: 49.45333333333333 / 140
友情点: 0 / 24888935`
*連続ログイン3日目
※ログインが途切れるか、7日到達すると
1日目から再開されます*
`叡智の業火 X 1
6月交換券(2023) X 1
`*Dandelion1 生放送放送 初回ログインボーナス*
*開催期間中、初回ログインで「聖晶石×14」をプレゼント！*
`聖晶石 X 14
`_2023-06-14 19:37:23_
--------
