【登录信息】
*4624dcf84d19c7237daa9e3aa06ae38e*
`登陆天数: 47天 / 1035天
等级: 130
石头: 209
呼符: 5
体力: 47724.956666666665 / 138
友情点: 0 / 724225`
*連続ログイン5日目
※ログインが途切れるか、7日到達すると
1日目から再開されます*
`叡智の業火 X 2
6月交換券(2023) X 1
`_2023-06-15 19:37:06_
--------
*1960c6c2468d480d10656e460ff945b7*
`登陆天数: 47天 / 1232天
等级: 129
石头: 4285
呼符: 131
体力: 67275.35666666667 / 138
友情点: 0 / 132835`
*連続ログイン5日目
※ログインが途切れるか、7日到達すると
1日目から再開されます*
`叡智の業火 X 2
6月交換券(2023) X 1
`_2023-06-15 19:37:14_
--------
*50e74030067f097de636fdb9ea0a5ce0*
`登陆天数: 47天 / 1237天
等级: 143
石头: 35
呼符: 6
体力: 2546.2266666666665 / 141
友情点: 100 / 9036000`
*連続ログイン5日目
※ログインが途切れるか、7日到達すると
1日目から再開されます*
`叡智の業火 X 2
6月交換券(2023) X 1
`_2023-06-15 19:37:22_
--------
*5aebed162c025149a9ac12d5ff9cf0d5*
`登陆天数: 47天 / 1068天
等级: 133
石头: 10
呼符: 0
体力: 41543.73 / 139
友情点: 0 / 1469870`
*連続ログイン5日目
※ログインが途切れるか、7日到達すると
1日目から再開されます*
`叡智の業火 X 2
6月交換券(2023) X 1
`_2023-06-15 19:37:31_
--------
*f5845d187badef24087ae9dd8a663e48*
`登陆天数: 88天 / 1326天
等级: 142
石头: 516
呼符: 11
体力: 337.51 / 140
友情点: 0 / 24888935`
*連続ログイン4日目
※ログインが途切れるか、7日到達すると
1日目から再開されます*
`聖晶石 X 1
6月交換券(2023) X 1
`_2023-06-15 19:37:39_
--------
