【登录信息】
*4624dcf84d19c7237daa9e3aa06ae38e*
`登陆天数: 48天 / 1036天
等级: 130
石头: 209
呼符: 5
体力: 48012.89666666667 / 138
友情点: 0 / 724225`
*連続ログイン6日目
※ログインが途切れるか、7日到達すると
1日目から再開されます*
`聖晶石 X 2
6月交換券(2023) X 1
`_2023-06-16 19:36:48_
--------
*1960c6c2468d480d10656e460ff945b7*
`登陆天数: 48天 / 1233天
等级: 129
石头: 4285
呼符: 131
体力: 67563.3 / 138
友情点: 360 / 133195`
*連続ログイン6日目
※ログインが途切れるか、7日到達すると
1日目から再開されます*
`聖晶石 X 2
6月交換券(2023) X 1
`_2023-06-16 19:36:57_
--------
*50e74030067f097de636fdb9ea0a5ce0*
`登陆天数: 48天 / 1238天
等级: 143
石头: 35
呼符: 6
体力: 2834.1666666666665 / 141
友情点: 700 / 9036700`
*連続ログイン6日目
※ログインが途切れるか、7日到達すると
1日目から再開されます*
`聖晶石 X 2
6月交換券(2023) X 1
`_2023-06-16 19:37:05_
--------
*5aebed162c025149a9ac12d5ff9cf0d5*
`登陆天数: 48天 / 1069天
等级: 133
石头: 10
呼符: 0
体力: 41831.67 / 139
友情点: 270 / 1470140`
*連続ログイン6日目
※ログインが途切れるか、7日到達すると
1日目から再開されます*
`聖晶石 X 2
6月交換券(2023) X 1
`_2023-06-16 19:37:13_
--------
*f5845d187badef24087ae9dd8a663e48*
`登陆天数: 89天 / 1327天
等级: 142
石头: 516
呼符: 11
体力: 625.45 / 140
友情点: 320 / 24889255`
*連続ログイン5日目
※ログインが途切れるか、7日到達すると
1日目から再開されます*
`叡智の業火 X 2
6月交換券(2023) X 1
`_2023-06-16 19:37:22_
--------
