【登录信息】
*4624dcf84d19c7237daa9e3aa06ae38e*
`登陆天数: 49天 / 1037天
等级: 130
石头: 209
呼符: 5
体力: 48300.916666666664 / 138
友情点: 0 / 724225`
*連続ログイン7日間到達おめでとうございます！
明日は1日目からリスタートされます。*
`獣の足跡 X 1
呼符 X 1
6月交換券(2023) X 1
`_2023-06-17 19:36:54_
--------
*1960c6c2468d480d10656e460ff945b7*
`登陆天数: 49天 / 1234天
等级: 129
石头: 4285
呼符: 131
体力: 67851.31666666667 / 138
友情点: 140 / 133335`
*連続ログイン7日間到達おめでとうございます！
明日は1日目からリスタートされます。*
`獣の足跡 X 1
呼符 X 1
6月交換券(2023) X 1
`_2023-06-17 19:37:02_
--------
*50e74030067f097de636fdb9ea0a5ce0*
`登陆天数: 49天 / 1239天
等级: 143
石头: 35
呼符: 6
体力: 3122.1866666666665 / 141
友情点: 430 / 9037130`
*連続ログイン7日間到達おめでとうございます！
明日は1日目からリスタートされます。*
`獣の足跡 X 1
呼符 X 1
6月交換券(2023) X 1
`_2023-06-17 19:37:11_
--------
*5aebed162c025149a9ac12d5ff9cf0d5*
`登陆天数: 49天 / 1070天
等级: 133
石头: 10
呼符: 0
体力: 42119.69 / 139
友情点: 190 / 1470330`
*連続ログイン7日間到達おめでとうございます！
明日は1日目からリスタートされます。*
`獣の足跡 X 1
呼符 X 1
6月交換券(2023) X 1
`_2023-06-17 19:37:19_
--------
*f5845d187badef24087ae9dd8a663e48*
`登陆天数: 90天 / 1328天
等级: 142
石头: 516
呼符: 11
体力: 103.48666666666666 / 140
友情点: 20 / 24889870`
*連続ログイン6日目
※ログインが途切れるか、7日到達すると
1日目から再開されます*
`聖晶石 X 2
6月交換券(2023) X 1
`_2023-06-17 19:37:27_
--------
