【登录信息】
*4624dcf84d19c7237daa9e3aa06ae38e*
`登陆天数: 50天 / 1038天
等级: 130
石头: 209
呼符: 5
体力: 48588.96333333333 / 138
友情点: 0 / 724225`
*連続ログイン1日目
※ログインが途切れるか、7日到達すると
1日目から再開されます*
`フレンドポイント X 2000
6月交換券(2023) X 1
`_2023-06-18 19:37:08_
--------
*1960c6c2468d480d10656e460ff945b7*
`登陆天数: 50天 / 1235天
等级: 129
石头: 4285
呼符: 131
体力: 68139.36333333333 / 138
友情点: 20 / 133355`
*連続ログイン1日目
※ログインが途切れるか、7日到達すると
1日目から再開されます*
`フレンドポイント X 2000
6月交換券(2023) X 1
`_2023-06-18 19:37:16_
--------
*50e74030067f097de636fdb9ea0a5ce0*
`登陆天数: 50天 / 1240天
等级: 143
石头: 35
呼符: 6
体力: 3410.23 / 141
友情点: 210 / 9037340`
*連続ログイン1日目
※ログインが途切れるか、7日到達すると
1日目から再開されます*
`フレンドポイント X 2000
6月交換券(2023) X 1
`_2023-06-18 19:37:24_
--------
*5aebed162c025149a9ac12d5ff9cf0d5*
`登陆天数: 50天 / 1071天
等级: 133
石头: 10
呼符: 0
体力: 42407.736666666664 / 139
友情点: 40 / 1470370`
*連続ログイン1日目
※ログインが途切れるか、7日到達すると
1日目から再開されます*
`フレンドポイント X 2000
6月交換券(2023) X 1
`_2023-06-18 19:37:33_
--------
*f5845d187badef24087ae9dd8a663e48*
`登陆天数: 91天 / 1329天
等级: 142
石头: 515
呼符: 11
体力: 51.013333333333335 / 140
友情点: 0 / 24890320`
*連続ログイン7日間到達おめでとうございます！
明日は1日目からリスタートされます。*
`獣の足跡 X 1
呼符 X 1
6月交換券(2023) X 1
`_2023-06-18 19:37:41_
--------
