【登录信息】
*4624dcf84d19c7237daa9e3aa06ae38e*
`登陆天数: 51天 / 1039天
等级: 130
石头: 209
呼符: 5
体力: 48876.94666666666 / 138
友情点: 0 / 724225`
*連続ログイン2日目
※ログインが途切れるか、7日到達すると
1日目から再開されます*
`聖晶石 X 1
6月交換券(2023) X 1
`_2023-06-19 19:37:03_
--------
*1960c6c2468d480d10656e460ff945b7*
`登陆天数: 51天 / 1236天
等级: 129
石头: 4285
呼符: 131
体力: 68427.35 / 138
友情点: 70 / 133425`
*連続ログイン2日目
※ログインが途切れるか、7日到達すると
1日目から再開されます*
`聖晶石 X 1
6月交換券(2023) X 1
`_2023-06-19 19:37:12_
--------
*50e74030067f097de636fdb9ea0a5ce0*
`登陆天数: 51天 / 1241天
等级: 143
石头: 35
呼符: 6
体力: 3698.2166666666667 / 141
友情点: 425 / 9037765`
*連続ログイン2日目
※ログインが途切れるか、7日到達すると
1日目から再開されます*
`聖晶石 X 1
6月交換券(2023) X 1
`_2023-06-19 19:37:20_
--------
*5aebed162c025149a9ac12d5ff9cf0d5*
`登陆天数: 51天 / 1072天
等级: 133
石头: 10
呼符: 0
体力: 42695.72 / 139
友情点: 90 / 1470460`
*連続ログイン2日目
※ログインが途切れるか、7日到達すると
1日目から再開されます*
`聖晶石 X 1
6月交換券(2023) X 1
`_2023-06-19 19:37:29_
--------
*f5845d187badef24087ae9dd8a663e48*
`登陆天数: 92天 / 1330天
等级: 143
石头: 539
呼符: 12
体力: 122.57333333333334 / 141
友情点: 0 / 24890995`
*連続ログイン1日目
※ログインが途切れるか、7日到達すると
1日目から再開されます*
`フレンドポイント X 2000
6月交換券(2023) X 1
`_2023-06-19 19:37:37_
--------
