【登录信息】
*4624dcf84d19c7237daa9e3aa06ae38e*
`登陆天数: 55天 / 1043天
等级: 130
石头: 209
呼符: 5
体力: 50028.926666666666 / 138
友情点: 0 / 724225`
*連続ログイン6日目
※ログインが途切れるか、7日到達すると
1日目から再開されます*
`聖晶石 X 2
6月交換券(2023) X 1
`_2023-06-23 19:36:57_
--------
*1960c6c2468d480d10656e460ff945b7*
`登陆天数: 55天 / 1240天
等级: 129
石头: 4285
呼符: 131
体力: 69579.33 / 138
友情点: 0 / 133425`
*連続ログイン6日目
※ログインが途切れるか、7日到達すると
1日目から再開されます*
`聖晶石 X 2
6月交換券(2023) X 1
`_2023-06-23 19:37:06_
--------
*50e74030067f097de636fdb9ea0a5ce0*
`登陆天数: 55天 / 1245天
等级: 143
石头: 89
呼符: 8
体力: 4850.2 / 141
友情点: 75 / 9042360`
*連続ログイン6日目
※ログインが途切れるか、7日到達すると
1日目から再開されます*
`聖晶石 X 2
6月交換券(2023) X 1
`_2023-06-23 19:37:14_
--------
*5aebed162c025149a9ac12d5ff9cf0d5*
`登陆天数: 55天 / 1076天
等级: 133
石头: 10
呼符: 0
体力: 43847.70333333333 / 139
友情点: 0 / 1470460`
*連続ログイン6日目
※ログインが途切れるか、7日到達すると
1日目から再開されます*
`聖晶石 X 2
6月交換券(2023) X 1
`_2023-06-23 19:37:23_
--------
*f5845d187badef24087ae9dd8a663e48*
`登陆天数: 96天 / 1334天
等级: 143
石头: 540
呼符: 12
体力: 965.3733333333333 / 141
友情点: 0 / 24892080`
*連続ログイン5日目
※ログインが途切れるか、7日到達すると
1日目から再開されます*
`叡智の業火 X 2
6月交換券(2023) X 1
`_2023-06-23 19:37:32_
--------
