【登录信息】
*4624dcf84d19c7237daa9e3aa06ae38e*
`登陆天数: 56天 / 1044天
等级: 130
石头: 209
呼符: 5
体力: 50316.90666666667 / 138
友情点: 0 / 724225`
*連続ログイン7日間到達おめでとうございます！
明日は1日目からリスタートされます。*
`獣の足跡 X 1
呼符 X 1
6月交換券(2023) X 1
`_2023-06-24 19:36:51_
--------
*1960c6c2468d480d10656e460ff945b7*
`登陆天数: 56天 / 1241天
等级: 129
石头: 4285
呼符: 131
体力: 69867.30666666667 / 138
友情点: 40 / 133465`
*連続ログイン7日間到達おめでとうございます！
明日は1日目からリスタートされます。*
`獣の足跡 X 1
呼符 X 1
6月交換券(2023) X 1
`_2023-06-24 19:36:59_
--------
*50e74030067f097de636fdb9ea0a5ce0*
`登陆天数: 56天 / 1246天
等级: 143
石头: 89
呼符: 8
体力: 5138.173333333333 / 141
友情点: 190 / 9042550`
*連続ログイン7日間到達おめでとうございます！
明日は1日目からリスタートされます。*
`獣の足跡 X 1
呼符 X 1
6月交換券(2023) X 1
`_2023-06-24 19:37:07_
--------
*5aebed162c025149a9ac12d5ff9cf0d5*
`登陆天数: 56天 / 1077天
等级: 133
石头: 10
呼符: 0
体力: 44135.68 / 139
友情点: 60 / 1470520`
*連続ログイン7日間到達おめでとうございます！
明日は1日目からリスタートされます。*
`獣の足跡 X 1
呼符 X 1
6月交換券(2023) X 1
`_2023-06-24 19:37:16_
--------
*f5845d187badef24087ae9dd8a663e48*
`登陆天数: 97天 / 1335天
等级: 143
石头: 540
呼符: 12
体力: 1253.3433333333332 / 141
友情点: 80 / 24892160`
*連続ログイン6日目
※ログインが途切れるか、7日到達すると
1日目から再開されます*
`聖晶石 X 2
6月交換券(2023) X 1
`_2023-06-24 19:37:24_
--------
