【登录信息】
*4624dcf84d19c7237daa9e3aa06ae38e*
`登陆天数: 57天 / 1045天
等级: 130
石头: 209
呼符: 5
体力: 50604.92 / 138
友情点: 0 / 724225`
*連続ログイン1日目
※ログインが途切れるか、7日到達すると
1日目から再開されます*
`フレンドポイント X 2000
6月交換券(2023) X 1
`_2023-06-25 19:36:55_
--------
*1960c6c2468d480d10656e460ff945b7*
`登陆天数: 57天 / 1242天
等级: 129
石头: 4285
呼符: 131
体力: 70155.32 / 138
友情点: 0 / 133465`
*連続ログイン1日目
※ログインが途切れるか、7日到達すると
1日目から再開されます*
`フレンドポイント X 2000
6月交換券(2023) X 1
`_2023-06-25 19:37:04_
--------
*50e74030067f097de636fdb9ea0a5ce0*
`登陆天数: 57天 / 1247天
等级: 143
石头: 89
呼符: 8
体力: 5426.19 / 141
友情点: 60 / 9042610`
*連続ログイン1日目
※ログインが途切れるか、7日到達すると
1日目から再開されます*
`フレンドポイント X 2000
6月交換券(2023) X 1
`_2023-06-25 19:37:12_
--------
*5aebed162c025149a9ac12d5ff9cf0d5*
`登陆天数: 57天 / 1078天
等级: 133
石头: 10
呼符: 0
体力: 44423.693333333336 / 139
友情点: 0 / 1470520`
*連続ログイン1日目
※ログインが途切れるか、7日到達すると
1日目から再開されます*
`フレンドポイント X 2000
6月交換券(2023) X 1
`_2023-06-25 19:37:20_
--------
*f5845d187badef24087ae9dd8a663e48*
`登陆天数: 98天 / 1336天
等级: 143
石头: 538
呼符: 2
体力: 145.17 / 141
友情点: 10 / 24892280`
*連続ログイン7日間到達おめでとうございます！
明日は1日目からリスタートされます。*
`獣の足跡 X 1
呼符 X 1
6月交換券(2023) X 1
`_2023-06-25 19:37:28_
--------
