【登录信息】
*4624dcf84d19c7237daa9e3aa06ae38e*
`登陆天数: 58天 / 1046天
等级: 130
石头: 209
呼符: 5
体力: 50892.94 / 138
友情点: 0 / 724225`
*連続ログイン2日目
※ログインが途切れるか、7日到達すると
1日目から再開されます*
`聖晶石 X 1
6月交換券(2023) X 1
`_2023-06-26 19:37:01_
--------
*1960c6c2468d480d10656e460ff945b7*
`登陆天数: 58天 / 1243天
等级: 129
石头: 4285
呼符: 131
体力: 70443.34333333334 / 138
友情点: 0 / 133465`
*連続ログイン2日目
※ログインが途切れるか、7日到達すると
1日目から再開されます*
`聖晶石 X 1
6月交換券(2023) X 1
`_2023-06-26 19:37:10_
--------
*50e74030067f097de636fdb9ea0a5ce0*
`登陆天数: 58天 / 1248天
等级: 143
石头: 2
呼符: 0
体力: 5714.213333333333 / 141
友情点: 150 / 8990795`
*連続ログイン2日目
※ログインが途切れるか、7日到達すると
1日目から再開されます*
`聖晶石 X 1
6月交換券(2023) X 1
`_2023-06-26 19:37:18_
--------
*5aebed162c025149a9ac12d5ff9cf0d5*
`登陆天数: 58天 / 1079天
等级: 133
石头: 10
呼符: 0
体力: 44711.72 / 139
友情点: 0 / 1470520`
*連続ログイン2日目
※ログインが途切れるか、7日到達すると
1日目から再開されます*
`聖晶石 X 1
6月交換券(2023) X 1
`_2023-06-26 19:37:28_
--------
*f5845d187badef24087ae9dd8a663e48*
`登陆天数: 99天 / 1337天
等级: 143
石头: 536
呼符: 2
体力: 236.06 / 141
友情点: 190 / 24892470`
*連続ログイン1日目
※ログインが途切れるか、7日到達すると
1日目から再開されます*
`フレンドポイント X 2000
6月交換券(2023) X 1
`_2023-06-26 19:37:36_
--------
