【登录信息】
*4624dcf84d19c7237daa9e3aa06ae38e*
`登陆天数: 59天 / 1047天
等级: 130
石头: 209
呼符: 5
体力: 51180.89 / 138
友情点: 0 / 724225`
*連続ログイン3日目
※ログインが途切れるか、7日到達すると
1日目から再開されます*
`叡智の業火 X 1
6月交換券(2023) X 1
`_2023-06-27 19:36:46_
--------
*1960c6c2468d480d10656e460ff945b7*
`登陆天数: 59天 / 1244天
等级: 129
石头: 4285
呼符: 131
体力: 70731.29333333333 / 138
友情点: 0 / 133465`
*連続ログイン3日目
※ログインが途切れるか、7日到達すると
1日目から再開されます*
`叡智の業火 X 1
6月交換券(2023) X 1
`_2023-06-27 19:36:55_
--------
*50e74030067f097de636fdb9ea0a5ce0*
`登陆天数: 59天 / 1249天
等级: 143
石头: 2
呼符: 0
体力: 6002.163333333333 / 141
友情点: 125 / 8990920`
*連続ログイン3日目
※ログインが途切れるか、7日到達すると
1日目から再開されます*
`叡智の業火 X 1
6月交換券(2023) X 1
`_2023-06-27 19:37:03_
--------
*5aebed162c025149a9ac12d5ff9cf0d5*
`登陆天数: 59天 / 1080天
等级: 133
石头: 10
呼符: 0
体力: 44999.666666666664 / 139
友情点: 0 / 1470520`
*連続ログイン3日目
※ログインが途切れるか、7日到達すると
1日目から再開されます*
`叡智の業火 X 1
6月交換券(2023) X 1
`_2023-06-27 19:37:12_
--------
*f5845d187badef24087ae9dd8a663e48*
`登陆天数: 100天 / 1338天
等级: 143
石头: 534
呼符: 2
体力: 524.0066666666667 / 141
友情点: 60 / 24892530`
*連続ログイン2日目
※ログインが途切れるか、7日到達すると
1日目から再開されます*
`聖晶石 X 1
6月交換券(2023) X 1
`_2023-06-27 19:37:21_
--------
