【登录信息】
*4624dcf84d19c7237daa9e3aa06ae38e*
`登陆天数: 60天 / 1048天
等级: 130
石头: 209
呼符: 5
体力: 51468.90666666667 / 138
友情点: 0 / 724225`
*連続ログイン4日目
※ログインが途切れるか、7日到達すると
1日目から再開されます*
`聖晶石 X 1
6月交換券(2023) X 1
`*2800万DL突破記念 特別回数ログインボーナス*
*開催期間中、1日1回 最大10回 回数ログインボーナスをプレゼント！*
`白銀の果実 X 10
星見のティーポット X 3
`_2023-06-28 19:36:51_
--------
*1960c6c2468d480d10656e460ff945b7*
`登陆天数: 60天 / 1245天
等级: 129
石头: 4285
呼符: 131
体力: 71019.30666666667 / 138
友情点: 10 / 133475`
*連続ログイン4日目
※ログインが途切れるか、7日到達すると
1日目から再開されます*
`聖晶石 X 1
6月交換券(2023) X 1
`*2800万DL突破記念 特別回数ログインボーナス*
*開催期間中、1日1回 最大10回 回数ログインボーナスをプレゼント！*
`白銀の果実 X 10
星見のティーポット X 3
`_2023-06-28 19:36:59_
--------
*50e74030067f097de636fdb9ea0a5ce0*
`登陆天数: 60天 / 1250天
等级: 143
石头: 12
呼符: 0
体力: 283.9566666666667 / 141
友情点: 90 / 8991390`
*連続ログイン4日目
※ログインが途切れるか、7日到達すると
1日目から再開されます*
`聖晶石 X 1
6月交換券(2023) X 1
`*2800万DL突破記念 特別回数ログインボーナス*
*開催期間中、1日1回 最大10回 回数ログインボーナスをプレゼント！*
`白銀の果実 X 10
星見のティーポット X 3
`_2023-06-28 19:37:08_
--------
*5aebed162c025149a9ac12d5ff9cf0d5*
`登陆天数: 60天 / 1081天
等级: 133
石头: 10
呼符: 0
体力: 45287.68 / 139
友情点: 30 / 1470550`
*連続ログイン4日目
※ログインが途切れるか、7日到達すると
1日目から再開されます*
`聖晶石 X 1
6月交換券(2023) X 1
`*2800万DL突破記念 特別回数ログインボーナス*
*開催期間中、1日1回 最大10回 回数ログインボーナスをプレゼント！*
`白銀の果実 X 10
星見のティーポット X 3
`_2023-06-28 19:37:16_
--------
*f5845d187badef24087ae9dd8a663e48*
`登陆天数: 101天 / 1339天
等级: 143
石头: 540
呼符: 3
体力: 37.620000000000005 / 141
友情点: 0 / 24896755`
*連続ログイン3日目
※ログインが途切れるか、7日到達すると
1日目から再開されます*
`叡智の業火 X 1
6月交換券(2023) X 1
`*2800万DL突破記念 特別回数ログインボーナス*
*開催期間中、1日1回 最大10回 回数ログインボーナスをプレゼント！*
`白銀の果実 X 10
星見のティーポット X 3
`_2023-06-28 19:37:25_
--------
