【登录信息】
*4624dcf84d19c7237daa9e3aa06ae38e*
`登陆天数: 61天 / 1049天
等级: 130
石头: 209
呼符: 5
体力: 51756.89333333333 / 138
友情点: 0 / 724225`
*連続ログイン5日目
※ログインが途切れるか、7日到達すると
1日目から再開されます*
`叡智の業火 X 2
6月交換券(2023) X 1
`*2800万DL突破記念 特別回数ログインボーナス*
*開催期間中、1日1回 最大10回 回数ログインボーナスをプレゼント！*
`マナプリズム X 100
黄金の果実 X 10
`_2023-06-29 19:36:47_
--------
*1960c6c2468d480d10656e460ff945b7*
`登陆天数: 61天 / 1246天
等级: 129
石头: 4285
呼符: 131
体力: 71307.29666666666 / 138
友情点: 40 / 133515`
*連続ログイン5日目
※ログインが途切れるか、7日到達すると
1日目から再開されます*
`叡智の業火 X 2
6月交換券(2023) X 1
`*2800万DL突破記念 特別回数ログインボーナス*
*開催期間中、1日1回 最大10回 回数ログインボーナスをプレゼント！*
`マナプリズム X 100
黄金の果実 X 10
`_2023-06-29 19:36:56_
--------
*50e74030067f097de636fdb9ea0a5ce0*
`登陆天数: 61天 / 1251天
等级: 143
石头: 16
呼符: 5
体力: 25.75666666666666 / 141
友情点: 335 / 8947010`
*連続ログイン5日目
※ログインが途切れるか、7日到達すると
1日目から再開されます*
`叡智の業火 X 2
6月交換券(2023) X 1
`*2800万DL突破記念 特別回数ログインボーナス*
*開催期間中、1日1回 最大10回 回数ログインボーナスをプレゼント！*
`マナプリズム X 100
黄金の果実 X 10
`_2023-06-29 19:37:04_
--------
*5aebed162c025149a9ac12d5ff9cf0d5*
`登陆天数: 61天 / 1082天
等级: 133
石头: 10
呼符: 0
体力: 45575.666666666664 / 139
友情点: 70 / 1470620`
*連続ログイン5日目
※ログインが途切れるか、7日到達すると
1日目から再開されます*
`叡智の業火 X 2
6月交換券(2023) X 1
`*2800万DL突破記念 特別回数ログインボーナス*
*開催期間中、1日1回 最大10回 回数ログインボーナスをプレゼント！*
`マナプリズム X 100
黄金の果実 X 10
`_2023-06-29 19:37:12_
--------
*f5845d187badef24087ae9dd8a663e48*
`登陆天数: 102天 / 1340天
等级: 143
石头: 537
呼符: 3
体力: 48.763333333333335 / 141
友情点: 435 / 24897525`
*連続ログイン4日目
※ログインが途切れるか、7日到達すると
1日目から再開されます*
`聖晶石 X 1
6月交換券(2023) X 1
`*2800万DL突破記念 特別回数ログインボーナス*
*開催期間中、1日1回 最大10回 回数ログインボーナスをプレゼント！*
`マナプリズム X 100
黄金の果実 X 10
`_2023-06-29 19:37:20_
--------
