【登录信息】
*4624dcf84d19c7237daa9e3aa06ae38e*
`登陆天数: 215天 / 1203天
等级: 130
石头: 618
呼符: 26
体力: 96108.93 / 138
友情点: 0 / 764225`
*連続ログイン5日目
※ログインが途切れるか、7日到達すると
1日目から再開されます*
`叡智の業火 X 2
12月交換券(2023) X 1
`*日替りログインボーナス*
*開催期間中、1日1回 2週間日替りでログインボーナスをプレゼント！*
`巡霊の葉 X 30
`_2023-11-30 19:36:58_
--------
*1960c6c2468d480d10656e460ff945b7*
`登陆天数: 215天 / 1400天
等级: 129
石头: 4707
呼符: 162
体力: 115659.33333333333 / 138
友情点: 160 / 290095`
*連続ログイン5日目
※ログインが途切れるか、7日到達すると
1日目から再開されます*
`叡智の業火 X 2
12月交換券(2023) X 1
`*日替りログインボーナス*
*開催期間中、1日1回 2週間日替りでログインボーナスをプレゼント！*
`巡霊の葉 X 30
`_2023-11-30 19:37:07_
--------
*50e74030067f097de636fdb9ea0a5ce0*
`登陆天数: 215天 / 1405天
等级: 147
石头: 300
呼符: 28
体力: 4466.203333333333 / 142
友情点: 165 / 108389220`
*連続ログイン5日目
※ログインが途切れるか、7日到達すると
1日目から再開されます*
`叡智の業火 X 2
12月交換券(2023) X 1
`*日替りログインボーナス*
*開催期間中、1日1回 2週間日替りでログインボーナスをプレゼント！*
`巡霊の葉 X 30
`_2023-11-30 19:37:15_
--------
*5aebed162c025149a9ac12d5ff9cf0d5*
`登陆天数: 215天 / 1236天
等级: 133
石头: 10
呼符: 0
体力: 89927.70666666667 / 139
友情点: 180 / 1495330`
*連続ログイン5日目
※ログインが途切れるか、7日到達すると
1日目から再開されます*
`叡智の業火 X 2
12月交換券(2023) X 1
`*日替りログインボーナス*
*開催期間中、1日1回 2週間日替りでログインボーナスをプレゼント！*
`巡霊の葉 X 30
`_2023-11-30 19:37:24_
--------
*f5845d187badef24087ae9dd8a663e48*
`登陆天数: 256天 / 1494天
等级: 147
石头: 664
呼符: 5
体力: 139.56666666666666 / 142
友情点: 125 / 183217180`
*連続ログイン4日目
※ログインが途切れるか、7日到達すると
1日目から再開されます*
`聖晶石 X 1
12月交換券(2023) X 1
`*日替りログインボーナス*
*開催期間中、1日1回 2週間日替りでログインボーナスをプレゼント！*
`巡霊の葉 X 30
`_2023-11-30 19:37:33_
--------
