【登录信息】
*4624dcf84d19c7237daa9e3aa06ae38e*
`登陆天数: 216天 / 1204天
等级: 130
石头: 618
呼符: 26
体力: 96396.95666666667 / 138
友情点: 0 / 764225`
*連続ログイン6日目
※ログインが途切れるか、7日到達すると
1日目から再開されます*
`聖晶石 X 2
12月交換券(2023) X 1
`*日替りログインボーナス*
*開催期間中、1日1回 2週間日替りでログインボーナスをプレゼント！*
`聖晶石 X 2
巡霊の葉 X 100
`_2023-12-01 19:37:06_
--------
*1960c6c2468d480d10656e460ff945b7*
`登陆天数: 216天 / 1401天
等级: 129
石头: 4707
呼符: 162
体力: 115947.35666666667 / 138
友情点: 100 / 290195`
*連続ログイン6日目
※ログインが途切れるか、7日到達すると
1日目から再開されます*
`聖晶石 X 2
12月交換券(2023) X 1
`*日替りログインボーナス*
*開催期間中、1日1回 2週間日替りでログインボーナスをプレゼント！*
`聖晶石 X 2
巡霊の葉 X 100
`_2023-12-01 19:37:15_
--------
*50e74030067f097de636fdb9ea0a5ce0*
`登陆天数: 216天 / 1406天
等级: 147
石头: 359
呼符: 28
体力: 267.4 / 142
友情点: 50 / 108392080`
*連続ログイン6日目
※ログインが途切れるか、7日到達すると
1日目から再開されます*
`聖晶石 X 2
12月交換券(2023) X 1
`*日替りログインボーナス*
*開催期間中、1日1回 2週間日替りでログインボーナスをプレゼント！*
`聖晶石 X 2
巡霊の葉 X 100
`_2023-12-01 19:37:23_
--------
*5aebed162c025149a9ac12d5ff9cf0d5*
`登陆天数: 216天 / 1237天
等级: 133
石头: 10
呼符: 0
体力: 90215.73333333334 / 139
友情点: 70 / 1495400`
*連続ログイン6日目
※ログインが途切れるか、7日到達すると
1日目から再開されます*
`聖晶石 X 2
12月交換券(2023) X 1
`*日替りログインボーナス*
*開催期間中、1日1回 2週間日替りでログインボーナスをプレゼント！*
`聖晶石 X 2
巡霊の葉 X 100
`_2023-12-01 19:37:32_
--------
*f5845d187badef24087ae9dd8a663e48*
`登陆天数: 257天 / 1495天
等级: 147
石头: 685
呼符: 11
体力: 96.86 / 142
友情点: 240 / 180378365`
*連続ログイン5日目
※ログインが途切れるか、7日到達すると
1日目から再開されます*
`叡智の業火 X 2
12月交換券(2023) X 1
`*日替りログインボーナス*
*開催期間中、1日1回 2週間日替りでログインボーナスをプレゼント！*
`聖晶石 X 2
巡霊の葉 X 100
`_2023-12-01 19:37:40_
--------
