【登录信息】
*4624dcf84d19c7237daa9e3aa06ae38e*
`登陆天数: 217天 / 1205天
等级: 130
石头: 618
呼符: 26
体力: 96684.93333333333 / 138
友情点: 0 / 764225`
*連続ログイン7日間到達おめでとうございます！
明日は1日目からリスタートされます。*
`獣の足跡 X 1
呼符 X 1
12月交換券(2023) X 1
`*日替りログインボーナス*
*開催期間中、1日1回 2週間日替りでログインボーナスをプレゼント！*
`巡霊の葉 X 30
`_2023-12-02 19:36:58_
--------
*1960c6c2468d480d10656e460ff945b7*
`登陆天数: 217天 / 1402天
等级: 129
石头: 4707
呼符: 162
体力: 116235.33333333333 / 138
友情点: 80 / 290275`
*連続ログイン7日間到達おめでとうございます！
明日は1日目からリスタートされます。*
`獣の足跡 X 1
呼符 X 1
12月交換券(2023) X 1
`*日替りログインボーナス*
*開催期間中、1日1回 2週間日替りでログインボーナスをプレゼント！*
`巡霊の葉 X 30
`_2023-12-02 19:37:07_
--------
*50e74030067f097de636fdb9ea0a5ce0*
`登陆天数: 217天 / 1407天
等级: 147
石头: 359
呼符: 28
体力: 555.3766666666667 / 142
友情点: 245 / 108392325`
*連続ログイン7日間到達おめでとうございます！
明日は1日目からリスタートされます。*
`獣の足跡 X 1
呼符 X 1
12月交換券(2023) X 1
`*日替りログインボーナス*
*開催期間中、1日1回 2週間日替りでログインボーナスをプレゼント！*
`巡霊の葉 X 30
`_2023-12-02 19:37:15_
--------
*5aebed162c025149a9ac12d5ff9cf0d5*
`登陆天数: 217天 / 1238天
等级: 133
石头: 10
呼符: 0
体力: 90503.71 / 139
友情点: 100 / 1495500`
*連続ログイン7日間到達おめでとうございます！
明日は1日目からリスタートされます。*
`獣の足跡 X 1
呼符 X 1
12月交換券(2023) X 1
`*日替りログインボーナス*
*開催期間中、1日1回 2週間日替りでログインボーナスをプレゼント！*
`巡霊の葉 X 30
`_2023-12-02 19:37:25_
--------
*f5845d187badef24087ae9dd8a663e48*
`登陆天数: 258天 / 1496天
等级: 147
石头: 728
呼符: 13
体力: 131.77 / 142
友情点: 300 / 180382245`
*連続ログイン6日目
※ログインが途切れるか、7日到達すると
1日目から再開されます*
`聖晶石 X 2
12月交換券(2023) X 1
`*日替りログインボーナス*
*開催期間中、1日1回 2週間日替りでログインボーナスをプレゼント！*
`巡霊の葉 X 30
`_2023-12-02 19:37:34_
--------
