【登录信息】
*4624dcf84d19c7237daa9e3aa06ae38e*
`登陆天数: 218天 / 1206天
等级: 130
石头: 618
呼符: 26
体力: 96972.45 / 138
友情点: 0 / 764225`
*連続ログイン1日目
※ログインが途切れるか、7日到達すると
1日目から再開されます*
`フレンドポイント X 2000
12月交換券(2023) X 1
`*日替りログインボーナス*
*開催期間中、1日1回 2週間日替りでログインボーナスをプレゼント！*
`巡霊の葉 X 30
`_2023-12-03 19:34:34_
--------
*1960c6c2468d480d10656e460ff945b7*
`登陆天数: 218天 / 1403天
等级: 129
石头: 4707
呼符: 162
体力: 116522.85 / 138
友情点: 40 / 290315`
*連続ログイン1日目
※ログインが途切れるか、7日到達すると
1日目から再開されます*
`フレンドポイント X 2000
12月交換券(2023) X 1
`*日替りログインボーナス*
*開催期間中、1日1回 2週間日替りでログインボーナスをプレゼント！*
`巡霊の葉 X 30
`_2023-12-03 19:34:43_
--------
*50e74030067f097de636fdb9ea0a5ce0*
`登陆天数: 218天 / 1408天
等级: 147
石头: 359
呼符: 28
体力: 842.8966666666666 / 142
友情点: 80 / 108392405`
*連続ログイン1日目
※ログインが途切れるか、7日到達すると
1日目から再開されます*
`フレンドポイント X 2000
12月交換券(2023) X 1
`*日替りログインボーナス*
*開催期間中、1日1回 2週間日替りでログインボーナスをプレゼント！*
`巡霊の葉 X 30
`_2023-12-03 19:34:51_
--------
*5aebed162c025149a9ac12d5ff9cf0d5*
`登陆天数: 218天 / 1239天
等级: 133
石头: 10
呼符: 0
体力: 90791.22666666667 / 139
友情点: 10 / 1495510`
*連続ログイン1日目
※ログインが途切れるか、7日到達すると
1日目から再開されます*
`フレンドポイント X 2000
12月交換券(2023) X 1
`*日替りログインボーナス*
*開催期間中、1日1回 2週間日替りでログインボーナスをプレゼント！*
`巡霊の葉 X 30
`_2023-12-03 19:35:00_
--------
*f5845d187badef24087ae9dd8a663e48*
`登陆天数: 259天 / 1497天
等级: 147
石头: 751
呼符: 13
体力: 93.48333333333333 / 142
友情点: 75 / 180387215`
*連続ログイン7日間到達おめでとうございます！
明日は1日目からリスタートされます。*
`獣の足跡 X 1
呼符 X 1
12月交換券(2023) X 1
`*日替りログインボーナス*
*開催期間中、1日1回 2週間日替りでログインボーナスをプレゼント！*
`巡霊の葉 X 30
`_2023-12-03 19:35:08_
--------
