【登录信息】
*4624dcf84d19c7237daa9e3aa06ae38e*
`登陆天数: 219天 / 1207天
等级: 130
石头: 618
呼符: 26
体力: 97260.47 / 138
友情点: 0 / 764225`
*連続ログイン2日目
※ログインが途切れるか、7日到達すると
1日目から再開されます*
`聖晶石 X 1
12月交換券(2023) X 1
`*日替りログインボーナス*
*開催期間中、1日1回 2週間日替りでログインボーナスをプレゼント！*
`巡霊の葉 X 30
`_2023-12-04 19:34:39_
--------
*1960c6c2468d480d10656e460ff945b7*
`登陆天数: 219天 / 1404天
等级: 129
石头: 4707
呼符: 162
体力: 116810.87 / 138
友情点: 100 / 290415`
*連続ログイン2日目
※ログインが途切れるか、7日到達すると
1日目から再開されます*
`聖晶石 X 1
12月交換券(2023) X 1
`*日替りログインボーナス*
*開催期間中、1日1回 2週間日替りでログインボーナスをプレゼント！*
`巡霊の葉 X 30
`_2023-12-04 19:34:48_
--------
*50e74030067f097de636fdb9ea0a5ce0*
`登陆天数: 219天 / 1409天
等级: 147
石头: 359
呼符: 28
体力: 1130.9133333333334 / 142
友情点: 280 / 108392685`
*連続ログイン2日目
※ログインが途切れるか、7日到達すると
1日目から再開されます*
`聖晶石 X 1
12月交換券(2023) X 1
`*日替りログインボーナス*
*開催期間中、1日1回 2週間日替りでログインボーナスをプレゼント！*
`巡霊の葉 X 30
`_2023-12-04 19:34:56_
--------
*5aebed162c025149a9ac12d5ff9cf0d5*
`登陆天数: 219天 / 1240天
等级: 133
石头: 10
呼符: 0
体力: 91079.24666666667 / 139
友情点: 120 / 1496030`
*連続ログイン2日目
※ログインが途切れるか、7日到達すると
1日目から再開されます*
`聖晶石 X 1
12月交換券(2023) X 1
`*日替りログインボーナス*
*開催期間中、1日1回 2週間日替りでログインボーナスをプレゼント！*
`巡霊の葉 X 30
`_2023-12-04 19:35:06_
--------
*f5845d187badef24087ae9dd8a663e48*
`登陆天数: 260天 / 1498天
等级: 148
石头: 751
呼符: 13
体力: 74.23 / 142
友情点: 100 / 180388550`
*連続ログイン1日目
※ログインが途切れるか、7日到達すると
1日目から再開されます*
`フレンドポイント X 2000
12月交換券(2023) X 1
`*日替りログインボーナス*
*開催期間中、1日1回 2週間日替りでログインボーナスをプレゼント！*
`巡霊の葉 X 30
`_2023-12-04 19:35:14_
--------
