【登录信息】
*4624dcf84d19c7237daa9e3aa06ae38e*
`登陆天数: 220天 / 1208天
等级: 130
石头: 618
呼符: 26
体力: 97548.50333333333 / 138
友情点: 0 / 764225`
*連続ログイン3日目
※ログインが途切れるか、7日到達すると
1日目から再開されます*
`叡智の業火 X 1
12月交換券(2023) X 1
`*日替りログインボーナス*
*開催期間中、1日1回 2週間日替りでログインボーナスをプレゼント！*
`聖晶石 X 3
巡霊の葉 X 50
`_2023-12-05 19:34:50_
--------
*1960c6c2468d480d10656e460ff945b7*
`登陆天数: 220天 / 1405天
等级: 129
石头: 4707
呼符: 162
体力: 117098.90666666666 / 138
友情点: 120 / 290545`
*連続ログイン3日目
※ログインが途切れるか、7日到達すると
1日目から再開されます*
`叡智の業火 X 1
12月交換券(2023) X 1
`*日替りログインボーナス*
*開催期間中、1日1回 2週間日替りでログインボーナスをプレゼント！*
`聖晶石 X 3
巡霊の葉 X 50
`_2023-12-05 19:34:59_
--------
*50e74030067f097de636fdb9ea0a5ce0*
`登陆天数: 220天 / 1410天
等级: 147
石头: 359
呼符: 28
体力: 1418.95 / 142
友情点: 170 / 108393855`
*連続ログイン3日目
※ログインが途切れるか、7日到達すると
1日目から再開されます*
`叡智の業火 X 1
12月交換券(2023) X 1
`*日替りログインボーナス*
*開催期間中、1日1回 2週間日替りでログインボーナスをプレゼント！*
`聖晶石 X 3
巡霊の葉 X 50
`_2023-12-05 19:35:07_
--------
*5aebed162c025149a9ac12d5ff9cf0d5*
`登陆天数: 220天 / 1241天
等级: 133
石头: 10
呼符: 0
体力: 91367.28333333334 / 139
友情点: 80 / 1498930`
*連続ログイン3日目
※ログインが途切れるか、7日到達すると
1日目から再開されます*
`叡智の業火 X 1
12月交換券(2023) X 1
`*日替りログインボーナス*
*開催期間中、1日1回 2週間日替りでログインボーナスをプレゼント！*
`聖晶石 X 3
巡霊の葉 X 50
`_2023-12-05 19:35:17_
--------
*f5845d187badef24087ae9dd8a663e48*
`登陆天数: 261天 / 1499天
等级: 148
石头: 753
呼符: 14
体力: 98.12666666666667 / 142
友情点: 35 / 180390995`
*連続ログイン2日目
※ログインが途切れるか、7日到達すると
1日目から再開されます*
`聖晶石 X 1
12月交換券(2023) X 1
`*日替りログインボーナス*
*開催期間中、1日1回 2週間日替りでログインボーナスをプレゼント！*
`聖晶石 X 3
巡霊の葉 X 50
`_2023-12-05 19:35:26_
--------
