【登录信息】
*4624dcf84d19c7237daa9e3aa06ae38e*
`登陆天数: 221天 / 1209天
等级: 130
石头: 618
呼符: 26
体力: 97836.5 / 138
友情点: 0 / 764225`
*連続ログイン4日目
※ログインが途切れるか、7日到達すると
1日目から再開されます*
`聖晶石 X 1
12月交換券(2023) X 1
`*激走！川中島24時 ぐだぐだ超五稜郭 殺しのサインはM51
開幕記念 ログインボーナス*
*開催期間中、1日1回 最大21回ログインボーナスをプレゼント！*
`黄金の果実 X 1
`_2023-12-06 19:34:49_
--------
*6c9368f50fe20d6a525828c2a1897f5f*
`登陆天数: 221天 / 1406天
等级: 129
石头: 5047
呼符: 179
体力: 142.87333333333333 / 138
友情点: 100 / 323975`
*連続ログイン4日目
※ログインが途切れるか、7日到達すると
1日目から再開されます*
`聖晶石 X 1
12月交換券(2023) X 1
`*激走！川中島24時 ぐだぐだ超五稜郭 殺しのサインはM51
開幕記念 ログインボーナス*
*開催期間中、1日1回 最大21回ログインボーナスをプレゼント！*
`黄金の果実 X 1
`_2023-12-06 19:34:57_
--------
*50e74030067f097de636fdb9ea0a5ce0*
`登陆天数: 221天 / 1411天
等级: 147
石头: 359
呼符: 28
体力: 1706.9433333333334 / 142
友情点: 160 / 108394015`
*連続ログイン4日目
※ログインが途切れるか、7日到達すると
1日目から再開されます*
`聖晶石 X 1
12月交換券(2023) X 1
`*激走！川中島24時 ぐだぐだ超五稜郭 殺しのサインはM51
開幕記念 ログインボーナス*
*開催期間中、1日1回 最大21回ログインボーナスをプレゼント！*
`黄金の果実 X 1
`_2023-12-06 19:35:05_
--------
*5aebed162c025149a9ac12d5ff9cf0d5*
`登陆天数: 221天 / 1242天
等级: 133
石头: 10
呼符: 0
体力: 91655.27666666667 / 139
友情点: 230 / 1499560`
*連続ログイン4日目
※ログインが途切れるか、7日到達すると
1日目から再開されます*
`聖晶石 X 1
12月交換券(2023) X 1
`*激走！川中島24時 ぐだぐだ超五稜郭 殺しのサインはM51
開幕記念 ログインボーナス*
*開催期間中、1日1回 最大21回ログインボーナスをプレゼント！*
`黄金の果実 X 1
`_2023-12-06 19:35:14_
--------
*f5845d187badef24087ae9dd8a663e48*
`登陆天数: 262天 / 1500天
等级: 148
石头: 148
呼符: 0
体力: 49.28 / 142
友情点: 560 / 180396660`
*連続ログイン3日目
※ログインが途切れるか、7日到達すると
1日目から再開されます*
`叡智の業火 X 1
12月交換券(2023) X 1
`*激走！川中島24時 ぐだぐだ超五稜郭 殺しのサインはM51
開幕記念 ログインボーナス*
*開催期間中、1日1回 最大21回ログインボーナスをプレゼント！*
`白銀の果実 X 1
`_2023-12-06 19:35:23_
--------
