【登录信息】
*4624dcf84d19c7237daa9e3aa06ae38e*
`登陆天数: 223天 / 1211天
等级: 130
石头: 618
呼符: 26
体力: 98412.48666666666 / 138
友情点: 0 / 764225`
*連続ログイン6日目
※ログインが途切れるか、7日到達すると
1日目から再開されます*
`聖晶石 X 2
12月交換券(2023) X 1
`*激走！川中島24時 ぐだぐだ超五稜郭 殺しのサインはM51
開幕記念 ログインボーナス*
*開催期間中、1日1回 最大21回ログインボーナスをプレゼント！*
`白銀の果実 X 1
`_2023-12-08 19:34:44_
--------
*6c9368f50fe20d6a525828c2a1897f5f*
`登陆天数: 223天 / 1408天
等级: 129
石头: 5047
呼符: 179
体力: 718.86 / 138
友情点: 100 / 324325`
*連続ログイン6日目
※ログインが途切れるか、7日到達すると
1日目から再開されます*
`聖晶石 X 2
12月交換券(2023) X 1
`*激走！川中島24時 ぐだぐだ超五稜郭 殺しのサインはM51
開幕記念 ログインボーナス*
*開催期間中、1日1回 最大21回ログインボーナスをプレゼント！*
`白銀の果実 X 1
`_2023-12-08 19:34:53_
--------
*50e74030067f097de636fdb9ea0a5ce0*
`登陆天数: 223天 / 1413天
等级: 147
石头: 359
呼符: 28
体力: 2282.93 / 142
友情点: 215 / 108394420`
*連続ログイン6日目
※ログインが途切れるか、7日到達すると
1日目から再開されます*
`聖晶石 X 2
12月交換券(2023) X 1
`*激走！川中島24時 ぐだぐだ超五稜郭 殺しのサインはM51
開幕記念 ログインボーナス*
*開催期間中、1日1回 最大21回ログインボーナスをプレゼント！*
`白銀の果実 X 1
`_2023-12-08 19:35:01_
--------
*5aebed162c025149a9ac12d5ff9cf0d5*
`登陆天数: 223天 / 1244天
等级: 133
石头: 10
呼符: 0
体力: 92231.26333333334 / 139
友情点: 70 / 1500110`
*連続ログイン6日目
※ログインが途切れるか、7日到達すると
1日目から再開されます*
`聖晶石 X 2
12月交換券(2023) X 1
`*激走！川中島24時 ぐだぐだ超五稜郭 殺しのサインはM51
開幕記念 ログインボーナス*
*開催期間中、1日1回 最大21回ログインボーナスをプレゼント！*
`白銀の果実 X 1
`_2023-12-08 19:35:10_
--------
*f5845d187badef24087ae9dd8a663e48*
`登陆天数: 264天 / 1502天
等级: 148
石头: 148
呼符: 0
体力: 125.72666666666666 / 142
友情点: 300 / 170389220`
*連続ログイン5日目
※ログインが途切れるか、7日到達すると
1日目から再開されます*
`叡智の業火 X 2
12月交換券(2023) X 1
`*激走！川中島24時 ぐだぐだ超五稜郭 殺しのサインはM51
開幕記念 ログインボーナス*
*開催期間中、1日1回 最大21回ログインボーナスをプレゼント！*
`白銀の果実 X 1
`_2023-12-08 19:35:19_
--------
