【登录信息】
*4624dcf84d19c7237daa9e3aa06ae38e*
`登陆天数: 224天 / 1212天
等级: 130
石头: 618
呼符: 26
体力: 98700.48 / 138
友情点: 0 / 764225`
*連続ログイン7日間到達おめでとうございます！
明日は1日目からリスタートされます。*
`獣の足跡 X 1
呼符 X 1
12月交換券(2023) X 1
`*激走！川中島24時 ぐだぐだ超五稜郭 殺しのサインはM51
開幕記念 ログインボーナス*
*開催期間中、1日1回 最大21回ログインボーナスをプレゼント！*
`白銀の果実 X 1
`_2023-12-09 19:34:43_
--------
*6c9368f50fe20d6a525828c2a1897f5f*
`登陆天数: 224天 / 1409天
等级: 129
石头: 5047
呼符: 179
体力: 1006.8533333333334 / 138
友情点: 210 / 324535`
*連続ログイン7日間到達おめでとうございます！
明日は1日目からリスタートされます。*
`獣の足跡 X 1
呼符 X 1
12月交換券(2023) X 1
`*激走！川中島24時 ぐだぐだ超五稜郭 殺しのサインはM51
開幕記念 ログインボーナス*
*開催期間中、1日1回 最大21回ログインボーナスをプレゼント！*
`白銀の果実 X 1
`_2023-12-09 19:34:51_
--------
*50e74030067f097de636fdb9ea0a5ce0*
`登陆天数: 224天 / 1414天
等级: 147
石头: 359
呼符: 28
体力: 2570.923333333333 / 142
友情点: 240 / 108394710`
*連続ログイン7日間到達おめでとうございます！
明日は1日目からリスタートされます。*
`獣の足跡 X 1
呼符 X 1
12月交換券(2023) X 1
`*激走！川中島24時 ぐだぐだ超五稜郭 殺しのサインはM51
開幕記念 ログインボーナス*
*開催期間中、1日1回 最大21回ログインボーナスをプレゼント！*
`白銀の果実 X 1
`_2023-12-09 19:34:59_
--------
*5aebed162c025149a9ac12d5ff9cf0d5*
`登陆天数: 224天 / 1245天
等级: 133
石头: 10
呼符: 0
体力: 92519.25333333333 / 139
友情点: 150 / 1500260`
*連続ログイン7日間到達おめでとうございます！
明日は1日目からリスタートされます。*
`獣の足跡 X 1
呼符 X 1
12月交換券(2023) X 1
`*激走！川中島24時 ぐだぐだ超五稜郭 殺しのサインはM51
開幕記念 ログインボーナス*
*開催期間中、1日1回 最大21回ログインボーナスをプレゼント！*
`白銀の果実 X 1
`_2023-12-09 19:35:08_
--------
*f5845d187badef24087ae9dd8a663e48*
`登陆天数: 265天 / 1503天
等级: 148
石头: 172
呼符: 0
体力: 34.22 / 142
友情点: 300 / 160416060`
_2023-12-09 19:35:17_
--------
