【登录信息】
*4624dcf84d19c7237daa9e3aa06ae38e*
`登陆天数: 225天 / 1213天
等级: 130
石头: 618
呼符: 26
体力: 98988.41666666667 / 138
友情点: 0 / 764225`
*連続ログイン1日目
※ログインが途切れるか、7日到達すると
1日目から再開されます*
`フレンドポイント X 2000
12月交換券(2023) X 1
`*激走！川中島24時 ぐだぐだ超五稜郭 殺しのサインはM51
開幕記念 ログインボーナス*
*開催期間中、1日1回 最大21回ログインボーナスをプレゼント！*
`白銀の果実 X 1
`_2023-12-10 19:34:23_
--------
*6c9368f50fe20d6a525828c2a1897f5f*
`登陆天数: 225天 / 1410天
等级: 129
石头: 5047
呼符: 179
体力: 1294.79 / 138
友情点: 70 / 324605`
*連続ログイン1日目
※ログインが途切れるか、7日到達すると
1日目から再開されます*
`フレンドポイント X 2000
12月交換券(2023) X 1
`*激走！川中島24時 ぐだぐだ超五稜郭 殺しのサインはM51
開幕記念 ログインボーナス*
*開催期間中、1日1回 最大21回ログインボーナスをプレゼント！*
`白銀の果実 X 1
`_2023-12-10 19:34:32_
--------
*50e74030067f097de636fdb9ea0a5ce0*
`登陆天数: 225天 / 1415天
等级: 147
石头: 371
呼符: 30
体力: 261.09000000000003 / 142
友情点: 40 / 108397075`
*連続ログイン1日目
※ログインが途切れるか、7日到達すると
1日目から再開されます*
`フレンドポイント X 2000
12月交換券(2023) X 1
`*激走！川中島24時 ぐだぐだ超五稜郭 殺しのサインはM51
開幕記念 ログインボーナス*
*開催期間中、1日1回 最大21回ログインボーナスをプレゼント！*
`白銀の果実 X 1
`_2023-12-10 19:34:40_
--------
*5aebed162c025149a9ac12d5ff9cf0d5*
`登陆天数: 225天 / 1246天
等级: 133
石头: 10
呼符: 0
体力: 92807.19333333333 / 139
友情点: 110 / 1500370`
*連続ログイン1日目
※ログインが途切れるか、7日到達すると
1日目から再開されます*
`フレンドポイント X 2000
12月交換券(2023) X 1
`*激走！川中島24時 ぐだぐだ超五稜郭 殺しのサインはM51
開幕記念 ログインボーナス*
*開催期間中、1日1回 最大21回ログインボーナスをプレゼント！*
`白銀の果実 X 1
`_2023-12-10 19:34:49_
--------
*f5845d187badef24087ae9dd8a663e48*
`登陆天数: 266天 / 1504天
等级: 148
石头: 181
呼符: 0
体力: 163.88666666666666 / 142
友情点: 0 / 151513315`
*連続ログイン7日間到達おめでとうございます！
明日は1日目からリスタートされます。*
`獣の足跡 X 1
呼符 X 1
12月交換券(2023) X 1
`*激走！川中島24時 ぐだぐだ超五稜郭 殺しのサインはM51
開幕記念 ログインボーナス*
*開催期間中、1日1回 最大21回ログインボーナスをプレゼント！*
`白銀の果実 X 1
`_2023-12-10 19:34:58_
--------
