【登录信息】
*4624dcf84d19c7237daa9e3aa06ae38e*
`登陆天数: 226天 / 1214天
等级: 130
石头: 618
呼符: 26
体力: 99276.5 / 138
友情点: 0 / 764225`
*連続ログイン2日目
※ログインが途切れるか、7日到達すると
1日目から再開されます*
`聖晶石 X 1
12月交換券(2023) X 1
`*激走！川中島24時 ぐだぐだ超五稜郭 殺しのサインはM51
開幕記念 ログインボーナス*
*開催期間中、1日1回 最大21回ログインボーナスをプレゼント！*
`白銀の果実 X 1
`_2023-12-11 19:34:48_
--------
*6c9368f50fe20d6a525828c2a1897f5f*
`登陆天数: 226天 / 1411天
等级: 129
石头: 5047
呼符: 179
体力: 1582.8733333333332 / 138
友情点: 220 / 324825`
*連続ログイン2日目
※ログインが途切れるか、7日到達すると
1日目から再開されます*
`聖晶石 X 1
12月交換券(2023) X 1
`*激走！川中島24時 ぐだぐだ超五稜郭 殺しのサインはM51
開幕記念 ログインボーナス*
*開催期間中、1日1回 最大21回ログインボーナスをプレゼント！*
`白銀の果実 X 1
`_2023-12-11 19:34:57_
--------
*50e74030067f097de636fdb9ea0a5ce0*
`登陆天数: 226天 / 1416天
等级: 147
石头: 371
呼符: 30
体力: 549.1733333333334 / 142
友情点: 145 / 108397220`
*連続ログイン2日目
※ログインが途切れるか、7日到達すると
1日目から再開されます*
`聖晶石 X 1
12月交換券(2023) X 1
`*激走！川中島24時 ぐだぐだ超五稜郭 殺しのサインはM51
開幕記念 ログインボーナス*
*開催期間中、1日1回 最大21回ログインボーナスをプレゼント！*
`白銀の果実 X 1
`_2023-12-11 19:35:05_
--------
*5aebed162c025149a9ac12d5ff9cf0d5*
`登陆天数: 226天 / 1247天
等级: 133
石头: 10
呼符: 0
体力: 93095.27333333333 / 139
友情点: 100 / 1500470`
*連続ログイン2日目
※ログインが途切れるか、7日到達すると
1日目から再開されます*
`聖晶石 X 1
12月交換券(2023) X 1
`*激走！川中島24時 ぐだぐだ超五稜郭 殺しのサインはM51
開幕記念 ログインボーナス*
*開催期間中、1日1回 最大21回ログインボーナスをプレゼント！*
`白銀の果実 X 1
`_2023-12-11 19:35:14_
--------
*f5845d187badef24087ae9dd8a663e48*
`登陆天数: 267天 / 1505天
等级: 148
石头: 183
呼符: 0
体力: 143.29 / 142
友情点: 115 / 142704150`
*連続ログイン1日目
※ログインが途切れるか、7日到達すると
1日目から再開されます*
`フレンドポイント X 2000
12月交換券(2023) X 1
`*激走！川中島24時 ぐだぐだ超五稜郭 殺しのサインはM51
開幕記念 ログインボーナス*
*開催期間中、1日1回 最大21回ログインボーナスをプレゼント！*
`白銀の果実 X 1
`_2023-12-11 19:35:23_
--------
