【登录信息】
*4624dcf84d19c7237daa9e3aa06ae38e*
`登陆天数: 227天 / 1215天
等级: 130
石头: 618
呼符: 26
体力: 99564.53666666667 / 138
友情点: 0 / 764225`
*連続ログイン3日目
※ログインが途切れるか、7日到達すると
1日目から再開されます*
`叡智の業火 X 1
12月交換券(2023) X 1
`*激走！川中島24時 ぐだぐだ超五稜郭 殺しのサインはM51
開幕記念 ログインボーナス*
*開催期間中、1日1回 最大21回ログインボーナスをプレゼント！*
`白銀の果実 X 1
`_2023-12-12 19:35:00_
--------
*6c9368f50fe20d6a525828c2a1897f5f*
`登陆天数: 227天 / 1412天
等级: 129
石头: 5047
呼符: 179
体力: 1870.91 / 138
友情点: 280 / 325305`
*連続ログイン3日目
※ログインが途切れるか、7日到達すると
1日目から再開されます*
`叡智の業火 X 1
12月交換券(2023) X 1
`*激走！川中島24時 ぐだぐだ超五稜郭 殺しのサインはM51
開幕記念 ログインボーナス*
*開催期間中、1日1回 最大21回ログインボーナスをプレゼント！*
`白銀の果実 X 1
`_2023-12-12 19:35:08_
--------
*50e74030067f097de636fdb9ea0a5ce0*
`登陆天数: 227天 / 1417天
等级: 147
石头: 372
呼符: 31
体力: 143.53666666666666 / 142
友情点: 245 / 108399820`
*連続ログイン3日目
※ログインが途切れるか、7日到達すると
1日目から再開されます*
`叡智の業火 X 1
12月交換券(2023) X 1
`*激走！川中島24時 ぐだぐだ超五稜郭 殺しのサインはM51
開幕記念 ログインボーナス*
*開催期間中、1日1回 最大21回ログインボーナスをプレゼント！*
`白銀の果実 X 1
`_2023-12-12 19:35:16_
--------
*5aebed162c025149a9ac12d5ff9cf0d5*
`登陆天数: 227天 / 1248天
等级: 133
石头: 10
呼符: 0
体力: 93383.31333333334 / 139
友情点: 270 / 1500740`
*連続ログイン3日目
※ログインが途切れるか、7日到達すると
1日目から再開されます*
`叡智の業火 X 1
12月交換券(2023) X 1
`*激走！川中島24時 ぐだぐだ超五稜郭 殺しのサインはM51
開幕記念 ログインボーナス*
*開催期間中、1日1回 最大21回ログインボーナスをプレゼント！*
`白銀の果実 X 1
`_2023-12-12 19:35:25_
--------
*f5845d187badef24087ae9dd8a663e48*
`登陆天数: 268天 / 1506天
等级: 148
石头: 183
呼符: 0
体力: 28.939999999999998 / 142
友情点: 110 / 133137120`
_2023-12-12 19:35:34_
--------
