【登录信息】
*4624dcf84d19c7237daa9e3aa06ae38e*
`登陆天数: 228天 / 1216天
等级: 130
石头: 618
呼符: 26
体力: 99852.54333333333 / 138
友情点: 0 / 764225`
*連続ログイン4日目
※ログインが途切れるか、7日到達すると
1日目から再開されます*
`聖晶石 X 1
12月交換券(2023) X 1
`*激走！川中島24時 ぐだぐだ超五稜郭 殺しのサインはM51
開幕記念 ログインボーナス*
*開催期間中、1日1回 最大21回ログインボーナスをプレゼント！*
`黄金の果実 X 1
`_2023-12-13 19:35:02_
--------
*6c9368f50fe20d6a525828c2a1897f5f*
`登陆天数: 228天 / 1413天
等级: 129
石头: 5047
呼符: 179
体力: 2158.916666666667 / 138
友情点: 150 / 325455`
*連続ログイン4日目
※ログインが途切れるか、7日到達すると
1日目から再開されます*
`聖晶石 X 1
12月交換券(2023) X 1
`*激走！川中島24時 ぐだぐだ超五稜郭 殺しのサインはM51
開幕記念 ログインボーナス*
*開催期間中、1日1回 最大21回ログインボーナスをプレゼント！*
`黄金の果実 X 1
`_2023-12-13 19:35:10_
--------
*50e74030067f097de636fdb9ea0a5ce0*
`登陆天数: 228天 / 1418天
等级: 147
石头: 378
呼符: 32
体力: 257.95 / 142
友情点: 75 / 108400955`
*連続ログイン4日目
※ログインが途切れるか、7日到達すると
1日目から再開されます*
`聖晶石 X 1
12月交換券(2023) X 1
`*激走！川中島24時 ぐだぐだ超五稜郭 殺しのサインはM51
開幕記念 ログインボーナス*
*開催期間中、1日1回 最大21回ログインボーナスをプレゼント！*
`黄金の果実 X 1
`_2023-12-13 19:35:18_
--------
*5aebed162c025149a9ac12d5ff9cf0d5*
`登陆天数: 228天 / 1249天
等级: 133
石头: 10
呼符: 0
体力: 93671.31333333334 / 139
友情点: 200 / 1500940`
*連続ログイン4日目
※ログインが途切れるか、7日到達すると
1日目から再開されます*
`聖晶石 X 1
12月交換券(2023) X 1
`*激走！川中島24時 ぐだぐだ超五稜郭 殺しのサインはM51
開幕記念 ログインボーナス*
*開催期間中、1日1回 最大21回ログインボーナスをプレゼント！*
`黄金の果実 X 1
`_2023-12-13 19:35:26_
--------
*f5845d187badef24087ae9dd8a663e48*
`登陆天数: 269天 / 1507天
等级: 148
石头: 183
呼符: 0
体力: 147.85 / 142
友情点: 235 / 123393630`
*連続ログイン3日目
※ログインが途切れるか、7日到達すると
1日目から再開されます*
`叡智の業火 X 1
12月交換券(2023) X 1
`*激走！川中島24時 ぐだぐだ超五稜郭 殺しのサインはM51
開幕記念 ログインボーナス*
*開催期間中、1日1回 最大21回ログインボーナスをプレゼント！*
`白銀の果実 X 1
`_2023-12-13 19:35:35_
--------
