【登录信息】
*4624dcf84d19c7237daa9e3aa06ae38e*
`登陆天数: 229天 / 1217天
等级: 130
石头: 618
呼符: 26
体力: 100140.49333333333 / 138
友情点: 0 / 764225`
*連続ログイン5日目
※ログインが途切れるか、7日到達すると
1日目から再開されます*
`叡智の業火 X 2
12月交換券(2023) X 1
`*激走！川中島24時 ぐだぐだ超五稜郭 殺しのサインはM51
開幕記念 ログインボーナス*
*開催期間中、1日1回 最大21回ログインボーナスをプレゼント！*
`白銀の果実 X 1
`_2023-12-14 19:34:47_
--------
*6c9368f50fe20d6a525828c2a1897f5f*
`登陆天数: 229天 / 1414天
等级: 129
石头: 5047
呼符: 179
体力: 2446.87 / 138
友情点: 140 / 325595`
*連続ログイン5日目
※ログインが途切れるか、7日到達すると
1日目から再開されます*
`叡智の業火 X 2
12月交換券(2023) X 1
`*激走！川中島24時 ぐだぐだ超五稜郭 殺しのサインはM51
開幕記念 ログインボーナス*
*開催期間中、1日1回 最大21回ログインボーナスをプレゼント！*
`白銀の果実 X 1
`_2023-12-14 19:34:56_
--------
*50e74030067f097de636fdb9ea0a5ce0*
`登陆天数: 229天 / 1419天
等级: 147
石头: 379
呼符: 37
体力: 64.52666666666667 / 142
友情点: 225 / 108401695`
*連続ログイン5日目
※ログインが途切れるか、7日到達すると
1日目から再開されます*
`叡智の業火 X 2
12月交換券(2023) X 1
`*激走！川中島24時 ぐだぐだ超五稜郭 殺しのサインはM51
開幕記念 ログインボーナス*
*開催期間中、1日1回 最大21回ログインボーナスをプレゼント！*
`白銀の果実 X 1
`_2023-12-14 19:35:05_
--------
*5aebed162c025149a9ac12d5ff9cf0d5*
`登陆天数: 229天 / 1250天
等级: 133
石头: 10
呼符: 0
体力: 93959.27666666667 / 139
友情点: 150 / 1501290`
*連続ログイン5日目
※ログインが途切れるか、7日到達すると
1日目から再開されます*
`叡智の業火 X 2
12月交換券(2023) X 1
`*激走！川中島24時 ぐだぐだ超五稜郭 殺しのサインはM51
開幕記念 ログインボーナス*
*開催期間中、1日1回 最大21回ログインボーナスをプレゼント！*
`白銀の果実 X 1
`_2023-12-14 19:35:14_
--------
*f5845d187badef24087ae9dd8a663e48*
`登陆天数: 270天 / 1508天
等级: 148
石头: 186
呼符: 1
体力: 121.46666666666667 / 142
友情点: 10 / 112659230`
_2023-12-14 19:35:23_
--------
