【登录信息】
*4624dcf84d19c7237daa9e3aa06ae38e*
`登陆天数: 230天 / 1218天
等级: 130
石头: 618
呼符: 26
体力: 100428.50666666667 / 138
友情点: 0 / 764225`
*連続ログイン6日目
※ログインが途切れるか、7日到達すると
1日目から再開されます*
`聖晶石 X 2
12月交換券(2023) X 1
`*激走！川中島24時 ぐだぐだ超五稜郭 殺しのサインはM51
開幕記念 ログインボーナス*
*開催期間中、1日1回 最大21回ログインボーナスをプレゼント！*
`白銀の果実 X 1
`_2023-12-15 19:34:51_
--------
*6c9368f50fe20d6a525828c2a1897f5f*
`登陆天数: 230天 / 1415天
等级: 129
石头: 5047
呼符: 179
体力: 2734.88 / 138
友情点: 90 / 325685`
*連続ログイン6日目
※ログインが途切れるか、7日到達すると
1日目から再開されます*
`聖晶石 X 2
12月交換券(2023) X 1
`*激走！川中島24時 ぐだぐだ超五稜郭 殺しのサインはM51
開幕記念 ログインボーナス*
*開催期間中、1日1回 最大21回ログインボーナスをプレゼント！*
`白銀の果実 X 1
`_2023-12-15 19:34:59_
--------
*50e74030067f097de636fdb9ea0a5ce0*
`登陆天数: 230天 / 1420天
等级: 147
石头: 379
呼符: 37
体力: 108.89 / 142
友情点: 85 / 108401965`
*連続ログイン6日目
※ログインが途切れるか、7日到達すると
1日目から再開されます*
`聖晶石 X 2
12月交換券(2023) X 1
`*激走！川中島24時 ぐだぐだ超五稜郭 殺しのサインはM51
開幕記念 ログインボーナス*
*開催期間中、1日1回 最大21回ログインボーナスをプレゼント！*
`白銀の果実 X 1
`_2023-12-15 19:35:07_
--------
*5aebed162c025149a9ac12d5ff9cf0d5*
`登陆天数: 230天 / 1251天
等级: 133
石头: 10
呼符: 0
体力: 94247.28333333334 / 139
友情点: 120 / 1501410`
*連続ログイン6日目
※ログインが途切れるか、7日到達すると
1日目から再開されます*
`聖晶石 X 2
12月交換券(2023) X 1
`*激走！川中島24時 ぐだぐだ超五稜郭 殺しのサインはM51
開幕記念 ログインボーナス*
*開催期間中、1日1回 最大21回ログインボーナスをプレゼント！*
`白銀の果実 X 1
`_2023-12-15 19:35:16_
--------
*f5845d187badef24087ae9dd8a663e48*
`登陆天数: 271天 / 1509天
等级: 148
石头: 186
呼符: 1
体力: 146.53333333333333 / 142
友情点: 85 / 112660180`
*連続ログイン5日目
※ログインが途切れるか、7日到達すると
1日目から再開されます*
`叡智の業火 X 2
12月交換券(2023) X 1
`*激走！川中島24時 ぐだぐだ超五稜郭 殺しのサインはM51
開幕記念 ログインボーナス*
*開催期間中、1日1回 最大21回ログインボーナスをプレゼント！*
`白銀の果実 X 1
`_2023-12-15 19:35:25_
--------
