【登录信息】
*4624dcf84d19c7237daa9e3aa06ae38e*
`登陆天数: 233天 / 1221天
等级: 130
石头: 618
呼符: 26
体力: 101292.51333333334 / 138
友情点: 0 / 764225`
*連続ログイン2日目
※ログインが途切れるか、7日到達すると
1日目から再開されます*
`聖晶石 X 1
12月交換券(2023) X 1
`*激走！川中島24時 ぐだぐだ超五稜郭 殺しのサインはM51
開幕記念 ログインボーナス*
*開催期間中、1日1回 最大21回ログインボーナスをプレゼント！*
`白銀の果実 X 1
`_2023-12-18 19:34:53_
--------
*6c9368f50fe20d6a525828c2a1897f5f*
`登陆天数: 233天 / 1418天
等级: 129
石头: 5047
呼符: 179
体力: 3598.8866666666668 / 138
友情点: 130 / 326355`
*連続ログイン2日目
※ログインが途切れるか、7日到達すると
1日目から再開されます*
`聖晶石 X 1
12月交換券(2023) X 1
`*激走！川中島24時 ぐだぐだ超五稜郭 殺しのサインはM51
開幕記念 ログインボーナス*
*開催期間中、1日1回 最大21回ログインボーナスをプレゼント！*
`白銀の果実 X 1
`_2023-12-18 19:35:01_
--------
*50e74030067f097de636fdb9ea0a5ce0*
`登陆天数: 233天 / 1423天
等级: 147
石头: 381
呼符: 39
体力: 236.25333333333333 / 142
友情点: 25 / 106847110`
*連続ログイン2日目
※ログインが途切れるか、7日到達すると
1日目から再開されます*
`聖晶石 X 1
12月交換券(2023) X 1
`*激走！川中島24時 ぐだぐだ超五稜郭 殺しのサインはM51
開幕記念 ログインボーナス*
*開催期間中、1日1回 最大21回ログインボーナスをプレゼント！*
`白銀の果実 X 1
`_2023-12-18 19:35:10_
--------
*5aebed162c025149a9ac12d5ff9cf0d5*
`登陆天数: 233天 / 1254天
等级: 133
石头: 10
呼符: 0
体力: 95111.29 / 139
友情点: 130 / 1502100`
*連続ログイン2日目
※ログインが途切れるか、7日到達すると
1日目から再開されます*
`聖晶石 X 1
12月交換券(2023) X 1
`*激走！川中島24時 ぐだぐだ超五稜郭 殺しのサインはM51
開幕記念 ログインボーナス*
*開催期間中、1日1回 最大21回ログインボーナスをプレゼント！*
`白銀の果実 X 1
`_2023-12-18 19:35:18_
--------
*f5845d187badef24087ae9dd8a663e48*
`登陆天数: 274天 / 1512天
等级: 148
石头: 188
呼符: 1
体力: 102.15 / 142
友情点: 65 / 112661565`
*連続ログイン1日目
※ログインが途切れるか、7日到達すると
1日目から再開されます*
`フレンドポイント X 2000
12月交換券(2023) X 1
`*激走！川中島24時 ぐだぐだ超五稜郭 殺しのサインはM51
開幕記念 ログインボーナス*
*開催期間中、1日1回 最大21回ログインボーナスをプレゼント！*
`白銀の果実 X 1
`_2023-12-18 19:35:27_
--------
