【登录信息】
*4624dcf84d19c7237daa9e3aa06ae38e*
`登陆天数: 234天 / 1222天
等级: 130
石头: 618
呼符: 26
体力: 101580.39 / 138
友情点: 0 / 764225`
*連続ログイン3日目
※ログインが途切れるか、7日到達すると
1日目から再開されます*
`叡智の業火 X 1
12月交換券(2023) X 1
`_2023-12-19 19:34:17_
--------
*6c9368f50fe20d6a525828c2a1897f5f*
`登陆天数: 234天 / 1419天
等级: 129
石头: 5047
呼符: 179
体力: 3886.7633333333333 / 138
友情点: 70 / 326425`
*連続ログイン3日目
※ログインが途切れるか、7日到達すると
1日目から再開されます*
`叡智の業火 X 1
12月交換券(2023) X 1
`_2023-12-19 19:34:25_
--------
*50e74030067f097de636fdb9ea0a5ce0*
`登陆天数: 234天 / 1424天
等级: 147
石头: 412
呼符: 39
体力: 208.07 / 142
友情点: 70 / 106850250`
*連続ログイン3日目
※ログインが途切れるか、7日到達すると
1日目から再開されます*
`叡智の業火 X 1
12月交換券(2023) X 1
`_2023-12-19 19:34:32_
--------
*5aebed162c025149a9ac12d5ff9cf0d5*
`登陆天数: 234天 / 1255天
等级: 133
石头: 10
呼符: 0
体力: 95399.16 / 139
友情点: 140 / 1502240`
*連続ログイン3日目
※ログインが途切れるか、7日到達すると
1日目から再開されます*
`叡智の業火 X 1
12月交換券(2023) X 1
`_2023-12-19 19:34:40_
--------
*f5845d187badef24087ae9dd8a663e48*
`登陆天数: 275天 / 1513天
等级: 148
石头: 188
呼符: 1
体力: 103.61666666666667 / 142
友情点: 125 / 112662470`
*連続ログイン2日目
※ログインが途切れるか、7日到達すると
1日目から再開されます*
`聖晶石 X 1
12月交換券(2023) X 1
`_2023-12-19 19:34:48_
--------
