【登录信息】
*4624dcf84d19c7237daa9e3aa06ae38e*
`登陆天数: 235天 / 1223天
等级: 130
石头: 618
呼符: 26
体力: 101868.46 / 138
友情点: 0 / 764225`
*連続ログイン4日目
※ログインが途切れるか、7日到達すると
1日目から再開されます*
`聖晶石 X 1
12月交換券(2023) X 1
`*雪原のメリー・クリスマス2023 ～7days / 8years Snow Carol～開幕記念 ログインボーナス*
*開催期間中、1日1回 最大10回ログインボーナスをプレゼント！*
`黄金の果実 X 1
`_2023-12-20 19:34:37_
--------
*6c9368f50fe20d6a525828c2a1897f5f*
`登陆天数: 235天 / 1420天
等级: 129
石头: 5047
呼符: 179
体力: 4174.833333333334 / 138
友情点: 120 / 326545`
*連続ログイン4日目
※ログインが途切れるか、7日到達すると
1日目から再開されます*
`聖晶石 X 1
12月交換券(2023) X 1
`*雪原のメリー・クリスマス2023 ～7days / 8years Snow Carol～開幕記念 ログインボーナス*
*開催期間中、1日1回 最大10回ログインボーナスをプレゼント！*
`黄金の果実 X 1
`_2023-12-20 19:34:45_
--------
*50e74030067f097de636fdb9ea0a5ce0*
`登陆天数: 235天 / 1425天
等级: 147
石头: 412
呼符: 39
体力: 496.14 / 142
友情点: 145 / 106850395`
*連続ログイン4日目
※ログインが途切れるか、7日到達すると
1日目から再開されます*
`聖晶石 X 1
12月交換券(2023) X 1
`*雪原のメリー・クリスマス2023 ～7days / 8years Snow Carol～開幕記念 ログインボーナス*
*開催期間中、1日1回 最大10回ログインボーナスをプレゼント！*
`黄金の果実 X 1
`_2023-12-20 19:34:53_
--------
*5aebed162c025149a9ac12d5ff9cf0d5*
`登陆天数: 235天 / 1256天
等级: 133
石头: 10
呼符: 0
体力: 95687.23 / 139
友情点: 140 / 1502580`
*連続ログイン4日目
※ログインが途切れるか、7日到達すると
1日目から再開されます*
`聖晶石 X 1
12月交換券(2023) X 1
`*雪原のメリー・クリスマス2023 ～7days / 8years Snow Carol～開幕記念 ログインボーナス*
*開催期間中、1日1回 最大10回ログインボーナスをプレゼント！*
`黄金の果実 X 1
`_2023-12-20 19:35:02_
--------
*f5845d187badef24087ae9dd8a663e48*
`登陆天数: 276天 / 1514天
等级: 148
石头: 188
呼符: 1
体力: 79.88666666666666 / 142
友情点: 30 / 112662830`
*連続ログイン3日目
※ログインが途切れるか、7日到達すると
1日目から再開されます*
`叡智の業火 X 1
12月交換券(2023) X 1
`*雪原のメリー・クリスマス2023 ～7days / 8years Snow Carol～開幕記念 ログインボーナス*
*開催期間中、1日1回 最大10回ログインボーナスをプレゼント！*
`白銀の果実 X 1
`_2023-12-20 19:35:10_
--------
