【登录信息】
*4624dcf84d19c7237daa9e3aa06ae38e*
`登陆天数: 236天 / 1224天
等级: 130
石头: 618
呼符: 26
体力: 102156.46 / 138
友情点: 0 / 764225`
*連続ログイン5日目
※ログインが途切れるか、7日到達すると
1日目から再開されます*
`叡智の業火 X 2
12月交換券(2023) X 1
`*雪原のメリー・クリスマス2023 ～7days / 8years Snow Carol～開幕記念 ログインボーナス*
*開催期間中、1日1回 最大10回ログインボーナスをプレゼント！*
`白銀の果実 X 1
`_2023-12-21 19:34:38_
--------
*6c9368f50fe20d6a525828c2a1897f5f*
`登陆天数: 236天 / 1421天
等级: 129
石头: 5047
呼符: 179
体力: 4462.833333333333 / 138
友情点: 190 / 326735`
*連続ログイン5日目
※ログインが途切れるか、7日到達すると
1日目から再開されます*
`叡智の業火 X 2
12月交換券(2023) X 1
`*雪原のメリー・クリスマス2023 ～7days / 8years Snow Carol～開幕記念 ログインボーナス*
*開催期間中、1日1回 最大10回ログインボーナスをプレゼント！*
`白銀の果実 X 1
`_2023-12-21 19:34:46_
--------
*50e74030067f097de636fdb9ea0a5ce0*
`登陆天数: 236天 / 1426天
等级: 147
石头: 412
呼符: 39
体力: 784.14 / 142
友情点: 305 / 106850700`
*連続ログイン5日目
※ログインが途切れるか、7日到達すると
1日目から再開されます*
`叡智の業火 X 2
12月交換券(2023) X 1
`*雪原のメリー・クリスマス2023 ～7days / 8years Snow Carol～開幕記念 ログインボーナス*
*開催期間中、1日1回 最大10回ログインボーナスをプレゼント！*
`白銀の果実 X 1
`_2023-12-21 19:34:53_
--------
*5aebed162c025149a9ac12d5ff9cf0d5*
`登陆天数: 236天 / 1257天
等级: 133
石头: 10
呼符: 0
体力: 95975.23 / 139
友情点: 225 / 1502805`
*連続ログイン5日目
※ログインが途切れるか、7日到達すると
1日目から再開されます*
`叡智の業火 X 2
12月交換券(2023) X 1
`*雪原のメリー・クリスマス2023 ～7days / 8years Snow Carol～開幕記念 ログインボーナス*
*開催期間中、1日1回 最大10回ログインボーナスをプレゼント！*
`白銀の果実 X 1
`_2023-12-21 19:35:02_
--------
*f5845d187badef24087ae9dd8a663e48*
`登陆天数: 277天 / 1515天
等级: 148
石头: 198
呼符: 2
体力: 59.32666666666667 / 142
友情点: 10 / 112663010`
_2023-12-21 19:35:10_
--------
