【登录信息】
*4624dcf84d19c7237daa9e3aa06ae38e*
`登陆天数: 237天 / 1225天
等级: 130
石头: 618
呼符: 26
体力: 102444.45 / 138
友情点: 0 / 764225`
*連続ログイン6日目
※ログインが途切れるか、7日到達すると
1日目から再開されます*
`聖晶石 X 2
12月交換券(2023) X 1
`*雪原のメリー・クリスマス2023 ～7days / 8years Snow Carol～開幕記念 ログインボーナス*
*開催期間中、1日1回 最大10回ログインボーナスをプレゼント！*
`白銀の果実 X 1
`_2023-12-22 19:34:34_
--------
*6c9368f50fe20d6a525828c2a1897f5f*
`登陆天数: 237天 / 1422天
等级: 129
石头: 5047
呼符: 179
体力: 4750.823333333334 / 138
友情点: 210 / 326945`
*連続ログイン6日目
※ログインが途切れるか、7日到達すると
1日目から再開されます*
`聖晶石 X 2
12月交換券(2023) X 1
`*雪原のメリー・クリスマス2023 ～7days / 8years Snow Carol～開幕記念 ログインボーナス*
*開催期間中、1日1回 最大10回ログインボーナスをプレゼント！*
`白銀の果実 X 1
`_2023-12-22 19:34:42_
--------
*50e74030067f097de636fdb9ea0a5ce0*
`登陆天数: 237天 / 1427天
等级: 147
石头: 420
呼符: 39
体力: 36.31999999999999 / 142
友情点: 170 / 105947620`
*連続ログイン6日目
※ログインが途切れるか、7日到達すると
1日目から再開されます*
`聖晶石 X 2
12月交換券(2023) X 1
`*雪原のメリー・クリスマス2023 ～7days / 8years Snow Carol～開幕記念 ログインボーナス*
*開催期間中、1日1回 最大10回ログインボーナスをプレゼント！*
`白銀の果実 X 1
`_2023-12-22 19:34:50_
--------
*5aebed162c025149a9ac12d5ff9cf0d5*
`登陆天数: 237天 / 1258天
等级: 133
石头: 10
呼符: 0
体力: 96263.22 / 139
友情点: 100 / 1502905`
*連続ログイン6日目
※ログインが途切れるか、7日到達すると
1日目から再開されます*
`聖晶石 X 2
12月交換券(2023) X 1
`*雪原のメリー・クリスマス2023 ～7days / 8years Snow Carol～開幕記念 ログインボーナス*
*開催期間中、1日1回 最大10回ログインボーナスをプレゼント！*
`白銀の果実 X 1
`_2023-12-22 19:34:58_
--------
*f5845d187badef24087ae9dd8a663e48*
`登陆天数: 278天 / 1516天
等级: 148
石头: 198
呼符: 2
体力: 10.039999999999992 / 142
友情点: 0 / 112664935`
_2023-12-22 19:35:06_
--------
