【登录信息】
*4624dcf84d19c7237daa9e3aa06ae38e*
`登陆天数: 238天 / 1226天
等级: 130
石头: 618
呼符: 26
体力: 102732.46 / 138
友情点: 0 / 764225`
*連続ログイン7日間到達おめでとうございます！
明日は1日目からリスタートされます。*
`獣の足跡 X 1
呼符 X 1
12月交換券(2023) X 1
`*雪原のメリー・クリスマス2023 ～7days / 8years Snow Carol～開幕記念 ログインボーナス*
*開催期間中、1日1回 最大10回ログインボーナスをプレゼント！*
`白銀の果実 X 1
`_2023-12-23 19:34:36_
--------
*6c9368f50fe20d6a525828c2a1897f5f*
`登陆天数: 238天 / 1423天
等级: 129
石头: 5047
呼符: 179
体力: 5038.833333333333 / 138
友情点: 70 / 327015`
*連続ログイン7日間到達おめでとうございます！
明日は1日目からリスタートされます。*
`獣の足跡 X 1
呼符 X 1
12月交換券(2023) X 1
`*雪原のメリー・クリスマス2023 ～7days / 8years Snow Carol～開幕記念 ログインボーナス*
*開催期間中、1日1回 最大10回ログインボーナスをプレゼント！*
`白銀の果実 X 1
`_2023-12-23 19:34:45_
--------
*50e74030067f097de636fdb9ea0a5ce0*
`登陆天数: 238天 / 1428天
等级: 147
石头: 425
呼符: 39
体力: 24.516666666666666 / 142
友情点: 140 / 105955225`
*連続ログイン7日間到達おめでとうございます！
明日は1日目からリスタートされます。*
`獣の足跡 X 1
呼符 X 1
12月交換券(2023) X 1
`*雪原のメリー・クリスマス2023 ～7days / 8years Snow Carol～開幕記念 ログインボーナス*
*開催期間中、1日1回 最大10回ログインボーナスをプレゼント！*
`白銀の果実 X 1
`_2023-12-23 19:34:53_
--------
*5aebed162c025149a9ac12d5ff9cf0d5*
`登陆天数: 238天 / 1259天
等级: 133
石头: 10
呼符: 0
体力: 96551.23 / 139
友情点: 90 / 1502995`
*連続ログイン7日間到達おめでとうございます！
明日は1日目からリスタートされます。*
`獣の足跡 X 1
呼符 X 1
12月交換券(2023) X 1
`*雪原のメリー・クリスマス2023 ～7days / 8years Snow Carol～開幕記念 ログインボーナス*
*開催期間中、1日1回 最大10回ログインボーナスをプレゼント！*
`白銀の果実 X 1
`_2023-12-23 19:35:01_
--------
*f5845d187badef24087ae9dd8a663e48*
`登陆天数: 279天 / 1517天
等级: 149
石头: 203
呼符: 2
体力: 115.47666666666666 / 142
友情点: 385 / 112669660`
*連続ログイン6日目
※ログインが途切れるか、7日到達すると
1日目から再開されます*
`聖晶石 X 2
12月交換券(2023) X 1
`*雪原のメリー・クリスマス2023 ～7days / 8years Snow Carol～開幕記念 ログインボーナス*
*開催期間中、1日1回 最大10回ログインボーナスをプレゼント！*
`白銀の果実 X 1
`_2023-12-23 19:35:09_
--------
