【登录信息】
*4624dcf84d19c7237daa9e3aa06ae38e*
`登陆天数: 239天 / 1227天
等级: 130
石头: 618
呼符: 26
体力: 103020.43666666666 / 138
友情点: 0 / 764225`
*連続ログイン1日目
※ログインが途切れるか、7日到達すると
1日目から再開されます*
`フレンドポイント X 2000
12月交換券(2023) X 1
`*ネモ〔サンタ〕からのクリスマスプレゼント*
*開催期間中、初回ログインで「聖晶石×10」をプレゼント！*
`聖晶石 X 10
`_2023-12-24 19:34:30_
--------
*6c9368f50fe20d6a525828c2a1897f5f*
`登陆天数: 239天 / 1424天
等级: 129
石头: 5047
呼符: 179
体力: 5326.81 / 138
友情点: 160 / 327175`
*連続ログイン1日目
※ログインが途切れるか、7日到達すると
1日目から再開されます*
`フレンドポイント X 2000
12月交換券(2023) X 1
`*ネモ〔サンタ〕からのクリスマスプレゼント*
*開催期間中、初回ログインで「聖晶石×10」をプレゼント！*
`聖晶石 X 10
`_2023-12-24 19:34:38_
--------
*50e74030067f097de636fdb9ea0a5ce0*
`登陆天数: 239天 / 1429天
等级: 147
石头: 432
呼符: 40
体力: 260.9166666666667 / 142
友情点: 455 / 105958820`
*連続ログイン1日目
※ログインが途切れるか、7日到達すると
1日目から再開されます*
`フレンドポイント X 2000
12月交換券(2023) X 1
`*ネモ〔サンタ〕からのクリスマスプレゼント*
*開催期間中、初回ログインで「聖晶石×10」をプレゼント！*
`聖晶石 X 10
`_2023-12-24 19:34:46_
--------
*5aebed162c025149a9ac12d5ff9cf0d5*
`登陆天数: 239天 / 1260天
等级: 133
石头: 10
呼符: 0
体力: 96839.21 / 139
友情点: 190 / 1503185`
*連続ログイン1日目
※ログインが途切れるか、7日到達すると
1日目から再開されます*
`フレンドポイント X 2000
12月交換券(2023) X 1
`*ネモ〔サンタ〕からのクリスマスプレゼント*
*開催期間中、初回ログインで「聖晶石×10」をプレゼント！*
`聖晶石 X 10
`_2023-12-24 19:34:55_
--------
*f5845d187badef24087ae9dd8a663e48*
`登陆天数: 280天 / 1518天
等级: 149
石头: 210
呼符: 2
体力: 160.70666666666668 / 142
友情点: 140 / 112676690`
*連続ログイン7日間到達おめでとうございます！
明日は1日目からリスタートされます。*
`獣の足跡 X 1
呼符 X 1
12月交換券(2023) X 1
`*ネモ〔サンタ〕からのクリスマスプレゼント*
*開催期間中、初回ログインで「聖晶石×10」をプレゼント！*
`聖晶石 X 10
`_2023-12-24 19:35:03_
--------
