【登录信息】
*4624dcf84d19c7237daa9e3aa06ae38e*
`登陆天数: 240天 / 1228天
等级: 130
石头: 618
呼符: 26
体力: 103308.50333333333 / 138
友情点: 0 / 764225`
*連続ログイン2日目
※ログインが途切れるか、7日到達すると
1日目から再開されます*
`聖晶石 X 1
12月交換券(2023) X 1
`*雪原のメリー・クリスマス2023 ～7days / 8years Snow Carol～開幕記念 ログインボーナス*
*開催期間中、1日1回 最大10回ログインボーナスをプレゼント！*
`白銀の果実 X 1
`_2023-12-25 19:34:50_
--------
*6c9368f50fe20d6a525828c2a1897f5f*
`登陆天数: 240天 / 1425天
等级: 129
石头: 5047
呼符: 179
体力: 5614.876666666667 / 138
友情点: 390 / 327565`
*連続ログイン2日目
※ログインが途切れるか、7日到達すると
1日目から再開されます*
`聖晶石 X 1
12月交換券(2023) X 1
`*雪原のメリー・クリスマス2023 ～7days / 8years Snow Carol～開幕記念 ログインボーナス*
*開催期間中、1日1回 最大10回ログインボーナスをプレゼント！*
`白銀の果実 X 1
`_2023-12-25 19:34:59_
--------
*50e74030067f097de636fdb9ea0a5ce0*
`登陆天数: 240天 / 1430天
等级: 147
石头: 460
呼符: 40
体力: 224.12 / 142
友情点: 55 / 105961805`
*連続ログイン2日目
※ログインが途切れるか、7日到達すると
1日目から再開されます*
`聖晶石 X 1
12月交換券(2023) X 1
`*雪原のメリー・クリスマス2023 ～7days / 8years Snow Carol～開幕記念 ログインボーナス*
*開催期間中、1日1回 最大10回ログインボーナスをプレゼント！*
`白銀の果実 X 1
`_2023-12-25 19:35:07_
--------
*5aebed162c025149a9ac12d5ff9cf0d5*
`登陆天数: 240天 / 1261天
等级: 133
石头: 10
呼符: 0
体力: 97127.28 / 139
友情点: 300 / 1503485`
*連続ログイン2日目
※ログインが途切れるか、7日到達すると
1日目から再開されます*
`聖晶石 X 1
12月交換券(2023) X 1
`*雪原のメリー・クリスマス2023 ～7days / 8years Snow Carol～開幕記念 ログインボーナス*
*開催期間中、1日1回 最大10回ログインボーナスをプレゼント！*
`白銀の果実 X 1
`_2023-12-25 19:35:16_
--------
*f5845d187badef24087ae9dd8a663e48*
`登陆天数: 281天 / 1519天
等级: 149
石头: 225
呼符: 3
体力: 154.02333333333334 / 142
友情点: 80 / 112678865`
_2023-12-25 19:35:24_
--------
