【登录信息】
*4624dcf84d19c7237daa9e3aa06ae38e*
`登陆天数: 241天 / 1229天
等级: 130
石头: 618
呼符: 26
体力: 103596.53666666667 / 138
友情点: 0 / 764225`
*連続ログイン3日目
※ログインが途切れるか、7日到達すると
1日目から再開されます*
`叡智の業火 X 1
12月交換券(2023) X 1
`*「FGO カルデア・サテライトステーション 2023-2024」京都会場開催直前 ログインボーナス*
*開催期間中、1日1回 最大3回 ログインボーナスをプレゼント！*
`サテライトステーション23-24 X 1
黄金の果実 X 1
`_2023-12-26 19:35:00_
--------
*6c9368f50fe20d6a525828c2a1897f5f*
`登陆天数: 241天 / 1426天
等级: 129
石头: 5047
呼符: 179
体力: 5902.906666666667 / 138
友情点: 120 / 327685`
*連続ログイン3日目
※ログインが途切れるか、7日到達すると
1日目から再開されます*
`叡智の業火 X 1
12月交換券(2023) X 1
`*「FGO カルデア・サテライトステーション 2023-2024」京都会場開催直前 ログインボーナス*
*開催期間中、1日1回 最大3回 ログインボーナスをプレゼント！*
`サテライトステーション23-24 X 1
黄金の果実 X 1
`_2023-12-26 19:35:08_
--------
*50e74030067f097de636fdb9ea0a5ce0*
`登陆天数: 241天 / 1431天
等级: 148
石头: 462
呼符: 40
体力: 236.93 / 142
友情点: 10 / 105963500`
*連続ログイン3日目
※ログインが途切れるか、7日到達すると
1日目から再開されます*
`叡智の業火 X 1
12月交換券(2023) X 1
`*「FGO カルデア・サテライトステーション 2023-2024」京都会場開催直前 ログインボーナス*
*開催期間中、1日1回 最大3回 ログインボーナスをプレゼント！*
`サテライトステーション23-24 X 1
黄金の果実 X 1
`_2023-12-26 19:35:15_
--------
*5aebed162c025149a9ac12d5ff9cf0d5*
`登陆天数: 241天 / 1262天
等级: 133
石头: 10
呼符: 0
体力: 97415.30333333333 / 139
友情点: 120 / 1503605`
*連続ログイン3日目
※ログインが途切れるか、7日到達すると
1日目から再開されます*
`叡智の業火 X 1
12月交換券(2023) X 1
`*「FGO カルデア・サテライトステーション 2023-2024」京都会場開催直前 ログインボーナス*
*開催期間中、1日1回 最大3回 ログインボーナスをプレゼント！*
`サテライトステーション23-24 X 1
黄金の果実 X 1
`_2023-12-26 19:35:23_
--------
*f5845d187badef24087ae9dd8a663e48*
`登陆天数: 282天 / 1520天
等级: 150
石头: 227
呼符: 3
体力: 166.95 / 142
友情点: 0 / 112727620`
_2023-12-26 19:35:31_
--------
