【登录信息】
*4624dcf84d19c7237daa9e3aa06ae38e*
`登陆天数: 242天 / 1230天
等级: 130
石头: 618
呼符: 26
体力: 103884.46333333333 / 138
友情点: 0 / 764225`
*連続ログイン4日目
※ログインが途切れるか、7日到達すると
1日目から再開されます*
`聖晶石 X 1
12月交換券(2023) X 1
`*「FGO カルデア・サテライトステーション 2023-2024」京都会場開催直前 ログインボーナス*
*開催期間中、1日1回 最大3回 ログインボーナスをプレゼント！*
`黄金の果実 X 1
`_2023-12-27 19:34:38_
--------
*6c9368f50fe20d6a525828c2a1897f5f*
`登陆天数: 242天 / 1427天
等级: 129
石头: 5047
呼符: 179
体力: 6190.836666666667 / 138
友情点: 170 / 328455`
*連続ログイン4日目
※ログインが途切れるか、7日到達すると
1日目から再開されます*
`聖晶石 X 1
12月交換券(2023) X 1
`*「FGO カルデア・サテライトステーション 2023-2024」京都会場開催直前 ログインボーナス*
*開催期間中、1日1回 最大3回 ログインボーナスをプレゼント！*
`黄金の果実 X 1
`_2023-12-27 19:34:46_
--------
*50e74030067f097de636fdb9ea0a5ce0*
`登陆天数: 242天 / 1432天
等级: 148
石头: 467
呼符: 40
体力: 82.42666666666668 / 142
友情点: 160 / 106020325`
_2023-12-27 19:34:55_
--------
*5aebed162c025149a9ac12d5ff9cf0d5*
`登陆天数: 242天 / 1263天
等级: 133
石头: 10
呼符: 0
体力: 97703.23666666666 / 139
友情点: 140 / 1503745`
*連続ログイン4日目
※ログインが途切れるか、7日到達すると
1日目から再開されます*
`聖晶石 X 1
12月交換券(2023) X 1
`*「FGO カルデア・サテライトステーション 2023-2024」京都会場開催直前 ログインボーナス*
*開催期間中、1日1回 最大3回 ログインボーナスをプレゼント！*
`黄金の果実 X 1
`_2023-12-27 19:35:03_
--------
*f5845d187badef24087ae9dd8a663e48*
`登陆天数: 283天 / 1521天
等级: 150
石头: 227
呼符: 3
体力: 75.56666666666666 / 142
友情点: 155 / 108528985`
*連続ログイン3日目
※ログインが途切れるか、7日到達すると
1日目から再開されます*
`叡智の業火 X 1
12月交換券(2023) X 1
`*「FGO カルデア・サテライトステーション 2023-2024」京都会場開催直前 ログインボーナス*
*開催期間中、1日1回 最大3回 ログインボーナスをプレゼント！*
`黄金の果実 X 1
`_2023-12-27 19:35:11_
--------
