【登录信息】
*4624dcf84d19c7237daa9e3aa06ae38e*
`登陆天数: 243天 / 1231天
等级: 130
石头: 618
呼符: 26
体力: 104172.41333333333 / 138
友情点: 0 / 764225`
*連続ログイン5日目
※ログインが途切れるか、7日到達すると
1日目から再開されます*
`叡智の業火 X 2
12月交換券(2023) X 1
`*「FGO カルデア・サテライトステーション 2023-2024」京都会場開催直前 ログインボーナス*
*開催期間中、1日1回 最大3回 ログインボーナスをプレゼント！*
`黄金の果実 X 1
`_2023-12-28 19:34:23_
--------
*6c9368f50fe20d6a525828c2a1897f5f*
`登陆天数: 243天 / 1428天
等级: 129
石头: 5047
呼符: 179
体力: 6478.786666666667 / 138
友情点: 130 / 328585`
*連続ログイン5日目
※ログインが途切れるか、7日到達すると
1日目から再開されます*
`叡智の業火 X 2
12月交換券(2023) X 1
`*「FGO カルデア・サテライトステーション 2023-2024」京都会場開催直前 ログインボーナス*
*開催期間中、1日1回 最大3回 ログインボーナスをプレゼント！*
`黄金の果実 X 1
`_2023-12-28 19:34:31_
--------
*50e74030067f097de636fdb9ea0a5ce0*
`登陆天数: 243天 / 1433天
等级: 148
石头: 467
呼符: 40
体力: 281.85 / 142
友情点: 195 / 106021370`
*連続ログイン5日目
※ログインが途切れるか、7日到達すると
1日目から再開されます*
`叡智の業火 X 2
12月交換券(2023) X 1
`*「FGO カルデア・サテライトステーション 2023-2024」京都会場開催直前 ログインボーナス*
*開催期間中、1日1回 最大3回 ログインボーナスをプレゼント！*
`黄金の果実 X 1
`_2023-12-28 19:34:39_
--------
*5aebed162c025149a9ac12d5ff9cf0d5*
`登陆天数: 243天 / 1264天
等级: 133
石头: 10
呼符: 0
体力: 97991.18666666666 / 139
友情点: 120 / 1503865`
*連続ログイン5日目
※ログインが途切れるか、7日到達すると
1日目から再開されます*
`叡智の業火 X 2
12月交換券(2023) X 1
`*「FGO カルデア・サテライトステーション 2023-2024」京都会場開催直前 ログインボーナス*
*開催期間中、1日1回 最大3回 ログインボーナスをプレゼント！*
`黄金の果実 X 1
`_2023-12-28 19:34:48_
--------
*f5845d187badef24087ae9dd8a663e48*
`登陆天数: 284天 / 1522天
等级: 151
石头: 241
呼符: 3
体力: 102.74000000000001 / 142
友情点: 445 / 108148490`
*連続ログイン4日目
※ログインが途切れるか、7日到達すると
1日目から再開されます*
`聖晶石 X 1
12月交換券(2023) X 1
`*「FGO カルデア・サテライトステーション 2023-2024」京都会場開催直前 ログインボーナス*
*開催期間中、1日1回 最大3回 ログインボーナスをプレゼント！*
`黄金の果実 X 1
`_2023-12-28 19:34:56_
--------
