【登录信息】
*4624dcf84d19c7237daa9e3aa06ae38e*
`登陆天数: 244天 / 1232天
等级: 130
石头: 618
呼符: 26
体力: 104460.49 / 138
友情点: 0 / 764225`
*連続ログイン6日目
※ログインが途切れるか、7日到達すると
1日目から再開されます*
`聖晶石 X 2
12月交換券(2023) X 1
`*「FGO カルデア・サテライトステーション 2023-2024」京都会場開催記念 3万リポスト達成プレゼント*
*開催期間中、初回ログインで「聖晶石×6」をプレゼント！*
`聖晶石 X 6
`_2023-12-29 19:34:46_
--------
*6c9368f50fe20d6a525828c2a1897f5f*
`登陆天数: 244天 / 1429天
等级: 129
石头: 5047
呼符: 179
体力: 6766.863333333334 / 138
友情点: 140 / 328725`
*連続ログイン6日目
※ログインが途切れるか、7日到達すると
1日目から再開されます*
`聖晶石 X 2
12月交換券(2023) X 1
`*「FGO カルデア・サテライトステーション 2023-2024」京都会場開催記念 3万リポスト達成プレゼント*
*開催期間中、初回ログインで「聖晶石×6」をプレゼント！*
`聖晶石 X 6
`_2023-12-29 19:34:54_
--------
*50e74030067f097de636fdb9ea0a5ce0*
`登陆天数: 244天 / 1434天
等级: 148
石头: 470
呼符: 40
体力: 238.81 / 142
友情点: 70 / 106022895`
*連続ログイン6日目
※ログインが途切れるか、7日到達すると
1日目から再開されます*
`聖晶石 X 2
12月交換券(2023) X 1
`*「FGO カルデア・サテライトステーション 2023-2024」京都会場開催記念 3万リポスト達成プレゼント*
*開催期間中、初回ログインで「聖晶石×6」をプレゼント！*
`聖晶石 X 6
`_2023-12-29 19:35:02_
--------
*5aebed162c025149a9ac12d5ff9cf0d5*
`登陆天数: 244天 / 1265天
等级: 133
石头: 10
呼符: 0
体力: 98279.26 / 139
友情点: 80 / 1503945`
*連続ログイン6日目
※ログインが途切れるか、7日到達すると
1日目から再開されます*
`聖晶石 X 2
12月交換券(2023) X 1
`*「FGO カルデア・サテライトステーション 2023-2024」京都会場開催記念 3万リポスト達成プレゼント*
*開催期間中、初回ログインで「聖晶石×6」をプレゼント！*
`聖晶石 X 6
`_2023-12-29 19:35:10_
--------
*f5845d187badef24087ae9dd8a663e48*
`登陆天数: 285天 / 1523天
等级: 151
石头: 247
呼符: 3
体力: 142.41333333333333 / 142
友情点: 345 / 108153170`
*連続ログイン5日目
※ログインが途切れるか、7日到達すると
1日目から再開されます*
`叡智の業火 X 2
12月交換券(2023) X 1
`*「FGO カルデア・サテライトステーション 2023-2024」京都会場開催記念 3万リポスト達成プレゼント*
*開催期間中、初回ログインで「聖晶石×6」をプレゼント！*
`聖晶石 X 6
`_2023-12-29 19:35:19_
--------
