【登录信息】
*4624dcf84d19c7237daa9e3aa06ae38e*
`登陆天数: 245天 / 1233天
等级: 130
石头: 618
呼符: 26
体力: 104748.41333333333 / 138
友情点: 0 / 764225`
*連続ログイン7日間到達おめでとうございます！
明日は1日目からリスタートされます。*
`獣の足跡 X 1
呼符 X 1
12月交換券(2023) X 1
`*Fate Project 大晦日TVスペシャル2023 放送カウントダウンログインボーナス*
*開催期間中、1日1回 3日間日替りでログインボーナスをプレゼント！*
`黄金の果実 X 1
呼符 X 1
`_2023-12-30 19:34:23_
--------
*6c9368f50fe20d6a525828c2a1897f5f*
`登陆天数: 245天 / 1430天
等级: 129
石头: 5047
呼符: 179
体力: 7054.786666666667 / 138
友情点: 80 / 328805`
*連続ログイン7日間到達おめでとうございます！
明日は1日目からリスタートされます。*
`獣の足跡 X 1
呼符 X 1
12月交換券(2023) X 1
`*Fate Project 大晦日TVスペシャル2023 放送カウントダウンログインボーナス*
*開催期間中、1日1回 3日間日替りでログインボーナスをプレゼント！*
`黄金の果実 X 1
呼符 X 1
`_2023-12-30 19:34:31_
--------
*50e74030067f097de636fdb9ea0a5ce0*
`登陆天数: 245天 / 1435天
等级: 148
石头: 491
呼符: 40
体力: 246.50333333333333 / 142
友情点: 65 / 106187145`
*連続ログイン7日間到達おめでとうございます！
明日は1日目からリスタートされます。*
`獣の足跡 X 1
呼符 X 1
12月交換券(2023) X 1
`*Fate Project 大晦日TVスペシャル2023 放送カウントダウンログインボーナス*
*開催期間中、1日1回 3日間日替りでログインボーナスをプレゼント！*
`黄金の果実 X 1
呼符 X 1
`_2023-12-30 19:34:39_
--------
*5aebed162c025149a9ac12d5ff9cf0d5*
`登陆天数: 245天 / 1266天
等级: 133
石头: 10
呼符: 0
体力: 98567.18333333333 / 139
友情点: 60 / 1504005`
*連続ログイン7日間到達おめでとうございます！
明日は1日目からリスタートされます。*
`獣の足跡 X 1
呼符 X 1
12月交換券(2023) X 1
`*Fate Project 大晦日TVスペシャル2023 放送カウントダウンログインボーナス*
*開催期間中、1日1回 3日間日替りでログインボーナスをプレゼント！*
`黄金の果実 X 1
呼符 X 1
`_2023-12-30 19:34:47_
--------
*f5845d187badef24087ae9dd8a663e48*
`登陆天数: 286天 / 1524天
等级: 152
石头: 254
呼符: 4
体力: 111.24333333333334 / 142
友情点: 310 / 112605675`
*連続ログイン6日目
※ログインが途切れるか、7日到達すると
1日目から再開されます*
`聖晶石 X 2
12月交換券(2023) X 1
`*Fate Project 大晦日TVスペシャル2023 放送カウントダウンログインボーナス*
*開催期間中、1日1回 3日間日替りでログインボーナスをプレゼント！*
`黄金の果実 X 1
呼符 X 1
`_2023-12-30 19:34:56_
--------
