【登录信息】
*4624dcf84d19c7237daa9e3aa06ae38e*
`登陆天数: 154天 / 1142天
等级: 130
石头: 618
呼符: 26
体力: 78540.94333333333 / 138
友情点: 0 / 764225`
*連続ログイン7日間到達おめでとうございます！
明日は1日目からリスタートされます。*
`獣の足跡 X 1
呼符 X 1
10月交換券(2023) X 1
`*ワンジナ・ワールドツアー！ ～大精霊と巡る世界一周～開幕記念 ログインボーナス*
*開催期間中、1日1回 最大21回ログインボーナスをプレゼント！*
`白銀の果実 X 1
`_2023-09-30 19:37:01_
--------
*1960c6c2468d480d10656e460ff945b7*
`登陆天数: 154天 / 1339天
等级: 129
石头: 4707
呼符: 162
体力: 98091.34333333334 / 138
友情点: 90 / 272775`
*連続ログイン7日間到達おめでとうございます！
明日は1日目からリスタートされます。*
`獣の足跡 X 1
呼符 X 1
10月交換券(2023) X 1
`*ワンジナ・ワールドツアー！ ～大精霊と巡る世界一周～開幕記念 ログインボーナス*
*開催期間中、1日1回 最大21回ログインボーナスをプレゼント！*
`白銀の果実 X 1
`_2023-09-30 19:37:10_
--------
*50e74030067f097de636fdb9ea0a5ce0*
`登陆天数: 154天 / 1344天
等级: 146
石头: 42
呼符: 0
体力: 265.21333333333337 / 141
友情点: 20 / 108345990`
*連続ログイン7日間到達おめでとうございます！
明日は1日目からリスタートされます。*
`獣の足跡 X 1
呼符 X 1
10月交換券(2023) X 1
`*ワンジナ・ワールドツアー！ ～大精霊と巡る世界一周～開幕記念 ログインボーナス*
*開催期間中、1日1回 最大21回ログインボーナスをプレゼント！*
`白銀の果実 X 1
`_2023-09-30 19:37:18_
--------
*5aebed162c025149a9ac12d5ff9cf0d5*
`登陆天数: 154天 / 1175天
等级: 133
石头: 10
呼符: 0
体力: 72359.72 / 139
友情点: 180 / 1481350`
*連続ログイン7日間到達おめでとうございます！
明日は1日目からリスタートされます。*
`獣の足跡 X 1
呼符 X 1
10月交換券(2023) X 1
`*ワンジナ・ワールドツアー！ ～大精霊と巡る世界一周～開幕記念 ログインボーナス*
*開催期間中、1日1回 最大21回ログインボーナスをプレゼント！*
`白銀の果実 X 1
`_2023-09-30 19:37:27_
--------
*f5845d187badef24087ae9dd8a663e48*
`登陆天数: 195天 / 1433天
等级: 145
石头: 309
呼符: 5
体力: 29.64666666666666 / 141
友情点: 10 / 198224025`
*連続ログイン6日目
※ログインが途切れるか、7日到達すると
1日目から再開されます*
`聖晶石 X 2
10月交換券(2023) X 1
`*ワンジナ・ワールドツアー！ ～大精霊と巡る世界一周～開幕記念 ログインボーナス*
*開催期間中、1日1回 最大21回ログインボーナスをプレゼント！*
`白銀の果実 X 1
`_2023-09-30 19:37:36_
--------
