【登录信息】
*4624dcf84d19c7237daa9e3aa06ae38e*
`登陆天数: 156天 / 1144天
等级: 130
石头: 618
呼符: 26
体力: 79116.95 / 138
友情点: 0 / 764225`
*連続ログイン2日目
※ログインが途切れるか、7日到達すると
1日目から再開されます*
`聖晶石 X 1
10月交換券(2023) X 1
`*ワンジナ・ワールドツアー！ ～大精霊と巡る世界一周～開幕記念 ログインボーナス*
*開催期間中、1日1回 最大21回ログインボーナスをプレゼント！*
`白銀の果実 X 1
`_2023-10-02 19:37:04_
--------
*1960c6c2468d480d10656e460ff945b7*
`登陆天数: 156天 / 1341天
等级: 129
石头: 4707
呼符: 162
体力: 98667.35 / 138
友情点: 110 / 272965`
*連続ログイン2日目
※ログインが途切れるか、7日到達すると
1日目から再開されます*
`聖晶石 X 1
10月交換券(2023) X 1
`*ワンジナ・ワールドツアー！ ～大精霊と巡る世界一周～開幕記念 ログインボーナス*
*開催期間中、1日1回 最大21回ログインボーナスをプレゼント！*
`白銀の果実 X 1
`_2023-10-02 19:37:12_
--------
*50e74030067f097de636fdb9ea0a5ce0*
`登陆天数: 156天 / 1346天
等级: 146
石头: 50
呼符: 0
体力: 129.08666666666667 / 141
友情点: 125 / 108350020`
*連続ログイン2日目
※ログインが途切れるか、7日到達すると
1日目から再開されます*
`聖晶石 X 1
10月交換券(2023) X 1
`*ワンジナ・ワールドツアー！ ～大精霊と巡る世界一周～開幕記念 ログインボーナス*
*開催期間中、1日1回 最大21回ログインボーナスをプレゼント！*
`白銀の果実 X 1
`_2023-10-02 19:37:20_
--------
*5aebed162c025149a9ac12d5ff9cf0d5*
`登陆天数: 156天 / 1177天
等级: 133
石头: 10
呼符: 0
体力: 72935.72333333333 / 139
友情点: 110 / 1481510`
*連続ログイン2日目
※ログインが途切れるか、7日到達すると
1日目から再開されます*
`聖晶石 X 1
10月交換券(2023) X 1
`*ワンジナ・ワールドツアー！ ～大精霊と巡る世界一周～開幕記念 ログインボーナス*
*開催期間中、1日1回 最大21回ログインボーナスをプレゼント！*
`白銀の果実 X 1
`_2023-10-02 19:37:29_
--------
*f5845d187badef24087ae9dd8a663e48*
`登陆天数: 197天 / 1435天
等级: 145
石头: 312
呼符: 6
体力: 105.6 / 141
友情点: 65 / 198226935`
*連続ログイン1日目
※ログインが途切れるか、7日到達すると
1日目から再開されます*
`フレンドポイント X 2000
10月交換券(2023) X 1
`*ワンジナ・ワールドツアー！ ～大精霊と巡る世界一周～開幕記念 ログインボーナス*
*開催期間中、1日1回 最大21回ログインボーナスをプレゼント！*
`白銀の果実 X 1
`_2023-10-02 19:37:37_
--------
