【登录信息】
*4624dcf84d19c7237daa9e3aa06ae38e*
`登陆天数: 157天 / 1145天
等级: 130
石头: 618
呼符: 26
体力: 79404.94 / 138
友情点: 0 / 764225`
*連続ログイン3日目
※ログインが途切れるか、7日到達すると
1日目から再開されます*
`叡智の業火 X 1
10月交換券(2023) X 1
`*ワンジナ・ワールドツアー！ ～大精霊と巡る世界一周～開幕記念 ログインボーナス*
*開催期間中、1日1回 最大21回ログインボーナスをプレゼント！*
`白銀の果実 X 1
`_2023-10-03 19:37:01_
--------
*1960c6c2468d480d10656e460ff945b7*
`登陆天数: 157天 / 1342天
等级: 129
石头: 4707
呼符: 162
体力: 98955.34 / 138
友情点: 60 / 273025`
*連続ログイン3日目
※ログインが途切れるか、7日到達すると
1日目から再開されます*
`叡智の業火 X 1
10月交換券(2023) X 1
`*ワンジナ・ワールドツアー！ ～大精霊と巡る世界一周～開幕記念 ログインボーナス*
*開催期間中、1日1回 最大21回ログインボーナスをプレゼント！*
`白銀の果実 X 1
`_2023-10-03 19:37:09_
--------
*50e74030067f097de636fdb9ea0a5ce0*
`登陆天数: 157天 / 1347天
等级: 146
石头: 50
呼符: 0
体力: 417.07666666666665 / 141
友情点: 60 / 108350080`
*連続ログイン3日目
※ログインが途切れるか、7日到達すると
1日目から再開されます*
`叡智の業火 X 1
10月交換券(2023) X 1
`*ワンジナ・ワールドツアー！ ～大精霊と巡る世界一周～開幕記念 ログインボーナス*
*開催期間中、1日1回 最大21回ログインボーナスをプレゼント！*
`白銀の果実 X 1
`_2023-10-03 19:37:17_
--------
*5aebed162c025149a9ac12d5ff9cf0d5*
`登陆天数: 157天 / 1178天
等级: 133
石头: 10
呼符: 0
体力: 73223.71333333333 / 139
友情点: 90 / 1481630`
*連続ログイン3日目
※ログインが途切れるか、7日到達すると
1日目から再開されます*
`叡智の業火 X 1
10月交換券(2023) X 1
`*ワンジナ・ワールドツアー！ ～大精霊と巡る世界一周～開幕記念 ログインボーナス*
*開催期間中、1日1回 最大21回ログインボーナスをプレゼント！*
`白銀の果実 X 1
`_2023-10-03 19:37:26_
--------
*f5845d187badef24087ae9dd8a663e48*
`登陆天数: 198天 / 1436天
等级: 145
石头: 328
呼符: 6
体力: 117.94666666666666 / 141
友情点: 115 / 198231425`
*連続ログイン2日目
※ログインが途切れるか、7日到達すると
1日目から再開されます*
`聖晶石 X 1
10月交換券(2023) X 1
`*ワンジナ・ワールドツアー！ ～大精霊と巡る世界一周～開幕記念 ログインボーナス*
*開催期間中、1日1回 最大21回ログインボーナスをプレゼント！*
`黄金の果実 X 1
`_2023-10-03 19:37:35_
--------
