【登录信息】
*4624dcf84d19c7237daa9e3aa06ae38e*
`登陆天数: 159天 / 1147天
等级: 130
石头: 618
呼符: 26
体力: 79980.89333333333 / 138
友情点: 0 / 764225`
*連続ログイン5日目
※ログインが途切れるか、7日到達すると
1日目から再開されます*
`叡智の業火 X 2
10月交換券(2023) X 1
`*ワンジナ・ワールドツアー！ ～大精霊と巡る世界一周～開幕記念 ログインボーナス*
*開催期間中、1日1回 最大21回ログインボーナスをプレゼント！*
`白銀の果実 X 1
`_2023-10-05 19:36:47_
--------
*1960c6c2468d480d10656e460ff945b7*
`登陆天数: 159天 / 1344天
等级: 129
石头: 4707
呼符: 162
体力: 99531.29666666666 / 138
友情点: 110 / 273265`
*連続ログイン5日目
※ログインが途切れるか、7日到達すると
1日目から再開されます*
`叡智の業火 X 2
10月交換券(2023) X 1
`*ワンジナ・ワールドツアー！ ～大精霊と巡る世界一周～開幕記念 ログインボーナス*
*開催期間中、1日1回 最大21回ログインボーナスをプレゼント！*
`白銀の果実 X 1
`_2023-10-05 19:36:56_
--------
*50e74030067f097de636fdb9ea0a5ce0*
`登陆天数: 159天 / 1349天
等级: 146
石头: 45
呼符: 0
体力: 250.51999999999998 / 141
友情点: 115 / 108349370`
*連続ログイン5日目
※ログインが途切れるか、7日到達すると
1日目から再開されます*
`叡智の業火 X 2
10月交換券(2023) X 1
`*ワンジナ・ワールドツアー！ ～大精霊と巡る世界一周～開幕記念 ログインボーナス*
*開催期間中、1日1回 最大21回ログインボーナスをプレゼント！*
`白銀の果実 X 1
`_2023-10-05 19:37:04_
--------
*5aebed162c025149a9ac12d5ff9cf0d5*
`登陆天数: 159天 / 1180天
等级: 133
石头: 10
呼符: 0
体力: 73799.67 / 139
友情点: 150 / 1481920`
*連続ログイン5日目
※ログインが途切れるか、7日到達すると
1日目から再開されます*
`叡智の業火 X 2
10月交換券(2023) X 1
`*ワンジナ・ワールドツアー！ ～大精霊と巡る世界一周～開幕記念 ログインボーナス*
*開催期間中、1日1回 最大21回ログインボーナスをプレゼント！*
`白銀の果実 X 1
`_2023-10-05 19:37:13_
--------
*f5845d187badef24087ae9dd8a663e48*
`登陆天数: 200天 / 1438天
等级: 145
石头: 328
呼符: 6
体力: 85.64 / 141
友情点: 60 / 198232765`
*連続ログイン4日目
※ログインが途切れるか、7日到達すると
1日目から再開されます*
`聖晶石 X 1
10月交換券(2023) X 1
`*ワンジナ・ワールドツアー！ ～大精霊と巡る世界一周～開幕記念 ログインボーナス*
*開催期間中、1日1回 最大21回ログインボーナスをプレゼント！*
`白銀の果実 X 1
`_2023-10-05 19:37:21_
--------
