【登录信息】
*4624dcf84d19c7237daa9e3aa06ae38e*
`登陆天数: 160天 / 1148天
等级: 130
石头: 618
呼符: 26
体力: 80268.95 / 138
友情点: 0 / 764225`
*連続ログイン6日目
※ログインが途切れるか、7日到達すると
1日目から再開されます*
`聖晶石 X 2
10月交換券(2023) X 1
`*ワンジナ・ワールドツアー！ ～大精霊と巡る世界一周～開幕記念 ログインボーナス*
*開催期間中、1日1回 最大21回ログインボーナスをプレゼント！*
`白銀の果実 X 1
`_2023-10-06 19:37:03_
--------
*1960c6c2468d480d10656e460ff945b7*
`登陆天数: 160天 / 1345天
等级: 129
石头: 4707
呼符: 162
体力: 99819.35 / 138
友情点: 210 / 273475`
*連続ログイン6日目
※ログインが途切れるか、7日到達すると
1日目から再開されます*
`聖晶石 X 2
10月交換券(2023) X 1
`*ワンジナ・ワールドツアー！ ～大精霊と巡る世界一周～開幕記念 ログインボーナス*
*開催期間中、1日1回 最大21回ログインボーナスをプレゼント！*
`白銀の果実 X 1
`_2023-10-06 19:37:12_
--------
*50e74030067f097de636fdb9ea0a5ce0*
`登陆天数: 160天 / 1350天
等级: 146
石头: 45
呼符: 0
体力: 290.17333333333335 / 141
友情点: 115 / 108349755`
*連続ログイン6日目
※ログインが途切れるか、7日到達すると
1日目から再開されます*
`聖晶石 X 2
10月交換券(2023) X 1
`*ワンジナ・ワールドツアー！ ～大精霊と巡る世界一周～開幕記念 ログインボーナス*
*開催期間中、1日1回 最大21回ログインボーナスをプレゼント！*
`白銀の果実 X 1
`_2023-10-06 19:37:20_
--------
*5aebed162c025149a9ac12d5ff9cf0d5*
`登陆天数: 160天 / 1181天
等级: 133
石头: 10
呼符: 0
体力: 74087.72666666667 / 139
友情点: 200 / 1482320`
*連続ログイン6日目
※ログインが途切れるか、7日到達すると
1日目から再開されます*
`聖晶石 X 2
10月交換券(2023) X 1
`*ワンジナ・ワールドツアー！ ～大精霊と巡る世界一周～開幕記念 ログインボーナス*
*開催期間中、1日1回 最大21回ログインボーナスをプレゼント！*
`白銀の果実 X 1
`_2023-10-06 19:37:30_
--------
*f5845d187badef24087ae9dd8a663e48*
`登陆天数: 201天 / 1439天
等级: 145
石头: 331
呼符: 6
体力: 253.7 / 141
友情点: 95 / 198233290`
*連続ログイン5日目
※ログインが途切れるか、7日到達すると
1日目から再開されます*
`叡智の業火 X 2
10月交換券(2023) X 1
`*ワンジナ・ワールドツアー！ ～大精霊と巡る世界一周～開幕記念 ログインボーナス*
*開催期間中、1日1回 最大21回ログインボーナスをプレゼント！*
`白銀の果実 X 1
`_2023-10-06 19:37:38_
--------
