【登录信息】
*4624dcf84d19c7237daa9e3aa06ae38e*
`登陆天数: 161天 / 1149天
等级: 130
石头: 618
呼符: 26
体力: 80556.93666666666 / 138
友情点: 0 / 764225`
*連続ログイン7日間到達おめでとうございます！
明日は1日目からリスタートされます。*
`獣の足跡 X 1
呼符 X 1
10月交換券(2023) X 1
`*ワンジナ・ワールドツアー！ ～大精霊と巡る世界一周～開幕記念 ログインボーナス*
*開催期間中、1日1回 最大21回ログインボーナスをプレゼント！*
`白銀の果実 X 1
`_2023-10-07 19:37:00_
--------
*1960c6c2468d480d10656e460ff945b7*
`登陆天数: 161天 / 1346天
等级: 129
石头: 4707
呼符: 162
体力: 100107.34 / 138
友情点: 90 / 273795`
*連続ログイン7日間到達おめでとうございます！
明日は1日目からリスタートされます。*
`獣の足跡 X 1
呼符 X 1
10月交換券(2023) X 1
`*ワンジナ・ワールドツアー！ ～大精霊と巡る世界一周～開幕記念 ログインボーナス*
*開催期間中、1日1回 最大21回ログインボーナスをプレゼント！*
`白銀の果実 X 1
`_2023-10-07 19:37:09_
--------
*50e74030067f097de636fdb9ea0a5ce0*
`登陆天数: 161天 / 1351天
等级: 146
石头: 41
呼符: 0
体力: 286.43333333333334 / 141
友情点: 185 / 108350145`
*連続ログイン7日間到達おめでとうございます！
明日は1日目からリスタートされます。*
`獣の足跡 X 1
呼符 X 1
10月交換券(2023) X 1
`*ワンジナ・ワールドツアー！ ～大精霊と巡る世界一周～開幕記念 ログインボーナス*
*開催期間中、1日1回 最大21回ログインボーナスをプレゼント！*
`白銀の果実 X 1
`_2023-10-07 19:37:17_
--------
*5aebed162c025149a9ac12d5ff9cf0d5*
`登陆天数: 161天 / 1182天
等级: 133
石头: 10
呼符: 0
体力: 74375.71333333333 / 139
友情点: 80 / 1482400`
*連続ログイン7日間到達おめでとうございます！
明日は1日目からリスタートされます。*
`獣の足跡 X 1
呼符 X 1
10月交換券(2023) X 1
`*ワンジナ・ワールドツアー！ ～大精霊と巡る世界一周～開幕記念 ログインボーナス*
*開催期間中、1日1回 最大21回ログインボーナスをプレゼント！*
`白銀の果実 X 1
`_2023-10-07 19:37:26_
--------
*f5845d187badef24087ae9dd8a663e48*
`登陆天数: 202天 / 1440天
等级: 145
石头: 332
呼符: 6
体力: 102.36 / 141
友情点: 20 / 198233795`
*連続ログイン6日目
※ログインが途切れるか、7日到達すると
1日目から再開されます*
`聖晶石 X 2
10月交換券(2023) X 1
`*ワンジナ・ワールドツアー！ ～大精霊と巡る世界一周～開幕記念 ログインボーナス*
*開催期間中、1日1回 最大21回ログインボーナスをプレゼント！*
`白銀の果実 X 1
`_2023-10-07 19:37:35_
--------
