【登录信息】
*4624dcf84d19c7237daa9e3aa06ae38e*
`登陆天数: 162天 / 1150天
等级: 130
石头: 618
呼符: 26
体力: 80844.94 / 138
友情点: 0 / 764225`
*連続ログイン1日目
※ログインが途切れるか、7日到達すると
1日目から再開されます*
`フレンドポイント X 2000
10月交換券(2023) X 1
`*ワンジナ・ワールドツアー！ ～大精霊と巡る世界一周～開幕記念 ログインボーナス*
*開催期間中、1日1回 最大21回ログインボーナスをプレゼント！*
`白銀の果実 X 1
`_2023-10-08 19:37:00_
--------
*1960c6c2468d480d10656e460ff945b7*
`登陆天数: 162天 / 1347天
等级: 129
石头: 4707
呼符: 162
体力: 100395.34 / 138
友情点: 50 / 273855`
*連続ログイン1日目
※ログインが途切れるか、7日到達すると
1日目から再開されます*
`フレンドポイント X 2000
10月交換券(2023) X 1
`*ワンジナ・ワールドツアー！ ～大精霊と巡る世界一周～開幕記念 ログインボーナス*
*開催期間中、1日1回 最大21回ログインボーナスをプレゼント！*
`白銀の果実 X 1
`_2023-10-08 19:37:09_
--------
*50e74030067f097de636fdb9ea0a5ce0*
`登陆天数: 162天 / 1352天
等级: 146
石头: 42
呼符: 0
体力: 81.88 / 141
友情点: 145 / 108343000`
*連続ログイン1日目
※ログインが途切れるか、7日到達すると
1日目から再開されます*
`フレンドポイント X 2000
10月交換券(2023) X 1
`*ワンジナ・ワールドツアー！ ～大精霊と巡る世界一周～開幕記念 ログインボーナス*
*開催期間中、1日1回 最大21回ログインボーナスをプレゼント！*
`白銀の果実 X 1
`_2023-10-08 19:37:18_
--------
*5aebed162c025149a9ac12d5ff9cf0d5*
`登陆天数: 162天 / 1183天
等级: 133
石头: 10
呼符: 0
体力: 74663.71666666666 / 139
友情点: 90 / 1482510`
*連続ログイン1日目
※ログインが途切れるか、7日到達すると
1日目から再開されます*
`フレンドポイント X 2000
10月交換券(2023) X 1
`*ワンジナ・ワールドツアー！ ～大精霊と巡る世界一周～開幕記念 ログインボーナス*
*開催期間中、1日1回 最大21回ログインボーナスをプレゼント！*
`白銀の果実 X 1
`_2023-10-08 19:37:27_
--------
*f5845d187badef24087ae9dd8a663e48*
`登陆天数: 203天 / 1441天
等级: 145
石头: 331
呼符: 6
体力: 262.94666666666666 / 141
友情点: 105 / 198234420`
*連続ログイン7日間到達おめでとうございます！
明日は1日目からリスタートされます。*
`獣の足跡 X 1
呼符 X 1
10月交換券(2023) X 1
`*ワンジナ・ワールドツアー！ ～大精霊と巡る世界一周～開幕記念 ログインボーナス*
*開催期間中、1日1回 最大21回ログインボーナスをプレゼント！*
`白銀の果実 X 1
`_2023-10-08 19:37:36_
--------
