【登录信息】
*4624dcf84d19c7237daa9e3aa06ae38e*
`登陆天数: 163天 / 1151天
等级: 130
石头: 618
呼符: 26
体力: 81132.92 / 138
友情点: 0 / 764225`
*連続ログイン2日目
※ログインが途切れるか、7日到達すると
1日目から再開されます*
`聖晶石 X 1
10月交換券(2023) X 1
`*ワンジナ・ワールドツアー！ ～大精霊と巡る世界一周～開幕記念 ログインボーナス*
*開催期間中、1日1回 最大21回ログインボーナスをプレゼント！*
`白銀の果実 X 1
`_2023-10-09 19:36:54_
--------
*1960c6c2468d480d10656e460ff945b7*
`登陆天数: 163天 / 1348天
等级: 129
石头: 4707
呼符: 162
体力: 100683.32 / 138
友情点: 80 / 273935`
*連続ログイン2日目
※ログインが途切れるか、7日到達すると
1日目から再開されます*
`聖晶石 X 1
10月交換券(2023) X 1
`*ワンジナ・ワールドツアー！ ～大精霊と巡る世界一周～開幕記念 ログインボーナス*
*開催期間中、1日1回 最大21回ログインボーナスをプレゼント！*
`白銀の果実 X 1
`_2023-10-09 19:37:03_
--------
*50e74030067f097de636fdb9ea0a5ce0*
`登陆天数: 163天 / 1353天
等级: 146
石头: 42
呼符: 0
体力: 34.88666666666667 / 141
友情点: 505 / 108346120`
*連続ログイン2日目
※ログインが途切れるか、7日到達すると
1日目から再開されます*
`聖晶石 X 1
10月交換券(2023) X 1
`*ワンジナ・ワールドツアー！ ～大精霊と巡る世界一周～開幕記念 ログインボーナス*
*開催期間中、1日1回 最大21回ログインボーナスをプレゼント！*
`白銀の果実 X 1
`_2023-10-09 19:37:11_
--------
*5aebed162c025149a9ac12d5ff9cf0d5*
`登陆天数: 163天 / 1184天
等级: 133
石头: 10
呼符: 0
体力: 74951.69666666667 / 139
友情点: 120 / 1482630`
*連続ログイン2日目
※ログインが途切れるか、7日到達すると
1日目から再開されます*
`聖晶石 X 1
10月交換券(2023) X 1
`*ワンジナ・ワールドツアー！ ～大精霊と巡る世界一周～開幕記念 ログインボーナス*
*開催期間中、1日1回 最大21回ログインボーナスをプレゼント！*
`白銀の果実 X 1
`_2023-10-09 19:37:20_
--------
*f5845d187badef24087ae9dd8a663e48*
`登陆天数: 204天 / 1442天
等级: 145
石头: 333
呼符: 7
体力: 259.7366666666667 / 141
友情点: 295 / 198235030`
*連続ログイン1日目
※ログインが途切れるか、7日到達すると
1日目から再開されます*
`フレンドポイント X 2000
10月交換券(2023) X 1
`*ワンジナ・ワールドツアー！ ～大精霊と巡る世界一周～開幕記念 ログインボーナス*
*開催期間中、1日1回 最大21回ログインボーナスをプレゼント！*
`白銀の果実 X 1
`_2023-10-09 19:37:29_
--------
