【登录信息】
*4624dcf84d19c7237daa9e3aa06ae38e*
`登陆天数: 164天 / 1152天
等级: 130
石头: 618
呼符: 26
体力: 81420.88 / 138
友情点: 0 / 764225`
*連続ログイン3日目
※ログインが途切れるか、7日到達すると
1日目から再開されます*
`叡智の業火 X 1
10月交換券(2023) X 1
`*ワンジナ・ワールドツアー！ ～大精霊と巡る世界一周～開幕記念 ログインボーナス*
*開催期間中、1日1回 最大21回ログインボーナスをプレゼント！*
`白銀の果実 X 1
`_2023-10-10 19:36:43_
--------
*1960c6c2468d480d10656e460ff945b7*
`登陆天数: 164天 / 1349天
等级: 129
石头: 4707
呼符: 162
体力: 100971.28333333334 / 138
友情点: 30 / 273965`
*連続ログイン3日目
※ログインが途切れるか、7日到達すると
1日目から再開されます*
`叡智の業火 X 1
10月交換券(2023) X 1
`*ワンジナ・ワールドツアー！ ～大精霊と巡る世界一周～開幕記念 ログインボーナス*
*開催期間中、1日1回 最大21回ログインボーナスをプレゼント！*
`白銀の果実 X 1
`_2023-10-10 19:36:52_
--------
*50e74030067f097de636fdb9ea0a5ce0*
`登陆天数: 164天 / 1354天
等级: 146
石头: 42
呼符: 0
体力: 322.85 / 141
友情点: 290 / 108346410`
*連続ログイン3日目
※ログインが途切れるか、7日到達すると
1日目から再開されます*
`叡智の業火 X 1
10月交換券(2023) X 1
`*ワンジナ・ワールドツアー！ ～大精霊と巡る世界一周～開幕記念 ログインボーナス*
*開催期間中、1日1回 最大21回ログインボーナスをプレゼント！*
`白銀の果実 X 1
`_2023-10-10 19:37:00_
--------
*5aebed162c025149a9ac12d5ff9cf0d5*
`登陆天数: 164天 / 1185天
等级: 133
石头: 10
呼符: 0
体力: 75239.66 / 139
友情点: 40 / 1482670`
*連続ログイン3日目
※ログインが途切れるか、7日到達すると
1日目から再開されます*
`叡智の業火 X 1
10月交換券(2023) X 1
`*ワンジナ・ワールドツアー！ ～大精霊と巡る世界一周～開幕記念 ログインボーナス*
*開催期間中、1日1回 最大21回ログインボーナスをプレゼント！*
`白銀の果実 X 1
`_2023-10-10 19:37:09_
--------
*f5845d187badef24087ae9dd8a663e48*
`登陆天数: 205天 / 1443天
等级: 145
石头: 334
呼符: 7
体力: 266.4 / 141
友情点: 125 / 198235520`
*連続ログイン2日目
※ログインが途切れるか、7日到達すると
1日目から再開されます*
`聖晶石 X 1
10月交換券(2023) X 1
`_2023-10-10 19:37:18_
--------
