【登录信息】
*4624dcf84d19c7237daa9e3aa06ae38e*
`登陆天数: 165天 / 1153天
等级: 130
石头: 618
呼符: 26
体力: 81708.94 / 138
友情点: 0 / 764225`
*連続ログイン4日目
※ログインが途切れるか、7日到達すると
1日目から再開されます*
`聖晶石 X 1
10月交換券(2023) X 1
`*日替りログインボーナス*
*開催期間中、1日1回 2週間日替りでログインボーナスをプレゼント！*
`巡霊の葉 X 30
`_2023-10-11 19:37:00_
--------
*1960c6c2468d480d10656e460ff945b7*
`登陆天数: 165天 / 1350天
等级: 129
石头: 4707
呼符: 162
体力: 101259.34 / 138
友情点: 180 / 274145`
*連続ログイン4日目
※ログインが途切れるか、7日到達すると
1日目から再開されます*
`聖晶石 X 1
10月交換券(2023) X 1
`*日替りログインボーナス*
*開催期間中、1日1回 2週間日替りでログインボーナスをプレゼント！*
`巡霊の葉 X 30
`_2023-10-11 19:37:09_
--------
*50e74030067f097de636fdb9ea0a5ce0*
`登陆天数: 165天 / 1355天
等级: 146
石头: 43
呼符: 0
体力: 368.4533333333334 / 141
友情点: 610 / 108348235`
*連続ログイン4日目
※ログインが途切れるか、7日到達すると
1日目から再開されます*
`聖晶石 X 1
10月交換券(2023) X 1
`*日替りログインボーナス*
*開催期間中、1日1回 2週間日替りでログインボーナスをプレゼント！*
`巡霊の葉 X 30
`_2023-10-11 19:37:17_
--------
*5aebed162c025149a9ac12d5ff9cf0d5*
`登陆天数: 165天 / 1186天
等级: 133
石头: 10
呼符: 0
体力: 75527.71666666666 / 139
友情点: 130 / 1482800`
*連続ログイン4日目
※ログインが途切れるか、7日到達すると
1日目から再開されます*
`聖晶石 X 1
10月交換券(2023) X 1
`*日替りログインボーナス*
*開催期間中、1日1回 2週間日替りでログインボーナスをプレゼント！*
`巡霊の葉 X 30
`_2023-10-11 19:37:26_
--------
*f5845d187badef24087ae9dd8a663e48*
`登陆天数: 206天 / 1444天
等级: 146
石头: 336
呼符: 7
体力: 238.30333333333334 / 141
友情点: 10 / 198240115`
*連続ログイン3日目
※ログインが途切れるか、7日到達すると
1日目から再開されます*
`叡智の業火 X 1
10月交換券(2023) X 1
`*日替りログインボーナス*
*開催期間中、1日1回 2週間日替りでログインボーナスをプレゼント！*
`巡霊の葉 X 30
`_2023-10-11 19:37:35_
--------
