【登录信息】
*4624dcf84d19c7237daa9e3aa06ae38e*
`登陆天数: 166天 / 1154天
等级: 130
石头: 618
呼符: 26
体力: 81996.92333333334 / 138
友情点: 0 / 764225`
*連続ログイン5日目
※ログインが途切れるか、7日到達すると
1日目から再開されます*
`叡智の業火 X 2
10月交換券(2023) X 1
`*日替りログインボーナス*
*開催期間中、1日1回 2週間日替りでログインボーナスをプレゼント！*
`巡霊の葉 X 30
`_2023-10-12 19:36:56_
--------
*1960c6c2468d480d10656e460ff945b7*
`登陆天数: 166天 / 1351天
等级: 129
石头: 4707
呼符: 162
体力: 101547.32666666666 / 138
友情点: 120 / 274265`
*連続ログイン5日目
※ログインが途切れるか、7日到達すると
1日目から再開されます*
`叡智の業火 X 2
10月交換券(2023) X 1
`*日替りログインボーナス*
*開催期間中、1日1回 2週間日替りでログインボーナスをプレゼント！*
`巡霊の葉 X 30
`_2023-10-12 19:37:05_
--------
*50e74030067f097de636fdb9ea0a5ce0*
`登陆天数: 166天 / 1356天
等级: 146
石头: 54
呼符: 0
体力: 305.56666666666666 / 141
友情点: 195 / 108348440`
*連続ログイン5日目
※ログインが途切れるか、7日到達すると
1日目から再開されます*
`叡智の業火 X 2
10月交換券(2023) X 1
`*日替りログインボーナス*
*開催期間中、1日1回 2週間日替りでログインボーナスをプレゼント！*
`巡霊の葉 X 30
`_2023-10-12 19:37:14_
--------
*5aebed162c025149a9ac12d5ff9cf0d5*
`登陆天数: 166天 / 1187天
等级: 133
石头: 10
呼符: 0
体力: 75815.70333333334 / 139
友情点: 80 / 1482880`
*連続ログイン5日目
※ログインが途切れるか、7日到達すると
1日目から再開されます*
`叡智の業火 X 2
10月交換券(2023) X 1
`*日替りログインボーナス*
*開催期間中、1日1回 2週間日替りでログインボーナスをプレゼント！*
`巡霊の葉 X 30
`_2023-10-12 19:37:23_
--------
*f5845d187badef24087ae9dd8a663e48*
`登陆天数: 207天 / 1445天
等级: 146
石头: 336
呼符: 7
体力: 526.2933333333333 / 141
友情点: 120 / 198240275`
*連続ログイン4日目
※ログインが途切れるか、7日到達すると
1日目から再開されます*
`聖晶石 X 1
10月交換券(2023) X 1
`*日替りログインボーナス*
*開催期間中、1日1回 2週間日替りでログインボーナスをプレゼント！*
`巡霊の葉 X 30
`_2023-10-12 19:37:32_
--------
