【登录信息】
*4624dcf84d19c7237daa9e3aa06ae38e*
`登陆天数: 167天 / 1155天
等级: 130
石头: 618
呼符: 26
体力: 82284.94666666667 / 138
友情点: 0 / 764225`
*連続ログイン6日目
※ログインが途切れるか、7日到達すると
1日目から再開されます*
`聖晶石 X 2
10月交換券(2023) X 1
`*日替りログインボーナス*
*開催期間中、1日1回 2週間日替りでログインボーナスをプレゼント！*
`聖晶石 X 2
巡霊の葉 X 100
`_2023-10-13 19:37:03_
--------
*1960c6c2468d480d10656e460ff945b7*
`登陆天数: 167天 / 1352天
等级: 129
石头: 4707
呼符: 162
体力: 101835.35 / 138
友情点: 80 / 274355`
*連続ログイン6日目
※ログインが途切れるか、7日到達すると
1日目から再開されます*
`聖晶石 X 2
10月交換券(2023) X 1
`*日替りログインボーナス*
*開催期間中、1日1回 2週間日替りでログインボーナスをプレゼント！*
`聖晶石 X 2
巡霊の葉 X 100
`_2023-10-13 19:37:12_
--------
*50e74030067f097de636fdb9ea0a5ce0*
`登陆天数: 167天 / 1357天
等级: 146
石头: 68
呼符: 0
体力: 273.44 / 141
友情点: 550 / 108349300`
*連続ログイン6日目
※ログインが途切れるか、7日到達すると
1日目から再開されます*
`聖晶石 X 2
10月交換券(2023) X 1
`*日替りログインボーナス*
*開催期間中、1日1回 2週間日替りでログインボーナスをプレゼント！*
`聖晶石 X 2
巡霊の葉 X 100
`_2023-10-13 19:37:21_
--------
*5aebed162c025149a9ac12d5ff9cf0d5*
`登陆天数: 167天 / 1188天
等级: 133
石头: 10
呼符: 0
体力: 76103.73 / 139
友情点: 60 / 1482940`
*連続ログイン6日目
※ログインが途切れるか、7日到達すると
1日目から再開されます*
`聖晶石 X 2
10月交換券(2023) X 1
`*日替りログインボーナス*
*開催期間中、1日1回 2週間日替りでログインボーナスをプレゼント！*
`聖晶石 X 2
巡霊の葉 X 100
`_2023-10-13 19:37:31_
--------
*f5845d187badef24087ae9dd8a663e48*
`登陆天数: 208天 / 1446天
等级: 146
石头: 341
呼符: 7
体力: 268.08 / 141
友情点: 105 / 198240665`
*連続ログイン5日目
※ログインが途切れるか、7日到達すると
1日目から再開されます*
`叡智の業火 X 2
10月交換券(2023) X 1
`*日替りログインボーナス*
*開催期間中、1日1回 2週間日替りでログインボーナスをプレゼント！*
`聖晶石 X 2
巡霊の葉 X 100
`_2023-10-13 19:37:40_
--------
