【登录信息】
*4624dcf84d19c7237daa9e3aa06ae38e*
`登陆天数: 168天 / 1156天
等级: 130
石头: 618
呼符: 26
体力: 82572.93666666666 / 138
友情点: 0 / 764225`
*連続ログイン7日間到達おめでとうございます！
明日は1日目からリスタートされます。*
`獣の足跡 X 1
呼符 X 1
10月交換券(2023) X 1
`*リリース3000日突破キャンペーン 初回ログインボーナス*
*開催期間中、初回ログインで「聖晶石×10」をプレゼント！*
`聖晶石 X 10
`_2023-10-14 19:37:00_
--------
*1960c6c2468d480d10656e460ff945b7*
`登陆天数: 168天 / 1353天
等级: 129
石头: 4707
呼符: 162
体力: 102123.34 / 138
友情点: 150 / 275105`
*連続ログイン7日間到達おめでとうございます！
明日は1日目からリスタートされます。*
`獣の足跡 X 1
呼符 X 1
10月交換券(2023) X 1
`*リリース3000日突破キャンペーン 初回ログインボーナス*
*開催期間中、初回ログインで「聖晶石×10」をプレゼント！*
`聖晶石 X 10
`_2023-10-14 19:37:09_
--------
*50e74030067f097de636fdb9ea0a5ce0*
`登陆天数: 168天 / 1358天
等级: 146
石头: 77
呼符: 1
体力: 277.60333333333335 / 141
友情点: 320 / 108350255`
*連続ログイン7日間到達おめでとうございます！
明日は1日目からリスタートされます。*
`獣の足跡 X 1
呼符 X 1
10月交換券(2023) X 1
`*リリース3000日突破キャンペーン 初回ログインボーナス*
*開催期間中、初回ログインで「聖晶石×10」をプレゼント！*
`聖晶石 X 10
`_2023-10-14 19:37:18_
--------
*5aebed162c025149a9ac12d5ff9cf0d5*
`登陆天数: 168天 / 1189天
等级: 133
石头: 10
呼符: 0
体力: 76391.71666666666 / 139
友情点: 150 / 1483090`
*連続ログイン7日間到達おめでとうございます！
明日は1日目からリスタートされます。*
`獣の足跡 X 1
呼符 X 1
10月交換券(2023) X 1
`*リリース3000日突破キャンペーン 初回ログインボーナス*
*開催期間中、初回ログインで「聖晶石×10」をプレゼント！*
`聖晶石 X 10
`_2023-10-14 19:37:27_
--------
*f5845d187badef24087ae9dd8a663e48*
`登陆天数: 209天 / 1447天
等级: 146
石头: 341
呼符: 7
体力: 556.0633333333333 / 141
友情点: 230 / 198240895`
*連続ログイン6日目
※ログインが途切れるか、7日到達すると
1日目から再開されます*
`聖晶石 X 2
10月交換券(2023) X 1
`*リリース3000日突破キャンペーン 初回ログインボーナス*
*開催期間中、初回ログインで「聖晶石×10」をプレゼント！*
`聖晶石 X 10
`_2023-10-14 19:37:36_
--------
