【登录信息】
*4624dcf84d19c7237daa9e3aa06ae38e*
`登陆天数: 169天 / 1157天
等级: 130
石头: 618
呼符: 26
体力: 82860.97 / 138
友情点: 0 / 764225`
*連続ログイン1日目
※ログインが途切れるか、7日到達すると
1日目から再開されます*
`フレンドポイント X 2000
10月交換券(2023) X 1
`*日替りログインボーナス*
*開催期間中、1日1回 2週間日替りでログインボーナスをプレゼント！*
`巡霊の葉 X 30
`_2023-10-15 19:37:10_
--------
*1960c6c2468d480d10656e460ff945b7*
`登陆天数: 169天 / 1354天
等级: 129
石头: 4707
呼符: 162
体力: 102411.37333333334 / 138
友情点: 80 / 275185`
*連続ログイン1日目
※ログインが途切れるか、7日到達すると
1日目から再開されます*
`フレンドポイント X 2000
10月交換券(2023) X 1
`*日替りログインボーナス*
*開催期間中、1日1回 2週間日替りでログインボーナスをプレゼント！*
`巡霊の葉 X 30
`_2023-10-15 19:37:19_
--------
*50e74030067f097de636fdb9ea0a5ce0*
`登陆天数: 169天 / 1359天
等级: 146
石头: 88
呼符: 2
体力: 252.96666666666667 / 141
友情点: 250 / 108350680`
*連続ログイン1日目
※ログインが途切れるか、7日到達すると
1日目から再開されます*
`フレンドポイント X 2000
10月交換券(2023) X 1
`*日替りログインボーナス*
*開催期間中、1日1回 2週間日替りでログインボーナスをプレゼント！*
`巡霊の葉 X 30
`_2023-10-15 19:37:27_
--------
*5aebed162c025149a9ac12d5ff9cf0d5*
`登陆天数: 169天 / 1190天
等级: 133
石头: 10
呼符: 0
体力: 76679.74666666667 / 139
友情点: 110 / 1483200`
*連続ログイン1日目
※ログインが途切れるか、7日到達すると
1日目から再開されます*
`フレンドポイント X 2000
10月交換券(2023) X 1
`*日替りログインボーナス*
*開催期間中、1日1回 2週間日替りでログインボーナスをプレゼント！*
`巡霊の葉 X 30
`_2023-10-15 19:37:36_
--------
*f5845d187badef24087ae9dd8a663e48*
`登陆天数: 210天 / 1448天
等级: 146
石头: 396
呼符: 7
体力: 84.50666666666666 / 141
友情点: 120 / 198242070`
*連続ログイン7日間到達おめでとうございます！
明日は1日目からリスタートされます。*
`獣の足跡 X 1
呼符 X 1
10月交換券(2023) X 1
`*日替りログインボーナス*
*開催期間中、1日1回 2週間日替りでログインボーナスをプレゼント！*
`巡霊の葉 X 30
`_2023-10-15 19:37:44_
--------
