【登录信息】
*4624dcf84d19c7237daa9e3aa06ae38e*
`登陆天数: 170天 / 1158天
等级: 130
石头: 618
呼符: 26
体力: 83148.89 / 138
友情点: 0 / 764225`
*連続ログイン2日目
※ログインが途切れるか、7日到達すると
1日目から再開されます*
`聖晶石 X 1
10月交換券(2023) X 1
`*日替りログインボーナス*
*開催期間中、1日1回 2週間日替りでログインボーナスをプレゼント！*
`巡霊の葉 X 30
`_2023-10-16 19:36:45_
--------
*1960c6c2468d480d10656e460ff945b7*
`登陆天数: 170天 / 1355天
等级: 129
石头: 4707
呼符: 162
体力: 102699.29 / 138
友情点: 120 / 275305`
*連続ログイン2日目
※ログインが途切れるか、7日到達すると
1日目から再開されます*
`聖晶石 X 1
10月交換券(2023) X 1
`*日替りログインボーナス*
*開催期間中、1日1回 2週間日替りでログインボーナスをプレゼント！*
`巡霊の葉 X 30
`_2023-10-16 19:36:54_
--------
*50e74030067f097de636fdb9ea0a5ce0*
`登陆天数: 170天 / 1360天
等级: 146
石头: 124
呼符: 2
体力: 271.56333333333333 / 141
友情点: 155 / 108353320`
*連続ログイン2日目
※ログインが途切れるか、7日到達すると
1日目から再開されます*
`聖晶石 X 1
10月交換券(2023) X 1
`*日替りログインボーナス*
*開催期間中、1日1回 2週間日替りでログインボーナスをプレゼント！*
`巡霊の葉 X 30
`_2023-10-16 19:37:03_
--------
*5aebed162c025149a9ac12d5ff9cf0d5*
`登陆天数: 170天 / 1191天
等级: 133
石头: 10
呼符: 0
体力: 76967.66666666667 / 139
友情点: 110 / 1483310`
*連続ログイン2日目
※ログインが途切れるか、7日到達すると
1日目から再開されます*
`聖晶石 X 1
10月交換券(2023) X 1
`*日替りログインボーナス*
*開催期間中、1日1回 2週間日替りでログインボーナスをプレゼント！*
`巡霊の葉 X 30
`_2023-10-16 19:37:12_
--------
*f5845d187badef24087ae9dd8a663e48*
`登陆天数: 211天 / 1449天
等级: 146
石头: 396
呼符: 9
体力: 64.68 / 141
友情点: 185 / 198242720`
*連続ログイン1日目
※ログインが途切れるか、7日到達すると
1日目から再開されます*
`フレンドポイント X 2000
10月交換券(2023) X 1
`*日替りログインボーナス*
*開催期間中、1日1回 2週間日替りでログインボーナスをプレゼント！*
`巡霊の葉 X 30
`_2023-10-16 19:37:21_
--------
