【登录信息】
*4624dcf84d19c7237daa9e3aa06ae38e*
`登陆天数: 171天 / 1159天
等级: 130
石头: 618
呼符: 26
体力: 83436.88 / 138
友情点: 0 / 764225`
*連続ログイン3日目
※ログインが途切れるか、7日到達すると
1日目から再開されます*
`叡智の業火 X 1
10月交換券(2023) X 1
`*日替りログインボーナス*
*開催期間中、1日1回 2週間日替りでログインボーナスをプレゼント！*
`聖晶石 X 3
巡霊の葉 X 50
`_2023-10-17 19:36:42_
--------
*1960c6c2468d480d10656e460ff945b7*
`登陆天数: 171天 / 1356天
等级: 129
石头: 4707
呼符: 162
体力: 102987.28 / 138
友情点: 30 / 275335`
*連続ログイン3日目
※ログインが途切れるか、7日到達すると
1日目から再開されます*
`叡智の業火 X 1
10月交換券(2023) X 1
`*日替りログインボーナス*
*開催期間中、1日1回 2週間日替りでログインボーナスをプレゼント！*
`聖晶石 X 3
巡霊の葉 X 50
`_2023-10-17 19:36:51_
--------
*50e74030067f097de636fdb9ea0a5ce0*
`登陆天数: 171天 / 1361天
等级: 146
石头: 131
呼符: 2
体力: 273.13 / 141
友情点: 240 / 108354285`
*連続ログイン3日目
※ログインが途切れるか、7日到達すると
1日目から再開されます*
`叡智の業火 X 1
10月交換券(2023) X 1
`*日替りログインボーナス*
*開催期間中、1日1回 2週間日替りでログインボーナスをプレゼント！*
`聖晶石 X 3
巡霊の葉 X 50
`_2023-10-17 19:36:59_
--------
*5aebed162c025149a9ac12d5ff9cf0d5*
`登陆天数: 171天 / 1192天
等级: 133
石头: 10
呼符: 0
体力: 77255.65333333334 / 139
友情点: 70 / 1483380`
*連続ログイン3日目
※ログインが途切れるか、7日到達すると
1日目から再開されます*
`叡智の業火 X 1
10月交換券(2023) X 1
`*日替りログインボーナス*
*開催期間中、1日1回 2週間日替りでログインボーナスをプレゼント！*
`聖晶石 X 3
巡霊の葉 X 50
`_2023-10-17 19:37:08_
--------
*f5845d187badef24087ae9dd8a663e48*
`登陆天数: 212天 / 1450天
等级: 146
石头: 411
呼符: 9
体力: 68.08666666666667 / 141
友情点: 130 / 198245260`
*連続ログイン2日目
※ログインが途切れるか、7日到達すると
1日目から再開されます*
`聖晶石 X 1
10月交換券(2023) X 1
`*日替りログインボーナス*
*開催期間中、1日1回 2週間日替りでログインボーナスをプレゼント！*
`聖晶石 X 3
巡霊の葉 X 50
`_2023-10-17 19:37:16_
--------
