【登录信息】
*4624dcf84d19c7237daa9e3aa06ae38e*
`登陆天数: 172天 / 1160天
等级: 130
石头: 618
呼符: 26
体力: 83724.93333333333 / 138
友情点: 0 / 764225`
*連続ログイン4日目
※ログインが途切れるか、7日到達すると
1日目から再開されます*
`聖晶石 X 1
10月交換券(2023) X 1
`*日替りログインボーナス*
*開催期間中、1日1回 2週間日替りでログインボーナスをプレゼント！*
`巡霊の葉 X 30
`_2023-10-18 19:36:59_
--------
*1960c6c2468d480d10656e460ff945b7*
`登陆天数: 172天 / 1357天
等级: 129
石头: 4707
呼符: 162
体力: 103275.33333333333 / 138
友情点: 290 / 275625`
*連続ログイン4日目
※ログインが途切れるか、7日到達すると
1日目から再開されます*
`聖晶石 X 1
10月交換券(2023) X 1
`*日替りログインボーナス*
*開催期間中、1日1回 2週間日替りでログインボーナスをプレゼント！*
`巡霊の葉 X 30
`_2023-10-18 19:37:07_
--------
*50e74030067f097de636fdb9ea0a5ce0*
`登陆天数: 172天 / 1362天
等级: 146
石头: 131
呼符: 2
体力: 561.1833333333334 / 141
友情点: 425 / 108354710`
*連続ログイン4日目
※ログインが途切れるか、7日到達すると
1日目から再開されます*
`聖晶石 X 1
10月交換券(2023) X 1
`*日替りログインボーナス*
*開催期間中、1日1回 2週間日替りでログインボーナスをプレゼント！*
`巡霊の葉 X 30
`_2023-10-18 19:37:16_
--------
*5aebed162c025149a9ac12d5ff9cf0d5*
`登陆天数: 172天 / 1193天
等级: 133
石头: 10
呼符: 0
体力: 77543.71 / 139
友情点: 210 / 1483590`
*連続ログイン4日目
※ログインが途切れるか、7日到達すると
1日目から再開されます*
`聖晶石 X 1
10月交換券(2023) X 1
`*日替りログインボーナス*
*開催期間中、1日1回 2週間日替りでログインボーナスをプレゼント！*
`巡霊の葉 X 30
`_2023-10-18 19:37:25_
--------
*f5845d187badef24087ae9dd8a663e48*
`登陆天数: 213天 / 1451天
等级: 146
石头: 452
呼符: 9
体力: 52.13333333333334 / 141
友情点: 130 / 198246260`
*連続ログイン3日目
※ログインが途切れるか、7日到達すると
1日目から再開されます*
`叡智の業火 X 1
10月交換券(2023) X 1
`*日替りログインボーナス*
*開催期間中、1日1回 2週間日替りでログインボーナスをプレゼント！*
`巡霊の葉 X 30
`_2023-10-18 19:37:33_
--------
