【登录信息】
*4624dcf84d19c7237daa9e3aa06ae38e*
`登陆天数: 173天 / 1161天
等级: 130
石头: 618
呼符: 26
体力: 84012.94333333333 / 138
友情点: 0 / 764225`
*連続ログイン5日目
※ログインが途切れるか、7日到達すると
1日目から再開されます*
`叡智の業火 X 2
10月交換券(2023) X 1
`*日替りログインボーナス*
*開催期間中、1日1回 2週間日替りでログインボーナスをプレゼント！*
`巡霊の葉 X 30
`_2023-10-19 19:37:01_
--------
*1960c6c2468d480d10656e460ff945b7*
`登陆天数: 173天 / 1358天
等级: 129
石头: 4707
呼符: 162
体力: 103563.34666666666 / 138
友情点: 110 / 275735`
*連続ログイン5日目
※ログインが途切れるか、7日到達すると
1日目から再開されます*
`叡智の業火 X 2
10月交換券(2023) X 1
`*日替りログインボーナス*
*開催期間中、1日1回 2週間日替りでログインボーナスをプレゼント！*
`巡霊の葉 X 30
`_2023-10-19 19:37:11_
--------
*50e74030067f097de636fdb9ea0a5ce0*
`登陆天数: 173天 / 1363天
等级: 146
石头: 131
呼符: 2
体力: 849.1966666666667 / 141
友情点: 185 / 108354895`
*連続ログイン5日目
※ログインが途切れるか、7日到達すると
1日目から再開されます*
`叡智の業火 X 2
10月交換券(2023) X 1
`*日替りログインボーナス*
*開催期間中、1日1回 2週間日替りでログインボーナスをプレゼント！*
`巡霊の葉 X 30
`_2023-10-19 19:37:19_
--------
*5aebed162c025149a9ac12d5ff9cf0d5*
`登陆天数: 173天 / 1194天
等级: 133
石头: 10
呼符: 0
体力: 77831.72333333333 / 139
友情点: 110 / 1483700`
*連続ログイン5日目
※ログインが途切れるか、7日到達すると
1日目から再開されます*
`叡智の業火 X 2
10月交換券(2023) X 1
`*日替りログインボーナス*
*開催期間中、1日1回 2週間日替りでログインボーナスをプレゼント！*
`巡霊の葉 X 30
`_2023-10-19 19:37:29_
--------
*f5845d187badef24087ae9dd8a663e48*
`登陆天数: 214天 / 1452天
等级: 146
石头: 452
呼符: 9
体力: 181.99333333333334 / 141
友情点: 80 / 198246510`
*連続ログイン4日目
※ログインが途切れるか、7日到達すると
1日目から再開されます*
`聖晶石 X 1
10月交換券(2023) X 1
`*日替りログインボーナス*
*開催期間中、1日1回 2週間日替りでログインボーナスをプレゼント！*
`巡霊の葉 X 30
`_2023-10-19 19:37:37_
--------
