【登录信息】
*4624dcf84d19c7237daa9e3aa06ae38e*
`登陆天数: 174天 / 1162天
等级: 130
石头: 618
呼符: 26
体力: 84300.91666666667 / 138
友情点: 0 / 764225`
*連続ログイン6日目
※ログインが途切れるか、7日到達すると
1日目から再開されます*
`聖晶石 X 2
10月交換券(2023) X 1
`*日替りログインボーナス*
*開催期間中、1日1回 2週間日替りでログインボーナスをプレゼント！*
`聖晶石 X 2
巡霊の葉 X 100
`_2023-10-20 19:36:54_
--------
*1960c6c2468d480d10656e460ff945b7*
`登陆天数: 174天 / 1359天
等级: 129
石头: 4707
呼符: 162
体力: 103851.31666666667 / 138
友情点: 270 / 276015`
*連続ログイン6日目
※ログインが途切れるか、7日到達すると
1日目から再開されます*
`聖晶石 X 2
10月交換券(2023) X 1
`*日替りログインボーナス*
*開催期間中、1日1回 2週間日替りでログインボーナスをプレゼント！*
`聖晶石 X 2
巡霊の葉 X 100
`_2023-10-20 19:37:02_
--------
*50e74030067f097de636fdb9ea0a5ce0*
`登陆天数: 174天 / 1364天
等级: 146
石头: 156
呼符: 2
体力: 263.29 / 141
友情点: 185 / 108355535`
*連続ログイン6日目
※ログインが途切れるか、7日到達すると
1日目から再開されます*
`聖晶石 X 2
10月交換券(2023) X 1
`*日替りログインボーナス*
*開催期間中、1日1回 2週間日替りでログインボーナスをプレゼント！*
`聖晶石 X 2
巡霊の葉 X 100
`_2023-10-20 19:37:10_
--------
*5aebed162c025149a9ac12d5ff9cf0d5*
`登陆天数: 174天 / 1195天
等级: 133
石头: 10
呼符: 0
体力: 78119.69 / 139
友情点: 290 / 1483990`
*連続ログイン6日目
※ログインが途切れるか、7日到達すると
1日目から再開されます*
`聖晶石 X 2
10月交換券(2023) X 1
`*日替りログインボーナス*
*開催期間中、1日1回 2週間日替りでログインボーナスをプレゼント！*
`聖晶石 X 2
巡霊の葉 X 100
`_2023-10-20 19:37:19_
--------
*f5845d187badef24087ae9dd8a663e48*
`登陆天数: 215天 / 1453天
等级: 146
石头: 453
呼符: 9
体力: 156.49333333333334 / 141
友情点: 330 / 198247210`
*連続ログイン5日目
※ログインが途切れるか、7日到達すると
1日目から再開されます*
`叡智の業火 X 2
10月交換券(2023) X 1
`*日替りログインボーナス*
*開催期間中、1日1回 2週間日替りでログインボーナスをプレゼント！*
`聖晶石 X 2
巡霊の葉 X 100
`_2023-10-20 19:37:27_
--------
