【登录信息】
*4624dcf84d19c7237daa9e3aa06ae38e*
`登陆天数: 175天 / 1163天
等级: 130
石头: 618
呼符: 26
体力: 84588.91333333333 / 138
友情点: 0 / 764225`
*連続ログイン7日間到達おめでとうございます！
明日は1日目からリスタートされます。*
`獣の足跡 X 1
呼符 X 1
10月交換券(2023) X 1
`*【リリース3000日突破記念特別】
ログインボーナス*
*開催期間中、1日1回 最大7回 回数ログインボーナスをプレゼント！*
`呼符 X 1
`_2023-10-21 19:36:52_
--------
*1960c6c2468d480d10656e460ff945b7*
`登陆天数: 175天 / 1360天
等级: 129
石头: 4707
呼符: 162
体力: 104139.31333333334 / 138
友情点: 280 / 277505`
*連続ログイン7日間到達おめでとうございます！
明日は1日目からリスタートされます。*
`獣の足跡 X 1
呼符 X 1
10月交換券(2023) X 1
`*【リリース3000日突破記念特別】
ログインボーナス*
*開催期間中、1日1回 最大7回 回数ログインボーナスをプレゼント！*
`呼符 X 1
`_2023-10-21 19:37:01_
--------
*50e74030067f097de636fdb9ea0a5ce0*
`登陆天数: 175天 / 1365天
等级: 146
石头: 156
呼符: 2
体力: 551.2866666666666 / 141
友情点: 450 / 108355985`
*連続ログイン7日間到達おめでとうございます！
明日は1日目からリスタートされます。*
`獣の足跡 X 1
呼符 X 1
10月交換券(2023) X 1
`*【リリース3000日突破記念特別】
ログインボーナス*
*開催期間中、1日1回 最大7回 回数ログインボーナスをプレゼント！*
`呼符 X 1
`_2023-10-21 19:37:10_
--------
*5aebed162c025149a9ac12d5ff9cf0d5*
`登陆天数: 175天 / 1196天
等级: 133
石头: 10
呼符: 0
体力: 78407.69 / 139
友情点: 310 / 1484300`
*連続ログイン7日間到達おめでとうございます！
明日は1日目からリスタートされます。*
`獣の足跡 X 1
呼符 X 1
10月交換券(2023) X 1
`*【リリース3000日突破記念特別】
ログインボーナス*
*開催期間中、1日1回 最大7回 回数ログインボーナスをプレゼント！*
`呼符 X 1
`_2023-10-21 19:37:19_
--------
*f5845d187badef24087ae9dd8a663e48*
`登陆天数: 216天 / 1454天
等级: 146
石头: 458
呼符: 10
体力: 45.14 / 141
友情点: 205 / 198248415`
*連続ログイン6日目
※ログインが途切れるか、7日到達すると
1日目から再開されます*
`聖晶石 X 2
10月交換券(2023) X 1
`*日替りログインボーナス*
*開催期間中、1日1回 2週間日替りでログインボーナスをプレゼント！*
`巡霊の葉 X 30
`_2023-10-21 19:37:27_
--------
