【登录信息】
*4624dcf84d19c7237daa9e3aa06ae38e*
`登陆天数: 176天 / 1164天
等级: 130
石头: 618
呼符: 26
体力: 84876.90666666666 / 138
友情点: 0 / 764225`
*連続ログイン1日目
※ログインが途切れるか、7日到達すると
1日目から再開されます*
`フレンドポイント X 2000
10月交換券(2023) X 1
`*日替りログインボーナス*
*開催期間中、1日1回 2週間日替りでログインボーナスをプレゼント！*
`巡霊の葉 X 30
`_2023-10-22 19:36:50_
--------
*1960c6c2468d480d10656e460ff945b7*
`登陆天数: 176天 / 1361天
等级: 129
石头: 4707
呼符: 162
体力: 104427.30666666667 / 138
友情点: 70 / 277975`
*連続ログイン1日目
※ログインが途切れるか、7日到達すると
1日目から再開されます*
`フレンドポイント X 2000
10月交換券(2023) X 1
`*日替りログインボーナス*
*開催期間中、1日1回 2週間日替りでログインボーナスをプレゼント！*
`巡霊の葉 X 30
`_2023-10-22 19:36:59_
--------
*50e74030067f097de636fdb9ea0a5ce0*
`登陆天数: 176天 / 1366天
等级: 146
石头: 170
呼符: 4
体力: 264.84333333333336 / 141
友情点: 165 / 108356570`
*連続ログイン1日目
※ログインが途切れるか、7日到達すると
1日目から再開されます*
`フレンドポイント X 2000
10月交換券(2023) X 1
`*日替りログインボーナス*
*開催期間中、1日1回 2週間日替りでログインボーナスをプレゼント！*
`巡霊の葉 X 30
`_2023-10-22 19:37:08_
--------
*5aebed162c025149a9ac12d5ff9cf0d5*
`登陆天数: 176天 / 1197天
等级: 133
石头: 10
呼符: 0
体力: 78695.68666666666 / 139
友情点: 50 / 1484560`
*連続ログイン1日目
※ログインが途切れるか、7日到達すると
1日目から再開されます*
`フレンドポイント X 2000
10月交換券(2023) X 1
`*日替りログインボーナス*
*開催期間中、1日1回 2週間日替りでログインボーナスをプレゼント！*
`巡霊の葉 X 30
`_2023-10-22 19:37:17_
--------
*f5845d187badef24087ae9dd8a663e48*
`登陆天数: 217天 / 1455天
等级: 146
石头: 460
呼符: 10
体力: 182.22 / 141
友情点: 215 / 198248890`
*連続ログイン7日間到達おめでとうございます！
明日は1日目からリスタートされます。*
`獣の足跡 X 1
呼符 X 1
10月交換券(2023) X 1
`*日替りログインボーナス*
*開催期間中、1日1回 2週間日替りでログインボーナスをプレゼント！*
`巡霊の葉 X 30
`_2023-10-22 19:37:26_
--------
