【登录信息】
*4624dcf84d19c7237daa9e3aa06ae38e*
`登陆天数: 177天 / 1165天
等级: 130
石头: 618
呼符: 26
体力: 85164.9 / 138
友情点: 0 / 764225`
*連続ログイン2日目
※ログインが途切れるか、7日到達すると
1日目から再開されます*
`聖晶石 X 1
10月交換券(2023) X 1
`*日替りログインボーナス*
*開催期間中、1日1回 2週間日替りでログインボーナスをプレゼント！*
`巡霊の葉 X 30
`_2023-10-23 19:36:49_
--------
*1960c6c2468d480d10656e460ff945b7*
`登陆天数: 177天 / 1362天
等级: 129
石头: 4707
呼符: 162
体力: 104715.30333333333 / 138
友情点: 140 / 278115`
*連続ログイン2日目
※ログインが途切れるか、7日到達すると
1日目から再開されます*
`聖晶石 X 1
10月交換券(2023) X 1
`*日替りログインボーナス*
*開催期間中、1日1回 2週間日替りでログインボーナスをプレゼント！*
`巡霊の葉 X 30
`_2023-10-23 19:36:58_
--------
*50e74030067f097de636fdb9ea0a5ce0*
`登陆天数: 177天 / 1367天
等级: 146
石头: 172
呼符: 4
体力: 218.69333333333333 / 141
友情点: 125 / 108359050`
*連続ログイン2日目
※ログインが途切れるか、7日到達すると
1日目から再開されます*
`聖晶石 X 1
10月交換券(2023) X 1
`*日替りログインボーナス*
*開催期間中、1日1回 2週間日替りでログインボーナスをプレゼント！*
`巡霊の葉 X 30
`_2023-10-23 19:37:07_
--------
*5aebed162c025149a9ac12d5ff9cf0d5*
`登陆天数: 177天 / 1198天
等级: 133
石头: 10
呼符: 0
体力: 78983.68 / 139
友情点: 80 / 1484640`
*連続ログイン2日目
※ログインが途切れるか、7日到達すると
1日目から再開されます*
`聖晶石 X 1
10月交換券(2023) X 1
`*日替りログインボーナス*
*開催期間中、1日1回 2週間日替りでログインボーナスをプレゼント！*
`巡霊の葉 X 30
`_2023-10-23 19:37:16_
--------
*f5845d187badef24087ae9dd8a663e48*
`登陆天数: 218天 / 1456天
等级: 146
石头: 460
呼符: 10
体力: 110.49333333333334 / 141
友情点: 170 / 198249340`
*連続ログイン1日目
※ログインが途切れるか、7日到達すると
1日目から再開されます*
`フレンドポイント X 2000
10月交換券(2023) X 1
`*日替りログインボーナス*
*開催期間中、1日1回 2週間日替りでログインボーナスをプレゼント！*
`巡霊の葉 X 30
`_2023-10-23 19:37:25_
--------
