【登录信息】
*4624dcf84d19c7237daa9e3aa06ae38e*
`登陆天数: 178天 / 1166天
等级: 130
石头: 618
呼符: 26
体力: 85452.96 / 138
友情点: 0 / 764225`
*連続ログイン3日目
※ログインが途切れるか、7日到達すると
1日目から再開されます*
`叡智の業火 X 1
10月交換券(2023) X 1
`*日替りログインボーナス*
*開催期間中、1日1回 2週間日替りでログインボーナスをプレゼント！*
`聖晶石 X 3
巡霊の葉 X 50
`_2023-10-24 19:37:07_
--------
*1960c6c2468d480d10656e460ff945b7*
`登陆天数: 178天 / 1363天
等级: 129
石头: 4707
呼符: 162
体力: 105003.36 / 138
友情点: 410 / 278535`
*連続ログイン3日目
※ログインが途切れるか、7日到達すると
1日目から再開されます*
`叡智の業火 X 1
10月交換券(2023) X 1
`*日替りログインボーナス*
*開催期間中、1日1回 2週間日替りでログインボーナスをプレゼント！*
`聖晶石 X 3
巡霊の葉 X 50
`_2023-10-24 19:37:15_
--------
*50e74030067f097de636fdb9ea0a5ce0*
`登陆天数: 178天 / 1368天
等级: 146
石头: 179
呼符: 4
体力: 250.78666666666666 / 141
友情点: 310 / 108359985`
*連続ログイン3日目
※ログインが途切れるか、7日到達すると
1日目から再開されます*
`叡智の業火 X 1
10月交換券(2023) X 1
`*日替りログインボーナス*
*開催期間中、1日1回 2週間日替りでログインボーナスをプレゼント！*
`聖晶石 X 3
巡霊の葉 X 50
`_2023-10-24 19:37:24_
--------
*5aebed162c025149a9ac12d5ff9cf0d5*
`登陆天数: 178天 / 1199天
等级: 133
石头: 10
呼符: 0
体力: 79271.73666666666 / 139
友情点: 550 / 1485200`
*連続ログイン3日目
※ログインが途切れるか、7日到達すると
1日目から再開されます*
`叡智の業火 X 1
10月交換券(2023) X 1
`*日替りログインボーナス*
*開催期間中、1日1回 2週間日替りでログインボーナスをプレゼント！*
`聖晶石 X 3
巡霊の葉 X 50
`_2023-10-24 19:37:33_
--------
*f5845d187badef24087ae9dd8a663e48*
`登陆天数: 219天 / 1457天
等级: 146
石头: 460
呼符: 11
体力: 81.17 / 141
友情点: 95 / 198252100`
*連続ログイン2日目
※ログインが途切れるか、7日到達すると
1日目から再開されます*
`聖晶石 X 1
10月交換券(2023) X 1
`*日替りログインボーナス*
*開催期間中、1日1回 2週間日替りでログインボーナスをプレゼント！*
`聖晶石 X 3
巡霊の葉 X 50
`_2023-10-24 19:37:42_
--------
