【登录信息】
*4624dcf84d19c7237daa9e3aa06ae38e*
`登陆天数: 179天 / 1167天
等级: 130
石头: 618
呼符: 26
体力: 85740.98333333334 / 138
友情点: 0 / 764225`
*連続ログイン4日目
※ログインが途切れるか、7日到達すると
1日目から再開されます*
`聖晶石 X 1
10月交換券(2023) X 1
`*FGO カルデア放送局 ライト版 聖杯戦線 ～白天の城、黒夜の城～放送記念 初回ログインボーナス*
*開催期間中、初回ログインで「聖晶石×14」をプレゼント！*
`聖晶石 X 14
`_2023-10-25 19:37:14_
--------
*1960c6c2468d480d10656e460ff945b7*
`登陆天数: 179天 / 1364天
等级: 129
石头: 4707
呼符: 162
体力: 105291.38333333333 / 138
友情点: 110 / 278645`
*連続ログイン4日目
※ログインが途切れるか、7日到達すると
1日目から再開されます*
`聖晶石 X 1
10月交換券(2023) X 1
`*FGO カルデア放送局 ライト版 聖杯戦線 ～白天の城、黒夜の城～放送記念 初回ログインボーナス*
*開催期間中、初回ログインで「聖晶石×14」をプレゼント！*
`聖晶石 X 14
`_2023-10-25 19:37:22_
--------
*50e74030067f097de636fdb9ea0a5ce0*
`登陆天数: 179天 / 1369天
等级: 146
石头: 185
呼符: 4
体力: 538.8066666666666 / 141
友情点: 65 / 108360290`
*連続ログイン4日目
※ログインが途切れるか、7日到達すると
1日目から再開されます*
`聖晶石 X 1
10月交換券(2023) X 1
`*FGO カルデア放送局 ライト版 聖杯戦線 ～白天の城、黒夜の城～放送記念 初回ログインボーナス*
*開催期間中、初回ログインで「聖晶石×14」をプレゼント！*
`聖晶石 X 14
`_2023-10-25 19:37:30_
--------
*5aebed162c025149a9ac12d5ff9cf0d5*
`登陆天数: 179天 / 1200天
等级: 133
石头: 10
呼符: 0
体力: 79559.75666666667 / 139
友情点: 70 / 1485270`
*連続ログイン4日目
※ログインが途切れるか、7日到達すると
1日目から再開されます*
`聖晶石 X 1
10月交換券(2023) X 1
`*FGO カルデア放送局 ライト版 聖杯戦線 ～白天の城、黒夜の城～放送記念 初回ログインボーナス*
*開催期間中、初回ログインで「聖晶石×14」をプレゼント！*
`聖晶石 X 14
`_2023-10-25 19:37:39_
--------
*f5845d187badef24087ae9dd8a663e48*
`登陆天数: 220天 / 1458天
等级: 146
石头: 468
呼符: 14
体力: 27.78666666666666 / 141
友情点: 110 / 198254130`
*連続ログイン3日目
※ログインが途切れるか、7日到達すると
1日目から再開されます*
`叡智の業火 X 1
10月交換券(2023) X 1
`*FGO カルデア放送局 ライト版 聖杯戦線 ～白天の城、黒夜の城～放送記念 初回ログインボーナス*
*開催期間中、初回ログインで「聖晶石×14」をプレゼント！*
`聖晶石 X 14
`_2023-10-25 19:37:47_
--------
