【登录信息】
*4624dcf84d19c7237daa9e3aa06ae38e*
`登陆天数: 180天 / 1168天
等级: 130
石头: 618
呼符: 26
体力: 86028.96 / 138
友情点: 0 / 764225`
*連続ログイン5日目
※ログインが途切れるか、7日到達すると
1日目から再開されます*
`叡智の業火 X 2
10月交換券(2023) X 1
`*聖杯戦線 ～白天の城、黒夜の城～開幕記念 ログインボーナス*
*開催期間中、1日1回 最大21回ログインボーナスをプレゼント！*
`白銀の果実 X 1
`_2023-10-26 19:37:07_
--------
*1960c6c2468d480d10656e460ff945b7*
`登陆天数: 180天 / 1365天
等级: 129
石头: 4707
呼符: 162
体力: 105579.36 / 138
友情点: 120 / 278765`
*連続ログイン5日目
※ログインが途切れるか、7日到達すると
1日目から再開されます*
`叡智の業火 X 2
10月交換券(2023) X 1
`*聖杯戦線 ～白天の城、黒夜の城～開幕記念 ログインボーナス*
*開催期間中、1日1回 最大21回ログインボーナスをプレゼント！*
`白銀の果実 X 1
`_2023-10-26 19:37:15_
--------
*50e74030067f097de636fdb9ea0a5ce0*
`登陆天数: 180天 / 1370天
等级: 146
石头: 212
呼符: 7
体力: 105.81666666666666 / 141
友情点: 115 / 108361335`
_2023-10-26 19:37:23_
--------
*5aebed162c025149a9ac12d5ff9cf0d5*
`登陆天数: 180天 / 1201天
等级: 133
石头: 10
呼符: 0
体力: 79847.73 / 139
友情点: 120 / 1485390`
*連続ログイン5日目
※ログインが途切れるか、7日到達すると
1日目から再開されます*
`叡智の業火 X 2
10月交換券(2023) X 1
`*聖杯戦線 ～白天の城、黒夜の城～開幕記念 ログインボーナス*
*開催期間中、1日1回 最大21回ログインボーナスをプレゼント！*
`白銀の果実 X 1
`_2023-10-26 19:37:31_
--------
*f5845d187badef24087ae9dd8a663e48*
`登陆天数: 221天 / 1459天
等级: 146
石头: 498
呼符: 16
体力: 66.93333333333334 / 141
友情点: 20 / 198254495`
*連続ログイン4日目
※ログインが途切れるか、7日到達すると
1日目から再開されます*
`聖晶石 X 1
10月交換券(2023) X 1
`*聖杯戦線 ～白天の城、黒夜の城～開幕記念 ログインボーナス*
*開催期間中、1日1回 最大21回ログインボーナスをプレゼント！*
`白銀の果実 X 1
`_2023-10-26 19:37:39_
--------
