【登录信息】
*4624dcf84d19c7237daa9e3aa06ae38e*
`登陆天数: 181天 / 1169天
等级: 130
石头: 618
呼符: 26
体力: 86316.93 / 138
友情点: 0 / 764225`
*連続ログイン6日目
※ログインが途切れるか、7日到達すると
1日目から再開されます*
`聖晶石 X 2
10月交換券(2023) X 1
`*聖杯戦線 ～白天の城、黒夜の城～開幕記念 ログインボーナス*
*開催期間中、1日1回 最大21回ログインボーナスをプレゼント！*
`白銀の果実 X 1
`_2023-10-27 19:36:57_
--------
*1960c6c2468d480d10656e460ff945b7*
`登陆天数: 181天 / 1366天
等级: 129
石头: 4707
呼符: 162
体力: 105867.33 / 138
友情点: 120 / 279525`
*連続ログイン6日目
※ログインが途切れるか、7日到達すると
1日目から再開されます*
`聖晶石 X 2
10月交換券(2023) X 1
`*聖杯戦線 ～白天の城、黒夜の城～開幕記念 ログインボーナス*
*開催期間中、1日1回 最大21回ログインボーナスをプレゼント！*
`白銀の果実 X 1
`_2023-10-27 19:37:06_
--------
*50e74030067f097de636fdb9ea0a5ce0*
`登陆天数: 181天 / 1371天
等级: 146
石头: 216
呼符: 9
体力: 179.82333333333332 / 141
友情点: 280 / 108361875`
*連続ログイン6日目
※ログインが途切れるか、7日到達すると
1日目から再開されます*
`聖晶石 X 2
10月交換券(2023) X 1
`*聖杯戦線 ～白天の城、黒夜の城～開幕記念 ログインボーナス*
*開催期間中、1日1回 最大21回ログインボーナスをプレゼント！*
`白銀の果実 X 1
`_2023-10-27 19:37:15_
--------
*5aebed162c025149a9ac12d5ff9cf0d5*
`登陆天数: 181天 / 1202天
等级: 133
石头: 10
呼符: 0
体力: 80135.71 / 139
友情点: 150 / 1485540`
*連続ログイン6日目
※ログインが途切れるか、7日到達すると
1日目から再開されます*
`聖晶石 X 2
10月交換券(2023) X 1
`*聖杯戦線 ～白天の城、黒夜の城～開幕記念 ログインボーナス*
*開催期間中、1日1回 最大21回ログインボーナスをプレゼント！*
`白銀の果実 X 1
`_2023-10-27 19:37:25_
--------
*f5845d187badef24087ae9dd8a663e48*
`登陆天数: 222天 / 1460天
等级: 146
石头: 500
呼符: 16
体力: 132.27 / 141
友情点: 70 / 198254970`
*連続ログイン5日目
※ログインが途切れるか、7日到達すると
1日目から再開されます*
`叡智の業火 X 2
10月交換券(2023) X 1
`*聖杯戦線 ～白天の城、黒夜の城～開幕記念 ログインボーナス*
*開催期間中、1日1回 最大21回ログインボーナスをプレゼント！*
`白銀の果実 X 1
`_2023-10-27 19:37:34_
--------
