【登录信息】
*4624dcf84d19c7237daa9e3aa06ae38e*
`登陆天数: 182天 / 1170天
等级: 130
石头: 618
呼符: 26
体力: 86604.95666666667 / 138
友情点: 0 / 764225`
*連続ログイン7日間到達おめでとうございます！
明日は1日目からリスタートされます。*
`獣の足跡 X 1
呼符 X 1
10月交換券(2023) X 1
`*聖杯戦線 ～白天の城、黒夜の城～開幕記念 ログインボーナス*
*開催期間中、1日1回 最大21回ログインボーナスをプレゼント！*
`白銀の果実 X 1
`_2023-10-28 19:37:06_
--------
*1960c6c2468d480d10656e460ff945b7*
`登陆天数: 182天 / 1367天
等级: 129
石头: 4707
呼符: 162
体力: 106155.35666666667 / 138
友情点: 230 / 279755`
*連続ログイン7日間到達おめでとうございます！
明日は1日目からリスタートされます。*
`獣の足跡 X 1
呼符 X 1
10月交換券(2023) X 1
`*聖杯戦線 ～白天の城、黒夜の城～開幕記念 ログインボーナス*
*開催期間中、1日1回 最大21回ログインボーナスをプレゼント！*
`白銀の果実 X 1
`_2023-10-28 19:37:14_
--------
*50e74030067f097de636fdb9ea0a5ce0*
`登陆天数: 182天 / 1372天
等级: 146
石头: 218
呼符: 9
体力: 276.00666666666666 / 141
友情点: 160 / 108362460`
*連続ログイン7日間到達おめでとうございます！
明日は1日目からリスタートされます。*
`獣の足跡 X 1
呼符 X 1
10月交換券(2023) X 1
`*聖杯戦線 ～白天の城、黒夜の城～開幕記念 ログインボーナス*
*開催期間中、1日1回 最大21回ログインボーナスをプレゼント！*
`白銀の果実 X 1
`_2023-10-28 19:37:23_
--------
*5aebed162c025149a9ac12d5ff9cf0d5*
`登陆天数: 182天 / 1203天
等级: 133
石头: 10
呼符: 0
体力: 80423.73666666666 / 139
友情点: 220 / 1485790`
*連続ログイン7日間到達おめでとうございます！
明日は1日目からリスタートされます。*
`獣の足跡 X 1
呼符 X 1
10月交換券(2023) X 1
`*聖杯戦線 ～白天の城、黒夜の城～開幕記念 ログインボーナス*
*開催期間中、1日1回 最大21回ログインボーナスをプレゼント！*
`白銀の果実 X 1
`_2023-10-28 19:37:33_
--------
*f5845d187badef24087ae9dd8a663e48*
`登陆天数: 223天 / 1461天
等级: 146
石头: 506
呼符: 18
体力: 82.56666666666666 / 141
友情点: 20 / 198255415`
*連続ログイン6日目
※ログインが途切れるか、7日到達すると
1日目から再開されます*
`聖晶石 X 2
10月交換券(2023) X 1
`*聖杯戦線 ～白天の城、黒夜の城～開幕記念 ログインボーナス*
*開催期間中、1日1回 最大21回ログインボーナスをプレゼント！*
`白銀の果実 X 1
`_2023-10-28 19:37:41_
--------
