【登录信息】
*4624dcf84d19c7237daa9e3aa06ae38e*
`登陆天数: 183天 / 1171天
等级: 130
石头: 618
呼符: 26
体力: 86892.98333333334 / 138
友情点: 0 / 764225`
*連続ログイン1日目
※ログインが途切れるか、7日到達すると
1日目から再開されます*
`フレンドポイント X 2000
10月交換券(2023) X 1
`*初回ログインボーナス*
*開催期間中、初回ログインボーナスをプレゼント！*
`聖晶石 X 10
`_2023-10-29 19:37:13_
--------
*1960c6c2468d480d10656e460ff945b7*
`登陆天数: 183天 / 1368天
等级: 129
石头: 4707
呼符: 162
体力: 106443.38 / 138
友情点: 270 / 280025`
*連続ログイン1日目
※ログインが途切れるか、7日到達すると
1日目から再開されます*
`フレンドポイント X 2000
10月交換券(2023) X 1
`*初回ログインボーナス*
*開催期間中、初回ログインボーナスをプレゼント！*
`聖晶石 X 10
`_2023-10-29 19:37:22_
--------
*50e74030067f097de636fdb9ea0a5ce0*
`登陆天数: 183天 / 1373天
等级: 146
石头: 218
呼符: 9
体力: 564.0266666666666 / 141
友情点: 265 / 108362725`
*連続ログイン1日目
※ログインが途切れるか、7日到達すると
1日目から再開されます*
`フレンドポイント X 2000
10月交換券(2023) X 1
`*初回ログインボーナス*
*開催期間中、初回ログインボーナスをプレゼント！*
`聖晶石 X 10
`_2023-10-29 19:37:30_
--------
*5aebed162c025149a9ac12d5ff9cf0d5*
`登陆天数: 183天 / 1204天
等级: 133
石头: 10
呼符: 0
体力: 80711.75333333333 / 139
友情点: 320 / 1486110`
*連続ログイン1日目
※ログインが途切れるか、7日到達すると
1日目から再開されます*
`フレンドポイント X 2000
10月交換券(2023) X 1
`*初回ログインボーナス*
*開催期間中、初回ログインボーナスをプレゼント！*
`聖晶石 X 10
`_2023-10-29 19:37:38_
--------
*f5845d187badef24087ae9dd8a663e48*
`登陆天数: 224天 / 1462天
等级: 146
石头: 510
呼符: 19
体力: 62.10666666666667 / 141
友情点: 80 / 198256835`
*連続ログイン7日間到達おめでとうございます！
明日は1日目からリスタートされます。*
`獣の足跡 X 1
呼符 X 1
10月交換券(2023) X 1
`*初回ログインボーナス*
*開催期間中、初回ログインボーナスをプレゼント！*
`聖晶石 X 10
`_2023-10-29 19:37:47_
--------
