【登录信息】
*4624dcf84d19c7237daa9e3aa06ae38e*
`登陆天数: 184天 / 1172天
等级: 130
石头: 618
呼符: 26
体力: 87180.93 / 138
友情点: 0 / 764225`
*連続ログイン2日目
※ログインが途切れるか、7日到達すると
1日目から再開されます*
`聖晶石 X 1
10月交換券(2023) X 1
`*聖杯戦線 ～白天の城、黒夜の城～開幕記念 ログインボーナス*
*開催期間中、1日1回 最大21回ログインボーナスをプレゼント！*
`白銀の果実 X 1
`_2023-10-30 19:36:58_
--------
*1960c6c2468d480d10656e460ff945b7*
`登陆天数: 184天 / 1369天
等级: 129
石头: 4707
呼符: 162
体力: 106731.33 / 138
友情点: 210 / 280235`
*連続ログイン2日目
※ログインが途切れるか、7日到達すると
1日目から再開されます*
`聖晶石 X 1
10月交換券(2023) X 1
`*聖杯戦線 ～白天の城、黒夜の城～開幕記念 ログインボーナス*
*開催期間中、1日1回 最大21回ログインボーナスをプレゼント！*
`白銀の果実 X 1
`_2023-10-30 19:37:07_
--------
*50e74030067f097de636fdb9ea0a5ce0*
`登陆天数: 184天 / 1374天
等级: 146
石头: 218
呼符: 9
体力: 851.98 / 141
友情点: 475 / 108363200`
*連続ログイン2日目
※ログインが途切れるか、7日到達すると
1日目から再開されます*
`聖晶石 X 1
10月交換券(2023) X 1
`*聖杯戦線 ～白天の城、黒夜の城～開幕記念 ログインボーナス*
*開催期間中、1日1回 最大21回ログインボーナスをプレゼント！*
`白銀の果実 X 1
`_2023-10-30 19:37:15_
--------
*5aebed162c025149a9ac12d5ff9cf0d5*
`登陆天数: 184天 / 1205天
等级: 133
石头: 10
呼符: 0
体力: 80999.70666666667 / 139
友情点: 200 / 1486310`
*連続ログイン2日目
※ログインが途切れるか、7日到達すると
1日目から再開されます*
`聖晶石 X 1
10月交換券(2023) X 1
`*聖杯戦線 ～白天の城、黒夜の城～開幕記念 ログインボーナス*
*開催期間中、1日1回 最大21回ログインボーナスをプレゼント！*
`白銀の果実 X 1
`_2023-10-30 19:37:24_
--------
*f5845d187badef24087ae9dd8a663e48*
`登陆天数: 225天 / 1463天
等级: 146
石头: 512
呼符: 20
体力: 81.33333333333334 / 141
友情点: 40 / 198257670`
*連続ログイン1日目
※ログインが途切れるか、7日到達すると
1日目から再開されます*
`フレンドポイント X 2000
10月交換券(2023) X 1
`*聖杯戦線 ～白天の城、黒夜の城～開幕記念 ログインボーナス*
*開催期間中、1日1回 最大21回ログインボーナスをプレゼント！*
`白銀の果実 X 1
`_2023-10-30 19:37:32_
--------
