【登录信息】
*4624dcf84d19c7237daa9e3aa06ae38e*
`登陆天数: 2天 / 873天
等级: 130
石头: 1863
呼符: 2
体力: 204.38333333333333 / 138
友情点: 0 / 708225`
*連続ログイン2日目
※ログインが途切れるか、7日到達すると
1日目から再開されます*
`聖晶石 X 1
1月交換券(2023) X 1
`*2023年お正月キャンペーン　三が日限定ログインボーナス*
*開催期間中、三が日限定のログインボーナスをプレゼント！*
`叡智の業火 X 50
`_2023-01-01 19:34:15_
--------
*1960c6c2468d480d10656e460ff945b7*
`登陆天数: 1天 / 1071天
等级: 129
石头: 4285
呼符: 131
体力: 19754.783333333333 / 138
友情点: 0 / 130015`
*連続ログイン1日目
※ログインが途切れるか、7日到達すると
1日目から再開されます*
`フレンドポイント X 2000
1月交換券(2023) X 1
`*2023年お正月キャンペーン　三が日限定ログインボーナス*
*開催期間中、三が日限定のログインボーナスをプレゼント！*
`叡智の業火 X 50
`_2023-01-01 19:34:23_
--------
*50e74030067f097de636fdb9ea0a5ce0*
`登陆天数: 9天 / 1074天
等级: 142
石头: 265
呼符: 27
体力: 160.85666666666665 / 140
友情点: 100 / 9041990`
*連続ログイン2日目
※ログインが途切れるか、7日到達すると
1日目から再開されます*
`聖晶石 X 1
1月交換券(2023) X 1
`*2023年お正月キャンペーン　三が日限定ログインボーナス*
*開催期間中、三が日限定のログインボーナスをプレゼント！*
`叡智の業火 X 50
`_2023-01-01 19:34:31_
--------
*5aebed162c025149a9ac12d5ff9cf0d5*
`登陆天数: 7天 / 906天
等级: 133
石头: 1
呼符: 0
体力: 179.67000000000002 / 139
友情点: 0 / 1514590`
*連続ログイン7日間到達おめでとうございます！
明日は1日目からリスタートされます。*
`獣の足跡 X 1
呼符 X 1
1月交換券(2023) X 1
`*2023年お正月キャンペーン　三が日限定ログインボーナス*
*開催期間中、三が日限定のログインボーナスをプレゼント！*
`叡智の業火 X 50
`_2023-01-01 19:34:39_
--------
*f5845d187badef24087ae9dd8a663e48*
`登陆天数: 22天 / 1162天
等级: 141
石头: 364
呼符: 19
体力: 87.61 / 140
友情点: 0 / 25544480`
*連続ログイン1日目
※ログインが途切れるか、7日到達すると
1日目から再開されます*
`フレンドポイント X 2000
1月交換券(2023) X 1
`*2023年お正月キャンペーン　三が日限定ログインボーナス*
*開催期間中、三が日限定のログインボーナスをプレゼント！*
`叡智の業火 X 50
`_2023-01-01 19:34:47_
--------
