【登录信息】
*4624dcf84d19c7237daa9e3aa06ae38e*
`登陆天数: 3天 / 874天
等级: 130
石头: 1863
呼符: 2
体力: 593.3533333333334 / 138
友情点: 0 / 708225`
*連続ログイン3日目
※ログインが途切れるか、7日到達すると
1日目から再開されます*
`叡智の業火 X 1
1月交換券(2023) X 1
`*2023年お正月キャンペーン　三が日限定ログインボーナス*
*開催期間中、三が日限定のログインボーナスをプレゼント！*
`聖杯 X 1
`_2023-01-03 03:59:05_
--------
*1960c6c2468d480d10656e460ff945b7*
`登陆天数: 2天 / 1072天
等级: 129
石头: 4285
呼符: 131
体力: 20143.753333333334 / 138
友情点: 0 / 130015`
*連続ログイン2日目
※ログインが途切れるか、7日到達すると
1日目から再開されます*
`聖晶石 X 1
1月交換券(2023) X 1
`*2023年お正月キャンペーン　三が日限定ログインボーナス*
*開催期間中、三が日限定のログインボーナスをプレゼント！*
`聖杯 X 1
`_2023-01-03 03:59:13_
--------
*50e74030067f097de636fdb9ea0a5ce0*
`登陆天数: 10天 / 1075天
等级: 142
石头: 275
呼符: 27
体力: 121.35333333333332 / 140
友情点: 25 / 9043975`
_2023-01-03 03:59:22_
--------
*5aebed162c025149a9ac12d5ff9cf0d5*
`登陆天数: 8天 / 907天
等级: 133
石头: 5
呼符: 0
体力: 134.6 / 139
友情点: 0 / 1515225`
*連続ログイン1日目
※ログインが途切れるか、7日到達すると
1日目から再開されます*
`フレンドポイント X 2000
1月交換券(2023) X 1
`*2023年お正月キャンペーン　三が日限定ログインボーナス*
*開催期間中、三が日限定のログインボーナスをプレゼント！*
`聖杯 X 1
`_2023-01-03 03:59:30_
--------
*f5845d187badef24087ae9dd8a663e48*
`登陆天数: 23天 / 1163天
等级: 141
石头: 374
呼符: 19
体力: 4.0 / 140
友情点: 0 / 25545380`
_2023-01-03 03:59:38_
--------
