【登录信息】
*4624dcf84d19c7237daa9e3aa06ae38e*
`登陆天数: 4天 / 875天
等级: 130
石头: 1863
呼符: 2
体力: 780.4733333333334 / 138
友情点: 0 / 708225`
*連続ログイン4日目
※ログインが途切れるか、7日到達すると
1日目から再開されます*
`聖晶石 X 1
1月交換券(2023) X 1
`*2023年お正月キャンペーン 10万リツイート達成プレゼント*
*開催期間中、初回ログインでお正月限定概念礼装&2023万QPをプレゼント！*
`ラヴ・イット X 1
QP X 20230000
`_2023-01-03 19:34:41_
--------
*1960c6c2468d480d10656e460ff945b7*
`登陆天数: 3天 / 1073天
等级: 129
石头: 4285
呼符: 131
体力: 20330.873333333333 / 138
友情点: 0 / 130015`
*連続ログイン3日目
※ログインが途切れるか、7日到達すると
1日目から再開されます*
`叡智の業火 X 1
1月交換券(2023) X 1
`*2023年お正月キャンペーン 10万リツイート達成プレゼント*
*開催期間中、初回ログインでお正月限定概念礼装&2023万QPをプレゼント！*
`ラヴ・イット X 1
QP X 20230000
`_2023-01-03 19:34:49_
--------
*50e74030067f097de636fdb9ea0a5ce0*
`登陆天数: 11天 / 1076天
等级: 142
石头: 282
呼符: 27
体力: 9.176666666666677 / 140
友情点: 325 / 9044950`
_2023-01-03 19:34:57_
--------
*5aebed162c025149a9ac12d5ff9cf0d5*
`登陆天数: 9天 / 908天
等级: 133
石头: 20
呼符: 0
体力: 19.11666666666666 / 139
友情点: 0 / 1517575`
_2023-01-03 19:35:06_
--------
*f5845d187badef24087ae9dd8a663e48*
`登陆天数: 24天 / 1164天
等级: 141
石头: 374
呼符: 19
体力: 191.12 / 140
友情点: 0 / 25545455`
*連続ログイン3日目
※ログインが途切れるか、7日到達すると
1日目から再開されます*
`叡智の業火 X 1
1月交換券(2023) X 1
`*2023年お正月キャンペーン 10万リツイート達成プレゼント*
*開催期間中、初回ログインでお正月限定概念礼装&2023万QPをプレゼント！*
`ラヴ・イット X 1
QP X 20230000
`_2023-01-03 19:35:14_
--------
