【登录信息】
*4624dcf84d19c7237daa9e3aa06ae38e*
`登陆天数: 5天 / 876天
等级: 130
石头: 1863
呼符: 2
体力: 1068.5166666666667 / 138
友情点: 0 / 708225`
*連続ログイン5日目
※ログインが途切れるか、7日到達すると
1日目から再開されます*
`叡智の業火 X 2
1月交換券(2023) X 1
`_2023-01-04 19:34:54_
--------
*1960c6c2468d480d10656e460ff945b7*
`登陆天数: 4天 / 1074天
等级: 129
石头: 4285
呼符: 131
体力: 20618.916666666668 / 138
友情点: 0 / 130015`
*連続ログイン4日目
※ログインが途切れるか、7日到達すると
1日目から再開されます*
`聖晶石 X 1
1月交換券(2023) X 1
`_2023-01-04 19:35:02_
--------
*50e74030067f097de636fdb9ea0a5ce0*
`登陆天数: 12天 / 1077天
等级: 142
石头: 297
呼符: 27
体力: 17.840000000000003 / 140
友情点: 325 / 9045585`
*連続ログイン5日目
※ログインが途切れるか、7日到達すると
1日目から再開されます*
`叡智の業火 X 2
1月交換券(2023) X 1
`_2023-01-04 19:35:10_
--------
*5aebed162c025149a9ac12d5ff9cf0d5*
`登陆天数: 10天 / 909天
等级: 133
石头: 25
呼符: 0
体力: 19.96333333333334 / 139
友情点: 0 / 1517975`
*連続ログイン3日目
※ログインが途切れるか、7日到達すると
1日目から再開されます*
`叡智の業火 X 1
1月交換券(2023) X 1
`_2023-01-04 19:35:18_
--------
*f5845d187badef24087ae9dd8a663e48*
`登陆天数: 25天 / 1165天
等级: 141
石头: 374
呼符: 19
体力: 67.8 / 140
友情点: 25 / 25545855`
*連続ログイン4日目
※ログインが途切れるか、7日到達すると
1日目から再開されます*
`聖晶石 X 1
1月交換券(2023) X 1
`_2023-01-04 19:35:26_
--------
