【登录信息】
*4624dcf84d19c7237daa9e3aa06ae38e*
`登陆天数: 6天 / 877天
等级: 130
石头: 1863
呼符: 2
体力: 1356.4066666666668 / 138
友情点: 0 / 708225`
*連続ログイン6日目
※ログインが途切れるか、7日到達すると
1日目から再開されます*
`聖晶石 X 2
1月交換券(2023) X 1
`_2023-01-05 19:34:21_
--------
*1960c6c2468d480d10656e460ff945b7*
`登陆天数: 5天 / 1075天
等级: 129
石头: 4285
呼符: 131
体力: 20906.806666666667 / 138
友情点: 0 / 130015`
*連続ログイン5日目
※ログインが途切れるか、7日到達すると
1日目から再開されます*
`叡智の業火 X 2
1月交換券(2023) X 1
`_2023-01-05 19:34:29_
--------
*50e74030067f097de636fdb9ea0a5ce0*
`登陆天数: 13天 / 1078天
等级: 142
石头: 297
呼符: 27
体力: 305.73 / 140
友情点: 0 / 9045585`
*連続ログイン6日目
※ログインが途切れるか、7日到達すると
1日目から再開されます*
`聖晶石 X 2
1月交換券(2023) X 1
`_2023-01-05 19:34:37_
--------
*5aebed162c025149a9ac12d5ff9cf0d5*
`登陆天数: 11天 / 910天
等级: 133
石头: 25
呼符: 0
体力: 307.85333333333335 / 139
友情点: 0 / 1517975`
*連続ログイン4日目
※ログインが途切れるか、7日到達すると
1日目から再開されます*
`聖晶石 X 1
1月交換券(2023) X 1
`_2023-01-05 19:34:46_
--------
*f5845d187badef24087ae9dd8a663e48*
`登陆天数: 26天 / 1166天
等级: 141
石头: 376
呼符: 19
体力: 46.93333333333334 / 140
友情点: 25 / 25548230`
*連続ログイン5日目
※ログインが途切れるか、7日到達すると
1日目から再開されます*
`叡智の業火 X 2
1月交換券(2023) X 1
`_2023-01-05 19:34:54_
--------
