【登录信息】
*4624dcf84d19c7237daa9e3aa06ae38e*
`登陆天数: 7天 / 878天
等级: 130
石头: 1267
呼符: 7
体力: 1644.44 / 138
友情点: 0 / 718225`
*連続ログイン7日間到達おめでとうございます！
明日は1日目からリスタートされます。*
`獣の足跡 X 1
呼符 X 1
1月交換券(2023) X 1
`_2023-01-06 19:34:31_
--------
*1960c6c2468d480d10656e460ff945b7*
`登陆天数: 6天 / 1076天
等级: 129
石头: 4285
呼符: 131
体力: 21194.84 / 138
友情点: 0 / 130015`
*連続ログイン6日目
※ログインが途切れるか、7日到達すると
1日目から再開されます*
`聖晶石 X 2
1月交換券(2023) X 1
`_2023-01-06 19:34:40_
--------
*50e74030067f097de636fdb9ea0a5ce0*
`登陆天数: 14天 / 1079天
等级: 142
石头: 302
呼符: 27
体力: 168.09 / 140
友情点: 25 / 9046885`
*連続ログイン7日間到達おめでとうございます！
明日は1日目からリスタートされます。*
`獣の足跡 X 1
呼符 X 1
1月交換券(2023) X 1
`_2023-01-06 19:34:48_
--------
*5aebed162c025149a9ac12d5ff9cf0d5*
`登陆天数: 12天 / 911天
等级: 133
石头: 3
呼符: 0
体力: 138.87 / 139
友情点: 60 / 1492385`
*連続ログイン5日目
※ログインが途切れるか、7日到達すると
1日目から再開されます*
`叡智の業火 X 2
1月交換券(2023) X 1
`_2023-01-06 19:34:56_
--------
*f5845d187badef24087ae9dd8a663e48*
`登陆天数: 27天 / 1167天
等级: 141
石头: 376
呼符: 19
体力: 214.96666666666667 / 140
友情点: 0 / 25548705`
*連続ログイン6日目
※ログインが途切れるか、7日到達すると
1日目から再開されます*
`聖晶石 X 2
1月交換券(2023) X 1
`_2023-01-06 19:35:04_
--------
