【登录信息】
*4624dcf84d19c7237daa9e3aa06ae38e*
`登陆天数: 8天 / 879天
等级: 130
石头: 1267
呼符: 7
体力: 1932.39 / 138
友情点: 0 / 718225`
*連続ログイン1日目
※ログインが途切れるか、7日到達すると
1日目から再開されます*
`フレンドポイント X 2000
1月交換券(2023) X 1
`_2023-01-07 19:34:16_
--------
*1960c6c2468d480d10656e460ff945b7*
`登陆天数: 7天 / 1077天
等级: 129
石头: 4285
呼符: 131
体力: 21482.79 / 138
友情点: 0 / 130015`
*連続ログイン7日間到達おめでとうございます！
明日は1日目からリスタートされます。*
`獣の足跡 X 1
呼符 X 1
1月交換券(2023) X 1
`_2023-01-07 19:34:24_
--------
*50e74030067f097de636fdb9ea0a5ce0*
`登陆天数: 15天 / 1080天
等级: 142
石头: 306
呼符: 28
体力: 79.64666666666668 / 140
友情点: 345 / 9047680`
*連続ログイン1日目
※ログインが途切れるか、7日到達すると
1日目から再開されます*
`フレンドポイント X 2000
1月交換券(2023) X 1
`_2023-01-07 19:34:32_
--------
*5aebed162c025149a9ac12d5ff9cf0d5*
`登陆天数: 13天 / 912天
等级: 133
石头: 17
呼符: 0
体力: 88.20333333333333 / 139
友情点: 0 / 1492860`
*連続ログイン6日目
※ログインが途切れるか、7日到達すると
1日目から再開されます*
`聖晶石 X 2
1月交換券(2023) X 1
`_2023-01-07 19:34:40_
--------
*f5845d187badef24087ae9dd8a663e48*
`登陆天数: 28天 / 1168天
等级: 141
石头: 378
呼符: 19
体力: 135.46666666666667 / 140
友情点: 35 / 25549190`
*連続ログイン7日間到達おめでとうございます！
明日は1日目からリスタートされます。*
`獣の足跡 X 1
呼符 X 1
1月交換券(2023) X 1
`_2023-01-07 19:34:48_
--------
