【登录信息】
*4624dcf84d19c7237daa9e3aa06ae38e*
`登陆天数: 9天 / 880天
等级: 130
石头: 1267
呼符: 7
体力: 2220.37 / 138
友情点: 0 / 718225`
*連続ログイン2日目
※ログインが途切れるか、7日到達すると
1日目から再開されます*
`聖晶石 X 1
1月交換券(2023) X 1
`_2023-01-08 19:34:11_
--------
*1960c6c2468d480d10656e460ff945b7*
`登陆天数: 8天 / 1078天
等级: 129
石头: 4285
呼符: 131
体力: 21770.77 / 138
友情点: 0 / 130015`
*連続ログイン1日目
※ログインが途切れるか、7日到達すると
1日目から再開されます*
`フレンドポイント X 2000
1月交換券(2023) X 1
`_2023-01-08 19:34:19_
--------
*50e74030067f097de636fdb9ea0a5ce0*
`登陆天数: 16天 / 1081天
等级: 142
石头: 306
呼符: 28
体力: 367.63 / 140
友情点: 50 / 9047730`
*連続ログイン2日目
※ログインが途切れるか、7日到達すると
1日目から再開されます*
`聖晶石 X 1
1月交換券(2023) X 1
`_2023-01-08 19:34:27_
--------
*5aebed162c025149a9ac12d5ff9cf0d5*
`登陆天数: 14天 / 913天
等级: 133
石头: 17
呼符: 0
体力: 376.18333333333334 / 139
友情点: 10 / 1492870`
*連続ログイン7日間到達おめでとうございます！
明日は1日目からリスタートされます。*
`獣の足跡 X 1
呼符 X 1
1月交換券(2023) X 1
`_2023-01-08 19:34:35_
--------
*f5845d187badef24087ae9dd8a663e48*
`登陆天数: 29天 / 1169天
等级: 141
石头: 378
呼符: 19
体力: 25.086666666666673 / 140
友情点: 0 / 25549365`
*連続ログイン1日目
※ログインが途切れるか、7日到達すると
1日目から再開されます*
`フレンドポイント X 2000
1月交換券(2023) X 1
`_2023-01-08 19:34:43_
--------
