【登录信息】
*4624dcf84d19c7237daa9e3aa06ae38e*
`登陆天数: 1天 / 881天
等级: 130
石头: 1267
呼符: 7
体力: 2796.43 / 138
友情点: 0 / 718225`
*連続ログイン1日目
※ログインが途切れるか、7日到達すると
1日目から再開されます*
`フレンドポイント X 2000
1月交換券(2023) X 1
`_2023-01-10 19:34:29_
--------
*1960c6c2468d480d10656e460ff945b7*
`登陆天数: 1天 / 1079天
等级: 129
石头: 4285
呼符: 131
体力: 22346.833333333332 / 138
友情点: 0 / 130015`
*連続ログイン1日目
※ログインが途切れるか、7日到達すると
1日目から再開されます*
`フレンドポイント X 2000
1月交換券(2023) X 1
`_2023-01-10 19:34:37_
--------
*50e74030067f097de636fdb9ea0a5ce0*
`登陆天数: 18天 / 1083天
等级: 142
石头: 322
呼符: 28
体力: 210.05666666666667 / 140
友情点: 1500 / 9052955`
*連続ログイン4日目
※ログインが途切れるか、7日到達すると
1日目から再開されます*
`聖晶石 X 1
1月交換券(2023) X 1
`_2023-01-10 19:34:45_
--------
*5aebed162c025149a9ac12d5ff9cf0d5*
`登陆天数: 16天 / 915天
等级: 133
石头: 24
呼符: 1
体力: 199.78333333333333 / 139
友情点: 100 / 1496995`
*連続ログイン2日目
※ログインが途切れるか、7日到達すると
1日目から再開されます*
`聖晶石 X 1
1月交換券(2023) X 1
`_2023-01-10 19:34:54_
--------
*f5845d187badef24087ae9dd8a663e48*
`登陆天数: 31天 / 1171天
等级: 141
石头: 385
呼符: 25
体力: 155.98 / 140
友情点: 50 / 25546400`
*連続ログイン3日目
※ログインが途切れるか、7日到達すると
1日目から再開されます*
`叡智の業火 X 1
1月交換券(2023) X 1
`_2023-01-10 19:35:02_
--------
