【登录信息】
*4624dcf84d19c7237daa9e3aa06ae38e*
`登陆天数: 3天 / 883天
等级: 130
石头: 1267
呼符: 7
体力: 3372.4366666666665 / 138
友情点: 0 / 718225`
*連続ログイン3日目
※ログインが途切れるか、7日到達すると
1日目から再開されます*
`叡智の業火 X 1
1月交換券(2023) X 1
`*「Lostbelt No.7 黄金樹海紀行 ナウイ・ミクトラン 惑星を統べるもの」(後編)開幕直前連続ログインボーナス*
*開催期間中、1日1回 最大7回 連続ログインボーナスをプレゼント！*
`黄金の果実 X 1
`_2023-01-12 19:34:30_
--------
*1960c6c2468d480d10656e460ff945b7*
`登陆天数: 3天 / 1081天
等级: 129
石头: 4285
呼符: 131
体力: 22922.836666666666 / 138
友情点: 0 / 130015`
*連続ログイン3日目
※ログインが途切れるか、7日到達すると
1日目から再開されます*
`叡智の業火 X 1
1月交換券(2023) X 1
`*「Lostbelt No.7 黄金樹海紀行 ナウイ・ミクトラン 惑星を統べるもの」(後編)開幕直前連続ログインボーナス*
*開催期間中、1日1回 最大7回 連続ログインボーナスをプレゼント！*
`黄金の果実 X 1
`_2023-01-12 19:34:39_
--------
*50e74030067f097de636fdb9ea0a5ce0*
`登陆天数: 20天 / 1085天
等级: 142
石头: 322
呼符: 28
体力: 182.94333333333333 / 140
友情点: 0 / 9053465`
*連続ログイン6日目
※ログインが途切れるか、7日到達すると
1日目から再開されます*
`聖晶石 X 2
1月交換券(2023) X 1
`*「Lostbelt No.7 黄金樹海紀行 ナウイ・ミクトラン 惑星を統べるもの」(後編)開幕直前連続ログインボーナス*
*開催期間中、1日1回 最大7回 連続ログインボーナスをプレゼント！*
`黄金の果実 X 1
`_2023-01-12 19:34:47_
--------
*5aebed162c025149a9ac12d5ff9cf0d5*
`登陆天数: 18天 / 917天
等级: 133
石头: 24
呼符: 1
体力: 181.83333333333334 / 139
友情点: 0 / 1497145`
*連続ログイン4日目
※ログインが途切れるか、7日到達すると
1日目から再開されます*
`聖晶石 X 1
1月交換券(2023) X 1
`*「Lostbelt No.7 黄金樹海紀行 ナウイ・ミクトラン 惑星を統べるもの」(後編)開幕直前連続ログインボーナス*
*開催期間中、1日1回 最大7回 連続ログインボーナスをプレゼント！*
`黄金の果実 X 1
`_2023-01-12 19:34:56_
--------
*f5845d187badef24087ae9dd8a663e48*
`登陆天数: 33天 / 1173天
等级: 141
石头: 403
呼符: 25
体力: 104.99000000000001 / 140
友情点: 0 / 25546985`
*連続ログイン5日目
※ログインが途切れるか、7日到達すると
1日目から再開されます*
`叡智の業火 X 2
1月交換券(2023) X 1
`*「Lostbelt No.7 黄金樹海紀行 ナウイ・ミクトラン 惑星を統べるもの」(後編)開幕直前連続ログインボーナス*
*開催期間中、1日1回 最大7回 連続ログインボーナスをプレゼント！*
`黄金の果実 X 1
`_2023-01-12 19:35:04_
--------
