【登录信息】
*4624dcf84d19c7237daa9e3aa06ae38e*
`登陆天数: 5天 / 885天
等级: 130
石头: 1267
呼符: 7
体力: 3948.41 / 138
友情点: 0 / 718225`
*連続ログイン5日目
※ログインが途切れるか、7日到達すると
1日目から再開されます*
`叡智の業火 X 2
1月交換券(2023) X 1
`*「Lostbelt No.7 黄金樹海紀行 ナウイ・ミクトラン 惑星を統べるもの」(後編)開幕直前連続ログインボーナス*
*開催期間中、1日1回 最大7回 連続ログインボーナスをプレゼント！*
`聖晶石 X 3
`_2023-01-14 19:34:22_
--------
*1960c6c2468d480d10656e460ff945b7*
`登陆天数: 5天 / 1083天
等级: 129
石头: 4285
呼符: 131
体力: 23498.81333333333 / 138
友情点: 0 / 130015`
*連続ログイン5日目
※ログインが途切れるか、7日到達すると
1日目から再開されます*
`叡智の業火 X 2
1月交換券(2023) X 1
`*「Lostbelt No.7 黄金樹海紀行 ナウイ・ミクトラン 惑星を統べるもの」(後編)開幕直前連続ログインボーナス*
*開催期間中、1日1回 最大7回 連続ログインボーナスをプレゼント！*
`聖晶石 X 3
`_2023-01-14 19:34:31_
--------
*50e74030067f097de636fdb9ea0a5ce0*
`登陆天数: 22天 / 1087天
等级: 142
石头: 322
呼符: 28
体力: 148.78666666666666 / 140
友情点: 25 / 9053540`
*連続ログイン1日目
※ログインが途切れるか、7日到達すると
1日目から再開されます*
`フレンドポイント X 2000
1月交換券(2023) X 1
`*「Lostbelt No.7 黄金樹海紀行 ナウイ・ミクトラン 惑星を統べるもの」(後編)開幕直前連続ログインボーナス*
*開催期間中、1日1回 最大7回 連続ログインボーナスをプレゼント！*
`聖晶石 X 3
`_2023-01-14 19:34:39_
--------
*5aebed162c025149a9ac12d5ff9cf0d5*
`登陆天数: 20天 / 919天
等级: 133
石头: 24
呼符: 1
体力: 148.07333333333332 / 139
友情点: 0 / 1497145`
*連続ログイン6日目
※ログインが途切れるか、7日到達すると
1日目から再開されます*
`聖晶石 X 2
1月交換券(2023) X 1
`*「Lostbelt No.7 黄金樹海紀行 ナウイ・ミクトラン 惑星を統べるもの」(後編)開幕直前連続ログインボーナス*
*開催期間中、1日1回 最大7回 連続ログインボーナスをプレゼント！*
`聖晶石 X 3
`_2023-01-14 19:34:48_
--------
*f5845d187badef24087ae9dd8a663e48*
`登陆天数: 35天 / 1175天
等级: 141
石头: 403
呼符: 25
体力: 76.61666666666667 / 140
友情点: 25 / 25548085`
*連続ログイン7日間到達おめでとうございます！
明日は1日目からリスタートされます。*
`獣の足跡 X 1
呼符 X 1
1月交換券(2023) X 1
`*「Lostbelt No.7 黄金樹海紀行 ナウイ・ミクトラン 惑星を統べるもの」(後編)開幕直前連続ログインボーナス*
*開催期間中、1日1回 最大7回 連続ログインボーナスをプレゼント！*
`聖晶石 X 3
`_2023-01-14 19:34:56_
--------
