【登录信息】
*4624dcf84d19c7237daa9e3aa06ae38e*
`登陆天数: 8天 / 888天
等级: 130
石头: 1267
呼符: 7
体力: 4812.383333333333 / 138
友情点: 0 / 718225`
*連続ログイン1日目
※ログインが途切れるか、7日到達すると
1日目から再開されます*
`フレンドポイント X 2000
1月交換券(2023) X 1
`*「Lostbelt No.7 黄金樹海紀行 ナウイ・ミクトラン 惑星を統べるもの」(後編)開幕直前連続ログインボーナス*
*開催期間中、1日1回 最大7回 連続ログインボーナスをプレゼント！*
`聖晶石 X 4
`_2023-01-17 19:34:15_
--------
*1960c6c2468d480d10656e460ff945b7*
`登陆天数: 8天 / 1086天
等级: 129
石头: 4285
呼符: 131
体力: 24362.783333333333 / 138
友情点: 0 / 130015`
*連続ログイン1日目
※ログインが途切れるか、7日到達すると
1日目から再開されます*
`フレンドポイント X 2000
1月交換券(2023) X 1
`*「Lostbelt No.7 黄金樹海紀行 ナウイ・ミクトラン 惑星を統べるもの」(後編)開幕直前連続ログインボーナス*
*開催期間中、1日1回 最大7回 連続ログインボーナスをプレゼント！*
`聖晶石 X 4
`_2023-01-17 19:34:23_
--------
*50e74030067f097de636fdb9ea0a5ce0*
`登陆天数: 25天 / 1090天
等级: 142
石头: 346
呼符: 29
体力: 111.36 / 140
友情点: 50 / 9056290`
*連続ログイン4日目
※ログインが途切れるか、7日到達すると
1日目から再開されます*
`聖晶石 X 1
1月交換券(2023) X 1
`*「Lostbelt No.7 黄金樹海紀行 ナウイ・ミクトラン 惑星を統べるもの」(後編)開幕直前連続ログインボーナス*
*開催期間中、1日1回 最大7回 連続ログインボーナスをプレゼント！*
`聖晶石 X 4
`_2023-01-17 19:34:31_
--------
*5aebed162c025149a9ac12d5ff9cf0d5*
`登陆天数: 23天 / 922天
等级: 133
石头: 39
呼符: 2
体力: 113.63 / 139
友情点: 0 / 1497170`
*連続ログイン2日目
※ログインが途切れるか、7日到達すると
1日目から再開されます*
`聖晶石 X 1
1月交換券(2023) X 1
`*「Lostbelt No.7 黄金樹海紀行 ナウイ・ミクトラン 惑星を統べるもの」(後編)開幕直前連続ログインボーナス*
*開催期間中、1日1回 最大7回 連続ログインボーナスをプレゼント！*
`聖晶石 X 4
`_2023-01-17 19:34:39_
--------
*f5845d187badef24087ae9dd8a663e48*
`登陆天数: 38天 / 1178天
等级: 141
石头: 409
呼符: 26
体力: 116.45333333333333 / 140
友情点: 0 / 25551685`
*連続ログイン3日目
※ログインが途切れるか、7日到達すると
1日目から再開されます*
`叡智の業火 X 1
1月交換券(2023) X 1
`*「Lostbelt No.7 黄金樹海紀行 ナウイ・ミクトラン 惑星を統べるもの」(後編)開幕直前連続ログインボーナス*
*開催期間中、1日1回 最大7回 連続ログインボーナスをプレゼント！*
`聖晶石 X 4
`_2023-01-17 19:34:47_
--------
