【登录信息】
*4624dcf84d19c7237daa9e3aa06ae38e*
`登陆天数: 9天 / 889天
等级: 130
石头: 1008
呼符: 0
体力: 5100.433333333333 / 138
友情点: 0 / 724225`
*連続ログイン2日目
※ログインが途切れるか、7日到達すると
1日目から再開されます*
`聖晶石 X 1
1月交換券(2023) X 1
`_2023-01-18 19:34:29_
--------
*1960c6c2468d480d10656e460ff945b7*
`登陆天数: 9天 / 1087天
等级: 129
石头: 4285
呼符: 131
体力: 24650.833333333332 / 138
友情点: 0 / 130015`
*連続ログイン2日目
※ログインが途切れるか、7日到達すると
1日目から再開されます*
`聖晶石 X 1
1月交換券(2023) X 1
`_2023-01-18 19:34:37_
--------
*50e74030067f097de636fdb9ea0a5ce0*
`登陆天数: 26天 / 1091天
等级: 142
石头: 363
呼符: 29
体力: 10.546666666666653 / 140
友情点: 25 / 9056840`
*連続ログイン5日目
※ログインが途切れるか、7日到達すると
1日目から再開されます*
`叡智の業火 X 2
1月交換券(2023) X 1
`_2023-01-18 19:34:45_
--------
*5aebed162c025149a9ac12d5ff9cf0d5*
`登陆天数: 24天 / 923天
等级: 133
石头: 14
呼符: 0
体力: 401.6766666666667 / 139
友情点: 0 / 1475170`
*連続ログイン3日目
※ログインが途切れるか、7日到達すると
1日目から再開されます*
`叡智の業火 X 1
1月交換券(2023) X 1
`_2023-01-18 19:34:53_
--------
*f5845d187badef24087ae9dd8a663e48*
`登陆天数: 39天 / 1179天
等级: 141
石头: 426
呼符: 26
体力: 57.86666666666666 / 140
友情点: 50 / 25552785`
*連続ログイン4日目
※ログインが途切れるか、7日到達すると
1日目から再開されます*
`聖晶石 X 1
1月交換券(2023) X 1
`_2023-01-18 19:35:01_
--------
