【登录信息】
*4624dcf84d19c7237daa9e3aa06ae38e*
`登陆天数: 10天 / 890天
等级: 130
石头: 1008
呼符: 0
体力: 5388.433333333333 / 138
友情点: 0 / 724225`
*連続ログイン3日目
※ログインが途切れるか、7日到達すると
1日目から再開されます*
`叡智の業火 X 1
1月交換券(2023) X 1
`_2023-01-19 19:34:29_
--------
*1960c6c2468d480d10656e460ff945b7*
`登陆天数: 10天 / 1088天
等级: 129
石头: 4285
呼符: 131
体力: 24938.836666666666 / 138
友情点: 0 / 130015`
*連続ログイン3日目
※ログインが途切れるか、7日到達すると
1日目から再開されます*
`叡智の業火 X 1
1月交換券(2023) X 1
`_2023-01-19 19:34:38_
--------
*50e74030067f097de636fdb9ea0a5ce0*
`登陆天数: 27天 / 1092天
等级: 142
石头: 363
呼符: 29
体力: 63.08666666666667 / 140
友情点: 0 / 9057390`
*連続ログイン6日目
※ログインが途切れるか、7日到達すると
1日目から再開されます*
`聖晶石 X 2
1月交換券(2023) X 1
`_2023-01-19 19:34:46_
--------
*5aebed162c025149a9ac12d5ff9cf0d5*
`登陆天数: 25天 / 924天
等级: 133
石头: 16
呼符: 0
体力: 77.96333333333334 / 139
友情点: 0 / 1475170`
*連続ログイン4日目
※ログインが途切れるか、7日到達すると
1日目から再開されます*
`聖晶石 X 1
1月交換券(2023) X 1
`_2023-01-19 19:34:54_
--------
*f5845d187badef24087ae9dd8a663e48*
`登陆天数: 40天 / 1180天
等级: 141
石头: 426
呼符: 26
体力: 72.06 / 140
友情点: 0 / 25553310`
*連続ログイン5日目
※ログインが途切れるか、7日到達すると
1日目から再開されます*
`叡智の業火 X 2
1月交換券(2023) X 1
`_2023-01-19 19:35:02_
--------
