【登录信息】
*4624dcf84d19c7237daa9e3aa06ae38e*
`登陆天数: 11天 / 891天
等级: 130
石头: 1008
呼符: 0
体力: 5676.39 / 138
友情点: 0 / 724225`
*連続ログイン4日目
※ログインが途切れるか、7日到達すると
1日目から再開されます*
`聖晶石 X 1
1月交換券(2023) X 1
`_2023-01-20 19:34:16_
--------
*1960c6c2468d480d10656e460ff945b7*
`登陆天数: 11天 / 1089天
等级: 129
石头: 4285
呼符: 131
体力: 25226.79 / 138
友情点: 0 / 130015`
*連続ログイン4日目
※ログインが途切れるか、7日到達すると
1日目から再開されます*
`聖晶石 X 1
1月交換券(2023) X 1
`_2023-01-20 19:34:25_
--------
*50e74030067f097de636fdb9ea0a5ce0*
`登陆天数: 28天 / 1093天
等级: 142
石头: 363
呼符: 29
体力: 27.39 / 140
友情点: 0 / 9057915`
*連続ログイン7日間到達おめでとうございます！
明日は1日目からリスタートされます。*
`獣の足跡 X 1
呼符 X 1
1月交換券(2023) X 1
`_2023-01-20 19:34:33_
--------
*5aebed162c025149a9ac12d5ff9cf0d5*
`登陆天数: 26天 / 925天
等级: 133
石头: 16
呼符: 0
体力: 46.900000000000006 / 139
友情点: 0 / 1475170`
*連続ログイン5日目
※ログインが途切れるか、7日到達すると
1日目から再開されます*
`叡智の業火 X 2
1月交換券(2023) X 1
`_2023-01-20 19:34:41_
--------
*f5845d187badef24087ae9dd8a663e48*
`登陆天数: 41天 / 1181天
等级: 141
石头: 427
呼符: 26
体力: 46.75666666666666 / 140
友情点: 0 / 25554135`
*連続ログイン6日目
※ログインが途切れるか、7日到達すると
1日目から再開されます*
`聖晶石 X 2
1月交換券(2023) X 1
`_2023-01-20 19:34:49_
--------
