【登录信息】
*4624dcf84d19c7237daa9e3aa06ae38e*
`登陆天数: 12天 / 892天
等级: 130
石头: 1013
呼符: 0
体力: 5964.323333333334 / 138
友情点: 0 / 724225`
*連続ログイン5日目
※ログインが途切れるか、7日到達すると
1日目から再開されます*
`叡智の業火 X 2
1月交換券(2023) X 1
`_2023-01-21 19:33:56_
--------
*1960c6c2468d480d10656e460ff945b7*
`登陆天数: 12天 / 1090天
等级: 129
石头: 4285
呼符: 131
体力: 25514.72333333333 / 138
友情点: 0 / 130015`
*連続ログイン5日目
※ログインが途切れるか、7日到達すると
1日目から再開されます*
`叡智の業火 X 2
1月交換券(2023) X 1
`_2023-01-21 19:34:05_
--------
*50e74030067f097de636fdb9ea0a5ce0*
`登陆天数: 29天 / 1094天
等级: 142
石头: 363
呼符: 29
体力: 90.35666666666667 / 140
友情点: 50 / 9058015`
*連続ログイン1日目
※ログインが途切れるか、7日到達すると
1日目から再開されます*
`フレンドポイント X 2000
1月交換券(2023) X 1
`_2023-01-21 19:34:13_
--------
*5aebed162c025149a9ac12d5ff9cf0d5*
`登陆天数: 27天 / 926天
等级: 133
石头: 17
呼符: 0
体力: 89.62333333333333 / 139
友情点: 0 / 1475170`
*連続ログイン6日目
※ログインが途切れるか、7日到達すると
1日目から再開されます*
`聖晶石 X 2
1月交換券(2023) X 1
`_2023-01-21 19:34:21_
--------
*f5845d187badef24087ae9dd8a663e48*
`登陆天数: 42天 / 1182天
等级: 141
石头: 431
呼符: 6
体力: 31.586666666666673 / 140
友情点: 0 / 25555285`
*連続ログイン7日間到達おめでとうございます！
明日は1日目からリスタートされます。*
`獣の足跡 X 1
呼符 X 1
1月交換券(2023) X 1
`_2023-01-21 19:34:30_
--------
