【登录信息】
*4624dcf84d19c7237daa9e3aa06ae38e*
`登陆天数: 16天 / 896天
等级: 130
石头: 1013
呼符: 0
体力: 7116.3966666666665 / 138
友情点: 0 / 724225`
*連続ログイン2日目
※ログインが途切れるか、7日到達すると
1日目から再開されます*
`聖晶石 X 1
1月交換券(2023) X 1
`_2023-01-25 19:34:18_
--------
*1960c6c2468d480d10656e460ff945b7*
`登陆天数: 16天 / 1094天
等级: 129
石头: 4285
呼符: 131
体力: 26666.796666666665 / 138
友情点: 0 / 130015`
*連続ログイン2日目
※ログインが途切れるか、7日到達すると
1日目から再開されます*
`聖晶石 X 1
1月交換券(2023) X 1
`_2023-01-25 19:34:27_
--------
*50e74030067f097de636fdb9ea0a5ce0*
`登陆天数: 33天 / 1098天
等级: 142
石头: 363
呼符: 29
体力: 915.6166666666667 / 140
友情点: 0 / 9058715`
*連続ログイン5日目
※ログインが途切れるか、7日到達すると
1日目から再開されます*
`叡智の業火 X 2
1月交換券(2023) X 1
`_2023-01-25 19:34:35_
--------
*5aebed162c025149a9ac12d5ff9cf0d5*
`登陆天数: 31天 / 930天
等级: 133
石头: 17
呼符: 0
体力: 935.17 / 139
友情点: 0 / 1475170`
*連続ログイン3日目
※ログインが途切れるか、7日到達すると
1日目から再開されます*
`叡智の業火 X 1
1月交換券(2023) X 1
`_2023-01-25 19:34:43_
--------
*f5845d187badef24087ae9dd8a663e48*
`登陆天数: 46天 / 1186天
等级: 141
石头: 431
呼符: 6
体力: 124.93 / 140
友情点: 0 / 25557820`
*連続ログイン4日目
※ログインが途切れるか、7日到達すると
1日目から再開されます*
`聖晶石 X 1
1月交換券(2023) X 1
`_2023-01-25 19:34:51_
--------
