【登录信息】
*4624dcf84d19c7237daa9e3aa06ae38e*
`登陆天数: 19天 / 899天
等级: 130
石头: 1013
呼符: 0
体力: 7980.383333333333 / 138
友情点: 0 / 724225`
*連続ログイン5日目
※ログインが途切れるか、7日到達すると
1日目から再開されます*
`叡智の業火 X 2
1月交換券(2023) X 1
`_2023-01-28 19:34:14_
--------
*1960c6c2468d480d10656e460ff945b7*
`登陆天数: 19天 / 1097天
等级: 129
石头: 4285
呼符: 131
体力: 27530.783333333333 / 138
友情点: 0 / 130015`
*連続ログイン5日目
※ログインが途切れるか、7日到達すると
1日目から再開されます*
`叡智の業火 X 2
1月交換券(2023) X 1
`_2023-01-28 19:34:22_
--------
*50e74030067f097de636fdb9ea0a5ce0*
`登陆天数: 36天 / 1101天
等级: 142
石头: 363
呼符: 29
体力: 1779.6 / 140
友情点: 0 / 9058750`
*連続ログイン1日目
※ログインが途切れるか、7日到達すると
1日目から再開されます*
`フレンドポイント X 2000
1月交換券(2023) X 1
`_2023-01-28 19:34:30_
--------
*5aebed162c025149a9ac12d5ff9cf0d5*
`登陆天数: 34天 / 933天
等级: 133
石头: 17
呼符: 0
体力: 1799.1533333333334 / 139
友情点: 0 / 1475170`
*連続ログイン6日目
※ログインが途切れるか、7日到達すると
1日目から再開されます*
`聖晶石 X 2
1月交換券(2023) X 1
`_2023-01-28 19:34:38_
--------
*f5845d187badef24087ae9dd8a663e48*
`登陆天数: 49天 / 1189天
等级: 141
石头: 426
呼符: 0
体力: 199.22 / 140
友情点: 0 / 25561395`
*連続ログイン7日間到達おめでとうございます！
明日は1日目からリスタートされます。*
`獣の足跡 X 1
呼符 X 1
1月交換券(2023) X 1
`_2023-01-28 19:34:47_
--------
