【登录信息】
*4624dcf84d19c7237daa9e3aa06ae38e*
`登陆天数: 20天 / 900天
等级: 130
石头: 1013
呼符: 0
体力: 8268.366666666667 / 138
友情点: 0 / 724225`
*連続ログイン6日目
※ログインが途切れるか、7日到達すると
1日目から再開されます*
`聖晶石 X 2
1月交換券(2023) X 1
`_2023-01-29 19:34:09_
--------
*1960c6c2468d480d10656e460ff945b7*
`登陆天数: 20天 / 1098天
等级: 129
石头: 4285
呼符: 131
体力: 27818.766666666666 / 138
友情点: 0 / 130015`
*連続ログイン6日目
※ログインが途切れるか、7日到達すると
1日目から再開されます*
`聖晶石 X 2
1月交換券(2023) X 1
`_2023-01-29 19:34:17_
--------
*50e74030067f097de636fdb9ea0a5ce0*
`登陆天数: 37天 / 1102天
等级: 142
石头: 363
呼符: 29
体力: 2067.5866666666666 / 140
友情点: 125 / 9058875`
*連続ログイン2日目
※ログインが途切れるか、7日到達すると
1日目から再開されます*
`聖晶石 X 1
1月交換券(2023) X 1
`_2023-01-29 19:34:26_
--------
*5aebed162c025149a9ac12d5ff9cf0d5*
`登陆天数: 35天 / 934天
等级: 133
石头: 17
呼符: 0
体力: 2087.1400000000003 / 139
友情点: 0 / 1475170`
*連続ログイン7日間到達おめでとうございます！
明日は1日目からリスタートされます。*
`獣の足跡 X 1
呼符 X 1
1月交換券(2023) X 1
`_2023-01-29 19:34:34_
--------
*f5845d187badef24087ae9dd8a663e48*
`登陆天数: 50天 / 1190天
等级: 141
石头: 426
呼符: 1
体力: 77.66333333333333 / 140
友情点: 0 / 25561930`
*連続ログイン1日目
※ログインが途切れるか、7日到達すると
1日目から再開されます*
`フレンドポイント X 2000
1月交換券(2023) X 1
`_2023-01-29 19:34:43_
--------
