【登录信息】
*4624dcf84d19c7237daa9e3aa06ae38e*
`登陆天数: 21天 / 901天
等级: 130
石头: 1013
呼符: 0
体力: 8556.393333333333 / 138
友情点: 0 / 724225`
*連続ログイン7日間到達おめでとうございます！
明日は1日目からリスタートされます。*
`獣の足跡 X 1
呼符 X 1
1月交換券(2023) X 1
`_2023-01-30 19:34:17_
--------
*1960c6c2468d480d10656e460ff945b7*
`登陆天数: 21天 / 1099天
等级: 129
石头: 4285
呼符: 131
体力: 28106.793333333335 / 138
友情点: 0 / 130015`
*連続ログイン7日間到達おめでとうございます！
明日は1日目からリスタートされます。*
`獣の足跡 X 1
呼符 X 1
1月交換券(2023) X 1
`_2023-01-30 19:34:25_
--------
*50e74030067f097de636fdb9ea0a5ce0*
`登陆天数: 38天 / 1103天
等级: 142
石头: 363
呼符: 29
体力: 2355.61 / 140
友情点: 35 / 9058910`
*連続ログイン3日目
※ログインが途切れるか、7日到達すると
1日目から再開されます*
`叡智の業火 X 1
1月交換券(2023) X 1
`_2023-01-30 19:34:33_
--------
*5aebed162c025149a9ac12d5ff9cf0d5*
`登陆天数: 36天 / 935天
等级: 133
石头: 17
呼符: 0
体力: 2375.1633333333334 / 139
友情点: 0 / 1475170`
*連続ログイン1日目
※ログインが途切れるか、7日到達すると
1日目から再開されます*
`フレンドポイント X 2000
1月交換券(2023) X 1
`_2023-01-30 19:34:42_
--------
*f5845d187badef24087ae9dd8a663e48*
`登陆天数: 51天 / 1191天
等级: 141
石头: 426
呼符: 1
体力: 136.74 / 140
友情点: 0 / 25562455`
*連続ログイン2日目
※ログインが途切れるか、7日到達すると
1日目から再開されます*
`聖晶石 X 1
1月交換券(2023) X 1
`_2023-01-30 19:34:50_
--------
