【登录信息】
*4624dcf84d19c7237daa9e3aa06ae38e*
`登陆天数: 19天 / 929天
等级: 130
石头: 1013
呼符: 0
体力: 16908.466666666667 / 138
友情点: 0 / 724225`
*連続ログイン5日目
※ログインが途切れるか、7日到達すると
1日目から再開されます*
`叡智の業火 X 2
3月交換券(2023) X 1
`_2023-02-28 19:34:39_
--------
*1960c6c2468d480d10656e460ff945b7*
`登陆天数: 19天 / 1127天
等级: 129
石头: 4285
呼符: 131
体力: 36458.86666666667 / 138
友情点: 0 / 130015`
*連続ログイン5日目
※ログインが途切れるか、7日到達すると
1日目から再開されます*
`叡智の業火 X 2
3月交換券(2023) X 1
`_2023-02-28 19:34:48_
--------
*50e74030067f097de636fdb9ea0a5ce0*
`登陆天数: 67天 / 1132天
等级: 142
石头: 104
呼符: 1
体力: 359.1766666666667 / 140
友情点: 0 / 8998600`
*連続ログイン4日目
※ログインが途切れるか、7日到達すると
1日目から再開されます*
`聖晶石 X 1
3月交換券(2023) X 1
`_2023-02-28 19:34:56_
--------
*5aebed162c025149a9ac12d5ff9cf0d5*
`登陆天数: 65天 / 964天
等级: 133
石头: 10
呼符: 0
体力: 10727.24 / 139
友情点: 0 / 1467170`
*連続ログイン2日目
※ログインが途切れるか、7日到達すると
1日目から再開されます*
`聖晶石 X 1
3月交換券(2023) X 1
`_2023-02-28 19:35:04_
--------
*f5845d187badef24087ae9dd8a663e48*
`登陆天数: 80天 / 1220天
等级: 142
石头: 545
呼符: 2
体力: 508.64 / 140
友情点: 0 / 24732990`
*連続ログイン3日目
※ログインが途切れるか、7日到達すると
1日目から再開されます*
`叡智の業火 X 1
3月交換券(2023) X 1
`_2023-02-28 19:35:13_
--------
