【登录信息】
*4624dcf84d19c7237daa9e3aa06ae38e*
`登陆天数: 20天 / 930天
等级: 130
石头: 1013
呼符: 0
体力: 17196.493333333332 / 138
友情点: 0 / 724225`
*連続ログイン6日目
※ログインが途切れるか、7日到達すると
1日目から再開されます*
`聖晶石 X 2
3月交換券(2023) X 1
`_2023-03-01 19:34:47_
--------
*1960c6c2468d480d10656e460ff945b7*
`登陆天数: 20天 / 1128天
等级: 129
石头: 4285
呼符: 131
体力: 36746.89333333333 / 138
友情点: 0 / 130015`
*連続ログイン6日目
※ログインが途切れるか、7日到達すると
1日目から再開されます*
`聖晶石 X 2
3月交換券(2023) X 1
`_2023-03-01 19:34:55_
--------
*50e74030067f097de636fdb9ea0a5ce0*
`登陆天数: 68天 / 1133天
等级: 142
石头: 104
呼符: 1
体力: 647.2033333333334 / 140
友情点: 0 / 8998600`
*連続ログイン5日目
※ログインが途切れるか、7日到達すると
1日目から再開されます*
`叡智の業火 X 2
3月交換券(2023) X 1
`_2023-03-01 19:35:03_
--------
*5aebed162c025149a9ac12d5ff9cf0d5*
`登陆天数: 66天 / 965天
等级: 133
石头: 10
呼符: 0
体力: 11015.266666666666 / 139
友情点: 0 / 1467170`
*連続ログイン3日目
※ログインが途切れるか、7日到達すると
1日目から再開されます*
`叡智の業火 X 1
3月交換券(2023) X 1
`_2023-03-01 19:35:12_
--------
*f5845d187badef24087ae9dd8a663e48*
`登陆天数: 81天 / 1221天
等级: 142
石头: 545
呼符: 2
体力: 76.98333333333333 / 140
友情点: 25 / 24733015`
*連続ログイン4日目
※ログインが途切れるか、7日到達すると
1日目から再開されます*
`聖晶石 X 1
3月交換券(2023) X 1
`_2023-03-01 19:35:20_
--------
