【登录信息】
*4624dcf84d19c7237daa9e3aa06ae38e*
`登陆天数: 21天 / 931天
等级: 130
石头: 1013
呼符: 0
体力: 17484.483333333334 / 138
友情点: 0 / 724225`
*連続ログイン7日間到達おめでとうございます！
明日は1日目からリスタートされます。*
`獣の足跡 X 1
呼符 X 1
3月交換券(2023) X 1
`_2023-03-02 19:34:44_
--------
*1960c6c2468d480d10656e460ff945b7*
`登陆天数: 21天 / 1129天
等级: 129
石头: 4285
呼符: 131
体力: 37034.886666666665 / 138
友情点: 0 / 130015`
*連続ログイン7日間到達おめでとうございます！
明日は1日目からリスタートされます。*
`獣の足跡 X 1
呼符 X 1
3月交換券(2023) X 1
`_2023-03-02 19:34:53_
--------
*50e74030067f097de636fdb9ea0a5ce0*
`登陆天数: 69天 / 1134天
等级: 142
石头: 104
呼符: 1
体力: 935.1933333333334 / 140
友情点: 0 / 8998600`
*連続ログイン6日目
※ログインが途切れるか、7日到達すると
1日目から再開されます*
`聖晶石 X 2
3月交換券(2023) X 1
`_2023-03-02 19:35:01_
--------
*5aebed162c025149a9ac12d5ff9cf0d5*
`登陆天数: 67天 / 966天
等级: 133
石头: 10
呼符: 0
体力: 11303.256666666666 / 139
友情点: 0 / 1467170`
*連続ログイン4日目
※ログインが途切れるか、7日到達すると
1日目から再開されます*
`聖晶石 X 1
3月交換券(2023) X 1
`_2023-03-02 19:35:09_
--------
*f5845d187badef24087ae9dd8a663e48*
`登陆天数: 82天 / 1222天
等级: 142
石头: 545
呼符: 2
体力: 190.24333333333334 / 140
友情点: 0 / 24733015`
*連続ログイン5日目
※ログインが途切れるか、7日到達すると
1日目から再開されます*
`叡智の業火 X 2
3月交換券(2023) X 1
`_2023-03-02 19:35:18_
--------
