【登录信息】
*4624dcf84d19c7237daa9e3aa06ae38e*
`登陆天数: 22天 / 932天
等级: 130
石头: 1013
呼符: 0
体力: 17772.443333333333 / 138
友情点: 0 / 724225`
*連続ログイン1日目
※ログインが途切れるか、7日到達すると
1日目から再開されます*
`フレンドポイント X 2000
3月交換券(2023) X 1
`_2023-03-03 19:34:32_
--------
*1960c6c2468d480d10656e460ff945b7*
`登陆天数: 22天 / 1130天
等级: 129
石头: 4285
呼符: 131
体力: 37322.846666666665 / 138
友情点: 0 / 130015`
*連続ログイン1日目
※ログインが途切れるか、7日到達すると
1日目から再開されます*
`フレンドポイント X 2000
3月交換券(2023) X 1
`_2023-03-03 19:34:41_
--------
*50e74030067f097de636fdb9ea0a5ce0*
`登陆天数: 70天 / 1135天
等级: 142
石头: 104
呼符: 1
体力: 1223.1533333333334 / 140
友情点: 0 / 8998600`
*連続ログイン7日間到達おめでとうございます！
明日は1日目からリスタートされます。*
`獣の足跡 X 1
呼符 X 1
3月交換券(2023) X 1
`_2023-03-03 19:34:49_
--------
*5aebed162c025149a9ac12d5ff9cf0d5*
`登陆天数: 68天 / 967天
等级: 133
石头: 10
呼符: 0
体力: 11591.22 / 139
友情点: 0 / 1467170`
*連続ログイン5日目
※ログインが途切れるか、7日到達すると
1日目から再開されます*
`叡智の業火 X 2
3月交換券(2023) X 1
`_2023-03-03 19:34:58_
--------
*f5845d187badef24087ae9dd8a663e48*
`登陆天数: 83天 / 1223天
等级: 142
石头: 545
呼符: 2
体力: 478.2033333333333 / 140
友情点: 0 / 24733015`
*連続ログイン6日目
※ログインが途切れるか、7日到達すると
1日目から再開されます*
`聖晶石 X 2
3月交換券(2023) X 1
`_2023-03-03 19:35:06_
--------
