【登录信息】
*4624dcf84d19c7237daa9e3aa06ae38e*
`登陆天数: 23天 / 933天
等级: 130
石头: 1013
呼符: 0
体力: 18060.37 / 138
友情点: 0 / 724225`
*連続ログイン2日目
※ログインが途切れるか、7日到達すると
1日目から再開されます*
`聖晶石 X 1
3月交換券(2023) X 1
`_2023-03-04 19:34:10_
--------
*1960c6c2468d480d10656e460ff945b7*
`登陆天数: 23天 / 1131天
等级: 129
石头: 4285
呼符: 131
体力: 37610.77 / 138
友情点: 0 / 130015`
*連続ログイン2日目
※ログインが途切れるか、7日到達すると
1日目から再開されます*
`聖晶石 X 1
3月交換券(2023) X 1
`_2023-03-04 19:34:19_
--------
*50e74030067f097de636fdb9ea0a5ce0*
`登陆天数: 71天 / 1136天
等级: 142
石头: 104
呼符: 1
体力: 1511.08 / 140
友情点: 0 / 8998600`
*連続ログイン1日目
※ログインが途切れるか、7日到達すると
1日目から再開されます*
`フレンドポイント X 2000
3月交換券(2023) X 1
`_2023-03-04 19:34:27_
--------
*5aebed162c025149a9ac12d5ff9cf0d5*
`登陆天数: 69天 / 968天
等级: 133
石头: 10
呼符: 0
体力: 11879.143333333333 / 139
友情点: 0 / 1467170`
*連続ログイン6日目
※ログインが途切れるか、7日到達すると
1日目から再開されます*
`聖晶石 X 2
3月交換券(2023) X 1
`_2023-03-04 19:34:35_
--------
*f5845d187badef24087ae9dd8a663e48*
`登陆天数: 84天 / 1224天
等级: 142
石头: 545
呼符: 2
体力: 766.13 / 140
友情点: 0 / 24733015`
*連続ログイン7日間到達おめでとうございます！
明日は1日目からリスタートされます。*
`獣の足跡 X 1
呼符 X 1
3月交換券(2023) X 1
`_2023-03-04 19:34:44_
--------
