【登录信息】
*4624dcf84d19c7237daa9e3aa06ae38e*
`登陆天数: 24天 / 934天
等级: 130
石头: 1013
呼符: 0
体力: 18348.38 / 138
友情点: 0 / 724225`
*連続ログイン3日目
※ログインが途切れるか、7日到達すると
1日目から再開されます*
`叡智の業火 X 1
3月交換券(2023) X 1
`_2023-03-05 19:34:13_
--------
*1960c6c2468d480d10656e460ff945b7*
`登陆天数: 24天 / 1132天
等级: 129
石头: 4285
呼符: 131
体力: 37898.78 / 138
友情点: 0 / 130015`
*連続ログイン3日目
※ログインが途切れるか、7日到達すると
1日目から再開されます*
`叡智の業火 X 1
3月交換券(2023) X 1
`_2023-03-05 19:34:21_
--------
*50e74030067f097de636fdb9ea0a5ce0*
`登陆天数: 72天 / 1137天
等级: 142
石头: 104
呼符: 1
体力: 1799.09 / 140
友情点: 0 / 8998600`
*連続ログイン2日目
※ログインが途切れるか、7日到達すると
1日目から再開されます*
`聖晶石 X 1
3月交換券(2023) X 1
`_2023-03-05 19:34:30_
--------
*5aebed162c025149a9ac12d5ff9cf0d5*
`登陆天数: 70天 / 969天
等级: 133
石头: 10
呼符: 0
体力: 12167.153333333334 / 139
友情点: 0 / 1467170`
*連続ログイン7日間到達おめでとうございます！
明日は1日目からリスタートされます。*
`獣の足跡 X 1
呼符 X 1
3月交換券(2023) X 1
`_2023-03-05 19:34:38_
--------
*f5845d187badef24087ae9dd8a663e48*
`登陆天数: 85天 / 1225天
等级: 142
石头: 556
呼符: 9
体力: 107.81666666666666 / 140
友情点: 50 / 24735290`
*連続ログイン1日目
※ログインが途切れるか、7日到達すると
1日目から再開されます*
`フレンドポイント X 2000
3月交換券(2023) X 1
`_2023-03-05 19:34:47_
--------
