【登录信息】
*4624dcf84d19c7237daa9e3aa06ae38e*
`登陆天数: 25天 / 935天
等级: 130
石头: 1013
呼符: 0
体力: 18636.48 / 138
友情点: 0 / 724225`
*連続ログイン4日目
※ログインが途切れるか、7日到達すると
1日目から再開されます*
`聖晶石 X 1
3月交換券(2023) X 1
`_2023-03-06 19:34:42_
--------
*1960c6c2468d480d10656e460ff945b7*
`登陆天数: 25天 / 1133天
等级: 129
石头: 4285
呼符: 131
体力: 38186.88 / 138
友情点: 0 / 130015`
*連続ログイン4日目
※ログインが途切れるか、7日到達すると
1日目から再開されます*
`聖晶石 X 1
3月交換券(2023) X 1
`_2023-03-06 19:34:51_
--------
*50e74030067f097de636fdb9ea0a5ce0*
`登陆天数: 73天 / 1138天
等级: 142
石头: 104
呼符: 1
体力: 2087.1866666666665 / 140
友情点: 75 / 8998675`
*連続ログイン3日目
※ログインが途切れるか、7日到達すると
1日目から再開されます*
`叡智の業火 X 1
3月交換券(2023) X 1
`_2023-03-06 19:34:59_
--------
*5aebed162c025149a9ac12d5ff9cf0d5*
`登陆天数: 71天 / 970天
等级: 133
石头: 10
呼符: 0
体力: 12455.253333333334 / 139
友情点: 0 / 1467170`
*連続ログイン1日目
※ログインが途切れるか、7日到達すると
1日目から再開されます*
`フレンドポイント X 2000
3月交換券(2023) X 1
`_2023-03-06 19:35:08_
--------
*f5845d187badef24087ae9dd8a663e48*
`登陆天数: 86天 / 1226天
等级: 142
石头: 556
呼符: 9
体力: 395.91666666666663 / 140
友情点: 0 / 24735290`
*連続ログイン2日目
※ログインが途切れるか、7日到達すると
1日目から再開されます*
`聖晶石 X 1
3月交換券(2023) X 1
`_2023-03-06 19:35:17_
--------
