【登录信息】
*4624dcf84d19c7237daa9e3aa06ae38e*
`登陆天数: 26天 / 936天
等级: 130
石头: 1013
呼符: 0
体力: 18924.49 / 138
友情点: 0 / 724225`
*連続ログイン5日目
※ログインが途切れるか、7日到達すると
1日目から再開されます*
`叡智の業火 X 2
3月交換券(2023) X 1
`_2023-03-07 19:34:46_
--------
*1960c6c2468d480d10656e460ff945b7*
`登陆天数: 26天 / 1134天
等级: 129
石头: 4285
呼符: 131
体力: 38474.89 / 138
友情点: 0 / 130015`
*連続ログイン5日目
※ログインが途切れるか、7日到達すると
1日目から再開されます*
`叡智の業火 X 2
3月交換券(2023) X 1
`_2023-03-07 19:34:54_
--------
*50e74030067f097de636fdb9ea0a5ce0*
`登陆天数: 74天 / 1139天
等级: 142
石头: 111
呼符: 2
体力: 230.22 / 140
友情点: 0 / 9001170`
*連続ログイン4日目
※ログインが途切れるか、7日到達すると
1日目から再開されます*
`聖晶石 X 1
3月交換券(2023) X 1
`_2023-03-07 19:35:03_
--------
*5aebed162c025149a9ac12d5ff9cf0d5*
`登陆天数: 72天 / 971天
等级: 133
石头: 10
呼符: 0
体力: 12743.263333333334 / 139
友情点: 0 / 1467170`
*連続ログイン2日目
※ログインが途切れるか、7日到達すると
1日目から再開されます*
`聖晶石 X 1
3月交換券(2023) X 1
`_2023-03-07 19:35:11_
--------
*f5845d187badef24087ae9dd8a663e48*
`登陆天数: 87天 / 1227天
等级: 142
石头: 557
呼符: 10
体力: 140.94666666666666 / 140
友情点: 0 / 24737315`
*連続ログイン3日目
※ログインが途切れるか、7日到達すると
1日目から再開されます*
`叡智の業火 X 1
3月交換券(2023) X 1
`_2023-03-07 19:35:20_
--------
