【登录信息】
*4624dcf84d19c7237daa9e3aa06ae38e*
`登陆天数: 27天 / 937天
等级: 130
石头: 1013
呼符: 0
体力: 19212.496666666666 / 138
友情点: 0 / 724225`
*連続ログイン6日目
※ログインが途切れるか、7日到達すると
1日目から再開されます*
`聖晶石 X 2
3月交換券(2023) X 1
`*CBC2023開催直前特別連続ログインボーナス*
*開催期間中、1日1回 最大7回 連続ログインボーナスをプレゼント！*
`白銀の果実 X 2
`_2023-03-08 19:34:48_
--------
*1960c6c2468d480d10656e460ff945b7*
`登陆天数: 27天 / 1135天
等级: 129
石头: 4285
呼符: 131
体力: 38762.9 / 138
友情点: 0 / 130015`
*連続ログイン6日目
※ログインが途切れるか、7日到達すると
1日目から再開されます*
`聖晶石 X 2
3月交換券(2023) X 1
`*CBC2023開催直前特別連続ログインボーナス*
*開催期間中、1日1回 最大7回 連続ログインボーナスをプレゼント！*
`白銀の果実 X 2
`_2023-03-08 19:34:57_
--------
*50e74030067f097de636fdb9ea0a5ce0*
`登陆天数: 75天 / 1140天
等级: 142
石头: 114
呼符: 5
体力: 121.88 / 140
友情点: 0 / 9002070`
*連続ログイン5日目
※ログインが途切れるか、7日到達すると
1日目から再開されます*
`叡智の業火 X 2
3月交換券(2023) X 1
`*CBC2023開催直前特別連続ログインボーナス*
*開催期間中、1日1回 最大7回 連続ログインボーナスをプレゼント！*
`白銀の果実 X 2
`_2023-03-08 19:35:05_
--------
*5aebed162c025149a9ac12d5ff9cf0d5*
`登陆天数: 73天 / 972天
等级: 133
石头: 10
呼符: 0
体力: 13031.273333333333 / 139
友情点: 0 / 1467170`
*連続ログイン3日目
※ログインが途切れるか、7日到達すると
1日目から再開されます*
`叡智の業火 X 1
3月交換券(2023) X 1
`*CBC2023開催直前特別連続ログインボーナス*
*開催期間中、1日1回 最大7回 連続ログインボーナスをプレゼント！*
`白銀の果実 X 2
`_2023-03-08 19:35:14_
--------
*f5845d187badef24087ae9dd8a663e48*
`登陆天数: 88天 / 1228天
等级: 142
石头: 559
呼符: 11
体力: 146.26666666666668 / 140
友情点: 0 / 24737590`
*連続ログイン4日目
※ログインが途切れるか、7日到達すると
1日目から再開されます*
`聖晶石 X 1
3月交換券(2023) X 1
`*CBC2023開催直前特別連続ログインボーナス*
*開催期間中、1日1回 最大7回 連続ログインボーナスをプレゼント！*
`白銀の果実 X 2
`_2023-03-08 19:35:22_
--------
