【登录信息】
*4624dcf84d19c7237daa9e3aa06ae38e*
`登陆天数: 31天 / 941天
等级: 130
石头: 1013
呼符: 0
体力: 20364.336666666666 / 138
友情点: 0 / 724225`
*連続ログイン3日目
※ログインが途切れるか、7日到達すると
1日目から再開されます*
`叡智の業火 X 1
3月交換券(2023) X 1
`*CBC2023開催直前特別連続ログインボーナス*
*開催期間中、1日1回 最大7回 連続ログインボーナスをプレゼント！*
`英霊結晶・太陽のフォウくん X 3
`_2023-03-12 19:34:00_
--------
*1960c6c2468d480d10656e460ff945b7*
`登陆天数: 31天 / 1139天
等级: 129
石头: 4285
呼符: 131
体力: 39914.74 / 138
友情点: 0 / 130015`
*連続ログイン3日目
※ログインが途切れるか、7日到達すると
1日目から再開されます*
`叡智の業火 X 1
3月交換券(2023) X 1
`*CBC2023開催直前特別連続ログインボーナス*
*開催期間中、1日1回 最大7回 連続ログインボーナスをプレゼント！*
`英霊結晶・太陽のフォウくん X 3
`_2023-03-12 19:34:09_
--------
*50e74030067f097de636fdb9ea0a5ce0*
`登陆天数: 79天 / 1144天
等级: 142
石头: 114
呼符: 7
体力: 789.39 / 140
友情点: 75 / 9003855`
*連続ログイン2日目
※ログインが途切れるか、7日到達すると
1日目から再開されます*
`聖晶石 X 1
3月交換券(2023) X 1
`*CBC2023開催直前特別連続ログインボーナス*
*開催期間中、1日1回 最大7回 連続ログインボーナスをプレゼント！*
`白銀の果実 X 2
`_2023-03-12 19:34:17_
--------
*5aebed162c025149a9ac12d5ff9cf0d5*
`登陆天数: 77天 / 976天
等级: 133
石头: 10
呼符: 0
体力: 14183.113333333333 / 139
友情点: 0 / 1467170`
*連続ログイン7日間到達おめでとうございます！
明日は1日目からリスタートされます。*
`獣の足跡 X 1
呼符 X 1
3月交換券(2023) X 1
`*CBC2023開催直前特別連続ログインボーナス*
*開催期間中、1日1回 最大7回 連続ログインボーナスをプレゼント！*
`英霊結晶・太陽のフォウくん X 3
`_2023-03-12 19:34:26_
--------
*f5845d187badef24087ae9dd8a663e48*
`登陆天数: 92天 / 1232天
等级: 142
石头: 562
呼符: 14
体力: 380.98333333333335 / 140
友情点: 0 / 24739425`
*連続ログイン1日目
※ログインが途切れるか、7日到達すると
1日目から再開されます*
`フレンドポイント X 2000
3月交換券(2023) X 1
`*CBC2023開催直前特別連続ログインボーナス*
*開催期間中、1日1回 最大7回 連続ログインボーナスをプレゼント！*
`白銀の果実 X 2
`_2023-03-12 19:34:34_
--------
