【登录信息】
*4624dcf84d19c7237daa9e3aa06ae38e*
`登陆天数: 32天 / 942天
等级: 130
石头: 1013
呼符: 0
体力: 20652.393333333333 / 138
友情点: 0 / 724225`
*連続ログイン4日目
※ログインが途切れるか、7日到達すると
1日目から再開されます*
`聖晶石 X 1
3月交換券(2023) X 1
`*CBC2023開催直前特別連続ログインボーナス*
*開催期間中、1日1回 最大7回 連続ログインボーナスをプレゼント！*
`白銀の果実 X 2
`_2023-03-13 19:34:17_
--------
*1960c6c2468d480d10656e460ff945b7*
`登陆天数: 32天 / 1140天
等级: 129
石头: 4285
呼符: 131
体力: 40202.793333333335 / 138
友情点: 0 / 130015`
*連続ログイン4日目
※ログインが途切れるか、7日到達すると
1日目から再開されます*
`聖晶石 X 1
3月交換券(2023) X 1
`*CBC2023開催直前特別連続ログインボーナス*
*開催期間中、1日1回 最大7回 連続ログインボーナスをプレゼント！*
`白銀の果実 X 2
`_2023-03-13 19:34:25_
--------
*50e74030067f097de636fdb9ea0a5ce0*
`登陆天数: 80天 / 1145天
等级: 142
石头: 114
呼符: 7
体力: 1077.4433333333334 / 140
友情点: 0 / 9003855`
*連続ログイン3日目
※ログインが途切れるか、7日到達すると
1日目から再開されます*
`叡智の業火 X 1
3月交換券(2023) X 1
`*CBC2023開催直前特別連続ログインボーナス*
*開催期間中、1日1回 最大7回 連続ログインボーナスをプレゼント！*
`聖晶石 X 3
`_2023-03-13 19:34:33_
--------
*5aebed162c025149a9ac12d5ff9cf0d5*
`登陆天数: 78天 / 977天
等级: 133
石头: 10
呼符: 0
体力: 14471.166666666666 / 139
友情点: 0 / 1467170`
*連続ログイン1日目
※ログインが途切れるか、7日到達すると
1日目から再開されます*
`フレンドポイント X 2000
3月交換券(2023) X 1
`*CBC2023開催直前特別連続ログインボーナス*
*開催期間中、1日1回 最大7回 連続ログインボーナスをプレゼント！*
`白銀の果実 X 2
`_2023-03-13 19:34:42_
--------
*f5845d187badef24087ae9dd8a663e48*
`登陆天数: 93天 / 1233天
等级: 142
石头: 562
呼符: 14
体力: 669.0366666666666 / 140
友情点: 50 / 24739475`
*連続ログイン2日目
※ログインが途切れるか、7日到達すると
1日目から再開されます*
`聖晶石 X 1
3月交換券(2023) X 1
`*CBC2023開催直前特別連続ログインボーナス*
*開催期間中、1日1回 最大7回 連続ログインボーナスをプレゼント！*
`聖晶石 X 3
`_2023-03-13 19:34:50_
--------
