【登录信息】
*4624dcf84d19c7237daa9e3aa06ae38e*
`登陆天数: 33天 / 943天
等级: 130
石头: 1013
呼符: 0
体力: 20940.653333333332 / 138
友情点: 0 / 724225`
*連続ログイン5日目
※ログインが途切れるか、7日到達すると
1日目から再開されます*
`叡智の業火 X 2
3月交換券(2023) X 1
`*CBC2023開催直前特別連続ログインボーナス*
*開催期間中、1日1回 最大7回 連続ログインボーナスをプレゼント！*
`聖晶石 X 3
`_2023-03-14 19:35:35_
--------
*1960c6c2468d480d10656e460ff945b7*
`登陆天数: 33天 / 1141天
等级: 129
石头: 4285
呼符: 131
体力: 40491.05333333334 / 138
友情点: 0 / 130015`
*連続ログイン5日目
※ログインが途切れるか、7日到達すると
1日目から再開されます*
`叡智の業火 X 2
3月交換券(2023) X 1
`*CBC2023開催直前特別連続ログインボーナス*
*開催期間中、1日1回 最大7回 連続ログインボーナスをプレゼント！*
`聖晶石 X 3
`_2023-03-14 19:35:43_
--------
*50e74030067f097de636fdb9ea0a5ce0*
`登陆天数: 81天 / 1146天
等级: 143
石头: 141
呼符: 9
体力: 148.36333333333334 / 141
友情点: 0 / 9006005`
*連続ログイン4日目
※ログインが途切れるか、7日到達すると
1日目から再開されます*
`聖晶石 X 1
3月交換券(2023) X 1
`_2023-03-14 19:35:51_
--------
*5aebed162c025149a9ac12d5ff9cf0d5*
`登陆天数: 79天 / 978天
等级: 133
石头: 10
呼符: 0
体力: 14759.423333333334 / 139
友情点: 0 / 1467170`
*連続ログイン2日目
※ログインが途切れるか、7日到達すると
1日目から再開されます*
`聖晶石 X 1
3月交換券(2023) X 1
`*CBC2023開催直前特別連続ログインボーナス*
*開催期間中、1日1回 最大7回 連続ログインボーナスをプレゼント！*
`聖晶石 X 3
`_2023-03-14 19:35:59_
--------
*f5845d187badef24087ae9dd8a663e48*
`登陆天数: 94天 / 1234天
等级: 142
石头: 562
呼符: 14
体力: 957.2933333333333 / 140
友情点: 0 / 24739475`
*連続ログイン3日目
※ログインが途切れるか、7日到達すると
1日目から再開されます*
`叡智の業火 X 1
3月交換券(2023) X 1
`_2023-03-14 19:36:07_
--------
