【登录信息】
*4624dcf84d19c7237daa9e3aa06ae38e*
`登陆天数: 34天 / 944天
等级: 130
石头: 1013
呼符: 0
体力: 21228.43 / 138
友情点: 0 / 724225`
*連続ログイン6日目
※ログインが途切れるか、7日到達すると
1日目から再開されます*
`聖晶石 X 2
3月交換券(2023) X 1
`_2023-03-15 19:34:28_
--------
*1960c6c2468d480d10656e460ff945b7*
`登陆天数: 34天 / 1142天
等级: 129
石头: 4285
呼符: 131
体力: 40778.83 / 138
友情点: 0 / 130015`
*連続ログイン6日目
※ログインが途切れるか、7日到達すると
1日目から再開されます*
`聖晶石 X 2
3月交換券(2023) X 1
`_2023-03-15 19:34:36_
--------
*50e74030067f097de636fdb9ea0a5ce0*
`登陆天数: 82天 / 1147天
等级: 143
石头: 141
呼符: 9
体力: 249.83333333333331 / 141
友情点: 150 / 9006325`
*連続ログイン5日目
※ログインが途切れるか、7日到達すると
1日目から再開されます*
`叡智の業火 X 2
3月交換券(2023) X 1
`_2023-03-15 19:34:44_
--------
*5aebed162c025149a9ac12d5ff9cf0d5*
`登陆天数: 80天 / 979天
等级: 133
石头: 10
呼符: 0
体力: 15047.2 / 139
友情点: 0 / 1467170`
*連続ログイン3日目
※ログインが途切れるか、7日到達すると
1日目から再開されます*
`叡智の業火 X 1
3月交換券(2023) X 1
`_2023-03-15 19:34:52_
--------
*f5845d187badef24087ae9dd8a663e48*
`登陆天数: 95天 / 1235天
等级: 142
石头: 562
呼符: 14
体力: 1245.07 / 140
友情点: 100 / 24739575`
*連続ログイン4日目
※ログインが途切れるか、7日到達すると
1日目から再開されます*
`聖晶石 X 1
3月交換券(2023) X 1
`_2023-03-15 19:35:01_
--------
