【登录信息】
*4624dcf84d19c7237daa9e3aa06ae38e*
`登陆天数: 35天 / 945天
等级: 130
石头: 1013
呼符: 0
体力: 21516.463333333333 / 138
友情点: 0 / 724225`
*連続ログイン7日間到達おめでとうございます！
明日は1日目からリスタートされます。*
`獣の足跡 X 1
呼符 X 1
3月交換券(2023) X 1
`_2023-03-16 19:34:38_
--------
*1960c6c2468d480d10656e460ff945b7*
`登陆天数: 35天 / 1143天
等级: 129
石头: 4285
呼符: 131
体力: 41066.863333333335 / 138
友情点: 0 / 130015`
*連続ログイン7日間到達おめでとうございます！
明日は1日目からリスタートされます。*
`獣の足跡 X 1
呼符 X 1
3月交換券(2023) X 1
`_2023-03-16 19:34:46_
--------
*50e74030067f097de636fdb9ea0a5ce0*
`登陆天数: 83天 / 1148天
等级: 143
石头: 142
呼符: 10
体力: 49.11666666666666 / 141
友情点: 200 / 9006700`
*連続ログイン6日目
※ログインが途切れるか、7日到達すると
1日目から再開されます*
`聖晶石 X 2
3月交換券(2023) X 1
`_2023-03-16 19:34:54_
--------
*f5845d187badef24087ae9dd8a663e48*
`登陆天数: 96天 / 1236天
等级: 142
石头: 588
呼符: 16
体力: 174.35 / 140
友情点: 0 / 24741575`
*連続ログイン5日目
※ログインが途切れるか、7日到達すると
1日目から再開されます*
`叡智の業火 X 2
3月交換券(2023) X 1
`_2023-03-16 19:40:38_
--------
