【登录信息】
*4624dcf84d19c7237daa9e3aa06ae38e*
`登陆天数: 36天 / 946天
等级: 130
石头: 1013
呼符: 0
体力: 21804.4 / 138
友情点: 0 / 724225`
*連続ログイン1日目
※ログインが途切れるか、7日到達すると
1日目から再開されます*
`フレンドポイント X 2000
3月交換券(2023) X 1
`*「カルデアボーイズコレクション2023」開催記念初回ログインボーナス*
*開催期間中、初回ログインで「CBC2023特別優待券」をプレゼント！*
`CBC2023特別優待券 X 1
`_2023-03-17 19:34:19_
--------
*1960c6c2468d480d10656e460ff945b7*
`登陆天数: 36天 / 1144天
等级: 129
石头: 4285
呼符: 131
体力: 41354.8 / 138
友情点: 0 / 130015`
*連続ログイン1日目
※ログインが途切れるか、7日到達すると
1日目から再開されます*
`フレンドポイント X 2000
3月交換券(2023) X 1
`*「カルデアボーイズコレクション2023」開催記念初回ログインボーナス*
*開催期間中、初回ログインで「CBC2023特別優待券」をプレゼント！*
`CBC2023特別優待券 X 1
`_2023-03-17 19:34:27_
--------
*50e74030067f097de636fdb9ea0a5ce0*
`登陆天数: 84天 / 1149天
等级: 143
石头: 144
呼符: 11
体力: 53.30333333333333 / 141
友情点: 0 / 9006725`
*連続ログイン7日間到達おめでとうございます！
明日は1日目からリスタートされます。*
`獣の足跡 X 1
呼符 X 1
3月交換券(2023) X 1
`_2023-03-17 19:34:35_
--------
*5aebed162c025149a9ac12d5ff9cf0d5*
`登陆天数: 1天 / 980天
等级: 133
石头: 10
呼符: 0
体力: 15623.173333333334 / 139
友情点: 0 / 1467170`
*連続ログイン1日目
※ログインが途切れるか、7日到達すると
1日目から再開されます*
`フレンドポイント X 2000
3月交換券(2023) X 1
`*「カルデアボーイズコレクション2023」開催記念初回ログインボーナス*
*開催期間中、初回ログインで「CBC2023特別優待券」をプレゼント！*
`CBC2023特別優待券 X 1
`_2023-03-17 19:34:44_
--------
*f5845d187badef24087ae9dd8a663e48*
`登陆天数: 97天 / 1237天
等级: 142
石头: 588
呼符: 16
体力: 461.19666666666666 / 140
友情点: 25 / 24741600`
*連続ログイン6日目
※ログインが途切れるか、7日到達すると
1日目から再開されます*
`聖晶石 X 2
3月交換券(2023) X 1
`*「カルデアボーイズコレクション2023」開催記念初回ログインボーナス*
*開催期間中、初回ログインで「CBC2023特別優待券」をプレゼント！*
`CBC2023特別優待券 X 1
`_2023-03-17 19:34:52_
--------
