【登录信息】
*4624dcf84d19c7237daa9e3aa06ae38e*
`登陆天数: 37天 / 947天
等级: 130
石头: 1013
呼符: 0
体力: 22092.36 / 138
友情点: 0 / 724225`
*連続ログイン2日目
※ログインが途切れるか、7日到達すると
1日目から再開されます*
`聖晶石 X 1
3月交換券(2023) X 1
`_2023-03-18 19:34:07_
--------
*1960c6c2468d480d10656e460ff945b7*
`登陆天数: 37天 / 1145天
等级: 129
石头: 4285
呼符: 131
体力: 41642.763333333336 / 138
友情点: 0 / 130015`
*連続ログイン2日目
※ログインが途切れるか、7日到達すると
1日目から再開されます*
`聖晶石 X 1
3月交換券(2023) X 1
`_2023-03-18 19:34:16_
--------
*50e74030067f097de636fdb9ea0a5ce0*
`登陆天数: 85天 / 1150天
等级: 143
石头: 144
呼符: 11
体力: 341.26666666666665 / 141
友情点: 0 / 9006725`
*連続ログイン1日目
※ログインが途切れるか、7日到達すると
1日目から再開されます*
`フレンドポイント X 2000
3月交換券(2023) X 1
`_2023-03-18 19:34:24_
--------
*5aebed162c025149a9ac12d5ff9cf0d5*
`登陆天数: 2天 / 981天
等级: 133
石头: 10
呼符: 0
体力: 15911.136666666667 / 139
友情点: 0 / 1467170`
*連続ログイン2日目
※ログインが途切れるか、7日到達すると
1日目から再開されます*
`聖晶石 X 1
3月交換券(2023) X 1
`_2023-03-18 19:34:33_
--------
*f5845d187badef24087ae9dd8a663e48*
`登陆天数: 98天 / 1238天
等级: 142
石头: 588
呼符: 16
体力: 749.16 / 140
友情点: 25 / 24741625`
*連続ログイン7日間到達おめでとうございます！
明日は1日目からリスタートされます。*
`獣の足跡 X 1
呼符 X 1
3月交換券(2023) X 1
`_2023-03-18 19:34:41_
--------
