【登录信息】
*4624dcf84d19c7237daa9e3aa06ae38e*
`登陆天数: 39天 / 949天
等级: 130
石头: 1013
呼符: 0
体力: 22668.43666666667 / 138
友情点: 0 / 724225`
*連続ログイン4日目
※ログインが途切れるか、7日到達すると
1日目から再開されます*
`聖晶石 X 1
3月交換券(2023) X 1
`_2023-03-20 19:34:30_
--------
*1960c6c2468d480d10656e460ff945b7*
`登陆天数: 1天 / 1146天
等级: 129
石头: 4285
呼符: 131
体力: 42218.83666666667 / 138
友情点: 0 / 130015`
*連続ログイン1日目
※ログインが途切れるか、7日到達すると
1日目から再開されます*
`フレンドポイント X 2000
3月交換券(2023) X 1
`_2023-03-20 19:34:39_
--------
*50e74030067f097de636fdb9ea0a5ce0*
`登陆天数: 1天 / 1151天
等级: 143
石头: 176
呼符: 15
体力: 339.49 / 141
友情点: 0 / 9008815`
*連続ログイン1日目
※ログインが途切れるか、7日到達すると
1日目から再開されます*
`フレンドポイント X 2000
3月交換券(2023) X 1
`_2023-03-20 19:34:47_
--------
*5aebed162c025149a9ac12d5ff9cf0d5*
`登陆天数: 1天 / 982天
等级: 133
石头: 10
呼符: 0
体力: 16487.21 / 139
友情点: 0 / 1467170`
*連続ログイン1日目
※ログインが途切れるか、7日到達すると
1日目から再開されます*
`フレンドポイント X 2000
3月交換券(2023) X 1
`_2023-03-20 19:34:55_
--------
*f5845d187badef24087ae9dd8a663e48*
`登陆天数: 1天 / 1239天
等级: 142
石头: 588
呼符: 16
体力: 1325.2366666666667 / 140
友情点: 0 / 24741625`
*連続ログイン1日目
※ログインが途切れるか、7日到達すると
1日目から再開されます*
`フレンドポイント X 2000
3月交換券(2023) X 1
`_2023-03-20 19:35:04_
--------
