【登录信息】
*4624dcf84d19c7237daa9e3aa06ae38e*
`登陆天数: 40天 / 950天
等级: 130
石头: 1013
呼符: 0
体力: 22956.41 / 138
友情点: 0 / 724225`
*連続ログイン5日目
※ログインが途切れるか、7日到達すると
1日目から再開されます*
`叡智の業火 X 2
3月交換券(2023) X 1
`_2023-03-21 19:34:22_
--------
*1960c6c2468d480d10656e460ff945b7*
`登陆天数: 2天 / 1147天
等级: 129
石头: 4285
呼符: 131
体力: 42506.81 / 138
友情点: 0 / 130015`
*連続ログイン2日目
※ログインが途切れるか、7日到達すると
1日目から再開されます*
`聖晶石 X 1
3月交換券(2023) X 1
`_2023-03-21 19:34:30_
--------
*50e74030067f097de636fdb9ea0a5ce0*
`登陆天数: 2天 / 1152天
等级: 143
石头: 176
呼符: 15
体力: 627.4633333333334 / 141
友情点: 0 / 9008815`
*連続ログイン2日目
※ログインが途切れるか、7日到達すると
1日目から再開されます*
`聖晶石 X 1
3月交換券(2023) X 1
`_2023-03-21 19:34:39_
--------
*5aebed162c025149a9ac12d5ff9cf0d5*
`登陆天数: 2天 / 983天
等级: 133
石头: 10
呼符: 0
体力: 16775.183333333334 / 139
友情点: 0 / 1467170`
*連続ログイン2日目
※ログインが途切れるか、7日到達すると
1日目から再開されます*
`聖晶石 X 1
3月交換券(2023) X 1
`_2023-03-21 19:34:47_
--------
*f5845d187badef24087ae9dd8a663e48*
`登陆天数: 2天 / 1240天
等级: 142
石头: 588
呼符: 16
体力: 1613.21 / 140
友情点: 0 / 24741625`
*連続ログイン2日目
※ログインが途切れるか、7日到達すると
1日目から再開されます*
`聖晶石 X 1
3月交換券(2023) X 1
`_2023-03-21 19:34:56_
--------
