【登录信息】
*4624dcf84d19c7237daa9e3aa06ae38e*
`登陆天数: 41天 / 951天
等级: 130
石头: 1013
呼符: 0
体力: 23244.423333333332 / 138
友情点: 0 / 724225`
*連続ログイン6日目
※ログインが途切れるか、7日到達すると
1日目から再開されます*
`聖晶石 X 2
3月交換券(2023) X 1
`_2023-03-22 19:34:26_
--------
*1960c6c2468d480d10656e460ff945b7*
`登陆天数: 3天 / 1148天
等级: 129
石头: 4285
呼符: 131
体力: 42794.823333333334 / 138
友情点: 0 / 130015`
*連続ログイン3日目
※ログインが途切れるか、7日到達すると
1日目から再開されます*
`叡智の業火 X 1
3月交換券(2023) X 1
`_2023-03-22 19:34:34_
--------
*50e74030067f097de636fdb9ea0a5ce0*
`登陆天数: 3天 / 1153天
等级: 143
石头: 176
呼符: 15
体力: 915.4766666666667 / 141
友情点: 75 / 9008890`
*連続ログイン3日目
※ログインが途切れるか、7日到達すると
1日目から再開されます*
`叡智の業火 X 1
3月交換券(2023) X 1
`_2023-03-22 19:34:43_
--------
*5aebed162c025149a9ac12d5ff9cf0d5*
`登陆天数: 3天 / 984天
等级: 133
石头: 10
呼符: 0
体力: 17063.196666666667 / 139
友情点: 0 / 1467170`
*連続ログイン3日目
※ログインが途切れるか、7日到達すると
1日目から再開されます*
`叡智の業火 X 1
3月交換券(2023) X 1
`_2023-03-22 19:34:51_
--------
*f5845d187badef24087ae9dd8a663e48*
`登陆天数: 3天 / 1241天
等级: 142
石头: 593
呼符: 17
体力: 85.61666666666667 / 140
友情点: 0 / 24743735`
*連続ログイン3日目
※ログインが途切れるか、7日到達すると
1日目から再開されます*
`叡智の業火 X 1
3月交換券(2023) X 1
`_2023-03-22 19:34:59_
--------
