【登录信息】
*4624dcf84d19c7237daa9e3aa06ae38e*
`登陆天数: 42天 / 952天
等级: 130
石头: 1013
呼符: 0
体力: 23532.363333333335 / 138
友情点: 0 / 724225`
*連続ログイン7日間到達おめでとうございます！
明日は1日目からリスタートされます。*
`獣の足跡 X 1
呼符 X 1
3月交換券(2023) X 1
`_2023-03-23 19:34:08_
--------
*1960c6c2468d480d10656e460ff945b7*
`登陆天数: 4天 / 1149天
等级: 129
石头: 4285
呼符: 131
体力: 43082.763333333336 / 138
友情点: 0 / 130015`
*連続ログイン4日目
※ログインが途切れるか、7日到達すると
1日目から再開されます*
`聖晶石 X 1
3月交換券(2023) X 1
`_2023-03-23 19:34:17_
--------
*50e74030067f097de636fdb9ea0a5ce0*
`登陆天数: 4天 / 1154天
等级: 143
石头: 176
呼符: 15
体力: 1203.4166666666667 / 141
友情点: 75 / 9008965`
*連続ログイン4日目
※ログインが途切れるか、7日到達すると
1日目から再開されます*
`聖晶石 X 1
3月交換券(2023) X 1
`_2023-03-23 19:34:25_
--------
*5aebed162c025149a9ac12d5ff9cf0d5*
`登陆天数: 4天 / 985天
等级: 133
石头: 10
呼符: 0
体力: 17351.14 / 139
友情点: 0 / 1467170`
*連続ログイン4日目
※ログインが途切れるか、7日到達すると
1日目から再開されます*
`聖晶石 X 1
3月交換券(2023) X 1
`_2023-03-23 19:34:34_
--------
*f5845d187badef24087ae9dd8a663e48*
`登陆天数: 4天 / 1242天
等级: 142
石头: 593
呼符: 17
体力: 373.56 / 140
友情点: 10 / 24743745`
*連続ログイン4日目
※ログインが途切れるか、7日到達すると
1日目から再開されます*
`聖晶石 X 1
3月交換券(2023) X 1
`_2023-03-23 19:34:42_
--------
