【登录信息】
*4624dcf84d19c7237daa9e3aa06ae38e*
`登陆天数: 43天 / 953天
等级: 130
石头: 1013
呼符: 0
体力: 23820.383333333335 / 138
友情点: 0 / 724225`
*連続ログイン1日目
※ログインが途切れるか、7日到達すると
1日目から再開されます*
`フレンドポイント X 2000
3月交換券(2023) X 1
`_2023-03-24 19:34:15_
--------
*1960c6c2468d480d10656e460ff945b7*
`登陆天数: 5天 / 1150天
等级: 129
石头: 4285
呼符: 131
体力: 43370.78666666667 / 138
友情点: 0 / 130015`
*連続ログイン5日目
※ログインが途切れるか、7日到達すると
1日目から再開されます*
`叡智の業火 X 2
3月交換券(2023) X 1
`_2023-03-24 19:34:23_
--------
*50e74030067f097de636fdb9ea0a5ce0*
`登陆天数: 5天 / 1155天
等级: 143
石头: 176
呼符: 15
体力: 1491.4366666666667 / 141
友情点: 0 / 9008965`
*連続ログイン5日目
※ログインが途切れるか、7日到達すると
1日目から再開されます*
`叡智の業火 X 2
3月交換券(2023) X 1
`_2023-03-24 19:34:31_
--------
*5aebed162c025149a9ac12d5ff9cf0d5*
`登陆天数: 5天 / 986天
等级: 133
石头: 10
呼符: 0
体力: 17639.156666666666 / 139
友情点: 0 / 1467170`
*連続ログイン5日目
※ログインが途切れるか、7日到達すると
1日目から再開されます*
`叡智の業火 X 2
3月交換券(2023) X 1
`_2023-03-24 19:34:40_
--------
*f5845d187badef24087ae9dd8a663e48*
`登陆天数: 5天 / 1243天
等级: 142
石头: 593
呼符: 17
体力: 661.58 / 140
友情点: 0 / 24743745`
*連続ログイン5日目
※ログインが途切れるか、7日到達すると
1日目から再開されます*
`叡智の業火 X 2
3月交換券(2023) X 1
`_2023-03-24 19:34:48_
--------
