【登录信息】
*4624dcf84d19c7237daa9e3aa06ae38e*
`登陆天数: 44天 / 954天
等级: 130
石头: 1013
呼符: 0
体力: 24108.323333333334 / 138
友情点: 0 / 724225`
*連続ログイン2日目
※ログインが途切れるか、7日到達すると
1日目から再開されます*
`聖晶石 X 1
3月交換券(2023) X 1
`_2023-03-25 19:33:56_
--------
*1960c6c2468d480d10656e460ff945b7*
`登陆天数: 6天 / 1151天
等级: 129
石头: 4285
呼符: 131
体力: 43658.72666666667 / 138
友情点: 0 / 130015`
*連続ログイン6日目
※ログインが途切れるか、7日到達すると
1日目から再開されます*
`聖晶石 X 2
3月交換券(2023) X 1
`_2023-03-25 19:34:05_
--------
*50e74030067f097de636fdb9ea0a5ce0*
`登陆天数: 6天 / 1156天
等级: 143
石头: 176
呼符: 15
体力: 1779.3766666666668 / 141
友情点: 0 / 9008965`
*連続ログイン6日目
※ログインが途切れるか、7日到達すると
1日目から再開されます*
`聖晶石 X 2
3月交換券(2023) X 1
`_2023-03-25 19:34:13_
--------
*5aebed162c025149a9ac12d5ff9cf0d5*
`登陆天数: 6天 / 987天
等级: 133
石头: 10
呼符: 0
体力: 17927.096666666668 / 139
友情点: 0 / 1467170`
*連続ログイン6日目
※ログインが途切れるか、7日到達すると
1日目から再開されます*
`聖晶石 X 2
3月交換券(2023) X 1
`_2023-03-25 19:34:22_
--------
*f5845d187badef24087ae9dd8a663e48*
`登陆天数: 6天 / 1244天
等级: 142
石头: 593
呼符: 17
体力: 949.52 / 140
友情点: 0 / 24743745`
*連続ログイン6日目
※ログインが途切れるか、7日到達すると
1日目から再開されます*
`聖晶石 X 2
3月交換券(2023) X 1
`_2023-03-25 19:34:30_
--------
