【登录信息】
*4624dcf84d19c7237daa9e3aa06ae38e*
`登陆天数: 45天 / 955天
等级: 130
石头: 1013
呼符: 0
体力: 24396.34 / 138
友情点: 0 / 724225`
*連続ログイン3日目
※ログインが途切れるか、7日到達すると
1日目から再開されます*
`叡智の業火 X 1
3月交換券(2023) X 1
`*「AnimeJapan 2023」出展記念 初回ログインボーナス*
*開催期間中、初回ログインで「聖晶石×10」をプレゼント！*
`聖晶石 X 10
`_2023-03-26 19:34:01_
--------
*1960c6c2468d480d10656e460ff945b7*
`登陆天数: 7天 / 1152天
等级: 129
石头: 4285
呼符: 131
体力: 43946.74 / 138
友情点: 0 / 130015`
*連続ログイン7日間到達おめでとうございます！
明日は1日目からリスタートされます。*
`獣の足跡 X 1
呼符 X 1
3月交換券(2023) X 1
`*「AnimeJapan 2023」出展記念 初回ログインボーナス*
*開催期間中、初回ログインで「聖晶石×10」をプレゼント！*
`聖晶石 X 10
`_2023-03-26 19:34:10_
--------
*50e74030067f097de636fdb9ea0a5ce0*
`登陆天数: 7天 / 1157天
等级: 143
石头: 176
呼符: 15
体力: 2067.3933333333334 / 141
友情点: 25 / 9008990`
*連続ログイン7日間到達おめでとうございます！
明日は1日目からリスタートされます。*
`獣の足跡 X 1
呼符 X 1
3月交換券(2023) X 1
`*「AnimeJapan 2023」出展記念 初回ログインボーナス*
*開催期間中、初回ログインで「聖晶石×10」をプレゼント！*
`聖晶石 X 10
`_2023-03-26 19:34:18_
--------
*5aebed162c025149a9ac12d5ff9cf0d5*
`登陆天数: 7天 / 988天
等级: 133
石头: 10
呼符: 0
体力: 18215.113333333335 / 139
友情点: 0 / 1467170`
*連続ログイン7日間到達おめでとうございます！
明日は1日目からリスタートされます。*
`獣の足跡 X 1
呼符 X 1
3月交換券(2023) X 1
`*「AnimeJapan 2023」出展記念 初回ログインボーナス*
*開催期間中、初回ログインで「聖晶石×10」をプレゼント！*
`聖晶石 X 10
`_2023-03-26 19:34:26_
--------
*f5845d187badef24087ae9dd8a663e48*
`登陆天数: 7天 / 1245天
等级: 142
石头: 593
呼符: 17
体力: 1237.5333333333333 / 140
友情点: 50 / 24743795`
*連続ログイン7日間到達おめでとうございます！
明日は1日目からリスタートされます。*
`獣の足跡 X 1
呼符 X 1
3月交換券(2023) X 1
`*「AnimeJapan 2023」出展記念 初回ログインボーナス*
*開催期間中、初回ログインで「聖晶石×10」をプレゼント！*
`聖晶石 X 10
`_2023-03-26 19:34:34_
--------
