【登录信息】
*4624dcf84d19c7237daa9e3aa06ae38e*
`登陆天数: 46天 / 956天
等级: 130
石头: 1013
呼符: 0
体力: 24684.336666666666 / 138
友情点: 0 / 724225`
*連続ログイン4日目
※ログインが途切れるか、7日到達すると
1日目から再開されます*
`聖晶石 X 1
3月交換券(2023) X 1
`*Fate/Grand Order 春の新米マスター応援キャンペーン2023！
日替りログインボーナス*
*開催期間中、1日1回 6日間日替りでログインボーナスをプレゼント！*
`呼符 X 1
`_2023-03-27 19:34:00_
--------
*1960c6c2468d480d10656e460ff945b7*
`登陆天数: 8天 / 1153天
等级: 129
石头: 4285
呼符: 131
体力: 44234.736666666664 / 138
友情点: 0 / 130015`
*連続ログイン1日目
※ログインが途切れるか、7日到達すると
1日目から再開されます*
`フレンドポイント X 2000
3月交換券(2023) X 1
`*Fate/Grand Order 春の新米マスター応援キャンペーン2023！
日替りログインボーナス*
*開催期間中、1日1回 6日間日替りでログインボーナスをプレゼント！*
`呼符 X 1
`_2023-03-27 19:34:09_
--------
*50e74030067f097de636fdb9ea0a5ce0*
`登陆天数: 8天 / 1158天
等级: 143
石头: 176
呼符: 15
体力: 2355.39 / 141
友情点: 25 / 9009015`
*連続ログイン1日目
※ログインが途切れるか、7日到達すると
1日目から再開されます*
`フレンドポイント X 2000
3月交換券(2023) X 1
`*Fate/Grand Order 春の新米マスター応援キャンペーン2023！
日替りログインボーナス*
*開催期間中、1日1回 6日間日替りでログインボーナスをプレゼント！*
`呼符 X 1
`_2023-03-27 19:34:17_
--------
*5aebed162c025149a9ac12d5ff9cf0d5*
`登陆天数: 8天 / 989天
等级: 133
石头: 10
呼符: 0
体力: 18503.113333333335 / 139
友情点: 0 / 1467170`
*連続ログイン1日目
※ログインが途切れるか、7日到達すると
1日目から再開されます*
`フレンドポイント X 2000
3月交換券(2023) X 1
`*Fate/Grand Order 春の新米マスター応援キャンペーン2023！
日替りログインボーナス*
*開催期間中、1日1回 6日間日替りでログインボーナスをプレゼント！*
`呼符 X 1
`_2023-03-27 19:34:26_
--------
*f5845d187badef24087ae9dd8a663e48*
`登陆天数: 8天 / 1246天
等级: 142
石头: 593
呼符: 17
体力: 1525.5333333333333 / 140
友情点: 0 / 24743795`
*連続ログイン1日目
※ログインが途切れるか、7日到達すると
1日目から再開されます*
`フレンドポイント X 2000
3月交換券(2023) X 1
`*Fate/Grand Order 春の新米マスター応援キャンペーン2023！
日替りログインボーナス*
*開催期間中、1日1回 6日間日替りでログインボーナスをプレゼント！*
`呼符 X 1
`_2023-03-27 19:34:34_
--------
