【登录信息】
*4624dcf84d19c7237daa9e3aa06ae38e*
`登陆天数: 47天 / 957天
等级: 130
石头: 1013
呼符: 0
体力: 24972.386666666665 / 138
友情点: 0 / 724225`
*連続ログイン5日目
※ログインが途切れるか、7日到達すると
1日目から再開されます*
`叡智の業火 X 2
3月交換券(2023) X 1
`*リリース2800日突破キャンペーン 初回ログインボーナス*
*開催期間中、初回ログインで「聖晶石×10」をプレゼント！*
`聖晶石 X 10
`_2023-03-28 19:34:15_
--------
*1960c6c2468d480d10656e460ff945b7*
`登陆天数: 9天 / 1154天
等级: 129
石头: 4285
呼符: 131
体力: 44522.78666666667 / 138
友情点: 0 / 130015`
*連続ログイン2日目
※ログインが途切れるか、7日到達すると
1日目から再開されます*
`聖晶石 X 1
3月交換券(2023) X 1
`*リリース2800日突破キャンペーン 初回ログインボーナス*
*開催期間中、初回ログインで「聖晶石×10」をプレゼント！*
`聖晶石 X 10
`_2023-03-28 19:34:24_
--------
*50e74030067f097de636fdb9ea0a5ce0*
`登陆天数: 9天 / 1159天
等级: 143
石头: 176
呼符: 15
体力: 2643.44 / 141
友情点: 200 / 9009215`
*連続ログイン2日目
※ログインが途切れるか、7日到達すると
1日目から再開されます*
`聖晶石 X 1
3月交換券(2023) X 1
`*リリース2800日突破キャンペーン 初回ログインボーナス*
*開催期間中、初回ログインで「聖晶石×10」をプレゼント！*
`聖晶石 X 10
`_2023-03-28 19:34:32_
--------
*5aebed162c025149a9ac12d5ff9cf0d5*
`登陆天数: 9天 / 990天
等级: 133
石头: 10
呼符: 0
体力: 18791.163333333334 / 139
友情点: 0 / 1467170`
*連続ログイン2日目
※ログインが途切れるか、7日到達すると
1日目から再開されます*
`聖晶石 X 1
3月交換券(2023) X 1
`*リリース2800日突破キャンペーン 初回ログインボーナス*
*開催期間中、初回ログインで「聖晶石×10」をプレゼント！*
`聖晶石 X 10
`_2023-03-28 19:34:41_
--------
*f5845d187badef24087ae9dd8a663e48*
`登陆天数: 9天 / 1247天
等级: 142
石头: 596
呼符: 19
体力: 184.32 / 140
友情点: 100 / 24744295`
*連続ログイン2日目
※ログインが途切れるか、7日到達すると
1日目から再開されます*
`聖晶石 X 1
3月交換券(2023) X 1
`*リリース2800日突破キャンペーン 初回ログインボーナス*
*開催期間中、初回ログインで「聖晶石×10」をプレゼント！*
`聖晶石 X 10
`_2023-03-28 19:34:49_
--------
