【登录信息】
*4624dcf84d19c7237daa9e3aa06ae38e*
`登陆天数: 48天 / 958天
等级: 130
石头: 1013
呼符: 0
体力: 25260.396666666667 / 138
友情点: 0 / 724225`
*連続ログイン6日目
※ログインが途切れるか、7日到達すると
1日目から再開されます*
`聖晶石 X 2
3月交換券(2023) X 1
`*Fate/Grand Order 春の新米マスター応援キャンペーン2023！
日替りログインボーナス*
*開催期間中、1日1回 6日間日替りでログインボーナスをプレゼント！*
`聖晶石 X 2
`_2023-03-29 19:34:18_
--------
*1960c6c2468d480d10656e460ff945b7*
`登陆天数: 10天 / 1155天
等级: 129
石头: 4285
呼符: 131
体力: 44810.79666666667 / 138
友情点: 0 / 130015`
*連続ログイン3日目
※ログインが途切れるか、7日到達すると
1日目から再開されます*
`叡智の業火 X 1
3月交換券(2023) X 1
`*Fate/Grand Order 春の新米マスター応援キャンペーン2023！
日替りログインボーナス*
*開催期間中、1日1回 6日間日替りでログインボーナスをプレゼント！*
`聖晶石 X 2
`_2023-03-29 19:34:27_
--------
*50e74030067f097de636fdb9ea0a5ce0*
`登陆天数: 10天 / 1160天
等级: 143
石头: 176
呼符: 15
体力: 2931.45 / 141
友情点: 0 / 9009215`
*連続ログイン3日目
※ログインが途切れるか、7日到達すると
1日目から再開されます*
`叡智の業火 X 1
3月交換券(2023) X 1
`*Fate/Grand Order 春の新米マスター応援キャンペーン2023！
日替りログインボーナス*
*開催期間中、1日1回 6日間日替りでログインボーナスをプレゼント！*
`聖晶石 X 2
`_2023-03-29 19:34:35_
--------
*5aebed162c025149a9ac12d5ff9cf0d5*
`登陆天数: 10天 / 991天
等级: 133
石头: 10
呼符: 0
体力: 19079.173333333332 / 139
友情点: 0 / 1467170`
*連続ログイン3日目
※ログインが途切れるか、7日到達すると
1日目から再開されます*
`叡智の業火 X 1
3月交換券(2023) X 1
`*Fate/Grand Order 春の新米マスター応援キャンペーン2023！
日替りログインボーナス*
*開催期間中、1日1回 6日間日替りでログインボーナスをプレゼント！*
`聖晶石 X 2
`_2023-03-29 19:34:44_
--------
*f5845d187badef24087ae9dd8a663e48*
`登陆天数: 10天 / 1248天
等级: 142
石头: 621
呼符: 21
体力: 188.50333333333333 / 140
友情点: 100 / 24746745`
*連続ログイン3日目
※ログインが途切れるか、7日到達すると
1日目から再開されます*
`叡智の業火 X 1
3月交換券(2023) X 1
`*Fate/Grand Order 春の新米マスター応援キャンペーン2023！
日替りログインボーナス*
*開催期間中、1日1回 6日間日替りでログインボーナスをプレゼント！*
`聖晶石 X 2
`_2023-03-29 19:34:52_
--------
