【登录信息】
*4624dcf84d19c7237daa9e3aa06ae38e*
`登陆天数: 49天 / 959天
等级: 130
石头: 1013
呼符: 0
体力: 25548.406666666666 / 138
友情点: 0 / 724225`
*連続ログイン7日間到達おめでとうございます！
明日は1日目からリスタートされます。*
`獣の足跡 X 1
呼符 X 1
3月交換券(2023) X 1
`*Fate/Grand Order 春の新米マスター応援キャンペーン2023！
日替りログインボーナス*
*開催期間中、1日1回 6日間日替りでログインボーナスをプレゼント！*
`聖晶石 X 1
`_2023-03-30 19:34:21_
--------
*1960c6c2468d480d10656e460ff945b7*
`登陆天数: 11天 / 1156天
等级: 129
石头: 4285
呼符: 131
体力: 45098.806666666664 / 138
友情点: 0 / 130015`
*連続ログイン4日目
※ログインが途切れるか、7日到達すると
1日目から再開されます*
`聖晶石 X 1
3月交換券(2023) X 1
`*Fate/Grand Order 春の新米マスター応援キャンペーン2023！
日替りログインボーナス*
*開催期間中、1日1回 6日間日替りでログインボーナスをプレゼント！*
`聖晶石 X 1
`_2023-03-30 19:34:29_
--------
*50e74030067f097de636fdb9ea0a5ce0*
`登陆天数: 11天 / 1161天
等级: 143
石头: 176
呼符: 15
体力: 3219.4566666666665 / 141
友情点: 0 / 9009215`
*連続ログイン4日目
※ログインが途切れるか、7日到達すると
1日目から再開されます*
`聖晶石 X 1
3月交換券(2023) X 1
`*Fate/Grand Order 春の新米マスター応援キャンペーン2023！
日替りログインボーナス*
*開催期間中、1日1回 6日間日替りでログインボーナスをプレゼント！*
`聖晶石 X 1
`_2023-03-30 19:34:37_
--------
*5aebed162c025149a9ac12d5ff9cf0d5*
`登陆天数: 11天 / 992天
等级: 133
石头: 10
呼符: 0
体力: 19367.176666666666 / 139
友情点: 0 / 1467170`
*連続ログイン4日目
※ログインが途切れるか、7日到達すると
1日目から再開されます*
`聖晶石 X 1
3月交換券(2023) X 1
`*Fate/Grand Order 春の新米マスター応援キャンペーン2023！
日替りログインボーナス*
*開催期間中、1日1回 6日間日替りでログインボーナスをプレゼント！*
`聖晶石 X 1
`_2023-03-30 19:34:45_
--------
*f5845d187badef24087ae9dd8a663e48*
`登陆天数: 11天 / 1249天
等级: 142
石头: 622
呼符: 21
体力: 45.093333333333334 / 140
友情点: 0 / 24747345`
*連続ログイン4日目
※ログインが途切れるか、7日到達すると
1日目から再開されます*
`聖晶石 X 1
3月交換券(2023) X 1
`*Fate/Grand Order 春の新米マスター応援キャンペーン2023！
日替りログインボーナス*
*開催期間中、1日1回 6日間日替りでログインボーナスをプレゼント！*
`聖晶石 X 1
`_2023-03-30 19:34:54_
--------
