【登录信息】
*4624dcf84d19c7237daa9e3aa06ae38e*
`登陆天数: 124天 / 1112天
等级: 130
石头: 618
呼符: 26
体力: 69900.93666666666 / 138
友情点: 0 / 764225`
*連続ログイン5日目
※ログインが途切れるか、7日到達すると
1日目から再開されます*
`叡智の業火 X 2
9月交換券(2023) X 1
`*サーヴァント・サマー・フェスティバル2023！開幕記念 ログインボーナス*
*開催期間中、1日1回 最大21回ログインボーナスをプレゼント！*
`白銀の果実 X 1
`_2023-08-31 19:36:59_
--------
*1960c6c2468d480d10656e460ff945b7*
`登陆天数: 124天 / 1309天
等级: 129
石头: 4707
呼符: 162
体力: 89451.33666666667 / 138
友情点: 160 / 268115`
*連続ログイン5日目
※ログインが途切れるか、7日到達すると
1日目から再開されます*
`叡智の業火 X 2
9月交換券(2023) X 1
`*サーヴァント・サマー・フェスティバル2023！開幕記念 ログインボーナス*
*開催期間中、1日1回 最大21回ログインボーナスをプレゼント！*
`白銀の果実 X 1
`_2023-08-31 19:37:08_
--------
*50e74030067f097de636fdb9ea0a5ce0*
`登陆天数: 124天 / 1314天
等级: 145
石头: 42
呼符: 0
体力: 219.65 / 141
友情点: 135 / 108465965`
*連続ログイン5日目
※ログインが途切れるか、7日到達すると
1日目から再開されます*
`叡智の業火 X 2
9月交換券(2023) X 1
`_2023-08-31 19:37:17_
--------
*5aebed162c025149a9ac12d5ff9cf0d5*
`登陆天数: 124天 / 1145天
等级: 133
石头: 10
呼符: 0
体力: 63719.71666666667 / 139
友情点: 120 / 1473190`
*連続ログイン5日目
※ログインが途切れるか、7日到達すると
1日目から再開されます*
`叡智の業火 X 2
9月交換券(2023) X 1
`*サーヴァント・サマー・フェスティバル2023！開幕記念 ログインボーナス*
*開催期間中、1日1回 最大21回ログインボーナスをプレゼント！*
`白銀の果実 X 1
`_2023-08-31 19:37:26_
--------
*f5845d187badef24087ae9dd8a663e48*
`登陆天数: 165天 / 1403天
等级: 144
石头: 196
呼符: 1
体力: 57.72333333333333 / 141
友情点: 80 / 200276820`
*連続ログイン4日目
※ログインが途切れるか、7日到達すると
1日目から再開されます*
`聖晶石 X 1
9月交換券(2023) X 1
`_2023-08-31 19:37:35_
--------
