【登录信息】
*4624dcf84d19c7237daa9e3aa06ae38e*
`登陆天数: 125天 / 1113天
等级: 130
石头: 618
呼符: 26
体力: 70188.91666666667 / 138
友情点: 0 / 764225`
*連続ログイン6日目
※ログインが途切れるか、7日到達すると
1日目から再開されます*
`聖晶石 X 2
9月交換券(2023) X 1
`*ハンティングクエスト 第13弾
特別ログインボーナス*
*開催期間中、1日1回 最大7回ログインボーナスをプレゼント！*
`黄金の果実 X 1
`_2023-09-01 19:36:54_
--------
*1960c6c2468d480d10656e460ff945b7*
`登陆天数: 125天 / 1310天
等级: 129
石头: 4707
呼符: 162
体力: 89739.31666666667 / 138
友情点: 30 / 268145`
*連続ログイン6日目
※ログインが途切れるか、7日到達すると
1日目から再開されます*
`聖晶石 X 2
9月交換券(2023) X 1
`*ハンティングクエスト 第13弾
特別ログインボーナス*
*開催期間中、1日1回 最大7回ログインボーナスをプレゼント！*
`黄金の果実 X 1
`_2023-09-01 19:37:02_
--------
*50e74030067f097de636fdb9ea0a5ce0*
`登陆天数: 125天 / 1315天
等级: 145
石头: 42
呼符: 0
体力: 221.54333333333335 / 141
友情点: 125 / 108466925`
*連続ログイン6日目
※ログインが途切れるか、7日到達すると
1日目から再開されます*
`聖晶石 X 2
9月交換券(2023) X 1
`*ハンティングクエスト 第13弾
特別ログインボーナス*
*開催期間中、1日1回 最大7回ログインボーナスをプレゼント！*
`黄金の果実 X 1
`_2023-09-01 19:37:10_
--------
*5aebed162c025149a9ac12d5ff9cf0d5*
`登陆天数: 125天 / 1146天
等级: 133
石头: 10
呼符: 0
体力: 64007.68666666667 / 139
友情点: 40 / 1473230`
*連続ログイン6日目
※ログインが途切れるか、7日到達すると
1日目から再開されます*
`聖晶石 X 2
9月交換券(2023) X 1
`*ハンティングクエスト 第13弾
特別ログインボーナス*
*開催期間中、1日1回 最大7回ログインボーナスをプレゼント！*
`黄金の果実 X 1
`_2023-09-01 19:37:18_
--------
*f5845d187badef24087ae9dd8a663e48*
`登陆天数: 166天 / 1404天
等级: 144
石头: 224
呼符: 1
体力: 32.476666666666674 / 141
友情点: 275 / 200280570`
*連続ログイン5日目
※ログインが途切れるか、7日到達すると
1日目から再開されます*
`叡智の業火 X 2
9月交換券(2023) X 1
`*ハンティングクエスト 第13弾
特別ログインボーナス*
*開催期間中、1日1回 最大7回ログインボーナスをプレゼント！*
`黄金の果実 X 1
`_2023-09-01 19:37:26_
--------
