【登录信息】
*4624dcf84d19c7237daa9e3aa06ae38e*
`登陆天数: 126天 / 1114天
等级: 130
石头: 618
呼符: 26
体力: 70476.93 / 138
友情点: 0 / 764225`
*連続ログイン7日間到達おめでとうございます！
明日は1日目からリスタートされます。*
`獣の足跡 X 1
呼符 X 1
9月交換券(2023) X 1
`*ハンティングクエスト 第13弾
特別ログインボーナス*
*開催期間中、1日1回 最大7回ログインボーナスをプレゼント！*
`黄金の果実 X 1
`_2023-09-02 19:36:58_
--------
*1960c6c2468d480d10656e460ff945b7*
`登陆天数: 126天 / 1311天
等级: 129
石头: 4707
呼符: 162
体力: 90027.33333333333 / 138
友情点: 30 / 268175`
*連続ログイン7日間到達おめでとうございます！
明日は1日目からリスタートされます。*
`獣の足跡 X 1
呼符 X 1
9月交換券(2023) X 1
`*ハンティングクエスト 第13弾
特別ログインボーナス*
*開催期間中、1日1回 最大7回ログインボーナスをプレゼント！*
`黄金の果実 X 1
`_2023-09-02 19:37:07_
--------
*50e74030067f097de636fdb9ea0a5ce0*
`登陆天数: 126天 / 1316天
等级: 145
石头: 49
呼符: 0
体力: 189.86333333333334 / 141
友情点: 45 / 108468970`
*連続ログイン7日間到達おめでとうございます！
明日は1日目からリスタートされます。*
`獣の足跡 X 1
呼符 X 1
9月交換券(2023) X 1
`*ハンティングクエスト 第13弾
特別ログインボーナス*
*開催期間中、1日1回 最大7回ログインボーナスをプレゼント！*
`黄金の果実 X 1
`_2023-09-02 19:37:16_
--------
*5aebed162c025149a9ac12d5ff9cf0d5*
`登陆天数: 126天 / 1147天
等级: 133
石头: 10
呼符: 0
体力: 64295.71333333333 / 139
友情点: 50 / 1473280`
*連続ログイン7日間到達おめでとうございます！
明日は1日目からリスタートされます。*
`獣の足跡 X 1
呼符 X 1
9月交換券(2023) X 1
`*ハンティングクエスト 第13弾
特別ログインボーナス*
*開催期間中、1日1回 最大7回ログインボーナスをプレゼント！*
`黄金の果実 X 1
`_2023-09-02 19:37:25_
--------
*f5845d187badef24087ae9dd8a663e48*
`登陆天数: 167天 / 1405天
等级: 145
石头: 244
呼符: 6
体力: 76.24666666666667 / 141
友情点: 100 / 200282450`
*連続ログイン6日目
※ログインが途切れるか、7日到達すると
1日目から再開されます*
`聖晶石 X 2
9月交換券(2023) X 1
`*ハンティングクエスト 第13弾
特別ログインボーナス*
*開催期間中、1日1回 最大7回ログインボーナスをプレゼント！*
`黄金の果実 X 1
`_2023-09-02 19:37:34_
--------
