【登录信息】
*4624dcf84d19c7237daa9e3aa06ae38e*
`登陆天数: 127天 / 1115天
等级: 130
石头: 618
呼符: 26
体力: 70764.96 / 138
友情点: 0 / 764225`
*連続ログイン1日目
※ログインが途切れるか、7日到達すると
1日目から再開されます*
`フレンドポイント X 2000
9月交換券(2023) X 1
`*ハンティングクエスト 第13弾
特別ログインボーナス*
*開催期間中、1日1回 最大7回ログインボーナスをプレゼント！*
`黄金の果実 X 1
`_2023-09-03 19:37:06_
--------
*1960c6c2468d480d10656e460ff945b7*
`登陆天数: 127天 / 1312天
等级: 129
石头: 4707
呼符: 162
体力: 90315.36 / 138
友情点: 100 / 268275`
*連続ログイン1日目
※ログインが途切れるか、7日到達すると
1日目から再開されます*
`フレンドポイント X 2000
9月交換券(2023) X 1
`*ハンティングクエスト 第13弾
特別ログインボーナス*
*開催期間中、1日1回 最大7回ログインボーナスをプレゼント！*
`黄金の果実 X 1
`_2023-09-03 19:37:15_
--------
*50e74030067f097de636fdb9ea0a5ce0*
`登陆天数: 127天 / 1317天
等级: 145
石头: 49
呼符: 1
体力: 111.25333333333333 / 141
友情点: 60 / 108469730`
_2023-09-03 19:37:23_
--------
*5aebed162c025149a9ac12d5ff9cf0d5*
`登陆天数: 127天 / 1148天
等级: 133
石头: 10
呼符: 0
体力: 64583.73333333333 / 139
友情点: 130 / 1473410`
*連続ログイン1日目
※ログインが途切れるか、7日到達すると
1日目から再開されます*
`フレンドポイント X 2000
9月交換券(2023) X 1
`*ハンティングクエスト 第13弾
特別ログインボーナス*
*開催期間中、1日1回 最大7回ログインボーナスをプレゼント！*
`黄金の果実 X 1
`_2023-09-03 19:37:31_
--------
*f5845d187badef24087ae9dd8a663e48*
`登陆天数: 168天 / 1406天
等级: 145
石头: 243
呼符: 6
体力: 86.52333333333334 / 141
友情点: 85 / 200283240`
*連続ログイン7日間到達おめでとうございます！
明日は1日目からリスタートされます。*
`獣の足跡 X 1
呼符 X 1
9月交換券(2023) X 1
`*ハンティングクエスト 第13弾
特別ログインボーナス*
*開催期間中、1日1回 最大7回ログインボーナスをプレゼント！*
`黄金の果実 X 1
`_2023-09-03 19:37:40_
--------
