【登录信息】
*4624dcf84d19c7237daa9e3aa06ae38e*
`登陆天数: 128天 / 1116天
等级: 130
石头: 618
呼符: 26
体力: 71052.92 / 138
友情点: 0 / 764225`
*連続ログイン2日目
※ログインが途切れるか、7日到達すると
1日目から再開されます*
`聖晶石 X 1
9月交換券(2023) X 1
`*ハンティングクエスト 第13弾
特別ログインボーナス*
*開催期間中、1日1回 最大7回ログインボーナスをプレゼント！*
`黄金の果実 X 1
`_2023-09-04 19:36:54_
--------
*1960c6c2468d480d10656e460ff945b7*
`登陆天数: 128天 / 1313天
等级: 129
石头: 4707
呼符: 162
体力: 90603.32 / 138
友情点: 260 / 269555`
*連続ログイン2日目
※ログインが途切れるか、7日到達すると
1日目から再開されます*
`聖晶石 X 1
9月交換券(2023) X 1
`*ハンティングクエスト 第13弾
特別ログインボーナス*
*開催期間中、1日1回 最大7回ログインボーナスをプレゼント！*
`黄金の果実 X 1
`_2023-09-04 19:37:03_
--------
*50e74030067f097de636fdb9ea0a5ce0*
`登陆天数: 128天 / 1318天
等级: 146
石头: 57
呼符: 1
体力: 229.95333333333332 / 141
友情点: 165 / 108474670`
*連続ログイン2日目
※ログインが途切れるか、7日到達すると
1日目から再開されます*
`聖晶石 X 1
9月交換券(2023) X 1
`*ハンティングクエスト 第13弾
特別ログインボーナス*
*開催期間中、1日1回 最大7回ログインボーナスをプレゼント！*
`黄金の果実 X 1
`_2023-09-04 19:37:12_
--------
*5aebed162c025149a9ac12d5ff9cf0d5*
`登陆天数: 128天 / 1149天
等级: 133
石头: 10
呼符: 0
体力: 64871.69666666666 / 139
友情点: 170 / 1473790`
*連続ログイン2日目
※ログインが途切れるか、7日到達すると
1日目から再開されます*
`聖晶石 X 1
9月交換券(2023) X 1
`*ハンティングクエスト 第13弾
特別ログインボーナス*
*開催期間中、1日1回 最大7回ログインボーナスをプレゼント！*
`黄金の果実 X 1
`_2023-09-04 19:37:21_
--------
*f5845d187badef24087ae9dd8a663e48*
`登陆天数: 169天 / 1407天
等级: 145
石头: 244
呼符: 7
体力: 138.09666666666666 / 141
友情点: 175 / 200283610`
*連続ログイン1日目
※ログインが途切れるか、7日到達すると
1日目から再開されます*
`フレンドポイント X 2000
9月交換券(2023) X 1
`*ハンティングクエスト 第13弾
特別ログインボーナス*
*開催期間中、1日1回 最大7回ログインボーナスをプレゼント！*
`黄金の果実 X 1
`_2023-09-04 19:37:30_
--------
