【登录信息】
*4624dcf84d19c7237daa9e3aa06ae38e*
`登陆天数: 129天 / 1117天
等级: 130
石头: 618
呼符: 26
体力: 71340.96666666666 / 138
友情点: 0 / 764225`
*連続ログイン3日目
※ログインが途切れるか、7日到達すると
1日目から再開されます*
`叡智の業火 X 1
9月交換券(2023) X 1
`*ハンティングクエスト 第13弾
特別ログインボーナス*
*開催期間中、1日1回 最大7回ログインボーナスをプレゼント！*
`黄金の果実 X 1
`_2023-09-05 19:37:09_
--------
*1960c6c2468d480d10656e460ff945b7*
`登陆天数: 129天 / 1314天
等级: 129
石头: 4707
呼符: 162
体力: 90891.37 / 138
友情点: 60 / 269615`
*連続ログイン3日目
※ログインが途切れるか、7日到達すると
1日目から再開されます*
`叡智の業火 X 1
9月交換券(2023) X 1
`*ハンティングクエスト 第13弾
特別ログインボーナス*
*開催期間中、1日1回 最大7回ログインボーナスをプレゼント！*
`黄金の果実 X 1
`_2023-09-05 19:37:18_
--------
*50e74030067f097de636fdb9ea0a5ce0*
`登陆天数: 129天 / 1319天
等级: 146
石头: 58
呼符: 1
体力: 306.82 / 141
友情点: 30 / 108475285`
_2023-09-05 19:37:27_
--------
*5aebed162c025149a9ac12d5ff9cf0d5*
`登陆天数: 129天 / 1150天
等级: 133
石头: 10
呼符: 0
体力: 65159.746666666666 / 139
友情点: 60 / 1475060`
*連続ログイン3日目
※ログインが途切れるか、7日到達すると
1日目から再開されます*
`叡智の業火 X 1
9月交換券(2023) X 1
`*ハンティングクエスト 第13弾
特別ログインボーナス*
*開催期間中、1日1回 最大7回ログインボーナスをプレゼント！*
`黄金の果実 X 1
`_2023-09-05 19:37:36_
--------
*f5845d187badef24087ae9dd8a663e48*
`登陆天数: 170天 / 1408天
等级: 145
石头: 243
呼符: 7
体力: 285.2 / 141
友情点: 210 / 200286190`
*連続ログイン2日目
※ログインが途切れるか、7日到達すると
1日目から再開されます*
`聖晶石 X 1
9月交換券(2023) X 1
`*ハンティングクエスト 第13弾
特別ログインボーナス*
*開催期間中、1日1回 最大7回ログインボーナスをプレゼント！*
`黄金の果実 X 1
`_2023-09-05 19:37:45_
--------
