【登录信息】
*4624dcf84d19c7237daa9e3aa06ae38e*
`登陆天数: 130天 / 1118天
等级: 130
石头: 618
呼符: 26
体力: 71628.92 / 138
友情点: 0 / 764225`
*連続ログイン4日目
※ログインが途切れるか、7日到達すると
1日目から再開されます*
`聖晶石 X 1
9月交換券(2023) X 1
`*ハンティングクエスト 第13弾
特別ログインボーナス*
*開催期間中、1日1回 最大7回ログインボーナスをプレゼント！*
`黄金の果実 X 1
`_2023-09-06 19:36:54_
--------
*1960c6c2468d480d10656e460ff945b7*
`登陆天数: 130天 / 1315天
等级: 129
石头: 4707
呼符: 162
体力: 91179.32 / 138
友情点: 170 / 269785`
*連続ログイン4日目
※ログインが途切れるか、7日到達すると
1日目から再開されます*
`聖晶石 X 1
9月交換券(2023) X 1
`*ハンティングクエスト 第13弾
特別ログインボーナス*
*開催期間中、1日1回 最大7回ログインボーナスをプレゼント！*
`黄金の果実 X 1
`_2023-09-06 19:37:03_
--------
*50e74030067f097de636fdb9ea0a5ce0*
`登陆天数: 130天 / 1320天
等级: 146
石头: 61
呼符: 1
体力: 288.44666666666666 / 141
友情点: 55 / 108475725`
*連続ログイン4日目
※ログインが途切れるか、7日到達すると
1日目から再開されます*
`聖晶石 X 1
9月交換券(2023) X 1
`*ハンティングクエスト 第13弾
特別ログインボーナス*
*開催期間中、1日1回 最大7回ログインボーナスをプレゼント！*
`黄金の果実 X 1
`_2023-09-06 19:37:12_
--------
*5aebed162c025149a9ac12d5ff9cf0d5*
`登陆天数: 130天 / 1151天
等级: 133
石头: 10
呼符: 0
体力: 65447.7 / 139
友情点: 110 / 1475170`
*連続ログイン4日目
※ログインが途切れるか、7日到達すると
1日目から再開されます*
`聖晶石 X 1
9月交換券(2023) X 1
`*ハンティングクエスト 第13弾
特別ログインボーナス*
*開催期間中、1日1回 最大7回ログインボーナスをプレゼント！*
`黄金の果実 X 1
`_2023-09-06 19:37:22_
--------
*f5845d187badef24087ae9dd8a663e48*
`登陆天数: 171天 / 1409天
等级: 145
石头: 241
呼符: 7
体力: 158.25 / 141
友情点: 340 / 200286830`
*連続ログイン3日目
※ログインが途切れるか、7日到達すると
1日目から再開されます*
`叡智の業火 X 1
9月交換券(2023) X 1
`*ハンティングクエスト 第13弾
特別ログインボーナス*
*開催期間中、1日1回 最大7回ログインボーナスをプレゼント！*
`黄金の果実 X 1
`_2023-09-06 19:37:30_
--------
