【登录信息】
*4624dcf84d19c7237daa9e3aa06ae38e*
`登陆天数: 131天 / 1119天
等级: 130
石头: 618
呼符: 26
体力: 71916.92 / 138
友情点: 0 / 764225`
*連続ログイン5日目
※ログインが途切れるか、7日到達すると
1日目から再開されます*
`叡智の業火 X 2
9月交換券(2023) X 1
`*ハンティングクエスト 第13弾
特別ログインボーナス*
*開催期間中、1日1回 最大7回ログインボーナスをプレゼント！*
`黄金の果実 X 1
`_2023-09-07 19:36:55_
--------
*1960c6c2468d480d10656e460ff945b7*
`登陆天数: 131天 / 1316天
等级: 129
石头: 4707
呼符: 162
体力: 91467.32 / 138
友情点: 270 / 270055`
*連続ログイン5日目
※ログインが途切れるか、7日到達すると
1日目から再開されます*
`叡智の業火 X 2
9月交換券(2023) X 1
`*ハンティングクエスト 第13弾
特別ログインボーナス*
*開催期間中、1日1回 最大7回ログインボーナスをプレゼント！*
`黄金の果実 X 1
`_2023-09-07 19:37:04_
--------
*50e74030067f097de636fdb9ea0a5ce0*
`登陆天数: 131天 / 1321天
等级: 146
石头: 61
呼符: 1
体力: 576.4433333333334 / 141
友情点: 285 / 108476010`
*連続ログイン5日目
※ログインが途切れるか、7日到達すると
1日目から再開されます*
`叡智の業火 X 2
9月交換券(2023) X 1
`*ハンティングクエスト 第13弾
特別ログインボーナス*
*開催期間中、1日1回 最大7回ログインボーナスをプレゼント！*
`黄金の果実 X 1
`_2023-09-07 19:37:11_
--------
*5aebed162c025149a9ac12d5ff9cf0d5*
`登陆天数: 131天 / 1152天
等级: 133
石头: 10
呼符: 0
体力: 65735.69333333333 / 139
友情点: 200 / 1475370`
*連続ログイン5日目
※ログインが途切れるか、7日到達すると
1日目から再開されます*
`叡智の業火 X 2
9月交換券(2023) X 1
`*ハンティングクエスト 第13弾
特別ログインボーナス*
*開催期間中、1日1回 最大7回ログインボーナスをプレゼント！*
`黄金の果実 X 1
`_2023-09-07 19:37:20_
--------
*f5845d187badef24087ae9dd8a663e48*
`登陆天数: 172天 / 1410天
等级: 145
石头: 244
呼符: 7
体力: 261.76 / 141
友情点: 105 / 200287480`
*連続ログイン4日目
※ログインが途切れるか、7日到達すると
1日目から再開されます*
`聖晶石 X 1
9月交換券(2023) X 1
`_2023-09-07 19:37:29_
--------
