【登录信息】
*4624dcf84d19c7237daa9e3aa06ae38e*
`登陆天数: 132天 / 1120天
等级: 130
石头: 618
呼符: 26
体力: 72204.91 / 138
友情点: 0 / 764225`
*連続ログイン6日目
※ログインが途切れるか、7日到達すると
1日目から再開されます*
`聖晶石 X 2
9月交換券(2023) X 1
`_2023-09-08 19:36:52_
--------
*1960c6c2468d480d10656e460ff945b7*
`登陆天数: 132天 / 1317天
等级: 129
石头: 4707
呼符: 162
体力: 91755.31 / 138
友情点: 150 / 270205`
*連続ログイン6日目
※ログインが途切れるか、7日到達すると
1日目から再開されます*
`聖晶石 X 2
9月交換券(2023) X 1
`_2023-09-08 19:37:00_
--------
*50e74030067f097de636fdb9ea0a5ce0*
`登陆天数: 132天 / 1322天
等级: 146
石头: 62
呼符: 1
体力: 30.83333333333333 / 141
友情点: 210 / 108476910`
*連続ログイン6日目
※ログインが途切れるか、7日到達すると
1日目から再開されます*
`聖晶石 X 2
9月交換券(2023) X 1
`_2023-09-08 19:37:08_
--------
*5aebed162c025149a9ac12d5ff9cf0d5*
`登陆天数: 132天 / 1153天
等级: 133
石头: 10
呼符: 0
体力: 66023.68 / 139
友情点: 120 / 1475490`
*連続ログイン6日目
※ログインが途切れるか、7日到達すると
1日目から再開されます*
`聖晶石 X 2
9月交換券(2023) X 1
`_2023-09-08 19:37:16_
--------
*f5845d187badef24087ae9dd8a663e48*
`登陆天数: 173天 / 1411天
等级: 145
石头: 242
呼符: 7
体力: 302.06666666666666 / 141
友情点: 200 / 200288230`
*連続ログイン5日目
※ログインが途切れるか、7日到達すると
1日目から再開されます*
`叡智の業火 X 2
9月交換券(2023) X 1
`_2023-09-08 19:37:25_
--------
