【登录信息】
*4624dcf84d19c7237daa9e3aa06ae38e*
`登陆天数: 133天 / 1121天
等级: 130
石头: 618
呼符: 26
体力: 72492.95 / 138
友情点: 0 / 764225`
*連続ログイン7日間到達おめでとうございます！
明日は1日目からリスタートされます。*
`獣の足跡 X 1
呼符 X 1
9月交換券(2023) X 1
`_2023-09-09 19:37:04_
--------
*1960c6c2468d480d10656e460ff945b7*
`登陆天数: 133天 / 1318天
等级: 129
石头: 4707
呼符: 162
体力: 92043.35 / 138
友情点: 160 / 270565`
*連続ログイン7日間到達おめでとうございます！
明日は1日目からリスタートされます。*
`獣の足跡 X 1
呼符 X 1
9月交換券(2023) X 1
`_2023-09-09 19:37:12_
--------
*50e74030067f097de636fdb9ea0a5ce0*
`登陆天数: 133天 / 1323天
等级: 146
石头: 62
呼符: 1
体力: 318.87333333333333 / 141
友情点: 380 / 108477900`
*連続ログイン7日間到達おめでとうございます！
明日は1日目からリスタートされます。*
`獣の足跡 X 1
呼符 X 1
9月交換券(2023) X 1
`_2023-09-09 19:37:20_
--------
*5aebed162c025149a9ac12d5ff9cf0d5*
`登陆天数: 133天 / 1154天
等级: 133
石头: 10
呼符: 0
体力: 66311.72333333333 / 139
友情点: 140 / 1475630`
*連続ログイン7日間到達おめでとうございます！
明日は1日目からリスタートされます。*
`獣の足跡 X 1
呼符 X 1
9月交換券(2023) X 1
`_2023-09-09 19:37:28_
--------
*f5845d187badef24087ae9dd8a663e48*
`登陆天数: 174天 / 1412天
等级: 145
石头: 237
呼符: 0
体力: 68.60666666666667 / 141
友情点: 80 / 200289040`
*連続ログイン6日目
※ログインが途切れるか、7日到達すると
1日目から再開されます*
`聖晶石 X 2
9月交換券(2023) X 1
`_2023-09-09 19:37:37_
--------
