【登录信息】
*4624dcf84d19c7237daa9e3aa06ae38e*
`登陆天数: 135天 / 1123天
等级: 130
石头: 618
呼符: 26
体力: 73068.95 / 138
友情点: 0 / 764225`
*連続ログイン2日目
※ログインが途切れるか、7日到達すると
1日目から再開されます*
`聖晶石 X 1
9月交換券(2023) X 1
`_2023-09-11 19:37:04_
--------
*1960c6c2468d480d10656e460ff945b7*
`登陆天数: 135天 / 1320天
等级: 129
石头: 4707
呼符: 162
体力: 92619.35333333333 / 138
友情点: 130 / 270795`
*連続ログイン2日目
※ログインが途切れるか、7日到達すると
1日目から再開されます*
`聖晶石 X 1
9月交換券(2023) X 1
`_2023-09-11 19:37:13_
--------
*50e74030067f097de636fdb9ea0a5ce0*
`登陆天数: 135天 / 1325天
等级: 146
石头: 41
呼符: 0
体力: 255.38 / 141
友情点: 80 / 108474850`
*連続ログイン2日目
※ログインが途切れるか、7日到達すると
1日目から再開されます*
`聖晶石 X 1
9月交換券(2023) X 1
`_2023-09-11 19:37:21_
--------
*5aebed162c025149a9ac12d5ff9cf0d5*
`登陆天数: 135天 / 1156天
等级: 133
石头: 10
呼符: 0
体力: 66887.73 / 139
友情点: 150 / 1475960`
*連続ログイン2日目
※ログインが途切れるか、7日到達すると
1日目から再開されます*
`聖晶石 X 1
9月交換券(2023) X 1
`_2023-09-11 19:37:30_
--------
*f5845d187badef24087ae9dd8a663e48*
`登陆天数: 176天 / 1414天
等级: 145
石头: 239
呼符: 1
体力: 238.55666666666667 / 141
友情点: 190 / 200290545`
*連続ログイン1日目
※ログインが途切れるか、7日到達すると
1日目から再開されます*
`フレンドポイント X 2000
9月交換券(2023) X 1
`_2023-09-11 19:37:39_
--------
