【登录信息】
*4624dcf84d19c7237daa9e3aa06ae38e*
`登陆天数: 136天 / 1124天
等级: 130
石头: 618
呼符: 26
体力: 73356.94333333333 / 138
友情点: 0 / 764225`
*連続ログイン3日目
※ログインが途切れるか、7日到達すると
1日目から再開されます*
`叡智の業火 X 1
9月交換券(2023) X 1
`_2023-09-12 19:37:02_
--------
*1960c6c2468d480d10656e460ff945b7*
`登陆天数: 136天 / 1321天
等级: 129
石头: 4707
呼符: 162
体力: 92907.34333333334 / 138
友情点: 110 / 270905`
*連続ログイン3日目
※ログインが途切れるか、7日到達すると
1日目から再開されます*
`叡智の業火 X 1
9月交換券(2023) X 1
`_2023-09-12 19:37:11_
--------
*50e74030067f097de636fdb9ea0a5ce0*
`登陆天数: 136天 / 1326天
等级: 146
石头: 43
呼符: 0
体力: 250.86 / 141
友情点: 140 / 108475400`
*連続ログイン3日目
※ログインが途切れるか、7日到達すると
1日目から再開されます*
`叡智の業火 X 1
9月交換券(2023) X 1
`_2023-09-12 19:37:19_
--------
*5aebed162c025149a9ac12d5ff9cf0d5*
`登陆天数: 136天 / 1157天
等级: 133
石头: 10
呼符: 0
体力: 67175.71666666666 / 139
友情点: 200 / 1476160`
*連続ログイン3日目
※ログインが途切れるか、7日到達すると
1日目から再開されます*
`叡智の業火 X 1
9月交換券(2023) X 1
`_2023-09-12 19:37:27_
--------
*f5845d187badef24087ae9dd8a663e48*
`登陆天数: 177天 / 1415天
等级: 145
石头: 238
呼符: 1
体力: 73.58 / 141
友情点: 130 / 200293840`
*連続ログイン2日目
※ログインが途切れるか、7日到達すると
1日目から再開されます*
`聖晶石 X 1
9月交換券(2023) X 1
`_2023-09-12 19:37:36_
--------
