【登录信息】
*4624dcf84d19c7237daa9e3aa06ae38e*
`登陆天数: 137天 / 1125天
等级: 130
石头: 618
呼符: 26
体力: 73644.89333333333 / 138
友情点: 0 / 764225`
*連続ログイン4日目
※ログインが途切れるか、7日到達すると
1日目から再開されます*
`聖晶石 X 1
9月交換券(2023) X 1
`*日替りログインボーナス*
*開催期間中、1日1回 2週間日替りでログインボーナスをプレゼント！*
`巡霊の葉 X 30
`_2023-09-13 19:36:47_
--------
*1960c6c2468d480d10656e460ff945b7*
`登陆天数: 137天 / 1322天
等级: 129
石头: 4707
呼符: 162
体力: 93195.29333333333 / 138
友情点: 150 / 271055`
*連続ログイン4日目
※ログインが途切れるか、7日到達すると
1日目から再開されます*
`聖晶石 X 1
9月交換券(2023) X 1
`*日替りログインボーナス*
*開催期間中、1日1回 2週間日替りでログインボーナスをプレゼント！*
`巡霊の葉 X 30
`_2023-09-13 19:36:55_
--------
*50e74030067f097de636fdb9ea0a5ce0*
`登陆天数: 137天 / 1327天
等级: 146
石头: 44
呼符: 0
体力: 261.11 / 141
友情点: 205 / 108476145`
*連続ログイン4日目
※ログインが途切れるか、7日到達すると
1日目から再開されます*
`聖晶石 X 1
9月交換券(2023) X 1
`*日替りログインボーナス*
*開催期間中、1日1回 2週間日替りでログインボーナスをプレゼント！*
`巡霊の葉 X 30
`_2023-09-13 19:37:04_
--------
*5aebed162c025149a9ac12d5ff9cf0d5*
`登陆天数: 137天 / 1158天
等级: 133
石头: 10
呼符: 0
体力: 67463.67 / 139
友情点: 130 / 1476290`
*連続ログイン4日目
※ログインが途切れるか、7日到達すると
1日目から再開されます*
`聖晶石 X 1
9月交換券(2023) X 1
`*日替りログインボーナス*
*開催期間中、1日1回 2週間日替りでログインボーナスをプレゼント！*
`巡霊の葉 X 30
`_2023-09-13 19:37:13_
--------
*f5845d187badef24087ae9dd8a663e48*
`登陆天数: 178天 / 1416天
等级: 145
石头: 244
呼符: 1
体力: 124.38333333333333 / 141
友情点: 200 / 198637005`
*連続ログイン3日目
※ログインが途切れるか、7日到達すると
1日目から再開されます*
`叡智の業火 X 1
9月交換券(2023) X 1
`*日替りログインボーナス*
*開催期間中、1日1回 2週間日替りでログインボーナスをプレゼント！*
`巡霊の葉 X 30
`_2023-09-13 19:37:21_
--------
