【登录信息】
*4624dcf84d19c7237daa9e3aa06ae38e*
`登陆天数: 138天 / 1126天
等级: 130
石头: 618
呼符: 26
体力: 73932.95 / 138
友情点: 0 / 764225`
*連続ログイン5日目
※ログインが途切れるか、7日到達すると
1日目から再開されます*
`叡智の業火 X 2
9月交換券(2023) X 1
`*日替りログインボーナス*
*開催期間中、1日1回 2週間日替りでログインボーナスをプレゼント！*
`巡霊の葉 X 30
`_2023-09-14 19:37:04_
--------
*1960c6c2468d480d10656e460ff945b7*
`登陆天数: 138天 / 1323天
等级: 129
石头: 4707
呼符: 162
体力: 93483.35333333333 / 138
友情点: 20 / 271075`
*連続ログイン5日目
※ログインが途切れるか、7日到達すると
1日目から再開されます*
`叡智の業火 X 2
9月交換券(2023) X 1
`*日替りログインボーナス*
*開催期間中、1日1回 2週間日替りでログインボーナスをプレゼント！*
`巡霊の葉 X 30
`_2023-09-14 19:37:13_
--------
*50e74030067f097de636fdb9ea0a5ce0*
`登陆天数: 138天 / 1328天
等级: 146
石头: 53
呼符: 0
体力: 261.97333333333336 / 141
友情点: 115 / 108476590`
*連続ログイン5日目
※ログインが途切れるか、7日到達すると
1日目から再開されます*
`叡智の業火 X 2
9月交換券(2023) X 1
`*日替りログインボーナス*
*開催期間中、1日1回 2週間日替りでログインボーナスをプレゼント！*
`巡霊の葉 X 30
`_2023-09-14 19:37:21_
--------
*5aebed162c025149a9ac12d5ff9cf0d5*
`登陆天数: 138天 / 1159天
等级: 133
石头: 10
呼符: 0
体力: 67751.73 / 139
友情点: 40 / 1476340`
*連続ログイン5日目
※ログインが途切れるか、7日到達すると
1日目から再開されます*
`叡智の業火 X 2
9月交換券(2023) X 1
`*日替りログインボーナス*
*開催期間中、1日1回 2週間日替りでログインボーナスをプレゼント！*
`巡霊の葉 X 30
`_2023-09-14 19:37:30_
--------
*f5845d187badef24087ae9dd8a663e48*
`登陆天数: 179天 / 1417天
等级: 145
石头: 256
呼符: 1
体力: 105.86 / 141
友情点: 155 / 198638070`
*連続ログイン4日目
※ログインが途切れるか、7日到達すると
1日目から再開されます*
`聖晶石 X 1
9月交換券(2023) X 1
`*日替りログインボーナス*
*開催期間中、1日1回 2週間日替りでログインボーナスをプレゼント！*
`巡霊の葉 X 30
`_2023-09-14 19:37:39_
--------
