【登录信息】
*4624dcf84d19c7237daa9e3aa06ae38e*
`登陆天数: 139天 / 1127天
等级: 130
石头: 618
呼符: 26
体力: 74220.91666666667 / 138
友情点: 0 / 764225`
*連続ログイン6日目
※ログインが途切れるか、7日到達すると
1日目から再開されます*
`聖晶石 X 2
9月交換券(2023) X 1
`*日替りログインボーナス*
*開催期間中、1日1回 2週間日替りでログインボーナスをプレゼント！*
`聖晶石 X 2
巡霊の葉 X 100
`_2023-09-15 19:36:54_
--------
*1960c6c2468d480d10656e460ff945b7*
`登陆天数: 139天 / 1324天
等级: 129
石头: 4707
呼符: 162
体力: 93771.31666666667 / 138
友情点: 130 / 271205`
*連続ログイン6日目
※ログインが途切れるか、7日到達すると
1日目から再開されます*
`聖晶石 X 2
9月交換券(2023) X 1
`*日替りログインボーナス*
*開催期間中、1日1回 2週間日替りでログインボーナスをプレゼント！*
`聖晶石 X 2
巡霊の葉 X 100
`_2023-09-15 19:37:03_
--------
*50e74030067f097de636fdb9ea0a5ce0*
`登陆天数: 139天 / 1329天
等级: 146
石头: 53
呼符: 0
体力: 348.6 / 141
友情点: 150 / 108477040`
*連続ログイン6日目
※ログインが途切れるか、7日到達すると
1日目から再開されます*
`聖晶石 X 2
9月交換券(2023) X 1
`*日替りログインボーナス*
*開催期間中、1日1回 2週間日替りでログインボーナスをプレゼント！*
`聖晶石 X 2
巡霊の葉 X 100
`_2023-09-15 19:37:11_
--------
*5aebed162c025149a9ac12d5ff9cf0d5*
`登陆天数: 139天 / 1160天
等级: 133
石头: 10
呼符: 0
体力: 68039.69666666667 / 139
友情点: 40 / 1476380`
*連続ログイン6日目
※ログインが途切れるか、7日到達すると
1日目から再開されます*
`聖晶石 X 2
9月交換券(2023) X 1
`*日替りログインボーナス*
*開催期間中、1日1回 2週間日替りでログインボーナスをプレゼント！*
`聖晶石 X 2
巡霊の葉 X 100
`_2023-09-15 19:37:20_
--------
*f5845d187badef24087ae9dd8a663e48*
`登陆天数: 180天 / 1418天
等级: 145
石头: 255
呼符: 1
体力: 223.1 / 141
友情点: 175 / 198638625`
*連続ログイン5日目
※ログインが途切れるか、7日到達すると
1日目から再開されます*
`叡智の業火 X 2
9月交換券(2023) X 1
`*日替りログインボーナス*
*開催期間中、1日1回 2週間日替りでログインボーナスをプレゼント！*
`聖晶石 X 2
巡霊の葉 X 100
`_2023-09-15 19:37:29_
--------
