【登录信息】
*4624dcf84d19c7237daa9e3aa06ae38e*
`登陆天数: 140天 / 1128天
等级: 130
石头: 618
呼符: 26
体力: 74508.92333333334 / 138
友情点: 0 / 764225`
*連続ログイン7日間到達おめでとうございます！
明日は1日目からリスタートされます。*
`獣の足跡 X 1
呼符 X 1
9月交換券(2023) X 1
`*日替りログインボーナス*
*開催期間中、1日1回 2週間日替りでログインボーナスをプレゼント！*
`巡霊の葉 X 30
`_2023-09-16 19:36:56_
--------
*1960c6c2468d480d10656e460ff945b7*
`登陆天数: 140天 / 1325天
等级: 129
石头: 4707
呼符: 162
体力: 94059.32333333333 / 138
友情点: 100 / 271305`
*連続ログイン7日間到達おめでとうございます！
明日は1日目からリスタートされます。*
`獣の足跡 X 1
呼符 X 1
9月交換券(2023) X 1
`*日替りログインボーナス*
*開催期間中、1日1回 2週間日替りでログインボーナスをプレゼント！*
`巡霊の葉 X 30
`_2023-09-16 19:37:05_
--------
*50e74030067f097de636fdb9ea0a5ce0*
`登陆天数: 140天 / 1330天
等级: 146
石头: 53
呼符: 0
体力: 636.6033333333334 / 141
友情点: 250 / 108477290`
*連続ログイン7日間到達おめでとうございます！
明日は1日目からリスタートされます。*
`獣の足跡 X 1
呼符 X 1
9月交換券(2023) X 1
`*日替りログインボーナス*
*開催期間中、1日1回 2週間日替りでログインボーナスをプレゼント！*
`巡霊の葉 X 30
`_2023-09-16 19:37:13_
--------
*5aebed162c025149a9ac12d5ff9cf0d5*
`登陆天数: 140天 / 1161天
等级: 133
石头: 10
呼符: 0
体力: 68327.7 / 139
友情点: 60 / 1476440`
*連続ログイン7日間到達おめでとうございます！
明日は1日目からリスタートされます。*
`獣の足跡 X 1
呼符 X 1
9月交換券(2023) X 1
`*日替りログインボーナス*
*開催期間中、1日1回 2週間日替りでログインボーナスをプレゼント！*
`巡霊の葉 X 30
`_2023-09-16 19:37:22_
--------
*f5845d187badef24087ae9dd8a663e48*
`登陆天数: 181天 / 1419天
等级: 145
石头: 258
呼符: 1
体力: 144.94333333333333 / 141
友情点: 130 / 198639285`
*連続ログイン6日目
※ログインが途切れるか、7日到達すると
1日目から再開されます*
`聖晶石 X 2
9月交換券(2023) X 1
`*日替りログインボーナス*
*開催期間中、1日1回 2週間日替りでログインボーナスをプレゼント！*
`巡霊の葉 X 30
`_2023-09-16 19:37:30_
--------
