【登录信息】
*4624dcf84d19c7237daa9e3aa06ae38e*
`登陆天数: 141天 / 1129天
等级: 130
石头: 618
呼符: 26
体力: 74796.89666666667 / 138
友情点: 0 / 764225`
*連続ログイン1日目
※ログインが途切れるか、7日到達すると
1日目から再開されます*
`フレンドポイント X 2000
9月交換券(2023) X 1
`*日替りログインボーナス*
*開催期間中、1日1回 2週間日替りでログインボーナスをプレゼント！*
`巡霊の葉 X 30
`_2023-09-17 19:36:48_
--------
*1960c6c2468d480d10656e460ff945b7*
`登陆天数: 141天 / 1326天
等级: 129
石头: 4707
呼符: 162
体力: 94347.29666666666 / 138
友情点: 120 / 271435`
*連続ログイン1日目
※ログインが途切れるか、7日到達すると
1日目から再開されます*
`フレンドポイント X 2000
9月交換券(2023) X 1
`*日替りログインボーナス*
*開催期間中、1日1回 2週間日替りでログインボーナスをプレゼント！*
`巡霊の葉 X 30
`_2023-09-17 19:36:57_
--------
*50e74030067f097de636fdb9ea0a5ce0*
`登陆天数: 141天 / 1331天
等级: 146
石头: 53
呼符: 0
体力: 924.5766666666667 / 141
友情点: 370 / 108477660`
*連続ログイン1日目
※ログインが途切れるか、7日到達すると
1日目から再開されます*
`フレンドポイント X 2000
9月交換券(2023) X 1
`*日替りログインボーナス*
*開催期間中、1日1回 2週間日替りでログインボーナスをプレゼント！*
`巡霊の葉 X 30
`_2023-09-17 19:37:05_
--------
*5aebed162c025149a9ac12d5ff9cf0d5*
`登陆天数: 141天 / 1162天
等级: 133
石头: 10
呼符: 0
体力: 68615.67333333334 / 139
友情点: 230 / 1476670`
*連続ログイン1日目
※ログインが途切れるか、7日到達すると
1日目から再開されます*
`フレンドポイント X 2000
9月交換券(2023) X 1
`*日替りログインボーナス*
*開催期間中、1日1回 2週間日替りでログインボーナスをプレゼント！*
`巡霊の葉 X 30
`_2023-09-17 19:37:14_
--------
*f5845d187badef24087ae9dd8a663e48*
`登陆天数: 182天 / 1420天
等级: 145
石头: 260
呼符: 1
体力: 203.35333333333332 / 141
友情点: 105 / 198639750`
*連続ログイン7日間到達おめでとうございます！
明日は1日目からリスタートされます。*
`獣の足跡 X 1
呼符 X 1
9月交換券(2023) X 1
`*日替りログインボーナス*
*開催期間中、1日1回 2週間日替りでログインボーナスをプレゼント！*
`巡霊の葉 X 30
`_2023-09-17 19:37:22_
--------
