【登录信息】
*4624dcf84d19c7237daa9e3aa06ae38e*
`登陆天数: 142天 / 1130天
等级: 130
石头: 618
呼符: 26
体力: 75084.91333333333 / 138
友情点: 0 / 764225`
*連続ログイン2日目
※ログインが途切れるか、7日到達すると
1日目から再開されます*
`聖晶石 X 1
9月交換券(2023) X 1
`*日替りログインボーナス*
*開催期間中、1日1回 2週間日替りでログインボーナスをプレゼント！*
`巡霊の葉 X 30
`_2023-09-18 19:36:53_
--------
*1960c6c2468d480d10656e460ff945b7*
`登陆天数: 142天 / 1327天
等级: 129
石头: 4707
呼符: 162
体力: 94635.31666666667 / 138
友情点: 130 / 271565`
*連続ログイン2日目
※ログインが途切れるか、7日到達すると
1日目から再開されます*
`聖晶石 X 1
9月交換券(2023) X 1
`*日替りログインボーナス*
*開催期間中、1日1回 2週間日替りでログインボーナスをプレゼント！*
`巡霊の葉 X 30
`_2023-09-18 19:37:02_
--------
*50e74030067f097de636fdb9ea0a5ce0*
`登陆天数: 142天 / 1332天
等级: 146
石头: 53
呼符: 0
体力: 1212.5966666666666 / 141
友情点: 185 / 108477845`
*連続ログイン2日目
※ログインが途切れるか、7日到達すると
1日目から再開されます*
`聖晶石 X 1
9月交換券(2023) X 1
`*日替りログインボーナス*
*開催期間中、1日1回 2週間日替りでログインボーナスをプレゼント！*
`巡霊の葉 X 30
`_2023-09-18 19:37:10_
--------
*5aebed162c025149a9ac12d5ff9cf0d5*
`登陆天数: 142天 / 1163天
等级: 133
石头: 10
呼符: 0
体力: 68903.69333333333 / 139
友情点: 110 / 1476780`
*連続ログイン2日目
※ログインが途切れるか、7日到達すると
1日目から再開されます*
`聖晶石 X 1
9月交換券(2023) X 1
`*日替りログインボーナス*
*開催期間中、1日1回 2週間日替りでログインボーナスをプレゼント！*
`巡霊の葉 X 30
`_2023-09-18 19:37:20_
--------
*f5845d187badef24087ae9dd8a663e48*
`登陆天数: 183天 / 1421天
等级: 145
石头: 270
呼符: 2
体力: 65.22 / 141
友情点: 160 / 198640290`
*連続ログイン1日目
※ログインが途切れるか、7日到達すると
1日目から再開されます*
`フレンドポイント X 2000
9月交換券(2023) X 1
`*日替りログインボーナス*
*開催期間中、1日1回 2週間日替りでログインボーナスをプレゼント！*
`巡霊の葉 X 30
`_2023-09-18 19:37:29_
--------
