【登录信息】
*4624dcf84d19c7237daa9e3aa06ae38e*
`登陆天数: 143天 / 1131天
等级: 130
石头: 618
呼符: 26
体力: 75372.92666666667 / 138
友情点: 0 / 764225`
*連続ログイン3日目
※ログインが途切れるか、7日到達すると
1日目から再開されます*
`叡智の業火 X 1
9月交換券(2023) X 1
`*日替りログインボーナス*
*開催期間中、1日1回 2週間日替りでログインボーナスをプレゼント！*
`聖晶石 X 3
巡霊の葉 X 50
`_2023-09-19 19:36:56_
--------
*1960c6c2468d480d10656e460ff945b7*
`登陆天数: 143天 / 1328天
等级: 129
石头: 4707
呼符: 162
体力: 94923.32666666666 / 138
友情点: 100 / 271665`
*連続ログイン3日目
※ログインが途切れるか、7日到達すると
1日目から再開されます*
`叡智の業火 X 1
9月交換券(2023) X 1
`*日替りログインボーナス*
*開催期間中、1日1回 2週間日替りでログインボーナスをプレゼント！*
`聖晶石 X 3
巡霊の葉 X 50
`_2023-09-19 19:37:05_
--------
*50e74030067f097de636fdb9ea0a5ce0*
`登陆天数: 143天 / 1333天
等级: 146
石头: 53
呼符: 0
体力: 1500.6066666666666 / 141
友情点: 140 / 108477985`
*連続ログイン3日目
※ログインが途切れるか、7日到達すると
1日目から再開されます*
`叡智の業火 X 1
9月交換券(2023) X 1
`*日替りログインボーナス*
*開催期間中、1日1回 2週間日替りでログインボーナスをプレゼント！*
`聖晶石 X 3
巡霊の葉 X 50
`_2023-09-19 19:37:13_
--------
*5aebed162c025149a9ac12d5ff9cf0d5*
`登陆天数: 143天 / 1164天
等级: 133
石头: 10
呼符: 0
体力: 69191.70333333334 / 139
友情点: 100 / 1476880`
*連続ログイン3日目
※ログインが途切れるか、7日到達すると
1日目から再開されます*
`叡智の業火 X 1
9月交換券(2023) X 1
`*日替りログインボーナス*
*開催期間中、1日1回 2週間日替りでログインボーナスをプレゼント！*
`聖晶石 X 3
巡霊の葉 X 50
`_2023-09-19 19:37:22_
--------
*f5845d187badef24087ae9dd8a663e48*
`登陆天数: 184天 / 1422天
等级: 145
石头: 270
呼符: 2
体力: 215.07 / 141
友情点: 195 / 198640880`
*連続ログイン2日目
※ログインが途切れるか、7日到達すると
1日目から再開されます*
`聖晶石 X 1
9月交換券(2023) X 1
`*日替りログインボーナス*
*開催期間中、1日1回 2週間日替りでログインボーナスをプレゼント！*
`聖晶石 X 3
巡霊の葉 X 50
`_2023-09-19 19:37:31_
--------
