【登录信息】
*4624dcf84d19c7237daa9e3aa06ae38e*
`登陆天数: 144天 / 1132天
等级: 130
石头: 618
呼符: 26
体力: 75660.95666666667 / 138
友情点: 0 / 764225`
*連続ログイン4日目
※ログインが途切れるか、7日到達すると
1日目から再開されます*
`聖晶石 X 1
9月交換券(2023) X 1
`*日替りログインボーナス*
*開催期間中、1日1回 2週間日替りでログインボーナスをプレゼント！*
`巡霊の葉 X 30
`_2023-09-20 19:37:05_
--------
*1960c6c2468d480d10656e460ff945b7*
`登陆天数: 144天 / 1329天
等级: 129
石头: 4707
呼符: 162
体力: 95211.35666666667 / 138
友情点: 110 / 271775`
*連続ログイン4日目
※ログインが途切れるか、7日到達すると
1日目から再開されます*
`聖晶石 X 1
9月交換券(2023) X 1
`*日替りログインボーナス*
*開催期間中、1日1回 2週間日替りでログインボーナスをプレゼント！*
`巡霊の葉 X 30
`_2023-09-20 19:37:14_
--------
*50e74030067f097de636fdb9ea0a5ce0*
`登陆天数: 144天 / 1334天
等级: 146
石头: 72
呼符: 1
体力: 1788.6366666666668 / 141
友情点: 200 / 108468395`
*連続ログイン4日目
※ログインが途切れるか、7日到達すると
1日目から再開されます*
`聖晶石 X 1
9月交換券(2023) X 1
`*日替りログインボーナス*
*開催期間中、1日1回 2週間日替りでログインボーナスをプレゼント！*
`巡霊の葉 X 30
`_2023-09-20 19:37:23_
--------
*5aebed162c025149a9ac12d5ff9cf0d5*
`登陆天数: 144天 / 1165天
等级: 133
石头: 10
呼符: 0
体力: 69479.73333333334 / 139
友情点: 110 / 1476990`
*連続ログイン4日目
※ログインが途切れるか、7日到達すると
1日目から再開されます*
`聖晶石 X 1
9月交換券(2023) X 1
`*日替りログインボーナス*
*開催期間中、1日1回 2週間日替りでログインボーナスをプレゼント！*
`巡霊の葉 X 30
`_2023-09-20 19:37:32_
--------
*f5845d187badef24087ae9dd8a663e48*
`登陆天数: 185天 / 1423天
等级: 145
石头: 275
呼符: 2
体力: 168.17000000000002 / 141
友情点: 50 / 198643665`
*連続ログイン3日目
※ログインが途切れるか、7日到達すると
1日目から再開されます*
`叡智の業火 X 1
9月交換券(2023) X 1
`*日替りログインボーナス*
*開催期間中、1日1回 2週間日替りでログインボーナスをプレゼント！*
`巡霊の葉 X 30
`_2023-09-20 19:37:41_
--------
