【登录信息】
*4624dcf84d19c7237daa9e3aa06ae38e*
`登陆天数: 145天 / 1133天
等级: 130
石头: 618
呼符: 26
体力: 75948.93333333333 / 138
友情点: 0 / 764225`
*連続ログイン5日目
※ログインが途切れるか、7日到達すると
1日目から再開されます*
`叡智の業火 X 2
9月交換券(2023) X 1
`*日替りログインボーナス*
*開催期間中、1日1回 2週間日替りでログインボーナスをプレゼント！*
`巡霊の葉 X 30
`_2023-09-21 19:36:58_
--------
*1960c6c2468d480d10656e460ff945b7*
`登陆天数: 145天 / 1330天
等级: 129
石头: 4707
呼符: 162
体力: 95499.33333333333 / 138
友情点: 160 / 271945`
*連続ログイン5日目
※ログインが途切れるか、7日到達すると
1日目から再開されます*
`叡智の業火 X 2
9月交換券(2023) X 1
`*日替りログインボーナス*
*開催期間中、1日1回 2週間日替りでログインボーナスをプレゼント！*
`巡霊の葉 X 30
`_2023-09-21 19:37:07_
--------
*50e74030067f097de636fdb9ea0a5ce0*
`登陆天数: 145天 / 1335天
等级: 146
石头: 72
呼符: 1
体力: 2076.6133333333332 / 141
友情点: 275 / 108468680`
*連続ログイン5日目
※ログインが途切れるか、7日到達すると
1日目から再開されます*
`叡智の業火 X 2
9月交換券(2023) X 1
`*日替りログインボーナス*
*開催期間中、1日1回 2週間日替りでログインボーナスをプレゼント！*
`巡霊の葉 X 30
`_2023-09-21 19:37:15_
--------
*5aebed162c025149a9ac12d5ff9cf0d5*
`登陆天数: 145天 / 1166天
等级: 133
石头: 10
呼符: 0
体力: 69767.70666666667 / 139
友情点: 200 / 1477190`
*連続ログイン5日目
※ログインが途切れるか、7日到達すると
1日目から再開されます*
`叡智の業火 X 2
9月交換券(2023) X 1
`*日替りログインボーナス*
*開催期間中、1日1回 2週間日替りでログインボーナスをプレゼント！*
`巡霊の葉 X 30
`_2023-09-21 19:37:24_
--------
*f5845d187badef24087ae9dd8a663e48*
`登陆天数: 186天 / 1424天
等级: 145
石头: 277
呼符: 2
体力: 79.84666666666666 / 141
友情点: 20 / 198644495`
*連続ログイン4日目
※ログインが途切れるか、7日到達すると
1日目から再開されます*
`聖晶石 X 1
9月交換券(2023) X 1
`*日替りログインボーナス*
*開催期間中、1日1回 2週間日替りでログインボーナスをプレゼント！*
`巡霊の葉 X 30
`_2023-09-21 19:37:32_
--------
