【登录信息】
*4624dcf84d19c7237daa9e3aa06ae38e*
`登陆天数: 146天 / 1134天
等级: 130
石头: 618
呼符: 26
体力: 76236.91 / 138
友情点: 0 / 764225`
*連続ログイン6日目
※ログインが途切れるか、7日到達すると
1日目から再開されます*
`聖晶石 X 2
9月交換券(2023) X 1
`*日替りログインボーナス*
*開催期間中、1日1回 2週間日替りでログインボーナスをプレゼント！*
`聖晶石 X 2
巡霊の葉 X 100
`_2023-09-22 19:36:52_
--------
*1960c6c2468d480d10656e460ff945b7*
`登陆天数: 146天 / 1331天
等级: 129
石头: 4707
呼符: 162
体力: 95787.31333333334 / 138
友情点: 30 / 271975`
*連続ログイン6日目
※ログインが途切れるか、7日到達すると
1日目から再開されます*
`聖晶石 X 2
9月交換券(2023) X 1
`*日替りログインボーナス*
*開催期間中、1日1回 2週間日替りでログインボーナスをプレゼント！*
`聖晶石 X 2
巡霊の葉 X 100
`_2023-09-22 19:37:01_
--------
*50e74030067f097de636fdb9ea0a5ce0*
`登陆天数: 146天 / 1336天
等级: 146
石头: 72
呼符: 1
体力: 2364.59 / 141
友情点: 150 / 108468830`
*連続ログイン6日目
※ログインが途切れるか、7日到達すると
1日目から再開されます*
`聖晶石 X 2
9月交換券(2023) X 1
`*日替りログインボーナス*
*開催期間中、1日1回 2週間日替りでログインボーナスをプレゼント！*
`聖晶石 X 2
巡霊の葉 X 100
`_2023-09-22 19:37:09_
--------
*5aebed162c025149a9ac12d5ff9cf0d5*
`登陆天数: 146天 / 1167天
等级: 133
石头: 10
呼符: 0
体力: 70055.68666666666 / 139
友情点: 10 / 1477200`
*連続ログイン6日目
※ログインが途切れるか、7日到達すると
1日目から再開されます*
`聖晶石 X 2
9月交換券(2023) X 1
`*日替りログインボーナス*
*開催期間中、1日1回 2週間日替りでログインボーナスをプレゼント！*
`聖晶石 X 2
巡霊の葉 X 100
`_2023-09-22 19:37:18_
--------
*f5845d187badef24087ae9dd8a663e48*
`登陆天数: 187天 / 1425天
等级: 145
石头: 287
呼符: 2
体力: 8.823333333333323 / 141
友情点: 10 / 198645450`
_2023-09-22 19:37:26_
--------
