【登录信息】
*4624dcf84d19c7237daa9e3aa06ae38e*
`登陆天数: 147天 / 1135天
等级: 130
石头: 618
呼符: 26
体力: 76524.94666666667 / 138
友情点: 0 / 764225`
*連続ログイン7日間到達おめでとうございます！
明日は1日目からリスタートされます。*
`獣の足跡 X 1
呼符 X 1
9月交換券(2023) X 1
`*日替りログインボーナス*
*開催期間中、1日1回 2週間日替りでログインボーナスをプレゼント！*
`巡霊の葉 X 30
`_2023-09-23 19:37:03_
--------
*1960c6c2468d480d10656e460ff945b7*
`登陆天数: 147天 / 1332天
等级: 129
石头: 4707
呼符: 162
体力: 96075.34666666666 / 138
友情点: 160 / 272135`
*連続ログイン7日間到達おめでとうございます！
明日は1日目からリスタートされます。*
`獣の足跡 X 1
呼符 X 1
9月交換券(2023) X 1
`*日替りログインボーナス*
*開催期間中、1日1回 2週間日替りでログインボーナスをプレゼント！*
`巡霊の葉 X 30
`_2023-09-23 19:37:12_
--------
*50e74030067f097de636fdb9ea0a5ce0*
`登陆天数: 147天 / 1337天
等级: 146
石头: 61
呼符: 0
体力: 319.13666666666666 / 141
友情点: 40 / 108465315`
*連続ログイン7日間到達おめでとうございます！
明日は1日目からリスタートされます。*
`獣の足跡 X 1
呼符 X 1
9月交換券(2023) X 1
`*日替りログインボーナス*
*開催期間中、1日1回 2週間日替りでログインボーナスをプレゼント！*
`巡霊の葉 X 30
`_2023-09-23 19:37:20_
--------
*5aebed162c025149a9ac12d5ff9cf0d5*
`登陆天数: 147天 / 1168天
等级: 133
石头: 10
呼符: 0
体力: 70343.72666666667 / 139
友情点: 130 / 1477330`
*連続ログイン7日間到達おめでとうございます！
明日は1日目からリスタートされます。*
`獣の足跡 X 1
呼符 X 1
9月交換券(2023) X 1
`*日替りログインボーナス*
*開催期間中、1日1回 2週間日替りでログインボーナスをプレゼント！*
`巡霊の葉 X 30
`_2023-09-23 19:37:29_
--------
*f5845d187badef24087ae9dd8a663e48*
`登陆天数: 188天 / 1426天
等级: 145
石头: 291
呼符: 2
体力: 136.86333333333334 / 141
友情点: 225 / 198646220`
*連続ログイン6日目
※ログインが途切れるか、7日到達すると
1日目から再開されます*
`聖晶石 X 2
9月交換券(2023) X 1
`*日替りログインボーナス*
*開催期間中、1日1回 2週間日替りでログインボーナスをプレゼント！*
`巡霊の葉 X 30
`_2023-09-23 19:37:38_
--------
