【登录信息】
*4624dcf84d19c7237daa9e3aa06ae38e*
`登陆天数: 148天 / 1136天
等级: 130
石头: 618
呼符: 26
体力: 76812.89 / 138
友情点: 0 / 764225`
*連続ログイン1日目
※ログインが途切れるか、7日到達すると
1日目から再開されます*
`フレンドポイント X 2000
9月交換券(2023) X 1
`*日替りログインボーナス*
*開催期間中、1日1回 2週間日替りでログインボーナスをプレゼント！*
`巡霊の葉 X 30
`_2023-09-24 19:36:45_
--------
*1960c6c2468d480d10656e460ff945b7*
`登陆天数: 148天 / 1333天
等级: 129
石头: 4707
呼符: 162
体力: 96363.29 / 138
友情点: 70 / 272205`
*連続ログイン1日目
※ログインが途切れるか、7日到達すると
1日目から再開されます*
`フレンドポイント X 2000
9月交換券(2023) X 1
`*日替りログインボーナス*
*開催期間中、1日1回 2週間日替りでログインボーナスをプレゼント！*
`巡霊の葉 X 30
`_2023-09-24 19:36:54_
--------
*50e74030067f097de636fdb9ea0a5ce0*
`登陆天数: 148天 / 1338天
等级: 146
石头: 61
呼符: 0
体力: 607.0799999999999 / 141
友情点: 275 / 108465600`
*連続ログイン1日目
※ログインが途切れるか、7日到達すると
1日目から再開されます*
`フレンドポイント X 2000
9月交換券(2023) X 1
`*日替りログインボーナス*
*開催期間中、1日1回 2週間日替りでログインボーナスをプレゼント！*
`巡霊の葉 X 30
`_2023-09-24 19:37:03_
--------
*5aebed162c025149a9ac12d5ff9cf0d5*
`登陆天数: 148天 / 1169天
等级: 133
石头: 10
呼符: 0
体力: 70631.67 / 139
友情点: 90 / 1477450`
*連続ログイン1日目
※ログインが途切れるか、7日到達すると
1日目から再開されます*
`フレンドポイント X 2000
9月交換券(2023) X 1
`*日替りログインボーナス*
*開催期間中、1日1回 2週間日替りでログインボーナスをプレゼント！*
`巡霊の葉 X 30
`_2023-09-24 19:37:12_
--------
*f5845d187badef24087ae9dd8a663e48*
`登陆天数: 189天 / 1427天
等级: 145
石头: 293
呼符: 2
体力: 157.66333333333333 / 141
友情点: 245 / 198646820`
*連続ログイン7日間到達おめでとうございます！
明日は1日目からリスタートされます。*
`獣の足跡 X 1
呼符 X 1
9月交換券(2023) X 1
`*日替りログインボーナス*
*開催期間中、1日1回 2週間日替りでログインボーナスをプレゼント！*
`巡霊の葉 X 30
`_2023-09-24 19:37:21_
--------
