【登录信息】
*4624dcf84d19c7237daa9e3aa06ae38e*
`登陆天数: 149天 / 1137天
等级: 130
石头: 618
呼符: 26
体力: 77100.91666666667 / 138
友情点: 0 / 764225`
*連続ログイン2日目
※ログインが途切れるか、7日到達すると
1日目から再開されます*
`聖晶石 X 1
9月交換券(2023) X 1
`*日替りログインボーナス*
*開催期間中、1日1回 2週間日替りでログインボーナスをプレゼント！*
`巡霊の葉 X 30
`_2023-09-25 19:36:53_
--------
*1960c6c2468d480d10656e460ff945b7*
`登陆天数: 149天 / 1334天
等级: 129
石头: 4707
呼符: 162
体力: 96651.32 / 138
友情点: 60 / 272265`
*連続ログイン2日目
※ログインが途切れるか、7日到達すると
1日目から再開されます*
`聖晶石 X 1
9月交換券(2023) X 1
`*日替りログインボーナス*
*開催期間中、1日1回 2週間日替りでログインボーナスをプレゼント！*
`巡霊の葉 X 30
`_2023-09-25 19:37:02_
--------
*50e74030067f097de636fdb9ea0a5ce0*
`登陆天数: 149天 / 1339天
等级: 146
石头: 64
呼符: 1
体力: 384.90666666666664 / 141
友情点: 180 / 108468535`
*連続ログイン2日目
※ログインが途切れるか、7日到達すると
1日目から再開されます*
`聖晶石 X 1
9月交換券(2023) X 1
`*日替りログインボーナス*
*開催期間中、1日1回 2週間日替りでログインボーナスをプレゼント！*
`巡霊の葉 X 30
`_2023-09-25 19:37:11_
--------
*5aebed162c025149a9ac12d5ff9cf0d5*
`登陆天数: 149天 / 1170天
等级: 133
石头: 10
呼符: 0
体力: 70919.69666666667 / 139
友情点: 190 / 1477640`
*連続ログイン2日目
※ログインが途切れるか、7日到達すると
1日目から再開されます*
`聖晶石 X 1
9月交換券(2023) X 1
`*日替りログインボーナス*
*開催期間中、1日1回 2週間日替りでログインボーナスをプレゼント！*
`巡霊の葉 X 30
`_2023-09-25 19:37:21_
--------
*f5845d187badef24087ae9dd8a663e48*
`登陆天数: 190天 / 1428天
等级: 145
石头: 276
呼符: 0
体力: 42.27666666666667 / 141
友情点: 50 / 198217090`
*連続ログイン1日目
※ログインが途切れるか、7日到達すると
1日目から再開されます*
`フレンドポイント X 2000
9月交換券(2023) X 1
`*日替りログインボーナス*
*開催期間中、1日1回 2週間日替りでログインボーナスをプレゼント！*
`巡霊の葉 X 30
`_2023-09-25 19:37:29_
--------
