【登录信息】
*4624dcf84d19c7237daa9e3aa06ae38e*
`登陆天数: 150天 / 1138天
等级: 130
石头: 618
呼符: 26
体力: 77388.92 / 138
友情点: 0 / 764225`
*連続ログイン3日目
※ログインが途切れるか、7日到達すると
1日目から再開されます*
`叡智の業火 X 1
9月交換券(2023) X 1
`*日替りログインボーナス*
*開催期間中、1日1回 2週間日替りでログインボーナスをプレゼント！*
`聖晶石 X 3
巡霊の葉 X 50
`_2023-09-26 19:36:55_
--------
*1960c6c2468d480d10656e460ff945b7*
`登陆天数: 150天 / 1335天
等级: 129
石头: 4707
呼符: 162
体力: 96939.32 / 138
友情点: 200 / 272465`
*連続ログイン3日目
※ログインが途切れるか、7日到達すると
1日目から再開されます*
`叡智の業火 X 1
9月交換券(2023) X 1
`*日替りログインボーナス*
*開催期間中、1日1回 2週間日替りでログインボーナスをプレゼント！*
`聖晶石 X 3
巡霊の葉 X 50
`_2023-09-26 19:37:03_
--------
*50e74030067f097de636fdb9ea0a5ce0*
`登陆天数: 150天 / 1340天
等级: 146
石头: 44
呼符: 0
体力: 194.11333333333334 / 141
友情点: 280 / 108455485`
*連続ログイン3日目
※ログインが途切れるか、7日到達すると
1日目から再開されます*
`叡智の業火 X 1
9月交換券(2023) X 1
`*日替りログインボーナス*
*開催期間中、1日1回 2週間日替りでログインボーナスをプレゼント！*
`聖晶石 X 3
巡霊の葉 X 50
`_2023-09-26 19:37:11_
--------
*5aebed162c025149a9ac12d5ff9cf0d5*
`登陆天数: 150天 / 1171天
等级: 133
石头: 10
呼符: 0
体力: 71207.69333333333 / 139
友情点: 110 / 1477960`
*連続ログイン3日目
※ログインが途切れるか、7日到達すると
1日目から再開されます*
`叡智の業火 X 1
9月交換券(2023) X 1
`*日替りログインボーナス*
*開催期間中、1日1回 2週間日替りでログインボーナスをプレゼント！*
`聖晶石 X 3
巡霊の葉 X 50
`_2023-09-26 19:37:20_
--------
*f5845d187badef24087ae9dd8a663e48*
`登陆天数: 191天 / 1429天
等级: 145
石头: 307
呼符: 0
体力: 125.27333333333334 / 141
友情点: 90 / 198220985`
*連続ログイン2日目
※ログインが途切れるか、7日到達すると
1日目から再開されます*
`聖晶石 X 1
9月交換券(2023) X 1
`*日替りログインボーナス*
*開催期間中、1日1回 2週間日替りでログインボーナスをプレゼント！*
`聖晶石 X 3
巡霊の葉 X 50
`_2023-09-26 19:37:29_
--------
