【登录信息】
*4624dcf84d19c7237daa9e3aa06ae38e*
`登陆天数: 151天 / 1139天
等级: 130
石头: 618
呼符: 26
体力: 77676.89666666667 / 138
友情点: 0 / 764225`
*連続ログイン4日目
※ログインが途切れるか、7日到達すると
1日目から再開されます*
`聖晶石 X 1
9月交換券(2023) X 1
`*ワンジナ・ワールドツアー！ ～大精霊と巡る世界一周～開幕記念 ログインボーナス*
*開催期間中、1日1回 最大21回ログインボーナスをプレゼント！*
`黄金の果実 X 1
`_2023-09-27 19:36:48_
--------
*1960c6c2468d480d10656e460ff945b7*
`登陆天数: 151天 / 1336天
等级: 129
石头: 4707
呼符: 162
体力: 97227.29333333333 / 138
友情点: 180 / 272655`
*連続ログイン4日目
※ログインが途切れるか、7日到達すると
1日目から再開されます*
`聖晶石 X 1
9月交換券(2023) X 1
`*ワンジナ・ワールドツアー！ ～大精霊と巡る世界一周～開幕記念 ログインボーナス*
*開催期間中、1日1回 最大21回ログインボーナスをプレゼント！*
`黄金の果実 X 1
`_2023-09-27 19:36:56_
--------
*50e74030067f097de636fdb9ea0a5ce0*
`登陆天数: 151天 / 1341天
等级: 146
石头: 48
呼符: 0
体力: 200.61 / 141
友情点: 620 / 108384950`
*連続ログイン4日目
※ログインが途切れるか、7日到達すると
1日目から再開されます*
`聖晶石 X 1
9月交換券(2023) X 1
`*ワンジナ・ワールドツアー！ ～大精霊と巡る世界一周～開幕記念 ログインボーナス*
*開催期間中、1日1回 最大21回ログインボーナスをプレゼント！*
`黄金の果実 X 1
`_2023-09-27 19:37:04_
--------
*5aebed162c025149a9ac12d5ff9cf0d5*
`登陆天数: 151天 / 1172天
等级: 133
石头: 10
呼符: 0
体力: 71495.67 / 139
友情点: 160 / 1480930`
*連続ログイン4日目
※ログインが途切れるか、7日到達すると
1日目から再開されます*
`聖晶石 X 1
9月交換券(2023) X 1
`*ワンジナ・ワールドツアー！ ～大精霊と巡る世界一周～開幕記念 ログインボーナス*
*開催期間中、1日1回 最大21回ログインボーナスをプレゼント！*
`黄金の果実 X 1
`_2023-09-27 19:37:12_
--------
*f5845d187badef24087ae9dd8a663e48*
`登陆天数: 192天 / 1430天
等级: 145
石头: 311
呼符: 0
体力: 133.52 / 141
友情点: 200 / 198221760`
*連続ログイン3日目
※ログインが途切れるか、7日到達すると
1日目から再開されます*
`叡智の業火 X 1
9月交換券(2023) X 1
`*ワンジナ・ワールドツアー！ ～大精霊と巡る世界一周～開幕記念 ログインボーナス*
*開催期間中、1日1回 最大21回ログインボーナスをプレゼント！*
`白銀の果実 X 1
`_2023-09-27 19:37:21_
--------
