【登录信息】
*4624dcf84d19c7237daa9e3aa06ae38e*
`登陆天数: 152天 / 1140天
等级: 130
石头: 618
呼符: 26
体力: 77964.93 / 138
友情点: 0 / 764225`
*連続ログイン5日目
※ログインが途切れるか、7日到達すると
1日目から再開されます*
`叡智の業火 X 2
9月交換券(2023) X 1
`*「Fate/Samurai Remnant」発売記念 特別ログインボーナス*
*開催期間中、初回ログインで「限定概念礼装」をプレゼント！*
`Samurai Remnant X 1
`_2023-09-28 19:36:58_
--------
*1960c6c2468d480d10656e460ff945b7*
`登陆天数: 152天 / 1337天
等级: 129
石头: 4707
呼符: 162
体力: 97515.33 / 138
友情点: 10 / 272665`
*連続ログイン5日目
※ログインが途切れるか、7日到達すると
1日目から再開されます*
`叡智の業火 X 2
9月交換券(2023) X 1
`*「Fate/Samurai Remnant」発売記念 特別ログインボーナス*
*開催期間中、初回ログインで「限定概念礼装」をプレゼント！*
`Samurai Remnant X 1
`_2023-09-28 19:37:06_
--------
*50e74030067f097de636fdb9ea0a5ce0*
`登陆天数: 152天 / 1342天
等级: 146
石头: 49
呼符: 0
体力: 225.82333333333332 / 141
友情点: 215 / 108385450`
*連続ログイン5日目
※ログインが途切れるか、7日到達すると
1日目から再開されます*
`叡智の業火 X 2
9月交換券(2023) X 1
`*「Fate/Samurai Remnant」発売記念 特別ログインボーナス*
*開催期間中、初回ログインで「限定概念礼装」をプレゼント！*
`Samurai Remnant X 1
`_2023-09-28 19:37:14_
--------
*5aebed162c025149a9ac12d5ff9cf0d5*
`登陆天数: 152天 / 1173天
等级: 133
石头: 10
呼符: 0
体力: 71783.70333333334 / 139
友情点: 10 / 1480940`
*連続ログイン5日目
※ログインが途切れるか、7日到達すると
1日目から再開されます*
`叡智の業火 X 2
9月交換券(2023) X 1
`*「Fate/Samurai Remnant」発売記念 特別ログインボーナス*
*開催期間中、初回ログインで「限定概念礼装」をプレゼント！*
`Samurai Remnant X 1
`_2023-09-28 19:37:23_
--------
*f5845d187badef24087ae9dd8a663e48*
`登陆天数: 193天 / 1431天
等级: 145
石头: 312
呼符: 0
体力: 43.25666666666666 / 141
友情点: 290 / 198222910`
*連続ログイン4日目
※ログインが途切れるか、7日到達すると
1日目から再開されます*
`聖晶石 X 1
9月交換券(2023) X 1
`*ワンジナ・ワールドツアー！ ～大精霊と巡る世界一周～開幕記念 ログインボーナス*
*開催期間中、1日1回 最大21回ログインボーナスをプレゼント！*
`白銀の果実 X 1
`_2023-09-28 19:37:31_
--------
