【登录信息】
*4624dcf84d19c7237daa9e3aa06ae38e*
`登陆天数: 153天 / 1141天
等级: 130
石头: 618
呼符: 26
体力: 78252.96 / 138
友情点: 0 / 764225`
*連続ログイン6日目
※ログインが途切れるか、7日到達すると
1日目から再開されます*
`聖晶石 X 2
9月交換券(2023) X 1
`*ワンジナ・ワールドツアー！ ～大精霊と巡る世界一周～開幕記念 ログインボーナス*
*開催期間中、1日1回 最大21回ログインボーナスをプレゼント！*
`白銀の果実 X 1
`_2023-09-29 19:37:06_
--------
*1960c6c2468d480d10656e460ff945b7*
`登陆天数: 153天 / 1338天
等级: 129
石头: 4707
呼符: 162
体力: 97803.36 / 138
友情点: 20 / 272685`
*連続ログイン6日目
※ログインが途切れるか、7日到達すると
1日目から再開されます*
`聖晶石 X 2
9月交換券(2023) X 1
`*ワンジナ・ワールドツアー！ ～大精霊と巡る世界一周～開幕記念 ログインボーナス*
*開催期間中、1日1回 最大21回ログインボーナスをプレゼント！*
`白銀の果実 X 1
`_2023-09-29 19:37:15_
--------
*50e74030067f097de636fdb9ea0a5ce0*
`登陆天数: 153天 / 1343天
等级: 146
石头: 57
呼符: 0
体力: 136.22666666666666 / 141
友情点: 285 / 108362335`
_2023-09-29 19:37:23_
--------
*5aebed162c025149a9ac12d5ff9cf0d5*
`登陆天数: 153天 / 1174天
等级: 133
石头: 10
呼符: 0
体力: 72071.73 / 139
友情点: 0 / 1480940`
*連続ログイン6日目
※ログインが途切れるか、7日到達すると
1日目から再開されます*
`聖晶石 X 2
9月交換券(2023) X 1
`*ワンジナ・ワールドツアー！ ～大精霊と巡る世界一周～開幕記念 ログインボーナス*
*開催期間中、1日1回 最大21回ログインボーナスをプレゼント！*
`白銀の果実 X 1
`_2023-09-29 19:37:31_
--------
*f5845d187badef24087ae9dd8a663e48*
`登陆天数: 194天 / 1432天
等级: 145
石头: 311
呼符: 0
体力: 166.18333333333334 / 141
友情点: 315 / 198223405`
*連続ログイン5日目
※ログインが途切れるか、7日到達すると
1日目から再開されます*
`叡智の業火 X 2
9月交換券(2023) X 1
`*ワンジナ・ワールドツアー！ ～大精霊と巡る世界一周～開幕記念 ログインボーナス*
*開催期間中、1日1回 最大21回ログインボーナスをプレゼント！*
`白銀の果実 X 1
`_2023-09-29 19:37:40_
--------
